
                 *********************************************
                 *                                           *
                 *             A I M - S p i c e             *
                 *                                           *
                 *         Professional Version 2020.100           *
                 *                                           *
                 *********************************************

	Date: Fri Nov 15 11:20:27 2024
	Circuit File: Untitled
	Analysis: DC Transfer Curves

**************************  Circuit Description  **************************

     1:  Poarta SI-NU
     2:  .model nand nmos vto=2.5
     3:  M3 vdd vgg vout vout nand l=25u w=10u
     4:  M2 vout a x x nand l=1u w=10u
     5:  M1 x b 0 0 nand l=1u w=10u
     6:  va a 0 dc 0 pulse(0 5 0 1e-10 1e-10 1e-9 2e-9)
     7:  vb b 0 dc 5
     8:  VDD vdd 0 dc 5
     9:  VGG vgg 0 dc 7.5
    10:  
    11:  .dc va 0 5 0.1

***************************  Model Parameters  ****************************


***************  Device Parameters (Only for .op analysis)  ***************



**************************  Analysis Parameters  **************************

	Source name #1 .. : va
	Start value #1 .. : 0
	End value #1 .... : 5
	Increment value #1: 0.1



**************  Options (Only those different from default)  **************



*************************  Simulation Statistics  *************************

	Total number of iterations...........: 119
	Total analysis time (sec)............: 0.038
	Time spent in device loading (sec)...: 0
	Time spent in L-U decomposition (sec): 0
	Time spent in matrix reordering (sec): 0
	Time spent in matrix solving (sec)...: 0

***************************  Kernel Messages  *****************************

Circuit: Poarta SI-NU


