Clock: 0
Waiting clients: [(1, 3, 5), (2, 4, 6), (3, 6, 5), (4, 5, 5), (5, 3, 5), (6, 5, 5), (7, 3, 5), (8, 4, 6), (9, 6, 3), (10, 6, 4)]
Queue 0:empty
Queue 1:empty
Queue 2:empty

Clock: 1
Waiting clients: [(1, 3, 5), (2, 4, 6), (3, 6, 5), (4, 5, 5), (5, 3, 5), (6, 5, 5), (7, 3, 5), (8, 4, 6), (9, 6, 3), (10, 6, 4)]
Queue 0:empty
Queue 1:empty
Queue 2:empty

Clock: 2
Waiting clients: [(1, 3, 5), (2, 4, 6), (3, 6, 5), (4, 5, 5), (5, 3, 5), (6, 5, 5), (7, 3, 5), (8, 4, 6), (9, 6, 3), (10, 6, 4)]
Queue 0:empty
Queue 1:empty
Queue 2:empty

Clock: 3
Waiting clients: [(2, 4, 6), (3, 6, 5), (4, 5, 5), (6, 5, 5), (8, 4, 6), (9, 6, 3), (10, 6, 4)]
Queue 0:[(1, 3, 5)]
Queue 1:[(5, 3, 5)]
Queue 2:[(7, 3, 5)]

Clock: 4
Waiting clients: [(3, 6, 5), (4, 5, 5), (6, 5, 5), (9, 6, 3), (10, 6, 4)]
Queue 0:[(1, 3, 4), (2, 4, 6)]
Queue 1:[(5, 3, 4), (8, 4, 6)]
Queue 2:[(7, 3, 4)]

Clock: 5
Waiting clients: [(3, 6, 5), (9, 6, 3), (10, 6, 4)]
Queue 0:[(1, 3, 3), (2, 4, 6), (6, 5, 5)]
Queue 1:[(5, 3, 3), (8, 4, 6)]
Queue 2:[(7, 3, 3), (4, 5, 5)]

Clock: 6
Waiting clients: []
Queue 0:[(1, 3, 2), (2, 4, 6), (6, 5, 5), (10, 6, 4)]
Queue 1:[(5, 3, 2), (8, 4, 6), (3, 6, 5)]
Queue 2:[(7, 3, 2), (4, 5, 5), (9, 6, 3)]

Clock: 7
Waiting clients: []
Queue 0:[(1, 3, 1), (2, 4, 6), (6, 5, 5), (10, 6, 4)]
Queue 1:[(5, 3, 1), (8, 4, 6), (3, 6, 5)]
Queue 2:[(7, 3, 1), (4, 5, 5), (9, 6, 3)]

Clock: 8
Waiting clients: []
Queue 0:[(2, 4, 6), (6, 5, 5), (10, 6, 4)]
Queue 1:[(8, 4, 6), (3, 6, 5)]
Queue 2:[(4, 5, 5), (9, 6, 3)]

Clock: 9
Waiting clients: []
Queue 0:[(2, 4, 5), (6, 5, 5), (10, 6, 4)]
Queue 1:[(8, 4, 5), (3, 6, 5)]
Queue 2:[(4, 5, 4), (9, 6, 3)]

Clock: 10
Waiting clients: []
Queue 0:[(2, 4, 4), (6, 5, 5), (10, 6, 4)]
Queue 1:[(8, 4, 4), (3, 6, 5)]
Queue 2:[(4, 5, 3), (9, 6, 3)]

Average waiting time: 4.50
AverageServiceTime: 4.90
Peak hour: 6

