Clock: 0
Waiting clients: [(1, 2, 18), (2, 2, 14), (3, 3, 2), (4, 2, 18)]
Queue 0:empty
Queue 1:empty

Clock: 1
Waiting clients: [(1, 2, 18), (2, 2, 14), (3, 3, 2), (4, 2, 18)]
Queue 0:empty
Queue 1:empty

Clock: 2
Waiting clients: [(3, 3, 2)]
Queue 0:[(1, 2, 18), (4, 2, 18)]
Queue 1:[(2, 2, 14)]

Clock: 3
Waiting clients: []
Queue 0:[(1, 2, 17), (4, 2, 18)]
Queue 1:[(2, 2, 13), (3, 3, 2)]

Clock: 4
Waiting clients: []
Queue 0:[(1, 2, 16), (4, 2, 18)]
Queue 1:[(2, 2, 12), (3, 3, 2)]

Clock: 5
Waiting clients: []
Queue 0:[(1, 2, 16), (4, 2, 18)]
Queue 1:[(2, 2, 11), (3, 3, 2)]

Clock: 6
Waiting clients: []
Queue 0:[(1, 2, 14), (4, 2, 18)]
Queue 1:[(2, 2, 10), (3, 3, 2)]

Clock: 7
Waiting clients: []
Queue 0:[(1, 2, 13), (4, 2, 18)]
Queue 1:[(2, 2, 9), (3, 3, 2)]

Clock: 8
Waiting clients: []
Queue 0:[(1, 2, 12), (4, 2, 18)]
Queue 1:[(2, 2, 8), (3, 3, 2)]

Clock: 9
Waiting clients: []
Queue 0:[(1, 2, 11), (4, 2, 18)]
Queue 1:[(2, 2, 7), (3, 3, 2)]

Clock: 10
Waiting clients: []
Queue 0:[(1, 2, 10), (4, 2, 18)]
Queue 1:[(2, 2, 6), (3, 3, 2)]

Clock: 11
Waiting clients: []
Queue 0:[(1, 2, 9), (4, 2, 18)]
Queue 1:[(2, 2, 5), (3, 3, 2)]

Clock: 12
Waiting clients: []
Queue 0:[(1, 2, 8), (4, 2, 18)]
Queue 1:[(2, 2, 4), (3, 3, 2)]

Clock: 13
Waiting clients: []
Queue 0:[(1, 2, 7), (4, 2, 18)]
Queue 1:[(2, 2, 3), (3, 3, 2)]

Clock: 14
Waiting clients: []
Queue 0:[(1, 2, 6), (4, 2, 18)]
Queue 1:[(2, 2, 2), (3, 3, 2)]

Clock: 15
Waiting clients: []
Queue 0:[(1, 2, 6), (4, 2, 18)]
Queue 1:[(2, 2, 1), (3, 3, 2)]

Clock: 16
Waiting clients: []
Queue 0:[(1, 2, 5), (4, 2, 18)]
Queue 1:[(3, 3, 2)]

Clock: 17
Waiting clients: []
Queue 0:[(1, 2, 4), (4, 2, 18)]
Queue 1:[(3, 3, 1)]

Clock: 18
Waiting clients: []
Queue 0:[(1, 2, 2), (4, 2, 18)]
Queue 1:empty

Clock: 19
Waiting clients: []
Queue 0:[(1, 2, 1), (4, 2, 18)]
Queue 1:empty

Clock: 20
Waiting clients: []
Queue 0:[(4, 2, 18)]
Queue 1:empty

Clock: 21
Waiting clients: []
Queue 0:[(4, 2, 18)]
Queue 1:empty

Clock: 22
Waiting clients: []
Queue 0:[(4, 2, 16)]
Queue 1:empty

Clock: 23
Waiting clients: []
Queue 0:[(4, 2, 16)]
Queue 1:empty

Clock: 24
Waiting clients: []
Queue 0:[(4, 2, 14)]
Queue 1:empty

Clock: 25
Waiting clients: []
Queue 0:[(4, 2, 13)]
Queue 1:empty

Clock: 26
Waiting clients: []
Queue 0:[(4, 2, 12)]
Queue 1:empty

Clock: 27
Waiting clients: []
Queue 0:[(4, 2, 12)]
Queue 1:empty

Clock: 28
Waiting clients: []
Queue 0:[(4, 2, 10)]
Queue 1:empty

Clock: 29
Waiting clients: []
Queue 0:[(4, 2, 9)]
Queue 1:empty

Clock: 30
Waiting clients: []
Queue 0:[(4, 2, 9)]
Queue 1:empty

Clock: 31
Waiting clients: []
Queue 0:[(4, 2, 7)]
Queue 1:empty

Clock: 32
Waiting clients: []
Queue 0:[(4, 2, 6)]
Queue 1:empty

Clock: 33
Waiting clients: []
Queue 0:[(4, 2, 5)]
Queue 1:empty

Clock: 34
Waiting clients: []
Queue 0:[(4, 2, 4)]
Queue 1:empty

Clock: 35
Waiting clients: []
Queue 0:[(4, 2, 3)]
Queue 1:empty

Clock: 36
Waiting clients: []
Queue 0:[(4, 2, 2)]
Queue 1:empty

Clock: 37
Waiting clients: []
Queue 0:[(4, 2, 1)]
Queue 1:empty

Clock: 38
Waiting clients: []
Queue 0:empty
Queue 1:empty

Average waiting time: 2.25
AverageServiceTime: 13.00
Peak hour: 3

