Clock: 0
Waiting clients: [(1, 10, 5), (2, 11, 6), (3, 15, 7), (4, 11, 6), (5, 14, 5), (6, 13, 6), (7, 14, 6), (8, 15, 7), (9, 17, 6), (10, 11, 6), (11, 10, 5), (12, 12, 7), (13, 12, 6), (14, 19, 7), (15, 10, 6), (16, 14, 7), (17, 12, 7), (18, 11, 7), (19, 14, 6), (20, 19, 6), (21, 19, 7), (22, 18, 7), (23, 13, 6), (24, 15, 7), (25, 18, 6), (26, 15, 6), (27, 10, 6), (28, 11, 5), (29, 11, 6), (30, 14, 5), (31, 19, 7), (32, 15, 6), (33, 11, 6), (34, 10, 7), (35, 16, 5), (36, 11, 7), (37, 16, 5), (38, 15, 7), (39, 16, 5), (40, 16, 6), (41, 15, 6), (42, 14, 6), (43, 14, 6), (44, 11, 6), (45, 19, 5), (46, 12, 5), (47, 12, 7), (48, 16, 7), (49, 18, 5), (50, 12, 5), (51, 15, 5), (52, 11, 7), (53, 10, 7), (54, 19, 5), (55, 11, 5), (56, 15, 6), (57, 16, 7), (58, 15, 5), (59, 19, 7), (60, 17, 7), (61, 16, 7), (62, 16, 7), (63, 11, 7), (64, 16, 5), (65, 19, 7), (66, 17, 6), (67, 13, 5), (68, 10, 6), (69, 18, 6), (70, 16, 5), (71, 15, 5), (72, 14, 7), (73, 18, 6), (74, 18, 7), (75, 11, 6), (76, 10, 6), (77, 10, 6), (78, 18, 5), (79, 10, 6), (80, 14, 6), (81, 17, 6), (82, 19, 6), (83, 13, 5), (84, 16, 7), (85, 11, 6), (86, 15, 5), (87, 10, 5), (88, 18, 7), (89, 16, 7), (90, 12, 7), (91, 10, 5), (92, 10, 6), (93, 13, 5), (94, 10, 5), (95, 15, 5), (96, 14, 7), (97, 19, 5), (98, 13, 6), (99, 18, 5), (100, 12, 5)]
Queue 0:empty
Queue 1:empty
Queue 2:empty
Queue 3:empty
Queue 4:empty
Queue 5:empty
Queue 6:empty
Queue 7:empty
Queue 8:empty
Queue 9:empty

Clock: 1
Waiting clients: [(1, 10, 5), (2, 11, 6), (3, 15, 7), (4, 11, 6), (5, 14, 5), (6, 13, 6), (7, 14, 6), (8, 15, 7), (9, 17, 6), (10, 11, 6), (11, 10, 5), (12, 12, 7), (13, 12, 6), (14, 19, 7), (15, 10, 6), (16, 14, 7), (17, 12, 7), (18, 11, 7), (19, 14, 6), (20, 19, 6), (21, 19, 7), (22, 18, 7), (23, 13, 6), (24, 15, 7), (25, 18, 6), (26, 15, 6), (27, 10, 6), (28, 11, 5), (29, 11, 6), (30, 14, 5), (31, 19, 7), (32, 15, 6), (33, 11, 6), (34, 10, 7), (35, 16, 5), (36, 11, 7), (37, 16, 5), (38, 15, 7), (39, 16, 5), (40, 16, 6), (41, 15, 6), (42, 14, 6), (43, 14, 6), (44, 11, 6), (45, 19, 5), (46, 12, 5), (47, 12, 7), (48, 16, 7), (49, 18, 5), (50, 12, 5), (51, 15, 5), (52, 11, 7), (53, 10, 7), (54, 19, 5), (55, 11, 5), (56, 15, 6), (57, 16, 7), (58, 15, 5), (59, 19, 7), (60, 17, 7), (61, 16, 7), (62, 16, 7), (63, 11, 7), (64, 16, 5), (65, 19, 7), (66, 17, 6), (67, 13, 5), (68, 10, 6), (69, 18, 6), (70, 16, 5), (71, 15, 5), (72, 14, 7), (73, 18, 6), (74, 18, 7), (75, 11, 6), (76, 10, 6), (77, 10, 6), (78, 18, 5), (79, 10, 6), (80, 14, 6), (81, 17, 6), (82, 19, 6), (83, 13, 5), (84, 16, 7), (85, 11, 6), (86, 15, 5), (87, 10, 5), (88, 18, 7), (89, 16, 7), (90, 12, 7), (91, 10, 5), (92, 10, 6), (93, 13, 5), (94, 10, 5), (95, 15, 5), (96, 14, 7), (97, 19, 5), (98, 13, 6), (99, 18, 5), (100, 12, 5)]
Queue 0:empty
Queue 1:empty
Queue 2:empty
Queue 3:empty
Queue 4:empty
Queue 5:empty
Queue 6:empty
Queue 7:empty
Queue 8:empty
Queue 9:empty

Clock: 2
Waiting clients: [(1, 10, 5), (2, 11, 6), (3, 15, 7), (4, 11, 6), (5, 14, 5), (6, 13, 6), (7, 14, 6), (8, 15, 7), (9, 17, 6), (10, 11, 6), (11, 10, 5), (12, 12, 7), (13, 12, 6), (14, 19, 7), (15, 10, 6), (16, 14, 7), (17, 12, 7), (18, 11, 7), (19, 14, 6), (20, 19, 6), (21, 19, 7), (22, 18, 7), (23, 13, 6), (24, 15, 7), (25, 18, 6), (26, 15, 6), (27, 10, 6), (28, 11, 5), (29, 11, 6), (30, 14, 5), (31, 19, 7), (32, 15, 6), (33, 11, 6), (34, 10, 7), (35, 16, 5), (36, 11, 7), (37, 16, 5), (38, 15, 7), (39, 16, 5), (40, 16, 6), (41, 15, 6), (42, 14, 6), (43, 14, 6), (44, 11, 6), (45, 19, 5), (46, 12, 5), (47, 12, 7), (48, 16, 7), (49, 18, 5), (50, 12, 5), (51, 15, 5), (52, 11, 7), (53, 10, 7), (54, 19, 5), (55, 11, 5), (56, 15, 6), (57, 16, 7), (58, 15, 5), (59, 19, 7), (60, 17, 7), (61, 16, 7), (62, 16, 7), (63, 11, 7), (64, 16, 5), (65, 19, 7), (66, 17, 6), (67, 13, 5), (68, 10, 6), (69, 18, 6), (70, 16, 5), (71, 15, 5), (72, 14, 7), (73, 18, 6), (74, 18, 7), (75, 11, 6), (76, 10, 6), (77, 10, 6), (78, 18, 5), (79, 10, 6), (80, 14, 6), (81, 17, 6), (82, 19, 6), (83, 13, 5), (84, 16, 7), (85, 11, 6), (86, 15, 5), (87, 10, 5), (88, 18, 7), (89, 16, 7), (90, 12, 7), (91, 10, 5), (92, 10, 6), (93, 13, 5), (94, 10, 5), (95, 15, 5), (96, 14, 7), (97, 19, 5), (98, 13, 6), (99, 18, 5), (100, 12, 5)]
Queue 0:empty
Queue 1:empty
Queue 2:empty
Queue 3:empty
Queue 4:empty
Queue 5:empty
Queue 6:empty
Queue 7:empty
Queue 8:empty
Queue 9:empty

Clock: 3
Waiting clients: [(1, 10, 5), (2, 11, 6), (3, 15, 7), (4, 11, 6), (5, 14, 5), (6, 13, 6), (7, 14, 6), (8, 15, 7), (9, 17, 6), (10, 11, 6), (11, 10, 5), (12, 12, 7), (13, 12, 6), (14, 19, 7), (15, 10, 6), (16, 14, 7), (17, 12, 7), (18, 11, 7), (19, 14, 6), (20, 19, 6), (21, 19, 7), (22, 18, 7), (23, 13, 6), (24, 15, 7), (25, 18, 6), (26, 15, 6), (27, 10, 6), (28, 11, 5), (29, 11, 6), (30, 14, 5), (31, 19, 7), (32, 15, 6), (33, 11, 6), (34, 10, 7), (35, 16, 5), (36, 11, 7), (37, 16, 5), (38, 15, 7), (39, 16, 5), (40, 16, 6), (41, 15, 6), (42, 14, 6), (43, 14, 6), (44, 11, 6), (45, 19, 5), (46, 12, 5), (47, 12, 7), (48, 16, 7), (49, 18, 5), (50, 12, 5), (51, 15, 5), (52, 11, 7), (53, 10, 7), (54, 19, 5), (55, 11, 5), (56, 15, 6), (57, 16, 7), (58, 15, 5), (59, 19, 7), (60, 17, 7), (61, 16, 7), (62, 16, 7), (63, 11, 7), (64, 16, 5), (65, 19, 7), (66, 17, 6), (67, 13, 5), (68, 10, 6), (69, 18, 6), (70, 16, 5), (71, 15, 5), (72, 14, 7), (73, 18, 6), (74, 18, 7), (75, 11, 6), (76, 10, 6), (77, 10, 6), (78, 18, 5), (79, 10, 6), (80, 14, 6), (81, 17, 6), (82, 19, 6), (83, 13, 5), (84, 16, 7), (85, 11, 6), (86, 15, 5), (87, 10, 5), (88, 18, 7), (89, 16, 7), (90, 12, 7), (91, 10, 5), (92, 10, 6), (93, 13, 5), (94, 10, 5), (95, 15, 5), (96, 14, 7), (97, 19, 5), (98, 13, 6), (99, 18, 5), (100, 12, 5)]
Queue 0:empty
Queue 1:empty
Queue 2:empty
Queue 3:empty
Queue 4:empty
Queue 5:empty
Queue 6:empty
Queue 7:empty
Queue 8:empty
Queue 9:empty

Clock: 4
Waiting clients: [(1, 10, 5), (2, 11, 6), (3, 15, 7), (4, 11, 6), (5, 14, 5), (6, 13, 6), (7, 14, 6), (8, 15, 7), (9, 17, 6), (10, 11, 6), (11, 10, 5), (12, 12, 7), (13, 12, 6), (14, 19, 7), (15, 10, 6), (16, 14, 7), (17, 12, 7), (18, 11, 7), (19, 14, 6), (20, 19, 6), (21, 19, 7), (22, 18, 7), (23, 13, 6), (24, 15, 7), (25, 18, 6), (26, 15, 6), (27, 10, 6), (28, 11, 5), (29, 11, 6), (30, 14, 5), (31, 19, 7), (32, 15, 6), (33, 11, 6), (34, 10, 7), (35, 16, 5), (36, 11, 7), (37, 16, 5), (38, 15, 7), (39, 16, 5), (40, 16, 6), (41, 15, 6), (42, 14, 6), (43, 14, 6), (44, 11, 6), (45, 19, 5), (46, 12, 5), (47, 12, 7), (48, 16, 7), (49, 18, 5), (50, 12, 5), (51, 15, 5), (52, 11, 7), (53, 10, 7), (54, 19, 5), (55, 11, 5), (56, 15, 6), (57, 16, 7), (58, 15, 5), (59, 19, 7), (60, 17, 7), (61, 16, 7), (62, 16, 7), (63, 11, 7), (64, 16, 5), (65, 19, 7), (66, 17, 6), (67, 13, 5), (68, 10, 6), (69, 18, 6), (70, 16, 5), (71, 15, 5), (72, 14, 7), (73, 18, 6), (74, 18, 7), (75, 11, 6), (76, 10, 6), (77, 10, 6), (78, 18, 5), (79, 10, 6), (80, 14, 6), (81, 17, 6), (82, 19, 6), (83, 13, 5), (84, 16, 7), (85, 11, 6), (86, 15, 5), (87, 10, 5), (88, 18, 7), (89, 16, 7), (90, 12, 7), (91, 10, 5), (92, 10, 6), (93, 13, 5), (94, 10, 5), (95, 15, 5), (96, 14, 7), (97, 19, 5), (98, 13, 6), (99, 18, 5), (100, 12, 5)]
Queue 0:empty
Queue 1:empty
Queue 2:empty
Queue 3:empty
Queue 4:empty
Queue 5:empty
Queue 6:empty
Queue 7:empty
Queue 8:empty
Queue 9:empty

Clock: 5
Waiting clients: [(1, 10, 5), (2, 11, 6), (3, 15, 7), (4, 11, 6), (5, 14, 5), (6, 13, 6), (7, 14, 6), (8, 15, 7), (9, 17, 6), (10, 11, 6), (11, 10, 5), (12, 12, 7), (13, 12, 6), (14, 19, 7), (15, 10, 6), (16, 14, 7), (17, 12, 7), (18, 11, 7), (19, 14, 6), (20, 19, 6), (21, 19, 7), (22, 18, 7), (23, 13, 6), (24, 15, 7), (25, 18, 6), (26, 15, 6), (27, 10, 6), (28, 11, 5), (29, 11, 6), (30, 14, 5), (31, 19, 7), (32, 15, 6), (33, 11, 6), (34, 10, 7), (35, 16, 5), (36, 11, 7), (37, 16, 5), (38, 15, 7), (39, 16, 5), (40, 16, 6), (41, 15, 6), (42, 14, 6), (43, 14, 6), (44, 11, 6), (45, 19, 5), (46, 12, 5), (47, 12, 7), (48, 16, 7), (49, 18, 5), (50, 12, 5), (51, 15, 5), (52, 11, 7), (53, 10, 7), (54, 19, 5), (55, 11, 5), (56, 15, 6), (57, 16, 7), (58, 15, 5), (59, 19, 7), (60, 17, 7), (61, 16, 7), (62, 16, 7), (63, 11, 7), (64, 16, 5), (65, 19, 7), (66, 17, 6), (67, 13, 5), (68, 10, 6), (69, 18, 6), (70, 16, 5), (71, 15, 5), (72, 14, 7), (73, 18, 6), (74, 18, 7), (75, 11, 6), (76, 10, 6), (77, 10, 6), (78, 18, 5), (79, 10, 6), (80, 14, 6), (81, 17, 6), (82, 19, 6), (83, 13, 5), (84, 16, 7), (85, 11, 6), (86, 15, 5), (87, 10, 5), (88, 18, 7), (89, 16, 7), (90, 12, 7), (91, 10, 5), (92, 10, 6), (93, 13, 5), (94, 10, 5), (95, 15, 5), (96, 14, 7), (97, 19, 5), (98, 13, 6), (99, 18, 5), (100, 12, 5)]
Queue 0:empty
Queue 1:empty
Queue 2:empty
Queue 3:empty
Queue 4:empty
Queue 5:empty
Queue 6:empty
Queue 7:empty
Queue 8:empty
Queue 9:empty

Clock: 6
Waiting clients: [(1, 10, 5), (2, 11, 6), (3, 15, 7), (4, 11, 6), (5, 14, 5), (6, 13, 6), (7, 14, 6), (8, 15, 7), (9, 17, 6), (10, 11, 6), (11, 10, 5), (12, 12, 7), (13, 12, 6), (14, 19, 7), (15, 10, 6), (16, 14, 7), (17, 12, 7), (18, 11, 7), (19, 14, 6), (20, 19, 6), (21, 19, 7), (22, 18, 7), (23, 13, 6), (24, 15, 7), (25, 18, 6), (26, 15, 6), (27, 10, 6), (28, 11, 5), (29, 11, 6), (30, 14, 5), (31, 19, 7), (32, 15, 6), (33, 11, 6), (34, 10, 7), (35, 16, 5), (36, 11, 7), (37, 16, 5), (38, 15, 7), (39, 16, 5), (40, 16, 6), (41, 15, 6), (42, 14, 6), (43, 14, 6), (44, 11, 6), (45, 19, 5), (46, 12, 5), (47, 12, 7), (48, 16, 7), (49, 18, 5), (50, 12, 5), (51, 15, 5), (52, 11, 7), (53, 10, 7), (54, 19, 5), (55, 11, 5), (56, 15, 6), (57, 16, 7), (58, 15, 5), (59, 19, 7), (60, 17, 7), (61, 16, 7), (62, 16, 7), (63, 11, 7), (64, 16, 5), (65, 19, 7), (66, 17, 6), (67, 13, 5), (68, 10, 6), (69, 18, 6), (70, 16, 5), (71, 15, 5), (72, 14, 7), (73, 18, 6), (74, 18, 7), (75, 11, 6), (76, 10, 6), (77, 10, 6), (78, 18, 5), (79, 10, 6), (80, 14, 6), (81, 17, 6), (82, 19, 6), (83, 13, 5), (84, 16, 7), (85, 11, 6), (86, 15, 5), (87, 10, 5), (88, 18, 7), (89, 16, 7), (90, 12, 7), (91, 10, 5), (92, 10, 6), (93, 13, 5), (94, 10, 5), (95, 15, 5), (96, 14, 7), (97, 19, 5), (98, 13, 6), (99, 18, 5), (100, 12, 5)]
Queue 0:empty
Queue 1:empty
Queue 2:empty
Queue 3:empty
Queue 4:empty
Queue 5:empty
Queue 6:empty
Queue 7:empty
Queue 8:empty
Queue 9:empty

Clock: 7
Waiting clients: [(1, 10, 5), (2, 11, 6), (3, 15, 7), (4, 11, 6), (5, 14, 5), (6, 13, 6), (7, 14, 6), (8, 15, 7), (9, 17, 6), (10, 11, 6), (11, 10, 5), (12, 12, 7), (13, 12, 6), (14, 19, 7), (15, 10, 6), (16, 14, 7), (17, 12, 7), (18, 11, 7), (19, 14, 6), (20, 19, 6), (21, 19, 7), (22, 18, 7), (23, 13, 6), (24, 15, 7), (25, 18, 6), (26, 15, 6), (27, 10, 6), (28, 11, 5), (29, 11, 6), (30, 14, 5), (31, 19, 7), (32, 15, 6), (33, 11, 6), (34, 10, 7), (35, 16, 5), (36, 11, 7), (37, 16, 5), (38, 15, 7), (39, 16, 5), (40, 16, 6), (41, 15, 6), (42, 14, 6), (43, 14, 6), (44, 11, 6), (45, 19, 5), (46, 12, 5), (47, 12, 7), (48, 16, 7), (49, 18, 5), (50, 12, 5), (51, 15, 5), (52, 11, 7), (53, 10, 7), (54, 19, 5), (55, 11, 5), (56, 15, 6), (57, 16, 7), (58, 15, 5), (59, 19, 7), (60, 17, 7), (61, 16, 7), (62, 16, 7), (63, 11, 7), (64, 16, 5), (65, 19, 7), (66, 17, 6), (67, 13, 5), (68, 10, 6), (69, 18, 6), (70, 16, 5), (71, 15, 5), (72, 14, 7), (73, 18, 6), (74, 18, 7), (75, 11, 6), (76, 10, 6), (77, 10, 6), (78, 18, 5), (79, 10, 6), (80, 14, 6), (81, 17, 6), (82, 19, 6), (83, 13, 5), (84, 16, 7), (85, 11, 6), (86, 15, 5), (87, 10, 5), (88, 18, 7), (89, 16, 7), (90, 12, 7), (91, 10, 5), (92, 10, 6), (93, 13, 5), (94, 10, 5), (95, 15, 5), (96, 14, 7), (97, 19, 5), (98, 13, 6), (99, 18, 5), (100, 12, 5)]
Queue 0:empty
Queue 1:empty
Queue 2:empty
Queue 3:empty
Queue 4:empty
Queue 5:empty
Queue 6:empty
Queue 7:empty
Queue 8:empty
Queue 9:empty

Clock: 8
Waiting clients: [(1, 10, 5), (2, 11, 6), (3, 15, 7), (4, 11, 6), (5, 14, 5), (6, 13, 6), (7, 14, 6), (8, 15, 7), (9, 17, 6), (10, 11, 6), (11, 10, 5), (12, 12, 7), (13, 12, 6), (14, 19, 7), (15, 10, 6), (16, 14, 7), (17, 12, 7), (18, 11, 7), (19, 14, 6), (20, 19, 6), (21, 19, 7), (22, 18, 7), (23, 13, 6), (24, 15, 7), (25, 18, 6), (26, 15, 6), (27, 10, 6), (28, 11, 5), (29, 11, 6), (30, 14, 5), (31, 19, 7), (32, 15, 6), (33, 11, 6), (34, 10, 7), (35, 16, 5), (36, 11, 7), (37, 16, 5), (38, 15, 7), (39, 16, 5), (40, 16, 6), (41, 15, 6), (42, 14, 6), (43, 14, 6), (44, 11, 6), (45, 19, 5), (46, 12, 5), (47, 12, 7), (48, 16, 7), (49, 18, 5), (50, 12, 5), (51, 15, 5), (52, 11, 7), (53, 10, 7), (54, 19, 5), (55, 11, 5), (56, 15, 6), (57, 16, 7), (58, 15, 5), (59, 19, 7), (60, 17, 7), (61, 16, 7), (62, 16, 7), (63, 11, 7), (64, 16, 5), (65, 19, 7), (66, 17, 6), (67, 13, 5), (68, 10, 6), (69, 18, 6), (70, 16, 5), (71, 15, 5), (72, 14, 7), (73, 18, 6), (74, 18, 7), (75, 11, 6), (76, 10, 6), (77, 10, 6), (78, 18, 5), (79, 10, 6), (80, 14, 6), (81, 17, 6), (82, 19, 6), (83, 13, 5), (84, 16, 7), (85, 11, 6), (86, 15, 5), (87, 10, 5), (88, 18, 7), (89, 16, 7), (90, 12, 7), (91, 10, 5), (92, 10, 6), (93, 13, 5), (94, 10, 5), (95, 15, 5), (96, 14, 7), (97, 19, 5), (98, 13, 6), (99, 18, 5), (100, 12, 5)]
Queue 0:empty
Queue 1:empty
Queue 2:empty
Queue 3:empty
Queue 4:empty
Queue 5:empty
Queue 6:empty
Queue 7:empty
Queue 8:empty
Queue 9:empty

Clock: 9
Waiting clients: [(1, 10, 5), (2, 11, 6), (3, 15, 7), (4, 11, 6), (5, 14, 5), (6, 13, 6), (7, 14, 6), (8, 15, 7), (9, 17, 6), (10, 11, 6), (11, 10, 5), (12, 12, 7), (13, 12, 6), (14, 19, 7), (15, 10, 6), (16, 14, 7), (17, 12, 7), (18, 11, 7), (19, 14, 6), (20, 19, 6), (21, 19, 7), (22, 18, 7), (23, 13, 6), (24, 15, 7), (25, 18, 6), (26, 15, 6), (27, 10, 6), (28, 11, 5), (29, 11, 6), (30, 14, 5), (31, 19, 7), (32, 15, 6), (33, 11, 6), (34, 10, 7), (35, 16, 5), (36, 11, 7), (37, 16, 5), (38, 15, 7), (39, 16, 5), (40, 16, 6), (41, 15, 6), (42, 14, 6), (43, 14, 6), (44, 11, 6), (45, 19, 5), (46, 12, 5), (47, 12, 7), (48, 16, 7), (49, 18, 5), (50, 12, 5), (51, 15, 5), (52, 11, 7), (53, 10, 7), (54, 19, 5), (55, 11, 5), (56, 15, 6), (57, 16, 7), (58, 15, 5), (59, 19, 7), (60, 17, 7), (61, 16, 7), (62, 16, 7), (63, 11, 7), (64, 16, 5), (65, 19, 7), (66, 17, 6), (67, 13, 5), (68, 10, 6), (69, 18, 6), (70, 16, 5), (71, 15, 5), (72, 14, 7), (73, 18, 6), (74, 18, 7), (75, 11, 6), (76, 10, 6), (77, 10, 6), (78, 18, 5), (79, 10, 6), (80, 14, 6), (81, 17, 6), (82, 19, 6), (83, 13, 5), (84, 16, 7), (85, 11, 6), (86, 15, 5), (87, 10, 5), (88, 18, 7), (89, 16, 7), (90, 12, 7), (91, 10, 5), (92, 10, 6), (93, 13, 5), (94, 10, 5), (95, 15, 5), (96, 14, 7), (97, 19, 5), (98, 13, 6), (99, 18, 5), (100, 12, 5)]
Queue 0:empty
Queue 1:empty
Queue 2:empty
Queue 3:empty
Queue 4:empty
Queue 5:empty
Queue 6:empty
Queue 7:empty
Queue 8:empty
Queue 9:empty

Clock: 10
Waiting clients: [(2, 11, 6), (3, 15, 7), (4, 11, 6), (5, 14, 5), (6, 13, 6), (7, 14, 6), (8, 15, 7), (9, 17, 6), (10, 11, 6), (12, 12, 7), (13, 12, 6), (14, 19, 7), (16, 14, 7), (17, 12, 7), (18, 11, 7), (19, 14, 6), (20, 19, 6), (21, 19, 7), (22, 18, 7), (23, 13, 6), (24, 15, 7), (25, 18, 6), (26, 15, 6), (28, 11, 5), (29, 11, 6), (30, 14, 5), (31, 19, 7), (32, 15, 6), (33, 11, 6), (35, 16, 5), (36, 11, 7), (37, 16, 5), (38, 15, 7), (39, 16, 5), (40, 16, 6), (41, 15, 6), (42, 14, 6), (43, 14, 6), (44, 11, 6), (45, 19, 5), (46, 12, 5), (47, 12, 7), (48, 16, 7), (49, 18, 5), (50, 12, 5), (51, 15, 5), (52, 11, 7), (54, 19, 5), (55, 11, 5), (56, 15, 6), (57, 16, 7), (58, 15, 5), (59, 19, 7), (60, 17, 7), (61, 16, 7), (62, 16, 7), (63, 11, 7), (64, 16, 5), (65, 19, 7), (66, 17, 6), (67, 13, 5), (69, 18, 6), (70, 16, 5), (71, 15, 5), (72, 14, 7), (73, 18, 6), (74, 18, 7), (75, 11, 6), (78, 18, 5), (80, 14, 6), (81, 17, 6), (82, 19, 6), (83, 13, 5), (84, 16, 7), (85, 11, 6), (86, 15, 5), (88, 18, 7), (89, 16, 7), (90, 12, 7), (93, 13, 5), (95, 15, 5), (96, 14, 7), (97, 19, 5), (98, 13, 6), (99, 18, 5), (100, 12, 5)]
Queue 0:[(1, 10, 5), (87, 10, 5)]
Queue 1:[(11, 10, 5), (91, 10, 5)]
Queue 2:[(15, 10, 6), (92, 10, 6)]
Queue 3:[(27, 10, 6), (94, 10, 5)]
Queue 4:[(34, 10, 7)]
Queue 5:[(53, 10, 7)]
Queue 6:[(68, 10, 6)]
Queue 7:[(76, 10, 6)]
Queue 8:[(77, 10, 6)]
Queue 9:[(79, 10, 6)]

Clock: 11
Waiting clients: [(3, 15, 7), (5, 14, 5), (6, 13, 6), (7, 14, 6), (8, 15, 7), (9, 17, 6), (12, 12, 7), (13, 12, 6), (14, 19, 7), (16, 14, 7), (17, 12, 7), (19, 14, 6), (20, 19, 6), (21, 19, 7), (22, 18, 7), (23, 13, 6), (24, 15, 7), (25, 18, 6), (26, 15, 6), (30, 14, 5), (31, 19, 7), (32, 15, 6), (35, 16, 5), (37, 16, 5), (38, 15, 7), (39, 16, 5), (40, 16, 6), (41, 15, 6), (42, 14, 6), (43, 14, 6), (45, 19, 5), (46, 12, 5), (47, 12, 7), (48, 16, 7), (49, 18, 5), (50, 12, 5), (51, 15, 5), (54, 19, 5), (56, 15, 6), (57, 16, 7), (58, 15, 5), (59, 19, 7), (60, 17, 7), (61, 16, 7), (62, 16, 7), (64, 16, 5), (65, 19, 7), (66, 17, 6), (67, 13, 5), (69, 18, 6), (70, 16, 5), (71, 15, 5), (72, 14, 7), (73, 18, 6), (74, 18, 7), (78, 18, 5), (80, 14, 6), (81, 17, 6), (82, 19, 6), (83, 13, 5), (84, 16, 7), (86, 15, 5), (88, 18, 7), (89, 16, 7), (90, 12, 7), (93, 13, 5), (95, 15, 5), (96, 14, 7), (97, 19, 5), (98, 13, 6), (99, 18, 5), (100, 12, 5)]
Queue 0:[(1, 10, 4), (87, 10, 5), (33, 11, 6)]
Queue 1:[(11, 10, 4), (91, 10, 5), (36, 11, 7)]
Queue 2:[(15, 10, 5), (92, 10, 6), (44, 11, 6)]
Queue 3:[(27, 10, 5), (94, 10, 5), (52, 11, 7)]
Queue 4:[(34, 10, 6), (2, 11, 6), (55, 11, 5)]
Queue 5:[(53, 10, 6), (4, 11, 6), (63, 11, 7)]
Queue 6:[(68, 10, 5), (10, 11, 6), (75, 11, 6)]
Queue 7:[(76, 10, 5), (18, 11, 7), (85, 11, 6)]
Queue 8:[(77, 10, 5), (28, 11, 5)]
Queue 9:[(79, 10, 5), (29, 11, 6)]

Clock: 12
Waiting clients: [(3, 15, 7), (5, 14, 5), (6, 13, 6), (7, 14, 6), (8, 15, 7), (9, 17, 6), (14, 19, 7), (16, 14, 7), (19, 14, 6), (20, 19, 6), (21, 19, 7), (22, 18, 7), (23, 13, 6), (24, 15, 7), (25, 18, 6), (26, 15, 6), (30, 14, 5), (31, 19, 7), (32, 15, 6), (35, 16, 5), (37, 16, 5), (38, 15, 7), (39, 16, 5), (40, 16, 6), (41, 15, 6), (42, 14, 6), (43, 14, 6), (45, 19, 5), (48, 16, 7), (49, 18, 5), (51, 15, 5), (54, 19, 5), (56, 15, 6), (57, 16, 7), (58, 15, 5), (59, 19, 7), (60, 17, 7), (61, 16, 7), (62, 16, 7), (64, 16, 5), (65, 19, 7), (66, 17, 6), (67, 13, 5), (69, 18, 6), (70, 16, 5), (71, 15, 5), (72, 14, 7), (73, 18, 6), (74, 18, 7), (78, 18, 5), (80, 14, 6), (81, 17, 6), (82, 19, 6), (83, 13, 5), (84, 16, 7), (86, 15, 5), (88, 18, 7), (89, 16, 7), (93, 13, 5), (95, 15, 5), (96, 14, 7), (97, 19, 5), (98, 13, 6), (99, 18, 5)]
Queue 0:[(1, 10, 3), (87, 10, 5), (33, 11, 6), (17, 12, 7)]
Queue 1:[(11, 10, 3), (91, 10, 5), (36, 11, 7), (46, 12, 5)]
Queue 2:[(15, 10, 4), (92, 10, 6), (44, 11, 6), (47, 12, 7)]
Queue 3:[(27, 10, 4), (94, 10, 5), (52, 11, 7), (50, 12, 5)]
Queue 4:[(34, 10, 5), (2, 11, 6), (55, 11, 5), (90, 12, 7)]
Queue 5:[(53, 10, 5), (4, 11, 6), (63, 11, 7), (100, 12, 5)]
Queue 6:[(68, 10, 4), (10, 11, 6), (75, 11, 6)]
Queue 7:[(76, 10, 4), (18, 11, 7), (85, 11, 6)]
Queue 8:[(77, 10, 4), (28, 11, 5), (12, 12, 7)]
Queue 9:[(79, 10, 4), (29, 11, 6), (13, 12, 6)]

Clock: 13
Waiting clients: [(3, 15, 7), (5, 14, 5), (7, 14, 6), (8, 15, 7), (9, 17, 6), (14, 19, 7), (16, 14, 7), (19, 14, 6), (20, 19, 6), (21, 19, 7), (22, 18, 7), (24, 15, 7), (25, 18, 6), (26, 15, 6), (30, 14, 5), (31, 19, 7), (32, 15, 6), (35, 16, 5), (37, 16, 5), (38, 15, 7), (39, 16, 5), (40, 16, 6), (41, 15, 6), (42, 14, 6), (43, 14, 6), (45, 19, 5), (48, 16, 7), (49, 18, 5), (51, 15, 5), (54, 19, 5), (56, 15, 6), (57, 16, 7), (58, 15, 5), (59, 19, 7), (60, 17, 7), (61, 16, 7), (62, 16, 7), (64, 16, 5), (65, 19, 7), (66, 17, 6), (69, 18, 6), (70, 16, 5), (71, 15, 5), (72, 14, 7), (73, 18, 6), (74, 18, 7), (78, 18, 5), (80, 14, 6), (81, 17, 6), (82, 19, 6), (84, 16, 7), (86, 15, 5), (88, 18, 7), (89, 16, 7), (95, 15, 5), (96, 14, 7), (97, 19, 5), (99, 18, 5)]
Queue 0:[(1, 10, 2), (87, 10, 5), (33, 11, 6), (17, 12, 7), (93, 13, 5)]
Queue 1:[(11, 10, 2), (91, 10, 5), (36, 11, 7), (46, 12, 5), (98, 13, 6)]
Queue 2:[(15, 10, 3), (92, 10, 6), (44, 11, 6), (47, 12, 7)]
Queue 3:[(27, 10, 3), (94, 10, 5), (52, 11, 7), (50, 12, 5)]
Queue 4:[(34, 10, 4), (2, 11, 6), (55, 11, 5), (90, 12, 7)]
Queue 5:[(53, 10, 4), (4, 11, 6), (63, 11, 7), (100, 12, 5)]
Queue 6:[(68, 10, 3), (10, 11, 6), (75, 11, 6), (6, 13, 6)]
Queue 7:[(76, 10, 3), (18, 11, 7), (85, 11, 6), (23, 13, 6)]
Queue 8:[(77, 10, 3), (28, 11, 5), (12, 12, 7), (67, 13, 5)]
Queue 9:[(79, 10, 3), (29, 11, 6), (13, 12, 6), (83, 13, 5)]

Clock: 14
Waiting clients: [(3, 15, 7), (8, 15, 7), (9, 17, 6), (14, 19, 7), (20, 19, 6), (21, 19, 7), (22, 18, 7), (24, 15, 7), (25, 18, 6), (26, 15, 6), (31, 19, 7), (32, 15, 6), (35, 16, 5), (37, 16, 5), (38, 15, 7), (39, 16, 5), (40, 16, 6), (41, 15, 6), (45, 19, 5), (48, 16, 7), (49, 18, 5), (51, 15, 5), (54, 19, 5), (56, 15, 6), (57, 16, 7), (58, 15, 5), (59, 19, 7), (60, 17, 7), (61, 16, 7), (62, 16, 7), (64, 16, 5), (65, 19, 7), (66, 17, 6), (69, 18, 6), (70, 16, 5), (71, 15, 5), (73, 18, 6), (74, 18, 7), (78, 18, 5), (81, 17, 6), (82, 19, 6), (84, 16, 7), (86, 15, 5), (88, 18, 7), (89, 16, 7), (95, 15, 5), (97, 19, 5), (99, 18, 5)]
Queue 0:[(1, 10, 1), (87, 10, 5), (33, 11, 6), (17, 12, 7), (93, 13, 5), (80, 14, 6)]
Queue 1:[(11, 10, 1), (91, 10, 5), (36, 11, 7), (46, 12, 5), (98, 13, 6), (96, 14, 7)]
Queue 2:[(15, 10, 2), (92, 10, 6), (44, 11, 6), (47, 12, 7), (5, 14, 5)]
Queue 3:[(27, 10, 2), (94, 10, 5), (52, 11, 7), (50, 12, 5), (7, 14, 6)]
Queue 4:[(34, 10, 3), (2, 11, 6), (55, 11, 5), (90, 12, 7), (16, 14, 7)]
Queue 5:[(53, 10, 3), (4, 11, 6), (63, 11, 7), (100, 12, 5), (19, 14, 6)]
Queue 6:[(68, 10, 2), (10, 11, 6), (75, 11, 6), (6, 13, 6), (30, 14, 5)]
Queue 7:[(76, 10, 2), (18, 11, 7), (85, 11, 6), (23, 13, 6), (42, 14, 6)]
Queue 8:[(77, 10, 2), (28, 11, 5), (12, 12, 7), (67, 13, 5), (43, 14, 6)]
Queue 9:[(79, 10, 2), (29, 11, 6), (13, 12, 6), (83, 13, 5), (72, 14, 7)]

Clock: 15
Waiting clients: [(9, 17, 6), (14, 19, 7), (20, 19, 6), (21, 19, 7), (22, 18, 7), (25, 18, 6), (31, 19, 7), (35, 16, 5), (37, 16, 5), (39, 16, 5), (40, 16, 6), (45, 19, 5), (48, 16, 7), (49, 18, 5), (54, 19, 5), (57, 16, 7), (59, 19, 7), (60, 17, 7), (61, 16, 7), (62, 16, 7), (64, 16, 5), (65, 19, 7), (66, 17, 6), (69, 18, 6), (70, 16, 5), (73, 18, 6), (74, 18, 7), (78, 18, 5), (81, 17, 6), (82, 19, 6), (84, 16, 7), (88, 18, 7), (89, 16, 7), (97, 19, 5), (99, 18, 5)]
Queue 0:[(87, 10, 5), (33, 11, 6), (17, 12, 7), (93, 13, 5), (80, 14, 6), (3, 15, 7), (71, 15, 5)]
Queue 1:[(91, 10, 5), (36, 11, 7), (46, 12, 5), (98, 13, 6), (96, 14, 7), (8, 15, 7), (86, 15, 5)]
Queue 2:[(15, 10, 1), (92, 10, 6), (44, 11, 6), (47, 12, 7), (5, 14, 5), (24, 15, 7), (95, 15, 5)]
Queue 3:[(27, 10, 1), (94, 10, 5), (52, 11, 7), (50, 12, 5), (7, 14, 6), (26, 15, 6)]
Queue 4:[(34, 10, 2), (2, 11, 6), (55, 11, 5), (90, 12, 7), (16, 14, 7), (32, 15, 6)]
Queue 5:[(53, 10, 2), (4, 11, 6), (63, 11, 7), (100, 12, 5), (19, 14, 6), (38, 15, 7)]
Queue 6:[(68, 10, 1), (10, 11, 6), (75, 11, 6), (6, 13, 6), (30, 14, 5), (41, 15, 6)]
Queue 7:[(76, 10, 1), (18, 11, 7), (85, 11, 6), (23, 13, 6), (42, 14, 6), (51, 15, 5)]
Queue 8:[(77, 10, 1), (28, 11, 5), (12, 12, 7), (67, 13, 5), (43, 14, 6), (56, 15, 6)]
Queue 9:[(79, 10, 1), (29, 11, 6), (13, 12, 6), (83, 13, 5), (72, 14, 7), (58, 15, 5)]

Clock: 16
Waiting clients: [(9, 17, 6), (14, 19, 7), (20, 19, 6), (21, 19, 7), (22, 18, 7), (25, 18, 6), (31, 19, 7), (45, 19, 5), (49, 18, 5), (54, 19, 5), (59, 19, 7), (60, 17, 7), (65, 19, 7), (66, 17, 6), (69, 18, 6), (73, 18, 6), (74, 18, 7), (78, 18, 5), (81, 17, 6), (82, 19, 6), (88, 18, 7), (97, 19, 5), (99, 18, 5)]
Queue 0:[(87, 10, 4), (33, 11, 6), (17, 12, 7), (93, 13, 5), (80, 14, 6), (3, 15, 7), (71, 15, 5)]
Queue 1:[(91, 10, 4), (36, 11, 7), (46, 12, 5), (98, 13, 6), (96, 14, 7), (8, 15, 7), (86, 15, 5)]
Queue 2:[(92, 10, 6), (44, 11, 6), (47, 12, 7), (5, 14, 5), (24, 15, 7), (95, 15, 5), (57, 16, 7)]
Queue 3:[(94, 10, 5), (52, 11, 7), (50, 12, 5), (7, 14, 6), (26, 15, 6), (35, 16, 5), (61, 16, 7)]
Queue 4:[(34, 10, 1), (2, 11, 6), (55, 11, 5), (90, 12, 7), (16, 14, 7), (32, 15, 6), (62, 16, 7)]
Queue 5:[(53, 10, 1), (4, 11, 6), (63, 11, 7), (100, 12, 5), (19, 14, 6), (38, 15, 7), (64, 16, 5)]
Queue 6:[(10, 11, 6), (75, 11, 6), (6, 13, 6), (30, 14, 5), (41, 15, 6), (37, 16, 5), (70, 16, 5)]
Queue 7:[(18, 11, 7), (85, 11, 6), (23, 13, 6), (42, 14, 6), (51, 15, 5), (39, 16, 5), (84, 16, 7)]
Queue 8:[(28, 11, 5), (12, 12, 7), (67, 13, 5), (43, 14, 6), (56, 15, 6), (40, 16, 6), (89, 16, 7)]
Queue 9:[(29, 11, 6), (13, 12, 6), (83, 13, 5), (72, 14, 7), (58, 15, 5), (48, 16, 7)]

Clock: 17
Waiting clients: [(14, 19, 7), (20, 19, 6), (21, 19, 7), (22, 18, 7), (25, 18, 6), (31, 19, 7), (45, 19, 5), (49, 18, 5), (54, 19, 5), (59, 19, 7), (65, 19, 7), (69, 18, 6), (73, 18, 6), (74, 18, 7), (78, 18, 5), (82, 19, 6), (88, 18, 7), (97, 19, 5), (99, 18, 5)]
Queue 0:[(87, 10, 3), (33, 11, 6), (17, 12, 7), (93, 13, 5), (80, 14, 6), (3, 15, 7), (71, 15, 5), (81, 17, 6)]
Queue 1:[(91, 10, 3), (36, 11, 7), (46, 12, 5), (98, 13, 6), (96, 14, 7), (8, 15, 7), (86, 15, 5)]
Queue 2:[(92, 10, 5), (44, 11, 6), (47, 12, 7), (5, 14, 5), (24, 15, 7), (95, 15, 5), (57, 16, 7)]
Queue 3:[(94, 10, 4), (52, 11, 7), (50, 12, 5), (7, 14, 6), (26, 15, 6), (35, 16, 5), (61, 16, 7)]
Queue 4:[(2, 11, 6), (55, 11, 5), (90, 12, 7), (16, 14, 7), (32, 15, 6), (62, 16, 7), (9, 17, 6)]
Queue 5:[(4, 11, 6), (63, 11, 7), (100, 12, 5), (19, 14, 6), (38, 15, 7), (64, 16, 5), (60, 17, 7)]
Queue 6:[(10, 11, 5), (75, 11, 6), (6, 13, 6), (30, 14, 5), (41, 15, 6), (37, 16, 5), (70, 16, 5)]
Queue 7:[(18, 11, 6), (85, 11, 6), (23, 13, 6), (42, 14, 6), (51, 15, 5), (39, 16, 5), (84, 16, 7)]
Queue 8:[(28, 11, 4), (12, 12, 7), (67, 13, 5), (43, 14, 6), (56, 15, 6), (40, 16, 6), (89, 16, 7)]
Queue 9:[(29, 11, 5), (13, 12, 6), (83, 13, 5), (72, 14, 7), (58, 15, 5), (48, 16, 7), (66, 17, 6)]

Clock: 18
Waiting clients: [(14, 19, 7), (20, 19, 6), (21, 19, 7), (31, 19, 7), (45, 19, 5), (54, 19, 5), (59, 19, 7), (65, 19, 7), (82, 19, 6), (97, 19, 5)]
Queue 0:[(87, 10, 2), (33, 11, 6), (17, 12, 7), (93, 13, 5), (80, 14, 6), (3, 15, 7), (71, 15, 5), (81, 17, 6)]
Queue 1:[(91, 10, 2), (36, 11, 7), (46, 12, 5), (98, 13, 6), (96, 14, 7), (8, 15, 7), (86, 15, 5), (22, 18, 7)]
Queue 2:[(92, 10, 4), (44, 11, 6), (47, 12, 7), (5, 14, 5), (24, 15, 7), (95, 15, 5), (57, 16, 7), (25, 18, 6)]
Queue 3:[(94, 10, 3), (52, 11, 7), (50, 12, 5), (7, 14, 6), (26, 15, 6), (35, 16, 5), (61, 16, 7), (49, 18, 5)]
Queue 4:[(2, 11, 5), (55, 11, 5), (90, 12, 7), (16, 14, 7), (32, 15, 6), (62, 16, 7), (9, 17, 6), (69, 18, 6)]
Queue 5:[(4, 11, 5), (63, 11, 7), (100, 12, 5), (19, 14, 6), (38, 15, 7), (64, 16, 5), (60, 17, 7), (73, 18, 6)]
Queue 6:[(10, 11, 4), (75, 11, 6), (6, 13, 6), (30, 14, 5), (41, 15, 6), (37, 16, 5), (70, 16, 5), (74, 18, 7)]
Queue 7:[(18, 11, 5), (85, 11, 6), (23, 13, 6), (42, 14, 6), (51, 15, 5), (39, 16, 5), (84, 16, 7), (78, 18, 5)]
Queue 8:[(28, 11, 3), (12, 12, 7), (67, 13, 5), (43, 14, 6), (56, 15, 6), (40, 16, 6), (89, 16, 7), (88, 18, 7)]
Queue 9:[(29, 11, 4), (13, 12, 6), (83, 13, 5), (72, 14, 7), (58, 15, 5), (48, 16, 7), (66, 17, 6), (99, 18, 5)]

Clock: 19
Waiting clients: []
Queue 0:[(87, 10, 1), (33, 11, 6), (17, 12, 7), (93, 13, 5), (80, 14, 6), (3, 15, 7), (71, 15, 5), (81, 17, 6), (14, 19, 7)]
Queue 1:[(91, 10, 1), (36, 11, 7), (46, 12, 5), (98, 13, 6), (96, 14, 7), (8, 15, 7), (86, 15, 5), (22, 18, 7), (20, 19, 6)]
Queue 2:[(92, 10, 3), (44, 11, 6), (47, 12, 7), (5, 14, 5), (24, 15, 7), (95, 15, 5), (57, 16, 7), (25, 18, 6), (21, 19, 7)]
Queue 3:[(94, 10, 2), (52, 11, 7), (50, 12, 5), (7, 14, 6), (26, 15, 6), (35, 16, 5), (61, 16, 7), (49, 18, 5), (31, 19, 7)]
Queue 4:[(2, 11, 4), (55, 11, 5), (90, 12, 7), (16, 14, 7), (32, 15, 6), (62, 16, 7), (9, 17, 6), (69, 18, 6), (45, 19, 5)]
Queue 5:[(4, 11, 4), (63, 11, 7), (100, 12, 5), (19, 14, 6), (38, 15, 7), (64, 16, 5), (60, 17, 7), (73, 18, 6), (54, 19, 5)]
Queue 6:[(10, 11, 3), (75, 11, 6), (6, 13, 6), (30, 14, 5), (41, 15, 6), (37, 16, 5), (70, 16, 5), (74, 18, 7), (59, 19, 7)]
Queue 7:[(18, 11, 4), (85, 11, 6), (23, 13, 6), (42, 14, 6), (51, 15, 5), (39, 16, 5), (84, 16, 7), (78, 18, 5), (65, 19, 7)]
Queue 8:[(28, 11, 2), (12, 12, 7), (67, 13, 5), (43, 14, 6), (56, 15, 6), (40, 16, 6), (89, 16, 7), (88, 18, 7), (82, 19, 6)]
Queue 9:[(29, 11, 3), (13, 12, 6), (83, 13, 5), (72, 14, 7), (58, 15, 5), (48, 16, 7), (66, 17, 6), (99, 18, 5), (97, 19, 5)]

Clock: 20
Waiting clients: []
Queue 0:[(33, 11, 6), (17, 12, 7), (93, 13, 5), (80, 14, 6), (3, 15, 7), (71, 15, 5), (81, 17, 6), (14, 19, 7)]
Queue 1:[(36, 11, 7), (46, 12, 5), (98, 13, 6), (96, 14, 7), (8, 15, 7), (86, 15, 5), (22, 18, 7), (20, 19, 6)]
Queue 2:[(92, 10, 2), (44, 11, 6), (47, 12, 7), (5, 14, 5), (24, 15, 7), (95, 15, 5), (57, 16, 7), (25, 18, 6), (21, 19, 7)]
Queue 3:[(94, 10, 1), (52, 11, 7), (50, 12, 5), (7, 14, 6), (26, 15, 6), (35, 16, 5), (61, 16, 7), (49, 18, 5), (31, 19, 7)]
Queue 4:[(2, 11, 3), (55, 11, 5), (90, 12, 7), (16, 14, 7), (32, 15, 6), (62, 16, 7), (9, 17, 6), (69, 18, 6), (45, 19, 5)]
Queue 5:[(4, 11, 3), (63, 11, 7), (100, 12, 5), (19, 14, 6), (38, 15, 7), (64, 16, 5), (60, 17, 7), (73, 18, 6), (54, 19, 5)]
Queue 6:[(10, 11, 2), (75, 11, 6), (6, 13, 6), (30, 14, 5), (41, 15, 6), (37, 16, 5), (70, 16, 5), (74, 18, 7), (59, 19, 7)]
Queue 7:[(18, 11, 3), (85, 11, 6), (23, 13, 6), (42, 14, 6), (51, 15, 5), (39, 16, 5), (84, 16, 7), (78, 18, 5), (65, 19, 7)]
Queue 8:[(28, 11, 1), (12, 12, 7), (67, 13, 5), (43, 14, 6), (56, 15, 6), (40, 16, 6), (89, 16, 7), (88, 18, 7), (82, 19, 6)]
Queue 9:[(29, 11, 2), (13, 12, 6), (83, 13, 5), (72, 14, 7), (58, 15, 5), (48, 16, 7), (66, 17, 6), (99, 18, 5), (97, 19, 5)]

Clock: 21
Waiting clients: []
Queue 0:[(33, 11, 5), (17, 12, 7), (93, 13, 5), (80, 14, 6), (3, 15, 7), (71, 15, 5), (81, 17, 6), (14, 19, 7)]
Queue 1:[(36, 11, 6), (46, 12, 5), (98, 13, 6), (96, 14, 7), (8, 15, 7), (86, 15, 5), (22, 18, 7), (20, 19, 6)]
Queue 2:[(92, 10, 1), (44, 11, 6), (47, 12, 7), (5, 14, 5), (24, 15, 7), (95, 15, 5), (57, 16, 7), (25, 18, 6), (21, 19, 7)]
Queue 3:[(52, 11, 7), (50, 12, 5), (7, 14, 6), (26, 15, 6), (35, 16, 5), (61, 16, 7), (49, 18, 5), (31, 19, 7)]
Queue 4:[(2, 11, 2), (55, 11, 5), (90, 12, 7), (16, 14, 7), (32, 15, 6), (62, 16, 7), (9, 17, 6), (69, 18, 6), (45, 19, 5)]
Queue 5:[(4, 11, 2), (63, 11, 7), (100, 12, 5), (19, 14, 6), (38, 15, 7), (64, 16, 5), (60, 17, 7), (73, 18, 6), (54, 19, 5)]
Queue 6:[(10, 11, 1), (75, 11, 6), (6, 13, 6), (30, 14, 5), (41, 15, 6), (37, 16, 5), (70, 16, 5), (74, 18, 7), (59, 19, 7)]
Queue 7:[(18, 11, 2), (85, 11, 6), (23, 13, 6), (42, 14, 6), (51, 15, 5), (39, 16, 5), (84, 16, 7), (78, 18, 5), (65, 19, 7)]
Queue 8:[(12, 12, 7), (67, 13, 5), (43, 14, 6), (56, 15, 6), (40, 16, 6), (89, 16, 7), (88, 18, 7), (82, 19, 6)]
Queue 9:[(29, 11, 1), (13, 12, 6), (83, 13, 5), (72, 14, 7), (58, 15, 5), (48, 16, 7), (66, 17, 6), (99, 18, 5), (97, 19, 5)]

Clock: 22
Waiting clients: []
Queue 0:[(33, 11, 4), (17, 12, 7), (93, 13, 5), (80, 14, 6), (3, 15, 7), (71, 15, 5), (81, 17, 6), (14, 19, 7)]
Queue 1:[(36, 11, 5), (46, 12, 5), (98, 13, 6), (96, 14, 7), (8, 15, 7), (86, 15, 5), (22, 18, 7), (20, 19, 6)]
Queue 2:[(44, 11, 6), (47, 12, 7), (5, 14, 5), (24, 15, 7), (95, 15, 5), (57, 16, 7), (25, 18, 6), (21, 19, 7)]
Queue 3:[(52, 11, 6), (50, 12, 5), (7, 14, 6), (26, 15, 6), (35, 16, 5), (61, 16, 7), (49, 18, 5), (31, 19, 7)]
Queue 4:[(2, 11, 1), (55, 11, 5), (90, 12, 7), (16, 14, 7), (32, 15, 6), (62, 16, 7), (9, 17, 6), (69, 18, 6), (45, 19, 5)]
Queue 5:[(4, 11, 1), (63, 11, 7), (100, 12, 5), (19, 14, 6), (38, 15, 7), (64, 16, 5), (60, 17, 7), (73, 18, 6), (54, 19, 5)]
Queue 6:[(75, 11, 6), (6, 13, 6), (30, 14, 5), (41, 15, 6), (37, 16, 5), (70, 16, 5), (74, 18, 7), (59, 19, 7)]
Queue 7:[(18, 11, 1), (85, 11, 6), (23, 13, 6), (42, 14, 6), (51, 15, 5), (39, 16, 5), (84, 16, 7), (78, 18, 5), (65, 19, 7)]
Queue 8:[(12, 12, 6), (67, 13, 5), (43, 14, 6), (56, 15, 6), (40, 16, 6), (89, 16, 7), (88, 18, 7), (82, 19, 6)]
Queue 9:[(13, 12, 6), (83, 13, 5), (72, 14, 7), (58, 15, 5), (48, 16, 7), (66, 17, 6), (99, 18, 5), (97, 19, 5)]

Clock: 23
Waiting clients: []
Queue 0:[(33, 11, 3), (17, 12, 7), (93, 13, 5), (80, 14, 6), (3, 15, 7), (71, 15, 5), (81, 17, 6), (14, 19, 7)]
Queue 1:[(36, 11, 4), (46, 12, 5), (98, 13, 6), (96, 14, 7), (8, 15, 7), (86, 15, 5), (22, 18, 7), (20, 19, 6)]
Queue 2:[(44, 11, 5), (47, 12, 7), (5, 14, 5), (24, 15, 7), (95, 15, 5), (57, 16, 7), (25, 18, 6), (21, 19, 7)]
Queue 3:[(52, 11, 5), (50, 12, 5), (7, 14, 6), (26, 15, 6), (35, 16, 5), (61, 16, 7), (49, 18, 5), (31, 19, 7)]
Queue 4:[(55, 11, 5), (90, 12, 7), (16, 14, 7), (32, 15, 6), (62, 16, 7), (9, 17, 6), (69, 18, 6), (45, 19, 5)]
Queue 5:[(63, 11, 7), (100, 12, 5), (19, 14, 6), (38, 15, 7), (64, 16, 5), (60, 17, 7), (73, 18, 6), (54, 19, 5)]
Queue 6:[(75, 11, 5), (6, 13, 6), (30, 14, 5), (41, 15, 6), (37, 16, 5), (70, 16, 5), (74, 18, 7), (59, 19, 7)]
Queue 7:[(85, 11, 6), (23, 13, 6), (42, 14, 6), (51, 15, 5), (39, 16, 5), (84, 16, 7), (78, 18, 5), (65, 19, 7)]
Queue 8:[(12, 12, 5), (67, 13, 5), (43, 14, 6), (56, 15, 6), (40, 16, 6), (89, 16, 7), (88, 18, 7), (82, 19, 6)]
Queue 9:[(13, 12, 5), (83, 13, 5), (72, 14, 7), (58, 15, 5), (48, 16, 7), (66, 17, 6), (99, 18, 5), (97, 19, 5)]

Clock: 24
Waiting clients: []
Queue 0:[(33, 11, 2), (17, 12, 7), (93, 13, 5), (80, 14, 6), (3, 15, 7), (71, 15, 5), (81, 17, 6), (14, 19, 7)]
Queue 1:[(36, 11, 3), (46, 12, 5), (98, 13, 6), (96, 14, 7), (8, 15, 7), (86, 15, 5), (22, 18, 7), (20, 19, 6)]
Queue 2:[(44, 11, 4), (47, 12, 7), (5, 14, 5), (24, 15, 7), (95, 15, 5), (57, 16, 7), (25, 18, 6), (21, 19, 7)]
Queue 3:[(52, 11, 4), (50, 12, 5), (7, 14, 6), (26, 15, 6), (35, 16, 5), (61, 16, 7), (49, 18, 5), (31, 19, 7)]
Queue 4:[(55, 11, 4), (90, 12, 7), (16, 14, 7), (32, 15, 6), (62, 16, 7), (9, 17, 6), (69, 18, 6), (45, 19, 5)]
Queue 5:[(63, 11, 6), (100, 12, 5), (19, 14, 6), (38, 15, 7), (64, 16, 5), (60, 17, 7), (73, 18, 6), (54, 19, 5)]
Queue 6:[(75, 11, 4), (6, 13, 6), (30, 14, 5), (41, 15, 6), (37, 16, 5), (70, 16, 5), (74, 18, 7), (59, 19, 7)]
Queue 7:[(85, 11, 5), (23, 13, 6), (42, 14, 6), (51, 15, 5), (39, 16, 5), (84, 16, 7), (78, 18, 5), (65, 19, 7)]
Queue 8:[(12, 12, 4), (67, 13, 5), (43, 14, 6), (56, 15, 6), (40, 16, 6), (89, 16, 7), (88, 18, 7), (82, 19, 6)]
Queue 9:[(13, 12, 4), (83, 13, 5), (72, 14, 7), (58, 15, 5), (48, 16, 7), (66, 17, 6), (99, 18, 5), (97, 19, 5)]

Clock: 25
Waiting clients: []
Queue 0:[(33, 11, 1), (17, 12, 7), (93, 13, 5), (80, 14, 6), (3, 15, 7), (71, 15, 5), (81, 17, 6), (14, 19, 7)]
Queue 1:[(36, 11, 2), (46, 12, 5), (98, 13, 6), (96, 14, 7), (8, 15, 7), (86, 15, 5), (22, 18, 7), (20, 19, 6)]
Queue 2:[(44, 11, 3), (47, 12, 7), (5, 14, 5), (24, 15, 7), (95, 15, 5), (57, 16, 7), (25, 18, 6), (21, 19, 7)]
Queue 3:[(52, 11, 3), (50, 12, 5), (7, 14, 6), (26, 15, 6), (35, 16, 5), (61, 16, 7), (49, 18, 5), (31, 19, 7)]
Queue 4:[(55, 11, 3), (90, 12, 7), (16, 14, 7), (32, 15, 6), (62, 16, 7), (9, 17, 6), (69, 18, 6), (45, 19, 5)]
Queue 5:[(63, 11, 5), (100, 12, 5), (19, 14, 6), (38, 15, 7), (64, 16, 5), (60, 17, 7), (73, 18, 6), (54, 19, 5)]
Queue 6:[(75, 11, 3), (6, 13, 6), (30, 14, 5), (41, 15, 6), (37, 16, 5), (70, 16, 5), (74, 18, 7), (59, 19, 7)]
Queue 7:[(85, 11, 4), (23, 13, 6), (42, 14, 6), (51, 15, 5), (39, 16, 5), (84, 16, 7), (78, 18, 5), (65, 19, 7)]
Queue 8:[(12, 12, 3), (67, 13, 5), (43, 14, 6), (56, 15, 6), (40, 16, 6), (89, 16, 7), (88, 18, 7), (82, 19, 6)]
Queue 9:[(13, 12, 3), (83, 13, 5), (72, 14, 7), (58, 15, 5), (48, 16, 7), (66, 17, 6), (99, 18, 5), (97, 19, 5)]

Clock: 26
Waiting clients: []
Queue 0:[(17, 12, 7), (93, 13, 5), (80, 14, 6), (3, 15, 7), (71, 15, 5), (81, 17, 6), (14, 19, 7)]
Queue 1:[(36, 11, 1), (46, 12, 5), (98, 13, 6), (96, 14, 7), (8, 15, 7), (86, 15, 5), (22, 18, 7), (20, 19, 6)]
Queue 2:[(44, 11, 2), (47, 12, 7), (5, 14, 5), (24, 15, 7), (95, 15, 5), (57, 16, 7), (25, 18, 6), (21, 19, 7)]
Queue 3:[(52, 11, 2), (50, 12, 5), (7, 14, 6), (26, 15, 6), (35, 16, 5), (61, 16, 7), (49, 18, 5), (31, 19, 7)]
Queue 4:[(55, 11, 2), (90, 12, 7), (16, 14, 7), (32, 15, 6), (62, 16, 7), (9, 17, 6), (69, 18, 6), (45, 19, 5)]
Queue 5:[(63, 11, 4), (100, 12, 5), (19, 14, 6), (38, 15, 7), (64, 16, 5), (60, 17, 7), (73, 18, 6), (54, 19, 5)]
Queue 6:[(75, 11, 2), (6, 13, 6), (30, 14, 5), (41, 15, 6), (37, 16, 5), (70, 16, 5), (74, 18, 7), (59, 19, 7)]
Queue 7:[(85, 11, 3), (23, 13, 6), (42, 14, 6), (51, 15, 5), (39, 16, 5), (84, 16, 7), (78, 18, 5), (65, 19, 7)]
Queue 8:[(12, 12, 2), (67, 13, 5), (43, 14, 6), (56, 15, 6), (40, 16, 6), (89, 16, 7), (88, 18, 7), (82, 19, 6)]
Queue 9:[(13, 12, 2), (83, 13, 5), (72, 14, 7), (58, 15, 5), (48, 16, 7), (66, 17, 6), (99, 18, 5), (97, 19, 5)]

Clock: 27
Waiting clients: []
Queue 0:[(17, 12, 6), (93, 13, 5), (80, 14, 6), (3, 15, 7), (71, 15, 5), (81, 17, 6), (14, 19, 7)]
Queue 1:[(46, 12, 5), (98, 13, 6), (96, 14, 7), (8, 15, 7), (86, 15, 5), (22, 18, 7), (20, 19, 6)]
Queue 2:[(44, 11, 1), (47, 12, 7), (5, 14, 5), (24, 15, 7), (95, 15, 5), (57, 16, 7), (25, 18, 6), (21, 19, 7)]
Queue 3:[(52, 11, 1), (50, 12, 5), (7, 14, 6), (26, 15, 6), (35, 16, 5), (61, 16, 7), (49, 18, 5), (31, 19, 7)]
Queue 4:[(55, 11, 1), (90, 12, 7), (16, 14, 7), (32, 15, 6), (62, 16, 7), (9, 17, 6), (69, 18, 6), (45, 19, 5)]
Queue 5:[(63, 11, 3), (100, 12, 5), (19, 14, 6), (38, 15, 7), (64, 16, 5), (60, 17, 7), (73, 18, 6), (54, 19, 5)]
Queue 6:[(75, 11, 1), (6, 13, 6), (30, 14, 5), (41, 15, 6), (37, 16, 5), (70, 16, 5), (74, 18, 7), (59, 19, 7)]
Queue 7:[(85, 11, 2), (23, 13, 6), (42, 14, 6), (51, 15, 5), (39, 16, 5), (84, 16, 7), (78, 18, 5), (65, 19, 7)]
Queue 8:[(12, 12, 1), (67, 13, 5), (43, 14, 6), (56, 15, 6), (40, 16, 6), (89, 16, 7), (88, 18, 7), (82, 19, 6)]
Queue 9:[(13, 12, 1), (83, 13, 5), (72, 14, 7), (58, 15, 5), (48, 16, 7), (66, 17, 6), (99, 18, 5), (97, 19, 5)]

Clock: 28
Waiting clients: []
Queue 0:[(17, 12, 5), (93, 13, 5), (80, 14, 6), (3, 15, 7), (71, 15, 5), (81, 17, 6), (14, 19, 7)]
Queue 1:[(46, 12, 4), (98, 13, 6), (96, 14, 7), (8, 15, 7), (86, 15, 5), (22, 18, 7), (20, 19, 6)]
Queue 2:[(47, 12, 7), (5, 14, 5), (24, 15, 7), (95, 15, 5), (57, 16, 7), (25, 18, 6), (21, 19, 7)]
Queue 3:[(50, 12, 5), (7, 14, 6), (26, 15, 6), (35, 16, 5), (61, 16, 7), (49, 18, 5), (31, 19, 7)]
Queue 4:[(90, 12, 7), (16, 14, 7), (32, 15, 6), (62, 16, 7), (9, 17, 6), (69, 18, 6), (45, 19, 5)]
Queue 5:[(63, 11, 2), (100, 12, 5), (19, 14, 6), (38, 15, 7), (64, 16, 5), (60, 17, 7), (73, 18, 6), (54, 19, 5)]
Queue 6:[(6, 13, 6), (30, 14, 5), (41, 15, 6), (37, 16, 5), (70, 16, 5), (74, 18, 7), (59, 19, 7)]
Queue 7:[(85, 11, 1), (23, 13, 6), (42, 14, 6), (51, 15, 5), (39, 16, 5), (84, 16, 7), (78, 18, 5), (65, 19, 7)]
Queue 8:[(67, 13, 5), (43, 14, 6), (56, 15, 6), (40, 16, 6), (89, 16, 7), (88, 18, 7), (82, 19, 6)]
Queue 9:[(83, 13, 5), (72, 14, 7), (58, 15, 5), (48, 16, 7), (66, 17, 6), (99, 18, 5), (97, 19, 5)]

Clock: 29
Waiting clients: []
Queue 0:[(17, 12, 4), (93, 13, 5), (80, 14, 6), (3, 15, 7), (71, 15, 5), (81, 17, 6), (14, 19, 7)]
Queue 1:[(46, 12, 3), (98, 13, 6), (96, 14, 7), (8, 15, 7), (86, 15, 5), (22, 18, 7), (20, 19, 6)]
Queue 2:[(47, 12, 6), (5, 14, 5), (24, 15, 7), (95, 15, 5), (57, 16, 7), (25, 18, 6), (21, 19, 7)]
Queue 3:[(50, 12, 4), (7, 14, 6), (26, 15, 6), (35, 16, 5), (61, 16, 7), (49, 18, 5), (31, 19, 7)]
Queue 4:[(90, 12, 6), (16, 14, 7), (32, 15, 6), (62, 16, 7), (9, 17, 6), (69, 18, 6), (45, 19, 5)]
Queue 5:[(63, 11, 1), (100, 12, 5), (19, 14, 6), (38, 15, 7), (64, 16, 5), (60, 17, 7), (73, 18, 6), (54, 19, 5)]
Queue 6:[(6, 13, 5), (30, 14, 5), (41, 15, 6), (37, 16, 5), (70, 16, 5), (74, 18, 7), (59, 19, 7)]
Queue 7:[(23, 13, 6), (42, 14, 6), (51, 15, 5), (39, 16, 5), (84, 16, 7), (78, 18, 5), (65, 19, 7)]
Queue 8:[(67, 13, 4), (43, 14, 6), (56, 15, 6), (40, 16, 6), (89, 16, 7), (88, 18, 7), (82, 19, 6)]
Queue 9:[(83, 13, 4), (72, 14, 7), (58, 15, 5), (48, 16, 7), (66, 17, 6), (99, 18, 5), (97, 19, 5)]

Clock: 30
Waiting clients: []
Queue 0:[(17, 12, 3), (93, 13, 5), (80, 14, 6), (3, 15, 7), (71, 15, 5), (81, 17, 6), (14, 19, 7)]
Queue 1:[(46, 12, 2), (98, 13, 6), (96, 14, 7), (8, 15, 7), (86, 15, 5), (22, 18, 7), (20, 19, 6)]
Queue 2:[(47, 12, 5), (5, 14, 5), (24, 15, 7), (95, 15, 5), (57, 16, 7), (25, 18, 6), (21, 19, 7)]
Queue 3:[(50, 12, 3), (7, 14, 6), (26, 15, 6), (35, 16, 5), (61, 16, 7), (49, 18, 5), (31, 19, 7)]
Queue 4:[(90, 12, 5), (16, 14, 7), (32, 15, 6), (62, 16, 7), (9, 17, 6), (69, 18, 6), (45, 19, 5)]
Queue 5:[(100, 12, 5), (19, 14, 6), (38, 15, 7), (64, 16, 5), (60, 17, 7), (73, 18, 6), (54, 19, 5)]
Queue 6:[(6, 13, 4), (30, 14, 5), (41, 15, 6), (37, 16, 5), (70, 16, 5), (74, 18, 7), (59, 19, 7)]
Queue 7:[(23, 13, 5), (42, 14, 6), (51, 15, 5), (39, 16, 5), (84, 16, 7), (78, 18, 5), (65, 19, 7)]
Queue 8:[(67, 13, 3), (43, 14, 6), (56, 15, 6), (40, 16, 6), (89, 16, 7), (88, 18, 7), (82, 19, 6)]
Queue 9:[(83, 13, 3), (72, 14, 7), (58, 15, 5), (48, 16, 7), (66, 17, 6), (99, 18, 5), (97, 19, 5)]

Clock: 31
Waiting clients: []
Queue 0:[(17, 12, 2), (93, 13, 5), (80, 14, 6), (3, 15, 7), (71, 15, 5), (81, 17, 6), (14, 19, 7)]
Queue 1:[(46, 12, 1), (98, 13, 6), (96, 14, 7), (8, 15, 7), (86, 15, 5), (22, 18, 7), (20, 19, 6)]
Queue 2:[(47, 12, 4), (5, 14, 5), (24, 15, 7), (95, 15, 5), (57, 16, 7), (25, 18, 6), (21, 19, 7)]
Queue 3:[(50, 12, 2), (7, 14, 6), (26, 15, 6), (35, 16, 5), (61, 16, 7), (49, 18, 5), (31, 19, 7)]
Queue 4:[(90, 12, 4), (16, 14, 7), (32, 15, 6), (62, 16, 7), (9, 17, 6), (69, 18, 6), (45, 19, 5)]
Queue 5:[(100, 12, 4), (19, 14, 6), (38, 15, 7), (64, 16, 5), (60, 17, 7), (73, 18, 6), (54, 19, 5)]
Queue 6:[(6, 13, 3), (30, 14, 5), (41, 15, 6), (37, 16, 5), (70, 16, 5), (74, 18, 7), (59, 19, 7)]
Queue 7:[(23, 13, 4), (42, 14, 6), (51, 15, 5), (39, 16, 5), (84, 16, 7), (78, 18, 5), (65, 19, 7)]
Queue 8:[(67, 13, 2), (43, 14, 6), (56, 15, 6), (40, 16, 6), (89, 16, 7), (88, 18, 7), (82, 19, 6)]
Queue 9:[(83, 13, 2), (72, 14, 7), (58, 15, 5), (48, 16, 7), (66, 17, 6), (99, 18, 5), (97, 19, 5)]

Clock: 32
Waiting clients: []
Queue 0:[(17, 12, 1), (93, 13, 5), (80, 14, 6), (3, 15, 7), (71, 15, 5), (81, 17, 6), (14, 19, 7)]
Queue 1:[(98, 13, 6), (96, 14, 7), (8, 15, 7), (86, 15, 5), (22, 18, 7), (20, 19, 6)]
Queue 2:[(47, 12, 3), (5, 14, 5), (24, 15, 7), (95, 15, 5), (57, 16, 7), (25, 18, 6), (21, 19, 7)]
Queue 3:[(50, 12, 1), (7, 14, 6), (26, 15, 6), (35, 16, 5), (61, 16, 7), (49, 18, 5), (31, 19, 7)]
Queue 4:[(90, 12, 3), (16, 14, 7), (32, 15, 6), (62, 16, 7), (9, 17, 6), (69, 18, 6), (45, 19, 5)]
Queue 5:[(100, 12, 3), (19, 14, 6), (38, 15, 7), (64, 16, 5), (60, 17, 7), (73, 18, 6), (54, 19, 5)]
Queue 6:[(6, 13, 2), (30, 14, 5), (41, 15, 6), (37, 16, 5), (70, 16, 5), (74, 18, 7), (59, 19, 7)]
Queue 7:[(23, 13, 3), (42, 14, 6), (51, 15, 5), (39, 16, 5), (84, 16, 7), (78, 18, 5), (65, 19, 7)]
Queue 8:[(67, 13, 1), (43, 14, 6), (56, 15, 6), (40, 16, 6), (89, 16, 7), (88, 18, 7), (82, 19, 6)]
Queue 9:[(83, 13, 1), (72, 14, 7), (58, 15, 5), (48, 16, 7), (66, 17, 6), (99, 18, 5), (97, 19, 5)]

Clock: 33
Waiting clients: []
Queue 0:[(93, 13, 5), (80, 14, 6), (3, 15, 7), (71, 15, 5), (81, 17, 6), (14, 19, 7)]
Queue 1:[(98, 13, 5), (96, 14, 7), (8, 15, 7), (86, 15, 5), (22, 18, 7), (20, 19, 6)]
Queue 2:[(47, 12, 2), (5, 14, 5), (24, 15, 7), (95, 15, 5), (57, 16, 7), (25, 18, 6), (21, 19, 7)]
Queue 3:[(7, 14, 6), (26, 15, 6), (35, 16, 5), (61, 16, 7), (49, 18, 5), (31, 19, 7)]
Queue 4:[(90, 12, 2), (16, 14, 7), (32, 15, 6), (62, 16, 7), (9, 17, 6), (69, 18, 6), (45, 19, 5)]
Queue 5:[(100, 12, 2), (19, 14, 6), (38, 15, 7), (64, 16, 5), (60, 17, 7), (73, 18, 6), (54, 19, 5)]
Queue 6:[(6, 13, 1), (30, 14, 5), (41, 15, 6), (37, 16, 5), (70, 16, 5), (74, 18, 7), (59, 19, 7)]
Queue 7:[(23, 13, 2), (42, 14, 6), (51, 15, 5), (39, 16, 5), (84, 16, 7), (78, 18, 5), (65, 19, 7)]
Queue 8:[(43, 14, 6), (56, 15, 6), (40, 16, 6), (89, 16, 7), (88, 18, 7), (82, 19, 6)]
Queue 9:[(72, 14, 7), (58, 15, 5), (48, 16, 7), (66, 17, 6), (99, 18, 5), (97, 19, 5)]

Clock: 34
Waiting clients: []
Queue 0:[(93, 13, 4), (80, 14, 6), (3, 15, 7), (71, 15, 5), (81, 17, 6), (14, 19, 7)]
Queue 1:[(98, 13, 4), (96, 14, 7), (8, 15, 7), (86, 15, 5), (22, 18, 7), (20, 19, 6)]
Queue 2:[(47, 12, 1), (5, 14, 5), (24, 15, 7), (95, 15, 5), (57, 16, 7), (25, 18, 6), (21, 19, 7)]
Queue 3:[(7, 14, 5), (26, 15, 6), (35, 16, 5), (61, 16, 7), (49, 18, 5), (31, 19, 7)]
Queue 4:[(90, 12, 1), (16, 14, 7), (32, 15, 6), (62, 16, 7), (9, 17, 6), (69, 18, 6), (45, 19, 5)]
Queue 5:[(100, 12, 1), (19, 14, 6), (38, 15, 7), (64, 16, 5), (60, 17, 7), (73, 18, 6), (54, 19, 5)]
Queue 6:[(30, 14, 5), (41, 15, 6), (37, 16, 5), (70, 16, 5), (74, 18, 7), (59, 19, 7)]
Queue 7:[(23, 13, 1), (42, 14, 6), (51, 15, 5), (39, 16, 5), (84, 16, 7), (78, 18, 5), (65, 19, 7)]
Queue 8:[(43, 14, 5), (56, 15, 6), (40, 16, 6), (89, 16, 7), (88, 18, 7), (82, 19, 6)]
Queue 9:[(72, 14, 6), (58, 15, 5), (48, 16, 7), (66, 17, 6), (99, 18, 5), (97, 19, 5)]

Clock: 35
Waiting clients: []
Queue 0:[(93, 13, 3), (80, 14, 6), (3, 15, 7), (71, 15, 5), (81, 17, 6), (14, 19, 7)]
Queue 1:[(98, 13, 3), (96, 14, 7), (8, 15, 7), (86, 15, 5), (22, 18, 7), (20, 19, 6)]
Queue 2:[(5, 14, 5), (24, 15, 7), (95, 15, 5), (57, 16, 7), (25, 18, 6), (21, 19, 7)]
Queue 3:[(7, 14, 4), (26, 15, 6), (35, 16, 5), (61, 16, 7), (49, 18, 5), (31, 19, 7)]
Queue 4:[(16, 14, 7), (32, 15, 6), (62, 16, 7), (9, 17, 6), (69, 18, 6), (45, 19, 5)]
Queue 5:[(19, 14, 6), (38, 15, 7), (64, 16, 5), (60, 17, 7), (73, 18, 6), (54, 19, 5)]
Queue 6:[(30, 14, 4), (41, 15, 6), (37, 16, 5), (70, 16, 5), (74, 18, 7), (59, 19, 7)]
Queue 7:[(42, 14, 6), (51, 15, 5), (39, 16, 5), (84, 16, 7), (78, 18, 5), (65, 19, 7)]
Queue 8:[(43, 14, 4), (56, 15, 6), (40, 16, 6), (89, 16, 7), (88, 18, 7), (82, 19, 6)]
Queue 9:[(72, 14, 5), (58, 15, 5), (48, 16, 7), (66, 17, 6), (99, 18, 5), (97, 19, 5)]

Clock: 36
Waiting clients: []
Queue 0:[(93, 13, 2), (80, 14, 6), (3, 15, 7), (71, 15, 5), (81, 17, 6), (14, 19, 7)]
Queue 1:[(98, 13, 2), (96, 14, 7), (8, 15, 7), (86, 15, 5), (22, 18, 7), (20, 19, 6)]
Queue 2:[(5, 14, 4), (24, 15, 7), (95, 15, 5), (57, 16, 7), (25, 18, 6), (21, 19, 7)]
Queue 3:[(7, 14, 3), (26, 15, 6), (35, 16, 5), (61, 16, 7), (49, 18, 5), (31, 19, 7)]
Queue 4:[(16, 14, 6), (32, 15, 6), (62, 16, 7), (9, 17, 6), (69, 18, 6), (45, 19, 5)]
Queue 5:[(19, 14, 5), (38, 15, 7), (64, 16, 5), (60, 17, 7), (73, 18, 6), (54, 19, 5)]
Queue 6:[(30, 14, 3), (41, 15, 6), (37, 16, 5), (70, 16, 5), (74, 18, 7), (59, 19, 7)]
Queue 7:[(42, 14, 5), (51, 15, 5), (39, 16, 5), (84, 16, 7), (78, 18, 5), (65, 19, 7)]
Queue 8:[(43, 14, 3), (56, 15, 6), (40, 16, 6), (89, 16, 7), (88, 18, 7), (82, 19, 6)]
Queue 9:[(72, 14, 4), (58, 15, 5), (48, 16, 7), (66, 17, 6), (99, 18, 5), (97, 19, 5)]

Clock: 37
Waiting clients: []
Queue 0:[(93, 13, 1), (80, 14, 6), (3, 15, 7), (71, 15, 5), (81, 17, 6), (14, 19, 7)]
Queue 1:[(98, 13, 1), (96, 14, 7), (8, 15, 7), (86, 15, 5), (22, 18, 7), (20, 19, 6)]
Queue 2:[(5, 14, 3), (24, 15, 7), (95, 15, 5), (57, 16, 7), (25, 18, 6), (21, 19, 7)]
Queue 3:[(7, 14, 2), (26, 15, 6), (35, 16, 5), (61, 16, 7), (49, 18, 5), (31, 19, 7)]
Queue 4:[(16, 14, 5), (32, 15, 6), (62, 16, 7), (9, 17, 6), (69, 18, 6), (45, 19, 5)]
Queue 5:[(19, 14, 4), (38, 15, 7), (64, 16, 5), (60, 17, 7), (73, 18, 6), (54, 19, 5)]
Queue 6:[(30, 14, 2), (41, 15, 6), (37, 16, 5), (70, 16, 5), (74, 18, 7), (59, 19, 7)]
Queue 7:[(42, 14, 4), (51, 15, 5), (39, 16, 5), (84, 16, 7), (78, 18, 5), (65, 19, 7)]
Queue 8:[(43, 14, 2), (56, 15, 6), (40, 16, 6), (89, 16, 7), (88, 18, 7), (82, 19, 6)]
Queue 9:[(72, 14, 3), (58, 15, 5), (48, 16, 7), (66, 17, 6), (99, 18, 5), (97, 19, 5)]

Clock: 38
Waiting clients: []
Queue 0:[(80, 14, 6), (3, 15, 7), (71, 15, 5), (81, 17, 6), (14, 19, 7)]
Queue 1:[(96, 14, 7), (8, 15, 7), (86, 15, 5), (22, 18, 7), (20, 19, 6)]
Queue 2:[(5, 14, 2), (24, 15, 7), (95, 15, 5), (57, 16, 7), (25, 18, 6), (21, 19, 7)]
Queue 3:[(7, 14, 1), (26, 15, 6), (35, 16, 5), (61, 16, 7), (49, 18, 5), (31, 19, 7)]
Queue 4:[(16, 14, 4), (32, 15, 6), (62, 16, 7), (9, 17, 6), (69, 18, 6), (45, 19, 5)]
Queue 5:[(19, 14, 3), (38, 15, 7), (64, 16, 5), (60, 17, 7), (73, 18, 6), (54, 19, 5)]
Queue 6:[(30, 14, 1), (41, 15, 6), (37, 16, 5), (70, 16, 5), (74, 18, 7), (59, 19, 7)]
Queue 7:[(42, 14, 3), (51, 15, 5), (39, 16, 5), (84, 16, 7), (78, 18, 5), (65, 19, 7)]
Queue 8:[(43, 14, 1), (56, 15, 6), (40, 16, 6), (89, 16, 7), (88, 18, 7), (82, 19, 6)]
Queue 9:[(72, 14, 2), (58, 15, 5), (48, 16, 7), (66, 17, 6), (99, 18, 5), (97, 19, 5)]

Clock: 39
Waiting clients: []
Queue 0:[(80, 14, 5), (3, 15, 7), (71, 15, 5), (81, 17, 6), (14, 19, 7)]
Queue 1:[(96, 14, 6), (8, 15, 7), (86, 15, 5), (22, 18, 7), (20, 19, 6)]
Queue 2:[(5, 14, 1), (24, 15, 7), (95, 15, 5), (57, 16, 7), (25, 18, 6), (21, 19, 7)]
Queue 3:[(26, 15, 6), (35, 16, 5), (61, 16, 7), (49, 18, 5), (31, 19, 7)]
Queue 4:[(16, 14, 3), (32, 15, 6), (62, 16, 7), (9, 17, 6), (69, 18, 6), (45, 19, 5)]
Queue 5:[(19, 14, 2), (38, 15, 7), (64, 16, 5), (60, 17, 7), (73, 18, 6), (54, 19, 5)]
Queue 6:[(41, 15, 6), (37, 16, 5), (70, 16, 5), (74, 18, 7), (59, 19, 7)]
Queue 7:[(42, 14, 2), (51, 15, 5), (39, 16, 5), (84, 16, 7), (78, 18, 5), (65, 19, 7)]
Queue 8:[(56, 15, 6), (40, 16, 6), (89, 16, 7), (88, 18, 7), (82, 19, 6)]
Queue 9:[(72, 14, 1), (58, 15, 5), (48, 16, 7), (66, 17, 6), (99, 18, 5), (97, 19, 5)]

Clock: 40
Waiting clients: []
Queue 0:[(80, 14, 4), (3, 15, 7), (71, 15, 5), (81, 17, 6), (14, 19, 7)]
Queue 1:[(96, 14, 5), (8, 15, 7), (86, 15, 5), (22, 18, 7), (20, 19, 6)]
Queue 2:[(24, 15, 7), (95, 15, 5), (57, 16, 7), (25, 18, 6), (21, 19, 7)]
Queue 3:[(26, 15, 5), (35, 16, 5), (61, 16, 7), (49, 18, 5), (31, 19, 7)]
Queue 4:[(16, 14, 2), (32, 15, 6), (62, 16, 7), (9, 17, 6), (69, 18, 6), (45, 19, 5)]
Queue 5:[(19, 14, 1), (38, 15, 7), (64, 16, 5), (60, 17, 7), (73, 18, 6), (54, 19, 5)]
Queue 6:[(41, 15, 5), (37, 16, 5), (70, 16, 5), (74, 18, 7), (59, 19, 7)]
Queue 7:[(42, 14, 1), (51, 15, 5), (39, 16, 5), (84, 16, 7), (78, 18, 5), (65, 19, 7)]
Queue 8:[(56, 15, 5), (40, 16, 6), (89, 16, 7), (88, 18, 7), (82, 19, 6)]
Queue 9:[(58, 15, 5), (48, 16, 7), (66, 17, 6), (99, 18, 5), (97, 19, 5)]

Clock: 41
Waiting clients: []
Queue 0:[(80, 14, 3), (3, 15, 7), (71, 15, 5), (81, 17, 6), (14, 19, 7)]
Queue 1:[(96, 14, 4), (8, 15, 7), (86, 15, 5), (22, 18, 7), (20, 19, 6)]
Queue 2:[(24, 15, 6), (95, 15, 5), (57, 16, 7), (25, 18, 6), (21, 19, 7)]
Queue 3:[(26, 15, 4), (35, 16, 5), (61, 16, 7), (49, 18, 5), (31, 19, 7)]
Queue 4:[(16, 14, 1), (32, 15, 6), (62, 16, 7), (9, 17, 6), (69, 18, 6), (45, 19, 5)]
Queue 5:[(38, 15, 7), (64, 16, 5), (60, 17, 7), (73, 18, 6), (54, 19, 5)]
Queue 6:[(41, 15, 4), (37, 16, 5), (70, 16, 5), (74, 18, 7), (59, 19, 7)]
Queue 7:[(51, 15, 5), (39, 16, 5), (84, 16, 7), (78, 18, 5), (65, 19, 7)]
Queue 8:[(56, 15, 4), (40, 16, 6), (89, 16, 7), (88, 18, 7), (82, 19, 6)]
Queue 9:[(58, 15, 4), (48, 16, 7), (66, 17, 6), (99, 18, 5), (97, 19, 5)]

Clock: 42
Waiting clients: []
Queue 0:[(80, 14, 2), (3, 15, 7), (71, 15, 5), (81, 17, 6), (14, 19, 7)]
Queue 1:[(96, 14, 3), (8, 15, 7), (86, 15, 5), (22, 18, 7), (20, 19, 6)]
Queue 2:[(24, 15, 5), (95, 15, 5), (57, 16, 7), (25, 18, 6), (21, 19, 7)]
Queue 3:[(26, 15, 3), (35, 16, 5), (61, 16, 7), (49, 18, 5), (31, 19, 7)]
Queue 4:[(32, 15, 6), (62, 16, 7), (9, 17, 6), (69, 18, 6), (45, 19, 5)]
Queue 5:[(38, 15, 6), (64, 16, 5), (60, 17, 7), (73, 18, 6), (54, 19, 5)]
Queue 6:[(41, 15, 3), (37, 16, 5), (70, 16, 5), (74, 18, 7), (59, 19, 7)]
Queue 7:[(51, 15, 4), (39, 16, 5), (84, 16, 7), (78, 18, 5), (65, 19, 7)]
Queue 8:[(56, 15, 3), (40, 16, 6), (89, 16, 7), (88, 18, 7), (82, 19, 6)]
Queue 9:[(58, 15, 3), (48, 16, 7), (66, 17, 6), (99, 18, 5), (97, 19, 5)]

Clock: 43
Waiting clients: []
Queue 0:[(80, 14, 1), (3, 15, 7), (71, 15, 5), (81, 17, 6), (14, 19, 7)]
Queue 1:[(96, 14, 2), (8, 15, 7), (86, 15, 5), (22, 18, 7), (20, 19, 6)]
Queue 2:[(24, 15, 4), (95, 15, 5), (57, 16, 7), (25, 18, 6), (21, 19, 7)]
Queue 3:[(26, 15, 2), (35, 16, 5), (61, 16, 7), (49, 18, 5), (31, 19, 7)]
Queue 4:[(32, 15, 5), (62, 16, 7), (9, 17, 6), (69, 18, 6), (45, 19, 5)]
Queue 5:[(38, 15, 5), (64, 16, 5), (60, 17, 7), (73, 18, 6), (54, 19, 5)]
Queue 6:[(41, 15, 2), (37, 16, 5), (70, 16, 5), (74, 18, 7), (59, 19, 7)]
Queue 7:[(51, 15, 3), (39, 16, 5), (84, 16, 7), (78, 18, 5), (65, 19, 7)]
Queue 8:[(56, 15, 2), (40, 16, 6), (89, 16, 7), (88, 18, 7), (82, 19, 6)]
Queue 9:[(58, 15, 2), (48, 16, 7), (66, 17, 6), (99, 18, 5), (97, 19, 5)]

Clock: 44
Waiting clients: []
Queue 0:[(3, 15, 7), (71, 15, 5), (81, 17, 6), (14, 19, 7)]
Queue 1:[(96, 14, 1), (8, 15, 7), (86, 15, 5), (22, 18, 7), (20, 19, 6)]
Queue 2:[(24, 15, 3), (95, 15, 5), (57, 16, 7), (25, 18, 6), (21, 19, 7)]
Queue 3:[(26, 15, 1), (35, 16, 5), (61, 16, 7), (49, 18, 5), (31, 19, 7)]
Queue 4:[(32, 15, 4), (62, 16, 7), (9, 17, 6), (69, 18, 6), (45, 19, 5)]
Queue 5:[(38, 15, 4), (64, 16, 5), (60, 17, 7), (73, 18, 6), (54, 19, 5)]
Queue 6:[(41, 15, 1), (37, 16, 5), (70, 16, 5), (74, 18, 7), (59, 19, 7)]
Queue 7:[(51, 15, 2), (39, 16, 5), (84, 16, 7), (78, 18, 5), (65, 19, 7)]
Queue 8:[(56, 15, 1), (40, 16, 6), (89, 16, 7), (88, 18, 7), (82, 19, 6)]
Queue 9:[(58, 15, 1), (48, 16, 7), (66, 17, 6), (99, 18, 5), (97, 19, 5)]

Clock: 45
Waiting clients: []
Queue 0:[(3, 15, 6), (71, 15, 5), (81, 17, 6), (14, 19, 7)]
Queue 1:[(8, 15, 7), (86, 15, 5), (22, 18, 7), (20, 19, 6)]
Queue 2:[(24, 15, 2), (95, 15, 5), (57, 16, 7), (25, 18, 6), (21, 19, 7)]
Queue 3:[(35, 16, 5), (61, 16, 7), (49, 18, 5), (31, 19, 7)]
Queue 4:[(32, 15, 3), (62, 16, 7), (9, 17, 6), (69, 18, 6), (45, 19, 5)]
Queue 5:[(38, 15, 3), (64, 16, 5), (60, 17, 7), (73, 18, 6), (54, 19, 5)]
Queue 6:[(37, 16, 5), (70, 16, 5), (74, 18, 7), (59, 19, 7)]
Queue 7:[(51, 15, 1), (39, 16, 5), (84, 16, 7), (78, 18, 5), (65, 19, 7)]
Queue 8:[(40, 16, 6), (89, 16, 7), (88, 18, 7), (82, 19, 6)]
Queue 9:[(48, 16, 7), (66, 17, 6), (99, 18, 5), (97, 19, 5)]

Clock: 46
Waiting clients: []
Queue 0:[(3, 15, 5), (71, 15, 5), (81, 17, 6), (14, 19, 7)]
Queue 1:[(8, 15, 6), (86, 15, 5), (22, 18, 7), (20, 19, 6)]
Queue 2:[(24, 15, 1), (95, 15, 5), (57, 16, 7), (25, 18, 6), (21, 19, 7)]
Queue 3:[(35, 16, 4), (61, 16, 7), (49, 18, 5), (31, 19, 7)]
Queue 4:[(32, 15, 2), (62, 16, 7), (9, 17, 6), (69, 18, 6), (45, 19, 5)]
Queue 5:[(38, 15, 2), (64, 16, 5), (60, 17, 7), (73, 18, 6), (54, 19, 5)]
Queue 6:[(37, 16, 4), (70, 16, 5), (74, 18, 7), (59, 19, 7)]
Queue 7:[(39, 16, 5), (84, 16, 7), (78, 18, 5), (65, 19, 7)]
Queue 8:[(40, 16, 5), (89, 16, 7), (88, 18, 7), (82, 19, 6)]
Queue 9:[(48, 16, 6), (66, 17, 6), (99, 18, 5), (97, 19, 5)]

Clock: 47
Waiting clients: []
Queue 0:[(3, 15, 4), (71, 15, 5), (81, 17, 6), (14, 19, 7)]
Queue 1:[(8, 15, 5), (86, 15, 5), (22, 18, 7), (20, 19, 6)]
Queue 2:[(95, 15, 5), (57, 16, 7), (25, 18, 6), (21, 19, 7)]
Queue 3:[(35, 16, 3), (61, 16, 7), (49, 18, 5), (31, 19, 7)]
Queue 4:[(32, 15, 1), (62, 16, 7), (9, 17, 6), (69, 18, 6), (45, 19, 5)]
Queue 5:[(38, 15, 1), (64, 16, 5), (60, 17, 7), (73, 18, 6), (54, 19, 5)]
Queue 6:[(37, 16, 3), (70, 16, 5), (74, 18, 7), (59, 19, 7)]
Queue 7:[(39, 16, 4), (84, 16, 7), (78, 18, 5), (65, 19, 7)]
Queue 8:[(40, 16, 4), (89, 16, 7), (88, 18, 7), (82, 19, 6)]
Queue 9:[(48, 16, 5), (66, 17, 6), (99, 18, 5), (97, 19, 5)]

Clock: 48
Waiting clients: []
Queue 0:[(3, 15, 3), (71, 15, 5), (81, 17, 6), (14, 19, 7)]
Queue 1:[(8, 15, 4), (86, 15, 5), (22, 18, 7), (20, 19, 6)]
Queue 2:[(95, 15, 4), (57, 16, 7), (25, 18, 6), (21, 19, 7)]
Queue 3:[(35, 16, 2), (61, 16, 7), (49, 18, 5), (31, 19, 7)]
Queue 4:[(62, 16, 7), (9, 17, 6), (69, 18, 6), (45, 19, 5)]
Queue 5:[(64, 16, 5), (60, 17, 7), (73, 18, 6), (54, 19, 5)]
Queue 6:[(37, 16, 2), (70, 16, 5), (74, 18, 7), (59, 19, 7)]
Queue 7:[(39, 16, 3), (84, 16, 7), (78, 18, 5), (65, 19, 7)]
Queue 8:[(40, 16, 3), (89, 16, 7), (88, 18, 7), (82, 19, 6)]
Queue 9:[(48, 16, 4), (66, 17, 6), (99, 18, 5), (97, 19, 5)]

Clock: 49
Waiting clients: []
Queue 0:[(3, 15, 2), (71, 15, 5), (81, 17, 6), (14, 19, 7)]
Queue 1:[(8, 15, 3), (86, 15, 5), (22, 18, 7), (20, 19, 6)]
Queue 2:[(95, 15, 3), (57, 16, 7), (25, 18, 6), (21, 19, 7)]
Queue 3:[(35, 16, 1), (61, 16, 7), (49, 18, 5), (31, 19, 7)]
Queue 4:[(62, 16, 6), (9, 17, 6), (69, 18, 6), (45, 19, 5)]
Queue 5:[(64, 16, 4), (60, 17, 7), (73, 18, 6), (54, 19, 5)]
Queue 6:[(37, 16, 1), (70, 16, 5), (74, 18, 7), (59, 19, 7)]
Queue 7:[(39, 16, 2), (84, 16, 7), (78, 18, 5), (65, 19, 7)]
Queue 8:[(40, 16, 2), (89, 16, 7), (88, 18, 7), (82, 19, 6)]
Queue 9:[(48, 16, 3), (66, 17, 6), (99, 18, 5), (97, 19, 5)]

Clock: 50
Waiting clients: []
Queue 0:[(3, 15, 1), (71, 15, 5), (81, 17, 6), (14, 19, 7)]
Queue 1:[(8, 15, 2), (86, 15, 5), (22, 18, 7), (20, 19, 6)]
Queue 2:[(95, 15, 2), (57, 16, 7), (25, 18, 6), (21, 19, 7)]
Queue 3:[(61, 16, 7), (49, 18, 5), (31, 19, 7)]
Queue 4:[(62, 16, 5), (9, 17, 6), (69, 18, 6), (45, 19, 5)]
Queue 5:[(64, 16, 3), (60, 17, 7), (73, 18, 6), (54, 19, 5)]
Queue 6:[(70, 16, 5), (74, 18, 7), (59, 19, 7)]
Queue 7:[(39, 16, 1), (84, 16, 7), (78, 18, 5), (65, 19, 7)]
Queue 8:[(40, 16, 1), (89, 16, 7), (88, 18, 7), (82, 19, 6)]
Queue 9:[(48, 16, 2), (66, 17, 6), (99, 18, 5), (97, 19, 5)]

Clock: 51
Waiting clients: []
Queue 0:[(71, 15, 5), (81, 17, 6), (14, 19, 7)]
Queue 1:[(8, 15, 1), (86, 15, 5), (22, 18, 7), (20, 19, 6)]
Queue 2:[(95, 15, 1), (57, 16, 7), (25, 18, 6), (21, 19, 7)]
Queue 3:[(61, 16, 6), (49, 18, 5), (31, 19, 7)]
Queue 4:[(62, 16, 4), (9, 17, 6), (69, 18, 6), (45, 19, 5)]
Queue 5:[(64, 16, 2), (60, 17, 7), (73, 18, 6), (54, 19, 5)]
Queue 6:[(70, 16, 4), (74, 18, 7), (59, 19, 7)]
Queue 7:[(84, 16, 7), (78, 18, 5), (65, 19, 7)]
Queue 8:[(89, 16, 7), (88, 18, 7), (82, 19, 6)]
Queue 9:[(48, 16, 1), (66, 17, 6), (99, 18, 5), (97, 19, 5)]

Clock: 52
Waiting clients: []
Queue 0:[(71, 15, 4), (81, 17, 6), (14, 19, 7)]
Queue 1:[(86, 15, 5), (22, 18, 7), (20, 19, 6)]
Queue 2:[(57, 16, 7), (25, 18, 6), (21, 19, 7)]
Queue 3:[(61, 16, 5), (49, 18, 5), (31, 19, 7)]
Queue 4:[(62, 16, 3), (9, 17, 6), (69, 18, 6), (45, 19, 5)]
Queue 5:[(64, 16, 1), (60, 17, 7), (73, 18, 6), (54, 19, 5)]
Queue 6:[(70, 16, 3), (74, 18, 7), (59, 19, 7)]
Queue 7:[(84, 16, 6), (78, 18, 5), (65, 19, 7)]
Queue 8:[(89, 16, 6), (88, 18, 7), (82, 19, 6)]
Queue 9:[(66, 17, 6), (99, 18, 5), (97, 19, 5)]

Clock: 53
Waiting clients: []
Queue 0:[(71, 15, 3), (81, 17, 6), (14, 19, 7)]
Queue 1:[(86, 15, 4), (22, 18, 7), (20, 19, 6)]
Queue 2:[(57, 16, 6), (25, 18, 6), (21, 19, 7)]
Queue 3:[(61, 16, 4), (49, 18, 5), (31, 19, 7)]
Queue 4:[(62, 16, 2), (9, 17, 6), (69, 18, 6), (45, 19, 5)]
Queue 5:[(60, 17, 7), (73, 18, 6), (54, 19, 5)]
Queue 6:[(70, 16, 2), (74, 18, 7), (59, 19, 7)]
Queue 7:[(84, 16, 5), (78, 18, 5), (65, 19, 7)]
Queue 8:[(89, 16, 5), (88, 18, 7), (82, 19, 6)]
Queue 9:[(66, 17, 5), (99, 18, 5), (97, 19, 5)]

Clock: 54
Waiting clients: []
Queue 0:[(71, 15, 2), (81, 17, 6), (14, 19, 7)]
Queue 1:[(86, 15, 3), (22, 18, 7), (20, 19, 6)]
Queue 2:[(57, 16, 5), (25, 18, 6), (21, 19, 7)]
Queue 3:[(61, 16, 3), (49, 18, 5), (31, 19, 7)]
Queue 4:[(62, 16, 1), (9, 17, 6), (69, 18, 6), (45, 19, 5)]
Queue 5:[(60, 17, 6), (73, 18, 6), (54, 19, 5)]
Queue 6:[(70, 16, 1), (74, 18, 7), (59, 19, 7)]
Queue 7:[(84, 16, 4), (78, 18, 5), (65, 19, 7)]
Queue 8:[(89, 16, 4), (88, 18, 7), (82, 19, 6)]
Queue 9:[(66, 17, 4), (99, 18, 5), (97, 19, 5)]

Clock: 55
Waiting clients: []
Queue 0:[(71, 15, 1), (81, 17, 6), (14, 19, 7)]
Queue 1:[(86, 15, 2), (22, 18, 7), (20, 19, 6)]
Queue 2:[(57, 16, 4), (25, 18, 6), (21, 19, 7)]
Queue 3:[(61, 16, 2), (49, 18, 5), (31, 19, 7)]
Queue 4:[(9, 17, 6), (69, 18, 6), (45, 19, 5)]
Queue 5:[(60, 17, 5), (73, 18, 6), (54, 19, 5)]
Queue 6:[(74, 18, 7), (59, 19, 7)]
Queue 7:[(84, 16, 3), (78, 18, 5), (65, 19, 7)]
Queue 8:[(89, 16, 3), (88, 18, 7), (82, 19, 6)]
Queue 9:[(66, 17, 3), (99, 18, 5), (97, 19, 5)]

Clock: 56
Waiting clients: []
Queue 0:[(81, 17, 6), (14, 19, 7)]
Queue 1:[(86, 15, 1), (22, 18, 7), (20, 19, 6)]
Queue 2:[(57, 16, 3), (25, 18, 6), (21, 19, 7)]
Queue 3:[(61, 16, 1), (49, 18, 5), (31, 19, 7)]
Queue 4:[(9, 17, 5), (69, 18, 6), (45, 19, 5)]
Queue 5:[(60, 17, 4), (73, 18, 6), (54, 19, 5)]
Queue 6:[(74, 18, 6), (59, 19, 7)]
Queue 7:[(84, 16, 2), (78, 18, 5), (65, 19, 7)]
Queue 8:[(89, 16, 2), (88, 18, 7), (82, 19, 6)]
Queue 9:[(66, 17, 2), (99, 18, 5), (97, 19, 5)]

Clock: 57
Waiting clients: []
Queue 0:[(81, 17, 5), (14, 19, 7)]
Queue 1:[(22, 18, 7), (20, 19, 6)]
Queue 2:[(57, 16, 2), (25, 18, 6), (21, 19, 7)]
Queue 3:[(49, 18, 5), (31, 19, 7)]
Queue 4:[(9, 17, 4), (69, 18, 6), (45, 19, 5)]
Queue 5:[(60, 17, 3), (73, 18, 6), (54, 19, 5)]
Queue 6:[(74, 18, 5), (59, 19, 7)]
Queue 7:[(84, 16, 1), (78, 18, 5), (65, 19, 7)]
Queue 8:[(89, 16, 1), (88, 18, 7), (82, 19, 6)]
Queue 9:[(66, 17, 1), (99, 18, 5), (97, 19, 5)]

Clock: 58
Waiting clients: []
Queue 0:[(81, 17, 4), (14, 19, 7)]
Queue 1:[(22, 18, 6), (20, 19, 6)]
Queue 2:[(57, 16, 1), (25, 18, 6), (21, 19, 7)]
Queue 3:[(49, 18, 4), (31, 19, 7)]
Queue 4:[(9, 17, 3), (69, 18, 6), (45, 19, 5)]
Queue 5:[(60, 17, 2), (73, 18, 6), (54, 19, 5)]
Queue 6:[(74, 18, 4), (59, 19, 7)]
Queue 7:[(78, 18, 5), (65, 19, 7)]
Queue 8:[(88, 18, 7), (82, 19, 6)]
Queue 9:[(99, 18, 5), (97, 19, 5)]

Clock: 59
Waiting clients: []
Queue 0:[(81, 17, 3), (14, 19, 7)]
Queue 1:[(22, 18, 5), (20, 19, 6)]
Queue 2:[(25, 18, 6), (21, 19, 7)]
Queue 3:[(49, 18, 3), (31, 19, 7)]
Queue 4:[(9, 17, 2), (69, 18, 6), (45, 19, 5)]
Queue 5:[(60, 17, 1), (73, 18, 6), (54, 19, 5)]
Queue 6:[(74, 18, 3), (59, 19, 7)]
Queue 7:[(78, 18, 4), (65, 19, 7)]
Queue 8:[(88, 18, 6), (82, 19, 6)]
Queue 9:[(99, 18, 4), (97, 19, 5)]

Clock: 60
Waiting clients: []
Queue 0:[(81, 17, 2), (14, 19, 7)]
Queue 1:[(22, 18, 4), (20, 19, 6)]
Queue 2:[(25, 18, 5), (21, 19, 7)]
Queue 3:[(49, 18, 2), (31, 19, 7)]
Queue 4:[(9, 17, 1), (69, 18, 6), (45, 19, 5)]
Queue 5:[(73, 18, 6), (54, 19, 5)]
Queue 6:[(74, 18, 2), (59, 19, 7)]
Queue 7:[(78, 18, 3), (65, 19, 7)]
Queue 8:[(88, 18, 5), (82, 19, 6)]
Queue 9:[(99, 18, 3), (97, 19, 5)]

Average waiting time: 14.15
AverageServiceTime: 6.01
Peak hour: 19

