Clock: 0
Waiting clients: [(1, 4, 2), (2, 1, 3), (3, 2, 5), (4, 2, 2), (5, 2, 5), (6, 1, 4), (7, 2, 2), (8, 2, 5), (9, 4, 3), (10, 4, 2)]
Queue 0:empty
Queue 1:empty
Queue 2:empty

Clock: 1
Waiting clients: [(1, 4, 2), (3, 2, 5), (4, 2, 2), (5, 2, 5), (7, 2, 2), (8, 2, 5), (9, 4, 3), (10, 4, 2)]
Queue 0:[(2, 1, 3)]
Queue 1:[(6, 1, 4)]
Queue 2:empty

Clock: 2
Waiting clients: [(1, 4, 2), (9, 4, 3), (10, 4, 2)]
Queue 0:[(2, 1, 2), (4, 2, 2), (8, 2, 5)]
Queue 1:[(6, 1, 3), (5, 2, 5)]
Queue 2:[(3, 2, 5), (7, 2, 2)]

Clock: 3
Waiting clients: [(1, 4, 2), (9, 4, 3), (10, 4, 2)]
Queue 0:[(2, 1, 1), (4, 2, 2), (8, 2, 5)]
Queue 1:[(6, 1, 2), (5, 2, 5)]
Queue 2:[(3, 2, 4), (7, 2, 2)]

Clock: 4
Waiting clients: []
Queue 0:[(4, 2, 2), (8, 2, 5), (1, 4, 2)]
Queue 1:[(6, 1, 1), (5, 2, 5), (9, 4, 3)]
Queue 2:[(3, 2, 3), (7, 2, 2), (10, 4, 2)]

Clock: 5
Waiting clients: []
Queue 0:[(4, 2, 1), (8, 2, 5), (1, 4, 2)]
Queue 1:[(5, 2, 5), (9, 4, 3)]
Queue 2:[(3, 2, 2), (7, 2, 2), (10, 4, 2)]

Clock: 6
Waiting clients: []
Queue 0:[(8, 2, 5), (1, 4, 2)]
Queue 1:[(5, 2, 4), (9, 4, 3)]
Queue 2:[(3, 2, 1), (7, 2, 2), (10, 4, 2)]

Clock: 7
Waiting clients: []
Queue 0:[(8, 2, 4), (1, 4, 2)]
Queue 1:[(5, 2, 3), (9, 4, 3)]
Queue 2:[(7, 2, 2), (10, 4, 2)]

Clock: 8
Waiting clients: []
Queue 0:[(8, 2, 3), (1, 4, 2)]
Queue 1:[(5, 2, 2), (9, 4, 3)]
Queue 2:[(7, 2, 1), (10, 4, 2)]

Clock: 9
Waiting clients: []
Queue 0:[(8, 2, 2), (1, 4, 2)]
Queue 1:[(5, 2, 1), (9, 4, 3)]
Queue 2:[(10, 4, 2)]

Clock: 10
Waiting clients: []
Queue 0:[(8, 2, 1), (1, 4, 2)]
Queue 1:[(9, 4, 3)]
Queue 2:[(10, 4, 1)]

Clock: 11
Waiting clients: []
Queue 0:[(1, 4, 2)]
Queue 1:[(9, 4, 2)]
Queue 2:empty

Clock: 12
Waiting clients: []
Queue 0:[(1, 4, 1)]
Queue 1:[(9, 4, 1)]
Queue 2:empty

Clock: 13
Waiting clients: []
Queue 0:empty
Queue 1:empty
Queue 2:empty

Average waiting time: 2.40
AverageServiceTime: 3.30
Peak hour: 4

