Clock: 0
Waiting clients: [(1, 3, 3), (2, 3, 3), (3, 3, 3), (4, 3, 3), (5, 3, 3), (6, 3, 3), (7, 3, 3), (8, 3, 3), (9, 3, 3), (10, 3, 3)]
Queue 0:empty
Queue 1:empty

Clock: 1
Waiting clients: [(1, 3, 3), (2, 3, 3), (3, 3, 3), (4, 3, 3), (5, 3, 3), (6, 3, 3), (7, 3, 3), (8, 3, 3), (9, 3, 3), (10, 3, 3)]
Queue 0:empty
Queue 1:empty

Clock: 2
Waiting clients: [(1, 3, 3), (2, 3, 3), (3, 3, 3), (4, 3, 3), (5, 3, 3), (6, 3, 3), (7, 3, 3), (8, 3, 3), (9, 3, 3), (10, 3, 3)]
Queue 0:empty
Queue 1:empty

Clock: 3
Waiting clients: []
Queue 0:[(1, 3, 3), (3, 3, 3), (5, 3, 3), (7, 3, 3), (9, 3, 3)]
Queue 1:[(2, 3, 3), (4, 3, 3), (6, 3, 3), (8, 3, 3), (10, 3, 3)]

Clock: 4
Waiting clients: []
Queue 0:[(1, 3, 2), (3, 3, 3), (5, 3, 3), (7, 3, 3), (9, 3, 3)]
Queue 1:[(2, 3, 2), (4, 3, 3), (6, 3, 3), (8, 3, 3), (10, 3, 3)]

Clock: 5
Waiting clients: []
Queue 0:[(1, 3, 1), (3, 3, 3), (5, 3, 3), (7, 3, 3), (9, 3, 3)]
Queue 1:[(2, 3, 1), (4, 3, 3), (6, 3, 3), (8, 3, 3), (10, 3, 3)]

Clock: 6
Waiting clients: []
Queue 0:[(3, 3, 3), (5, 3, 3), (7, 3, 3), (9, 3, 3)]
Queue 1:[(4, 3, 3), (6, 3, 3), (8, 3, 3), (10, 3, 3)]

Clock: 7
Waiting clients: []
Queue 0:[(3, 3, 2), (5, 3, 3), (7, 3, 3), (9, 3, 3)]
Queue 1:[(4, 3, 2), (6, 3, 3), (8, 3, 3), (10, 3, 3)]

Clock: 8
Waiting clients: []
Queue 0:[(3, 3, 1), (5, 3, 3), (7, 3, 3), (9, 3, 3)]
Queue 1:[(4, 3, 1), (6, 3, 3), (8, 3, 3), (10, 3, 3)]

Clock: 9
Waiting clients: []
Queue 0:[(5, 3, 3), (7, 3, 3), (9, 3, 3)]
Queue 1:[(6, 3, 3), (8, 3, 3), (10, 3, 3)]

Clock: 10
Waiting clients: []
Queue 0:[(5, 3, 2), (7, 3, 3), (9, 3, 3)]
Queue 1:[(6, 3, 2), (8, 3, 3), (10, 3, 3)]

Average waiting time: 3.00
AverageServiceTime: 3.00
Peak hour: 3

