Clock: 0
Waiting clients: [(1, 3, 26), (2, 5, 32), (3, 2, 11), (4, 4, 24), (5, 1, 32), (6, 5, 8), (7, 6, 23), (8, 4, 2), (9, 2, 23), (10, 4, 4), (11, 1, 5), (12, 2, 20), (13, 4, 22), (14, 2, 2), (15, 1, 8), (16, 3, 13), (17, 2, 30), (18, 3, 37), (19, 2, 24), (20, 5, 11), (21, 2, 34), (22, 4, 25), (23, 6, 5), (24, 2, 31), (25, 1, 16), (26, 3, 29), (27, 2, 24), (28, 3, 23), (29, 4, 16), (30, 2, 13), (31, 3, 24), (32, 3, 10), (33, 2, 18), (34, 5, 36), (35, 3, 4), (36, 1, 36), (37, 4, 26), (38, 4, 2), (39, 1, 38), (40, 3, 25), (41, 5, 25), (42, 1, 39), (43, 4, 16), (44, 6, 7), (45, 3, 15), (46, 6, 39), (47, 4, 14), (48, 4, 15), (49, 6, 39), (50, 2, 33)]
Queue 0:empty
Queue 1:empty
Queue 2:empty
Queue 3:empty
Queue 4:empty

Clock: 1
Waiting clients: [(1, 3, 26), (2, 5, 32), (3, 2, 11), (4, 4, 24), (6, 5, 8), (7, 6, 23), (8, 4, 2), (9, 2, 23), (10, 4, 4), (12, 2, 20), (13, 4, 22), (14, 2, 2), (16, 3, 13), (17, 2, 30), (18, 3, 37), (19, 2, 24), (20, 5, 11), (21, 2, 34), (22, 4, 25), (23, 6, 5), (24, 2, 31), (26, 3, 29), (27, 2, 24), (28, 3, 23), (29, 4, 16), (30, 2, 13), (31, 3, 24), (32, 3, 10), (33, 2, 18), (34, 5, 36), (35, 3, 4), (37, 4, 26), (38, 4, 2), (40, 3, 25), (41, 5, 25), (43, 4, 16), (44, 6, 7), (45, 3, 15), (46, 6, 39), (47, 4, 14), (48, 4, 15), (49, 6, 39), (50, 2, 33)]
Queue 0:[(5, 1, 32), (39, 1, 38)]
Queue 1:[(11, 1, 5), (42, 1, 39)]
Queue 2:[(15, 1, 8)]
Queue 3:[(25, 1, 16)]
Queue 4:[(36, 1, 36)]

Clock: 2
Waiting clients: [(1, 3, 26), (2, 5, 32), (4, 4, 24), (6, 5, 8), (7, 6, 23), (8, 4, 2), (10, 4, 4), (13, 4, 22), (16, 3, 13), (18, 3, 37), (20, 5, 11), (22, 4, 25), (23, 6, 5), (26, 3, 29), (28, 3, 23), (29, 4, 16), (31, 3, 24), (32, 3, 10), (34, 5, 36), (35, 3, 4), (37, 4, 26), (38, 4, 2), (40, 3, 25), (41, 5, 25), (43, 4, 16), (44, 6, 7), (45, 3, 15), (46, 6, 39), (47, 4, 14), (48, 4, 15), (49, 6, 39)]
Queue 0:[(5, 1, 31), (39, 1, 38), (14, 2, 2), (27, 2, 24)]
Queue 1:[(11, 1, 4), (42, 1, 39), (17, 2, 30), (30, 2, 13)]
Queue 2:[(15, 1, 7), (3, 2, 11), (19, 2, 24), (33, 2, 18)]
Queue 3:[(25, 1, 15), (9, 2, 23), (21, 2, 34), (50, 2, 33)]
Queue 4:[(36, 1, 35), (12, 2, 20), (24, 2, 31)]

Clock: 3
Waiting clients: [(2, 5, 32), (4, 4, 24), (6, 5, 8), (7, 6, 23), (8, 4, 2), (10, 4, 4), (13, 4, 22), (20, 5, 11), (22, 4, 25), (23, 6, 5), (29, 4, 16), (34, 5, 36), (37, 4, 26), (38, 4, 2), (41, 5, 25), (43, 4, 16), (44, 6, 7), (46, 6, 39), (47, 4, 14), (48, 4, 15), (49, 6, 39)]
Queue 0:[(5, 1, 30), (39, 1, 38), (14, 2, 2), (27, 2, 24), (16, 3, 13), (32, 3, 10)]
Queue 1:[(11, 1, 3), (42, 1, 39), (17, 2, 30), (30, 2, 13), (18, 3, 37), (35, 3, 4)]
Queue 2:[(15, 1, 6), (3, 2, 11), (19, 2, 24), (33, 2, 18), (26, 3, 29), (40, 3, 25)]
Queue 3:[(25, 1, 14), (9, 2, 23), (21, 2, 34), (50, 2, 33), (28, 3, 23), (45, 3, 15)]
Queue 4:[(36, 1, 34), (12, 2, 20), (24, 2, 31), (1, 3, 26), (31, 3, 24)]

Clock: 4
Waiting clients: [(2, 5, 32), (6, 5, 8), (7, 6, 23), (20, 5, 11), (23, 6, 5), (34, 5, 36), (41, 5, 25), (44, 6, 7), (46, 6, 39), (49, 6, 39)]
Queue 0:[(5, 1, 29), (39, 1, 38), (14, 2, 2), (27, 2, 24), (16, 3, 13), (32, 3, 10), (8, 4, 2), (37, 4, 26)]
Queue 1:[(11, 1, 2), (42, 1, 39), (17, 2, 30), (30, 2, 13), (18, 3, 37), (35, 3, 4), (10, 4, 4), (38, 4, 2)]
Queue 2:[(15, 1, 5), (3, 2, 11), (19, 2, 24), (33, 2, 18), (26, 3, 29), (40, 3, 25), (13, 4, 22), (43, 4, 16)]
Queue 3:[(25, 1, 13), (9, 2, 23), (21, 2, 34), (50, 2, 33), (28, 3, 23), (45, 3, 15), (22, 4, 25), (47, 4, 14)]
Queue 4:[(36, 1, 33), (12, 2, 20), (24, 2, 31), (1, 3, 26), (31, 3, 24), (4, 4, 24), (29, 4, 16), (48, 4, 15)]

Clock: 5
Waiting clients: [(7, 6, 23), (23, 6, 5), (44, 6, 7), (46, 6, 39), (49, 6, 39)]
Queue 0:[(5, 1, 28), (39, 1, 38), (14, 2, 2), (27, 2, 24), (16, 3, 13), (32, 3, 10), (8, 4, 2), (37, 4, 26), (2, 5, 32)]
Queue 1:[(11, 1, 1), (42, 1, 39), (17, 2, 30), (30, 2, 13), (18, 3, 37), (35, 3, 4), (10, 4, 4), (38, 4, 2), (6, 5, 8)]
Queue 2:[(15, 1, 4), (3, 2, 11), (19, 2, 24), (33, 2, 18), (26, 3, 29), (40, 3, 25), (13, 4, 22), (43, 4, 16), (20, 5, 11)]
Queue 3:[(25, 1, 12), (9, 2, 23), (21, 2, 34), (50, 2, 33), (28, 3, 23), (45, 3, 15), (22, 4, 25), (47, 4, 14), (34, 5, 36)]
Queue 4:[(36, 1, 32), (12, 2, 20), (24, 2, 31), (1, 3, 26), (31, 3, 24), (4, 4, 24), (29, 4, 16), (48, 4, 15), (41, 5, 25)]

Clock: 6
Waiting clients: []
Queue 0:[(5, 1, 27), (39, 1, 38), (14, 2, 2), (27, 2, 24), (16, 3, 13), (32, 3, 10), (8, 4, 2), (37, 4, 26), (2, 5, 32), (7, 6, 23)]
Queue 1:[(42, 1, 39), (17, 2, 30), (30, 2, 13), (18, 3, 37), (35, 3, 4), (10, 4, 4), (38, 4, 2), (6, 5, 8), (23, 6, 5)]
Queue 2:[(15, 1, 3), (3, 2, 11), (19, 2, 24), (33, 2, 18), (26, 3, 29), (40, 3, 25), (13, 4, 22), (43, 4, 16), (20, 5, 11), (44, 6, 7)]
Queue 3:[(25, 1, 11), (9, 2, 23), (21, 2, 34), (50, 2, 33), (28, 3, 23), (45, 3, 15), (22, 4, 25), (47, 4, 14), (34, 5, 36), (46, 6, 39)]
Queue 4:[(36, 1, 31), (12, 2, 20), (24, 2, 31), (1, 3, 26), (31, 3, 24), (4, 4, 24), (29, 4, 16), (48, 4, 15), (41, 5, 25), (49, 6, 39)]

Clock: 7
Waiting clients: []
Queue 0:[(5, 1, 26), (39, 1, 38), (14, 2, 2), (27, 2, 24), (16, 3, 13), (32, 3, 10), (8, 4, 2), (37, 4, 26), (2, 5, 32), (7, 6, 23)]
Queue 1:[(42, 1, 38), (17, 2, 30), (30, 2, 13), (18, 3, 37), (35, 3, 4), (10, 4, 4), (38, 4, 2), (6, 5, 8), (23, 6, 5)]
Queue 2:[(15, 1, 2), (3, 2, 11), (19, 2, 24), (33, 2, 18), (26, 3, 29), (40, 3, 25), (13, 4, 22), (43, 4, 16), (20, 5, 11), (44, 6, 7)]
Queue 3:[(25, 1, 10), (9, 2, 23), (21, 2, 34), (50, 2, 33), (28, 3, 23), (45, 3, 15), (22, 4, 25), (47, 4, 14), (34, 5, 36), (46, 6, 39)]
Queue 4:[(36, 1, 30), (12, 2, 20), (24, 2, 31), (1, 3, 26), (31, 3, 24), (4, 4, 24), (29, 4, 16), (48, 4, 15), (41, 5, 25), (49, 6, 39)]

Clock: 8
Waiting clients: []
Queue 0:[(5, 1, 25), (39, 1, 38), (14, 2, 2), (27, 2, 24), (16, 3, 13), (32, 3, 10), (8, 4, 2), (37, 4, 26), (2, 5, 32), (7, 6, 23)]
Queue 1:[(42, 1, 37), (17, 2, 30), (30, 2, 13), (18, 3, 37), (35, 3, 4), (10, 4, 4), (38, 4, 2), (6, 5, 8), (23, 6, 5)]
Queue 2:[(15, 1, 1), (3, 2, 11), (19, 2, 24), (33, 2, 18), (26, 3, 29), (40, 3, 25), (13, 4, 22), (43, 4, 16), (20, 5, 11), (44, 6, 7)]
Queue 3:[(25, 1, 9), (9, 2, 23), (21, 2, 34), (50, 2, 33), (28, 3, 23), (45, 3, 15), (22, 4, 25), (47, 4, 14), (34, 5, 36), (46, 6, 39)]
Queue 4:[(36, 1, 29), (12, 2, 20), (24, 2, 31), (1, 3, 26), (31, 3, 24), (4, 4, 24), (29, 4, 16), (48, 4, 15), (41, 5, 25), (49, 6, 39)]

Clock: 9
Waiting clients: []
Queue 0:[(5, 1, 24), (39, 1, 38), (14, 2, 2), (27, 2, 24), (16, 3, 13), (32, 3, 10), (8, 4, 2), (37, 4, 26), (2, 5, 32), (7, 6, 23)]
Queue 1:[(42, 1, 36), (17, 2, 30), (30, 2, 13), (18, 3, 37), (35, 3, 4), (10, 4, 4), (38, 4, 2), (6, 5, 8), (23, 6, 5)]
Queue 2:[(3, 2, 11), (19, 2, 24), (33, 2, 18), (26, 3, 29), (40, 3, 25), (13, 4, 22), (43, 4, 16), (20, 5, 11), (44, 6, 7)]
Queue 3:[(25, 1, 8), (9, 2, 23), (21, 2, 34), (50, 2, 33), (28, 3, 23), (45, 3, 15), (22, 4, 25), (47, 4, 14), (34, 5, 36), (46, 6, 39)]
Queue 4:[(36, 1, 28), (12, 2, 20), (24, 2, 31), (1, 3, 26), (31, 3, 24), (4, 4, 24), (29, 4, 16), (48, 4, 15), (41, 5, 25), (49, 6, 39)]

Clock: 10
Waiting clients: []
Queue 0:[(5, 1, 23), (39, 1, 38), (14, 2, 2), (27, 2, 24), (16, 3, 13), (32, 3, 10), (8, 4, 2), (37, 4, 26), (2, 5, 32), (7, 6, 23)]
Queue 1:[(42, 1, 35), (17, 2, 30), (30, 2, 13), (18, 3, 37), (35, 3, 4), (10, 4, 4), (38, 4, 2), (6, 5, 8), (23, 6, 5)]
Queue 2:[(3, 2, 10), (19, 2, 24), (33, 2, 18), (26, 3, 29), (40, 3, 25), (13, 4, 22), (43, 4, 16), (20, 5, 11), (44, 6, 7)]
Queue 3:[(25, 1, 7), (9, 2, 23), (21, 2, 34), (50, 2, 33), (28, 3, 23), (45, 3, 15), (22, 4, 25), (47, 4, 14), (34, 5, 36), (46, 6, 39)]
Queue 4:[(36, 1, 27), (12, 2, 20), (24, 2, 31), (1, 3, 26), (31, 3, 24), (4, 4, 24), (29, 4, 16), (48, 4, 15), (41, 5, 25), (49, 6, 39)]

Clock: 11
Waiting clients: []
Queue 0:[(5, 1, 22), (39, 1, 38), (14, 2, 2), (27, 2, 24), (16, 3, 13), (32, 3, 10), (8, 4, 2), (37, 4, 26), (2, 5, 32), (7, 6, 23)]
Queue 1:[(42, 1, 34), (17, 2, 30), (30, 2, 13), (18, 3, 37), (35, 3, 4), (10, 4, 4), (38, 4, 2), (6, 5, 8), (23, 6, 5)]
Queue 2:[(3, 2, 9), (19, 2, 24), (33, 2, 18), (26, 3, 29), (40, 3, 25), (13, 4, 22), (43, 4, 16), (20, 5, 11), (44, 6, 7)]
Queue 3:[(25, 1, 6), (9, 2, 23), (21, 2, 34), (50, 2, 33), (28, 3, 23), (45, 3, 15), (22, 4, 25), (47, 4, 14), (34, 5, 36), (46, 6, 39)]
Queue 4:[(36, 1, 26), (12, 2, 20), (24, 2, 31), (1, 3, 26), (31, 3, 24), (4, 4, 24), (29, 4, 16), (48, 4, 15), (41, 5, 25), (49, 6, 39)]

Clock: 12
Waiting clients: []
Queue 0:[(5, 1, 21), (39, 1, 38), (14, 2, 2), (27, 2, 24), (16, 3, 13), (32, 3, 10), (8, 4, 2), (37, 4, 26), (2, 5, 32), (7, 6, 23)]
Queue 1:[(42, 1, 33), (17, 2, 30), (30, 2, 13), (18, 3, 37), (35, 3, 4), (10, 4, 4), (38, 4, 2), (6, 5, 8), (23, 6, 5)]
Queue 2:[(3, 2, 8), (19, 2, 24), (33, 2, 18), (26, 3, 29), (40, 3, 25), (13, 4, 22), (43, 4, 16), (20, 5, 11), (44, 6, 7)]
Queue 3:[(25, 1, 5), (9, 2, 23), (21, 2, 34), (50, 2, 33), (28, 3, 23), (45, 3, 15), (22, 4, 25), (47, 4, 14), (34, 5, 36), (46, 6, 39)]
Queue 4:[(36, 1, 25), (12, 2, 20), (24, 2, 31), (1, 3, 26), (31, 3, 24), (4, 4, 24), (29, 4, 16), (48, 4, 15), (41, 5, 25), (49, 6, 39)]

Clock: 13
Waiting clients: []
Queue 0:[(5, 1, 20), (39, 1, 38), (14, 2, 2), (27, 2, 24), (16, 3, 13), (32, 3, 10), (8, 4, 2), (37, 4, 26), (2, 5, 32), (7, 6, 23)]
Queue 1:[(42, 1, 32), (17, 2, 30), (30, 2, 13), (18, 3, 37), (35, 3, 4), (10, 4, 4), (38, 4, 2), (6, 5, 8), (23, 6, 5)]
Queue 2:[(3, 2, 7), (19, 2, 24), (33, 2, 18), (26, 3, 29), (40, 3, 25), (13, 4, 22), (43, 4, 16), (20, 5, 11), (44, 6, 7)]
Queue 3:[(25, 1, 4), (9, 2, 23), (21, 2, 34), (50, 2, 33), (28, 3, 23), (45, 3, 15), (22, 4, 25), (47, 4, 14), (34, 5, 36), (46, 6, 39)]
Queue 4:[(36, 1, 24), (12, 2, 20), (24, 2, 31), (1, 3, 26), (31, 3, 24), (4, 4, 24), (29, 4, 16), (48, 4, 15), (41, 5, 25), (49, 6, 39)]

Clock: 14
Waiting clients: []
Queue 0:[(5, 1, 19), (39, 1, 38), (14, 2, 2), (27, 2, 24), (16, 3, 13), (32, 3, 10), (8, 4, 2), (37, 4, 26), (2, 5, 32), (7, 6, 23)]
Queue 1:[(42, 1, 31), (17, 2, 30), (30, 2, 13), (18, 3, 37), (35, 3, 4), (10, 4, 4), (38, 4, 2), (6, 5, 8), (23, 6, 5)]
Queue 2:[(3, 2, 6), (19, 2, 24), (33, 2, 18), (26, 3, 29), (40, 3, 25), (13, 4, 22), (43, 4, 16), (20, 5, 11), (44, 6, 7)]
Queue 3:[(25, 1, 3), (9, 2, 23), (21, 2, 34), (50, 2, 33), (28, 3, 23), (45, 3, 15), (22, 4, 25), (47, 4, 14), (34, 5, 36), (46, 6, 39)]
Queue 4:[(36, 1, 23), (12, 2, 20), (24, 2, 31), (1, 3, 26), (31, 3, 24), (4, 4, 24), (29, 4, 16), (48, 4, 15), (41, 5, 25), (49, 6, 39)]

Clock: 15
Waiting clients: []
Queue 0:[(5, 1, 18), (39, 1, 38), (14, 2, 2), (27, 2, 24), (16, 3, 13), (32, 3, 10), (8, 4, 2), (37, 4, 26), (2, 5, 32), (7, 6, 23)]
Queue 1:[(42, 1, 30), (17, 2, 30), (30, 2, 13), (18, 3, 37), (35, 3, 4), (10, 4, 4), (38, 4, 2), (6, 5, 8), (23, 6, 5)]
Queue 2:[(3, 2, 5), (19, 2, 24), (33, 2, 18), (26, 3, 29), (40, 3, 25), (13, 4, 22), (43, 4, 16), (20, 5, 11), (44, 6, 7)]
Queue 3:[(25, 1, 2), (9, 2, 23), (21, 2, 34), (50, 2, 33), (28, 3, 23), (45, 3, 15), (22, 4, 25), (47, 4, 14), (34, 5, 36), (46, 6, 39)]
Queue 4:[(36, 1, 22), (12, 2, 20), (24, 2, 31), (1, 3, 26), (31, 3, 24), (4, 4, 24), (29, 4, 16), (48, 4, 15), (41, 5, 25), (49, 6, 39)]

Clock: 16
Waiting clients: []
Queue 0:[(5, 1, 17), (39, 1, 38), (14, 2, 2), (27, 2, 24), (16, 3, 13), (32, 3, 10), (8, 4, 2), (37, 4, 26), (2, 5, 32), (7, 6, 23)]
Queue 1:[(42, 1, 29), (17, 2, 30), (30, 2, 13), (18, 3, 37), (35, 3, 4), (10, 4, 4), (38, 4, 2), (6, 5, 8), (23, 6, 5)]
Queue 2:[(3, 2, 4), (19, 2, 24), (33, 2, 18), (26, 3, 29), (40, 3, 25), (13, 4, 22), (43, 4, 16), (20, 5, 11), (44, 6, 7)]
Queue 3:[(25, 1, 1), (9, 2, 23), (21, 2, 34), (50, 2, 33), (28, 3, 23), (45, 3, 15), (22, 4, 25), (47, 4, 14), (34, 5, 36), (46, 6, 39)]
Queue 4:[(36, 1, 21), (12, 2, 20), (24, 2, 31), (1, 3, 26), (31, 3, 24), (4, 4, 24), (29, 4, 16), (48, 4, 15), (41, 5, 25), (49, 6, 39)]

Clock: 17
Waiting clients: []
Queue 0:[(5, 1, 16), (39, 1, 38), (14, 2, 2), (27, 2, 24), (16, 3, 13), (32, 3, 10), (8, 4, 2), (37, 4, 26), (2, 5, 32), (7, 6, 23)]
Queue 1:[(42, 1, 28), (17, 2, 30), (30, 2, 13), (18, 3, 37), (35, 3, 4), (10, 4, 4), (38, 4, 2), (6, 5, 8), (23, 6, 5)]
Queue 2:[(3, 2, 3), (19, 2, 24), (33, 2, 18), (26, 3, 29), (40, 3, 25), (13, 4, 22), (43, 4, 16), (20, 5, 11), (44, 6, 7)]
Queue 3:[(9, 2, 23), (21, 2, 34), (50, 2, 33), (28, 3, 23), (45, 3, 15), (22, 4, 25), (47, 4, 14), (34, 5, 36), (46, 6, 39)]
Queue 4:[(36, 1, 20), (12, 2, 20), (24, 2, 31), (1, 3, 26), (31, 3, 24), (4, 4, 24), (29, 4, 16), (48, 4, 15), (41, 5, 25), (49, 6, 39)]

Clock: 18
Waiting clients: []
Queue 0:[(5, 1, 15), (39, 1, 38), (14, 2, 2), (27, 2, 24), (16, 3, 13), (32, 3, 10), (8, 4, 2), (37, 4, 26), (2, 5, 32), (7, 6, 23)]
Queue 1:[(42, 1, 27), (17, 2, 30), (30, 2, 13), (18, 3, 37), (35, 3, 4), (10, 4, 4), (38, 4, 2), (6, 5, 8), (23, 6, 5)]
Queue 2:[(3, 2, 2), (19, 2, 24), (33, 2, 18), (26, 3, 29), (40, 3, 25), (13, 4, 22), (43, 4, 16), (20, 5, 11), (44, 6, 7)]
Queue 3:[(9, 2, 22), (21, 2, 34), (50, 2, 33), (28, 3, 23), (45, 3, 15), (22, 4, 25), (47, 4, 14), (34, 5, 36), (46, 6, 39)]
Queue 4:[(36, 1, 19), (12, 2, 20), (24, 2, 31), (1, 3, 26), (31, 3, 24), (4, 4, 24), (29, 4, 16), (48, 4, 15), (41, 5, 25), (49, 6, 39)]

Clock: 19
Waiting clients: []
Queue 0:[(5, 1, 14), (39, 1, 38), (14, 2, 2), (27, 2, 24), (16, 3, 13), (32, 3, 10), (8, 4, 2), (37, 4, 26), (2, 5, 32), (7, 6, 23)]
Queue 1:[(42, 1, 26), (17, 2, 30), (30, 2, 13), (18, 3, 37), (35, 3, 4), (10, 4, 4), (38, 4, 2), (6, 5, 8), (23, 6, 5)]
Queue 2:[(3, 2, 1), (19, 2, 24), (33, 2, 18), (26, 3, 29), (40, 3, 25), (13, 4, 22), (43, 4, 16), (20, 5, 11), (44, 6, 7)]
Queue 3:[(9, 2, 21), (21, 2, 34), (50, 2, 33), (28, 3, 23), (45, 3, 15), (22, 4, 25), (47, 4, 14), (34, 5, 36), (46, 6, 39)]
Queue 4:[(36, 1, 18), (12, 2, 20), (24, 2, 31), (1, 3, 26), (31, 3, 24), (4, 4, 24), (29, 4, 16), (48, 4, 15), (41, 5, 25), (49, 6, 39)]

Clock: 20
Waiting clients: []
Queue 0:[(5, 1, 13), (39, 1, 38), (14, 2, 2), (27, 2, 24), (16, 3, 13), (32, 3, 10), (8, 4, 2), (37, 4, 26), (2, 5, 32), (7, 6, 23)]
Queue 1:[(42, 1, 25), (17, 2, 30), (30, 2, 13), (18, 3, 37), (35, 3, 4), (10, 4, 4), (38, 4, 2), (6, 5, 8), (23, 6, 5)]
Queue 2:[(19, 2, 24), (33, 2, 18), (26, 3, 29), (40, 3, 25), (13, 4, 22), (43, 4, 16), (20, 5, 11), (44, 6, 7)]
Queue 3:[(9, 2, 20), (21, 2, 34), (50, 2, 33), (28, 3, 23), (45, 3, 15), (22, 4, 25), (47, 4, 14), (34, 5, 36), (46, 6, 39)]
Queue 4:[(36, 1, 17), (12, 2, 20), (24, 2, 31), (1, 3, 26), (31, 3, 24), (4, 4, 24), (29, 4, 16), (48, 4, 15), (41, 5, 25), (49, 6, 39)]

Clock: 21
Waiting clients: []
Queue 0:[(5, 1, 12), (39, 1, 38), (14, 2, 2), (27, 2, 24), (16, 3, 13), (32, 3, 10), (8, 4, 2), (37, 4, 26), (2, 5, 32), (7, 6, 23)]
Queue 1:[(42, 1, 24), (17, 2, 30), (30, 2, 13), (18, 3, 37), (35, 3, 4), (10, 4, 4), (38, 4, 2), (6, 5, 8), (23, 6, 5)]
Queue 2:[(19, 2, 23), (33, 2, 18), (26, 3, 29), (40, 3, 25), (13, 4, 22), (43, 4, 16), (20, 5, 11), (44, 6, 7)]
Queue 3:[(9, 2, 19), (21, 2, 34), (50, 2, 33), (28, 3, 23), (45, 3, 15), (22, 4, 25), (47, 4, 14), (34, 5, 36), (46, 6, 39)]
Queue 4:[(36, 1, 16), (12, 2, 20), (24, 2, 31), (1, 3, 26), (31, 3, 24), (4, 4, 24), (29, 4, 16), (48, 4, 15), (41, 5, 25), (49, 6, 39)]

Clock: 22
Waiting clients: []
Queue 0:[(5, 1, 11), (39, 1, 38), (14, 2, 2), (27, 2, 24), (16, 3, 13), (32, 3, 10), (8, 4, 2), (37, 4, 26), (2, 5, 32), (7, 6, 23)]
Queue 1:[(42, 1, 23), (17, 2, 30), (30, 2, 13), (18, 3, 37), (35, 3, 4), (10, 4, 4), (38, 4, 2), (6, 5, 8), (23, 6, 5)]
Queue 2:[(19, 2, 22), (33, 2, 18), (26, 3, 29), (40, 3, 25), (13, 4, 22), (43, 4, 16), (20, 5, 11), (44, 6, 7)]
Queue 3:[(9, 2, 18), (21, 2, 34), (50, 2, 33), (28, 3, 23), (45, 3, 15), (22, 4, 25), (47, 4, 14), (34, 5, 36), (46, 6, 39)]
Queue 4:[(36, 1, 15), (12, 2, 20), (24, 2, 31), (1, 3, 26), (31, 3, 24), (4, 4, 24), (29, 4, 16), (48, 4, 15), (41, 5, 25), (49, 6, 39)]

Clock: 23
Waiting clients: []
Queue 0:[(5, 1, 10), (39, 1, 38), (14, 2, 2), (27, 2, 24), (16, 3, 13), (32, 3, 10), (8, 4, 2), (37, 4, 26), (2, 5, 32), (7, 6, 23)]
Queue 1:[(42, 1, 22), (17, 2, 30), (30, 2, 13), (18, 3, 37), (35, 3, 4), (10, 4, 4), (38, 4, 2), (6, 5, 8), (23, 6, 5)]
Queue 2:[(19, 2, 21), (33, 2, 18), (26, 3, 29), (40, 3, 25), (13, 4, 22), (43, 4, 16), (20, 5, 11), (44, 6, 7)]
Queue 3:[(9, 2, 17), (21, 2, 34), (50, 2, 33), (28, 3, 23), (45, 3, 15), (22, 4, 25), (47, 4, 14), (34, 5, 36), (46, 6, 39)]
Queue 4:[(36, 1, 14), (12, 2, 20), (24, 2, 31), (1, 3, 26), (31, 3, 24), (4, 4, 24), (29, 4, 16), (48, 4, 15), (41, 5, 25), (49, 6, 39)]

Clock: 24
Waiting clients: []
Queue 0:[(5, 1, 9), (39, 1, 38), (14, 2, 2), (27, 2, 24), (16, 3, 13), (32, 3, 10), (8, 4, 2), (37, 4, 26), (2, 5, 32), (7, 6, 23)]
Queue 1:[(42, 1, 21), (17, 2, 30), (30, 2, 13), (18, 3, 37), (35, 3, 4), (10, 4, 4), (38, 4, 2), (6, 5, 8), (23, 6, 5)]
Queue 2:[(19, 2, 20), (33, 2, 18), (26, 3, 29), (40, 3, 25), (13, 4, 22), (43, 4, 16), (20, 5, 11), (44, 6, 7)]
Queue 3:[(9, 2, 16), (21, 2, 34), (50, 2, 33), (28, 3, 23), (45, 3, 15), (22, 4, 25), (47, 4, 14), (34, 5, 36), (46, 6, 39)]
Queue 4:[(36, 1, 13), (12, 2, 20), (24, 2, 31), (1, 3, 26), (31, 3, 24), (4, 4, 24), (29, 4, 16), (48, 4, 15), (41, 5, 25), (49, 6, 39)]

Clock: 25
Waiting clients: []
Queue 0:[(5, 1, 8), (39, 1, 38), (14, 2, 2), (27, 2, 24), (16, 3, 13), (32, 3, 10), (8, 4, 2), (37, 4, 26), (2, 5, 32), (7, 6, 23)]
Queue 1:[(42, 1, 20), (17, 2, 30), (30, 2, 13), (18, 3, 37), (35, 3, 4), (10, 4, 4), (38, 4, 2), (6, 5, 8), (23, 6, 5)]
Queue 2:[(19, 2, 19), (33, 2, 18), (26, 3, 29), (40, 3, 25), (13, 4, 22), (43, 4, 16), (20, 5, 11), (44, 6, 7)]
Queue 3:[(9, 2, 15), (21, 2, 34), (50, 2, 33), (28, 3, 23), (45, 3, 15), (22, 4, 25), (47, 4, 14), (34, 5, 36), (46, 6, 39)]
Queue 4:[(36, 1, 12), (12, 2, 20), (24, 2, 31), (1, 3, 26), (31, 3, 24), (4, 4, 24), (29, 4, 16), (48, 4, 15), (41, 5, 25), (49, 6, 39)]

Clock: 26
Waiting clients: []
Queue 0:[(5, 1, 7), (39, 1, 38), (14, 2, 2), (27, 2, 24), (16, 3, 13), (32, 3, 10), (8, 4, 2), (37, 4, 26), (2, 5, 32), (7, 6, 23)]
Queue 1:[(42, 1, 19), (17, 2, 30), (30, 2, 13), (18, 3, 37), (35, 3, 4), (10, 4, 4), (38, 4, 2), (6, 5, 8), (23, 6, 5)]
Queue 2:[(19, 2, 18), (33, 2, 18), (26, 3, 29), (40, 3, 25), (13, 4, 22), (43, 4, 16), (20, 5, 11), (44, 6, 7)]
Queue 3:[(9, 2, 14), (21, 2, 34), (50, 2, 33), (28, 3, 23), (45, 3, 15), (22, 4, 25), (47, 4, 14), (34, 5, 36), (46, 6, 39)]
Queue 4:[(36, 1, 11), (12, 2, 20), (24, 2, 31), (1, 3, 26), (31, 3, 24), (4, 4, 24), (29, 4, 16), (48, 4, 15), (41, 5, 25), (49, 6, 39)]

Clock: 27
Waiting clients: []
Queue 0:[(5, 1, 6), (39, 1, 38), (14, 2, 2), (27, 2, 24), (16, 3, 13), (32, 3, 10), (8, 4, 2), (37, 4, 26), (2, 5, 32), (7, 6, 23)]
Queue 1:[(42, 1, 18), (17, 2, 30), (30, 2, 13), (18, 3, 37), (35, 3, 4), (10, 4, 4), (38, 4, 2), (6, 5, 8), (23, 6, 5)]
Queue 2:[(19, 2, 17), (33, 2, 18), (26, 3, 29), (40, 3, 25), (13, 4, 22), (43, 4, 16), (20, 5, 11), (44, 6, 7)]
Queue 3:[(9, 2, 13), (21, 2, 34), (50, 2, 33), (28, 3, 23), (45, 3, 15), (22, 4, 25), (47, 4, 14), (34, 5, 36), (46, 6, 39)]
Queue 4:[(36, 1, 10), (12, 2, 20), (24, 2, 31), (1, 3, 26), (31, 3, 24), (4, 4, 24), (29, 4, 16), (48, 4, 15), (41, 5, 25), (49, 6, 39)]

Clock: 28
Waiting clients: []
Queue 0:[(5, 1, 5), (39, 1, 38), (14, 2, 2), (27, 2, 24), (16, 3, 13), (32, 3, 10), (8, 4, 2), (37, 4, 26), (2, 5, 32), (7, 6, 23)]
Queue 1:[(42, 1, 17), (17, 2, 30), (30, 2, 13), (18, 3, 37), (35, 3, 4), (10, 4, 4), (38, 4, 2), (6, 5, 8), (23, 6, 5)]
Queue 2:[(19, 2, 16), (33, 2, 18), (26, 3, 29), (40, 3, 25), (13, 4, 22), (43, 4, 16), (20, 5, 11), (44, 6, 7)]
Queue 3:[(9, 2, 12), (21, 2, 34), (50, 2, 33), (28, 3, 23), (45, 3, 15), (22, 4, 25), (47, 4, 14), (34, 5, 36), (46, 6, 39)]
Queue 4:[(36, 1, 9), (12, 2, 20), (24, 2, 31), (1, 3, 26), (31, 3, 24), (4, 4, 24), (29, 4, 16), (48, 4, 15), (41, 5, 25), (49, 6, 39)]

Clock: 29
Waiting clients: []
Queue 0:[(5, 1, 4), (39, 1, 38), (14, 2, 2), (27, 2, 24), (16, 3, 13), (32, 3, 10), (8, 4, 2), (37, 4, 26), (2, 5, 32), (7, 6, 23)]
Queue 1:[(42, 1, 16), (17, 2, 30), (30, 2, 13), (18, 3, 37), (35, 3, 4), (10, 4, 4), (38, 4, 2), (6, 5, 8), (23, 6, 5)]
Queue 2:[(19, 2, 15), (33, 2, 18), (26, 3, 29), (40, 3, 25), (13, 4, 22), (43, 4, 16), (20, 5, 11), (44, 6, 7)]
Queue 3:[(9, 2, 11), (21, 2, 34), (50, 2, 33), (28, 3, 23), (45, 3, 15), (22, 4, 25), (47, 4, 14), (34, 5, 36), (46, 6, 39)]
Queue 4:[(36, 1, 8), (12, 2, 20), (24, 2, 31), (1, 3, 26), (31, 3, 24), (4, 4, 24), (29, 4, 16), (48, 4, 15), (41, 5, 25), (49, 6, 39)]

Clock: 30
Waiting clients: []
Queue 0:[(5, 1, 3), (39, 1, 38), (14, 2, 2), (27, 2, 24), (16, 3, 13), (32, 3, 10), (8, 4, 2), (37, 4, 26), (2, 5, 32), (7, 6, 23)]
Queue 1:[(42, 1, 15), (17, 2, 30), (30, 2, 13), (18, 3, 37), (35, 3, 4), (10, 4, 4), (38, 4, 2), (6, 5, 8), (23, 6, 5)]
Queue 2:[(19, 2, 14), (33, 2, 18), (26, 3, 29), (40, 3, 25), (13, 4, 22), (43, 4, 16), (20, 5, 11), (44, 6, 7)]
Queue 3:[(9, 2, 10), (21, 2, 34), (50, 2, 33), (28, 3, 23), (45, 3, 15), (22, 4, 25), (47, 4, 14), (34, 5, 36), (46, 6, 39)]
Queue 4:[(36, 1, 7), (12, 2, 20), (24, 2, 31), (1, 3, 26), (31, 3, 24), (4, 4, 24), (29, 4, 16), (48, 4, 15), (41, 5, 25), (49, 6, 39)]

Clock: 31
Waiting clients: []
Queue 0:[(5, 1, 2), (39, 1, 38), (14, 2, 2), (27, 2, 24), (16, 3, 13), (32, 3, 10), (8, 4, 2), (37, 4, 26), (2, 5, 32), (7, 6, 23)]
Queue 1:[(42, 1, 14), (17, 2, 30), (30, 2, 13), (18, 3, 37), (35, 3, 4), (10, 4, 4), (38, 4, 2), (6, 5, 8), (23, 6, 5)]
Queue 2:[(19, 2, 13), (33, 2, 18), (26, 3, 29), (40, 3, 25), (13, 4, 22), (43, 4, 16), (20, 5, 11), (44, 6, 7)]
Queue 3:[(9, 2, 9), (21, 2, 34), (50, 2, 33), (28, 3, 23), (45, 3, 15), (22, 4, 25), (47, 4, 14), (34, 5, 36), (46, 6, 39)]
Queue 4:[(36, 1, 6), (12, 2, 20), (24, 2, 31), (1, 3, 26), (31, 3, 24), (4, 4, 24), (29, 4, 16), (48, 4, 15), (41, 5, 25), (49, 6, 39)]

Clock: 32
Waiting clients: []
Queue 0:[(5, 1, 1), (39, 1, 38), (14, 2, 2), (27, 2, 24), (16, 3, 13), (32, 3, 10), (8, 4, 2), (37, 4, 26), (2, 5, 32), (7, 6, 23)]
Queue 1:[(42, 1, 13), (17, 2, 30), (30, 2, 13), (18, 3, 37), (35, 3, 4), (10, 4, 4), (38, 4, 2), (6, 5, 8), (23, 6, 5)]
Queue 2:[(19, 2, 12), (33, 2, 18), (26, 3, 29), (40, 3, 25), (13, 4, 22), (43, 4, 16), (20, 5, 11), (44, 6, 7)]
Queue 3:[(9, 2, 8), (21, 2, 34), (50, 2, 33), (28, 3, 23), (45, 3, 15), (22, 4, 25), (47, 4, 14), (34, 5, 36), (46, 6, 39)]
Queue 4:[(36, 1, 5), (12, 2, 20), (24, 2, 31), (1, 3, 26), (31, 3, 24), (4, 4, 24), (29, 4, 16), (48, 4, 15), (41, 5, 25), (49, 6, 39)]

Clock: 33
Waiting clients: []
Queue 0:[(39, 1, 38), (14, 2, 2), (27, 2, 24), (16, 3, 13), (32, 3, 10), (8, 4, 2), (37, 4, 26), (2, 5, 32), (7, 6, 23)]
Queue 1:[(42, 1, 12), (17, 2, 30), (30, 2, 13), (18, 3, 37), (35, 3, 4), (10, 4, 4), (38, 4, 2), (6, 5, 8), (23, 6, 5)]
Queue 2:[(19, 2, 11), (33, 2, 18), (26, 3, 29), (40, 3, 25), (13, 4, 22), (43, 4, 16), (20, 5, 11), (44, 6, 7)]
Queue 3:[(9, 2, 7), (21, 2, 34), (50, 2, 33), (28, 3, 23), (45, 3, 15), (22, 4, 25), (47, 4, 14), (34, 5, 36), (46, 6, 39)]
Queue 4:[(36, 1, 4), (12, 2, 20), (24, 2, 31), (1, 3, 26), (31, 3, 24), (4, 4, 24), (29, 4, 16), (48, 4, 15), (41, 5, 25), (49, 6, 39)]

Clock: 34
Waiting clients: []
Queue 0:[(39, 1, 37), (14, 2, 2), (27, 2, 24), (16, 3, 13), (32, 3, 10), (8, 4, 2), (37, 4, 26), (2, 5, 32), (7, 6, 23)]
Queue 1:[(42, 1, 11), (17, 2, 30), (30, 2, 13), (18, 3, 37), (35, 3, 4), (10, 4, 4), (38, 4, 2), (6, 5, 8), (23, 6, 5)]
Queue 2:[(19, 2, 10), (33, 2, 18), (26, 3, 29), (40, 3, 25), (13, 4, 22), (43, 4, 16), (20, 5, 11), (44, 6, 7)]
Queue 3:[(9, 2, 6), (21, 2, 34), (50, 2, 33), (28, 3, 23), (45, 3, 15), (22, 4, 25), (47, 4, 14), (34, 5, 36), (46, 6, 39)]
Queue 4:[(36, 1, 3), (12, 2, 20), (24, 2, 31), (1, 3, 26), (31, 3, 24), (4, 4, 24), (29, 4, 16), (48, 4, 15), (41, 5, 25), (49, 6, 39)]

Clock: 35
Waiting clients: []
Queue 0:[(39, 1, 36), (14, 2, 2), (27, 2, 24), (16, 3, 13), (32, 3, 10), (8, 4, 2), (37, 4, 26), (2, 5, 32), (7, 6, 23)]
Queue 1:[(42, 1, 10), (17, 2, 30), (30, 2, 13), (18, 3, 37), (35, 3, 4), (10, 4, 4), (38, 4, 2), (6, 5, 8), (23, 6, 5)]
Queue 2:[(19, 2, 9), (33, 2, 18), (26, 3, 29), (40, 3, 25), (13, 4, 22), (43, 4, 16), (20, 5, 11), (44, 6, 7)]
Queue 3:[(9, 2, 5), (21, 2, 34), (50, 2, 33), (28, 3, 23), (45, 3, 15), (22, 4, 25), (47, 4, 14), (34, 5, 36), (46, 6, 39)]
Queue 4:[(36, 1, 2), (12, 2, 20), (24, 2, 31), (1, 3, 26), (31, 3, 24), (4, 4, 24), (29, 4, 16), (48, 4, 15), (41, 5, 25), (49, 6, 39)]

Clock: 36
Waiting clients: []
Queue 0:[(39, 1, 35), (14, 2, 2), (27, 2, 24), (16, 3, 13), (32, 3, 10), (8, 4, 2), (37, 4, 26), (2, 5, 32), (7, 6, 23)]
Queue 1:[(42, 1, 9), (17, 2, 30), (30, 2, 13), (18, 3, 37), (35, 3, 4), (10, 4, 4), (38, 4, 2), (6, 5, 8), (23, 6, 5)]
Queue 2:[(19, 2, 8), (33, 2, 18), (26, 3, 29), (40, 3, 25), (13, 4, 22), (43, 4, 16), (20, 5, 11), (44, 6, 7)]
Queue 3:[(9, 2, 4), (21, 2, 34), (50, 2, 33), (28, 3, 23), (45, 3, 15), (22, 4, 25), (47, 4, 14), (34, 5, 36), (46, 6, 39)]
Queue 4:[(36, 1, 1), (12, 2, 20), (24, 2, 31), (1, 3, 26), (31, 3, 24), (4, 4, 24), (29, 4, 16), (48, 4, 15), (41, 5, 25), (49, 6, 39)]

Clock: 37
Waiting clients: []
Queue 0:[(39, 1, 34), (14, 2, 2), (27, 2, 24), (16, 3, 13), (32, 3, 10), (8, 4, 2), (37, 4, 26), (2, 5, 32), (7, 6, 23)]
Queue 1:[(42, 1, 8), (17, 2, 30), (30, 2, 13), (18, 3, 37), (35, 3, 4), (10, 4, 4), (38, 4, 2), (6, 5, 8), (23, 6, 5)]
Queue 2:[(19, 2, 7), (33, 2, 18), (26, 3, 29), (40, 3, 25), (13, 4, 22), (43, 4, 16), (20, 5, 11), (44, 6, 7)]
Queue 3:[(9, 2, 3), (21, 2, 34), (50, 2, 33), (28, 3, 23), (45, 3, 15), (22, 4, 25), (47, 4, 14), (34, 5, 36), (46, 6, 39)]
Queue 4:[(12, 2, 20), (24, 2, 31), (1, 3, 26), (31, 3, 24), (4, 4, 24), (29, 4, 16), (48, 4, 15), (41, 5, 25), (49, 6, 39)]

Clock: 38
Waiting clients: []
Queue 0:[(39, 1, 34), (14, 2, 2), (27, 2, 24), (16, 3, 13), (32, 3, 10), (8, 4, 2), (37, 4, 26), (2, 5, 32), (7, 6, 23)]
Queue 1:[(42, 1, 8), (17, 2, 30), (30, 2, 13), (18, 3, 37), (35, 3, 4), (10, 4, 4), (38, 4, 2), (6, 5, 8), (23, 6, 5)]
Queue 2:[(19, 2, 7), (33, 2, 18), (26, 3, 29), (40, 3, 25), (13, 4, 22), (43, 4, 16), (20, 5, 11), (44, 6, 7)]
Queue 3:[(9, 2, 3), (21, 2, 34), (50, 2, 33), (28, 3, 23), (45, 3, 15), (22, 4, 25), (47, 4, 14), (34, 5, 36), (46, 6, 39)]
Queue 4:[(12, 2, 20), (24, 2, 31), (1, 3, 26), (31, 3, 24), (4, 4, 24), (29, 4, 16), (48, 4, 15), (41, 5, 25), (49, 6, 39)]

Clock: 39
Waiting clients: []
Queue 0:[(39, 1, 32), (14, 2, 2), (27, 2, 24), (16, 3, 13), (32, 3, 10), (8, 4, 2), (37, 4, 26), (2, 5, 32), (7, 6, 23)]
Queue 1:[(42, 1, 7), (17, 2, 30), (30, 2, 13), (18, 3, 37), (35, 3, 4), (10, 4, 4), (38, 4, 2), (6, 5, 8), (23, 6, 5)]
Queue 2:[(19, 2, 6), (33, 2, 18), (26, 3, 29), (40, 3, 25), (13, 4, 22), (43, 4, 16), (20, 5, 11), (44, 6, 7)]
Queue 3:[(9, 2, 1), (21, 2, 34), (50, 2, 33), (28, 3, 23), (45, 3, 15), (22, 4, 25), (47, 4, 14), (34, 5, 36), (46, 6, 39)]
Queue 4:[(12, 2, 18), (24, 2, 31), (1, 3, 26), (31, 3, 24), (4, 4, 24), (29, 4, 16), (48, 4, 15), (41, 5, 25), (49, 6, 39)]

Clock: 40
Waiting clients: []
Queue 0:[(39, 1, 32), (14, 2, 2), (27, 2, 24), (16, 3, 13), (32, 3, 10), (8, 4, 2), (37, 4, 26), (2, 5, 32), (7, 6, 23)]
Queue 1:[(42, 1, 6), (17, 2, 30), (30, 2, 13), (18, 3, 37), (35, 3, 4), (10, 4, 4), (38, 4, 2), (6, 5, 8), (23, 6, 5)]
Queue 2:[(19, 2, 5), (33, 2, 18), (26, 3, 29), (40, 3, 25), (13, 4, 22), (43, 4, 16), (20, 5, 11), (44, 6, 7)]
Queue 3:[(9, 2, 1), (21, 2, 34), (50, 2, 33), (28, 3, 23), (45, 3, 15), (22, 4, 25), (47, 4, 14), (34, 5, 36), (46, 6, 39)]
Queue 4:[(12, 2, 18), (24, 2, 31), (1, 3, 26), (31, 3, 24), (4, 4, 24), (29, 4, 16), (48, 4, 15), (41, 5, 25), (49, 6, 39)]

Clock: 41
Waiting clients: []
Queue 0:[(39, 1, 31), (14, 2, 2), (27, 2, 24), (16, 3, 13), (32, 3, 10), (8, 4, 2), (37, 4, 26), (2, 5, 32), (7, 6, 23)]
Queue 1:[(42, 1, 5), (17, 2, 30), (30, 2, 13), (18, 3, 37), (35, 3, 4), (10, 4, 4), (38, 4, 2), (6, 5, 8), (23, 6, 5)]
Queue 2:[(19, 2, 4), (33, 2, 18), (26, 3, 29), (40, 3, 25), (13, 4, 22), (43, 4, 16), (20, 5, 11), (44, 6, 7)]
Queue 3:[(21, 2, 34), (50, 2, 33), (28, 3, 23), (45, 3, 15), (22, 4, 25), (47, 4, 14), (34, 5, 36), (46, 6, 39)]
Queue 4:[(12, 2, 17), (24, 2, 31), (1, 3, 26), (31, 3, 24), (4, 4, 24), (29, 4, 16), (48, 4, 15), (41, 5, 25), (49, 6, 39)]

Clock: 42
Waiting clients: []
Queue 0:[(39, 1, 30), (14, 2, 2), (27, 2, 24), (16, 3, 13), (32, 3, 10), (8, 4, 2), (37, 4, 26), (2, 5, 32), (7, 6, 23)]
Queue 1:[(42, 1, 4), (17, 2, 30), (30, 2, 13), (18, 3, 37), (35, 3, 4), (10, 4, 4), (38, 4, 2), (6, 5, 8), (23, 6, 5)]
Queue 2:[(19, 2, 3), (33, 2, 18), (26, 3, 29), (40, 3, 25), (13, 4, 22), (43, 4, 16), (20, 5, 11), (44, 6, 7)]
Queue 3:[(21, 2, 33), (50, 2, 33), (28, 3, 23), (45, 3, 15), (22, 4, 25), (47, 4, 14), (34, 5, 36), (46, 6, 39)]
Queue 4:[(12, 2, 16), (24, 2, 31), (1, 3, 26), (31, 3, 24), (4, 4, 24), (29, 4, 16), (48, 4, 15), (41, 5, 25), (49, 6, 39)]

Clock: 43
Waiting clients: []
Queue 0:[(39, 1, 28), (14, 2, 2), (27, 2, 24), (16, 3, 13), (32, 3, 10), (8, 4, 2), (37, 4, 26), (2, 5, 32), (7, 6, 23)]
Queue 1:[(42, 1, 2), (17, 2, 30), (30, 2, 13), (18, 3, 37), (35, 3, 4), (10, 4, 4), (38, 4, 2), (6, 5, 8), (23, 6, 5)]
Queue 2:[(19, 2, 1), (33, 2, 18), (26, 3, 29), (40, 3, 25), (13, 4, 22), (43, 4, 16), (20, 5, 11), (44, 6, 7)]
Queue 3:[(21, 2, 31), (50, 2, 33), (28, 3, 23), (45, 3, 15), (22, 4, 25), (47, 4, 14), (34, 5, 36), (46, 6, 39)]
Queue 4:[(12, 2, 14), (24, 2, 31), (1, 3, 26), (31, 3, 24), (4, 4, 24), (29, 4, 16), (48, 4, 15), (41, 5, 25), (49, 6, 39)]

Clock: 44
Waiting clients: []
Queue 0:[(39, 1, 28), (14, 2, 2), (27, 2, 24), (16, 3, 13), (32, 3, 10), (8, 4, 2), (37, 4, 26), (2, 5, 32), (7, 6, 23)]
Queue 1:[(42, 1, 2), (17, 2, 30), (30, 2, 13), (18, 3, 37), (35, 3, 4), (10, 4, 4), (38, 4, 2), (6, 5, 8), (23, 6, 5)]
Queue 2:[(19, 2, 1), (33, 2, 18), (26, 3, 29), (40, 3, 25), (13, 4, 22), (43, 4, 16), (20, 5, 11), (44, 6, 7)]
Queue 3:[(21, 2, 31), (50, 2, 33), (28, 3, 23), (45, 3, 15), (22, 4, 25), (47, 4, 14), (34, 5, 36), (46, 6, 39)]
Queue 4:[(12, 2, 14), (24, 2, 31), (1, 3, 26), (31, 3, 24), (4, 4, 24), (29, 4, 16), (48, 4, 15), (41, 5, 25), (49, 6, 39)]

Clock: 45
Waiting clients: []
Queue 0:[(39, 1, 26), (14, 2, 2), (27, 2, 24), (16, 3, 13), (32, 3, 10), (8, 4, 2), (37, 4, 26), (2, 5, 32), (7, 6, 23)]
Queue 1:[(17, 2, 30), (30, 2, 13), (18, 3, 37), (35, 3, 4), (10, 4, 4), (38, 4, 2), (6, 5, 8), (23, 6, 5)]
Queue 2:[(33, 2, 17), (26, 3, 29), (40, 3, 25), (13, 4, 22), (43, 4, 16), (20, 5, 11), (44, 6, 7)]
Queue 3:[(21, 2, 29), (50, 2, 33), (28, 3, 23), (45, 3, 15), (22, 4, 25), (47, 4, 14), (34, 5, 36), (46, 6, 39)]
Queue 4:[(12, 2, 12), (24, 2, 31), (1, 3, 26), (31, 3, 24), (4, 4, 24), (29, 4, 16), (48, 4, 15), (41, 5, 25), (49, 6, 39)]

Clock: 46
Waiting clients: []
Queue 0:[(39, 1, 25), (14, 2, 2), (27, 2, 24), (16, 3, 13), (32, 3, 10), (8, 4, 2), (37, 4, 26), (2, 5, 32), (7, 6, 23)]
Queue 1:[(17, 2, 29), (30, 2, 13), (18, 3, 37), (35, 3, 4), (10, 4, 4), (38, 4, 2), (6, 5, 8), (23, 6, 5)]
Queue 2:[(33, 2, 16), (26, 3, 29), (40, 3, 25), (13, 4, 22), (43, 4, 16), (20, 5, 11), (44, 6, 7)]
Queue 3:[(21, 2, 28), (50, 2, 33), (28, 3, 23), (45, 3, 15), (22, 4, 25), (47, 4, 14), (34, 5, 36), (46, 6, 39)]
Queue 4:[(12, 2, 11), (24, 2, 31), (1, 3, 26), (31, 3, 24), (4, 4, 24), (29, 4, 16), (48, 4, 15), (41, 5, 25), (49, 6, 39)]

Clock: 47
Waiting clients: []
Queue 0:[(39, 1, 24), (14, 2, 2), (27, 2, 24), (16, 3, 13), (32, 3, 10), (8, 4, 2), (37, 4, 26), (2, 5, 32), (7, 6, 23)]
Queue 1:[(17, 2, 29), (30, 2, 13), (18, 3, 37), (35, 3, 4), (10, 4, 4), (38, 4, 2), (6, 5, 8), (23, 6, 5)]
Queue 2:[(33, 2, 16), (26, 3, 29), (40, 3, 25), (13, 4, 22), (43, 4, 16), (20, 5, 11), (44, 6, 7)]
Queue 3:[(21, 2, 28), (50, 2, 33), (28, 3, 23), (45, 3, 15), (22, 4, 25), (47, 4, 14), (34, 5, 36), (46, 6, 39)]
Queue 4:[(12, 2, 11), (24, 2, 31), (1, 3, 26), (31, 3, 24), (4, 4, 24), (29, 4, 16), (48, 4, 15), (41, 5, 25), (49, 6, 39)]

Clock: 48
Waiting clients: []
Queue 0:[(39, 1, 23), (14, 2, 2), (27, 2, 24), (16, 3, 13), (32, 3, 10), (8, 4, 2), (37, 4, 26), (2, 5, 32), (7, 6, 23)]
Queue 1:[(17, 2, 28), (30, 2, 13), (18, 3, 37), (35, 3, 4), (10, 4, 4), (38, 4, 2), (6, 5, 8), (23, 6, 5)]
Queue 2:[(33, 2, 14), (26, 3, 29), (40, 3, 25), (13, 4, 22), (43, 4, 16), (20, 5, 11), (44, 6, 7)]
Queue 3:[(21, 2, 26), (50, 2, 33), (28, 3, 23), (45, 3, 15), (22, 4, 25), (47, 4, 14), (34, 5, 36), (46, 6, 39)]
Queue 4:[(12, 2, 9), (24, 2, 31), (1, 3, 26), (31, 3, 24), (4, 4, 24), (29, 4, 16), (48, 4, 15), (41, 5, 25), (49, 6, 39)]

Clock: 49
Waiting clients: []
Queue 0:[(39, 1, 23), (14, 2, 2), (27, 2, 24), (16, 3, 13), (32, 3, 10), (8, 4, 2), (37, 4, 26), (2, 5, 32), (7, 6, 23)]
Queue 1:[(17, 2, 27), (30, 2, 13), (18, 3, 37), (35, 3, 4), (10, 4, 4), (38, 4, 2), (6, 5, 8), (23, 6, 5)]
Queue 2:[(33, 2, 14), (26, 3, 29), (40, 3, 25), (13, 4, 22), (43, 4, 16), (20, 5, 11), (44, 6, 7)]
Queue 3:[(21, 2, 26), (50, 2, 33), (28, 3, 23), (45, 3, 15), (22, 4, 25), (47, 4, 14), (34, 5, 36), (46, 6, 39)]
Queue 4:[(12, 2, 9), (24, 2, 31), (1, 3, 26), (31, 3, 24), (4, 4, 24), (29, 4, 16), (48, 4, 15), (41, 5, 25), (49, 6, 39)]

Clock: 50
Waiting clients: []
Queue 0:[(39, 1, 22), (14, 2, 2), (27, 2, 24), (16, 3, 13), (32, 3, 10), (8, 4, 2), (37, 4, 26), (2, 5, 32), (7, 6, 23)]
Queue 1:[(17, 2, 26), (30, 2, 13), (18, 3, 37), (35, 3, 4), (10, 4, 4), (38, 4, 2), (6, 5, 8), (23, 6, 5)]
Queue 2:[(33, 2, 13), (26, 3, 29), (40, 3, 25), (13, 4, 22), (43, 4, 16), (20, 5, 11), (44, 6, 7)]
Queue 3:[(21, 2, 25), (50, 2, 33), (28, 3, 23), (45, 3, 15), (22, 4, 25), (47, 4, 14), (34, 5, 36), (46, 6, 39)]
Queue 4:[(12, 2, 8), (24, 2, 31), (1, 3, 26), (31, 3, 24), (4, 4, 24), (29, 4, 16), (48, 4, 15), (41, 5, 25), (49, 6, 39)]

Clock: 51
Waiting clients: []
Queue 0:[(39, 1, 21), (14, 2, 2), (27, 2, 24), (16, 3, 13), (32, 3, 10), (8, 4, 2), (37, 4, 26), (2, 5, 32), (7, 6, 23)]
Queue 1:[(17, 2, 25), (30, 2, 13), (18, 3, 37), (35, 3, 4), (10, 4, 4), (38, 4, 2), (6, 5, 8), (23, 6, 5)]
Queue 2:[(33, 2, 12), (26, 3, 29), (40, 3, 25), (13, 4, 22), (43, 4, 16), (20, 5, 11), (44, 6, 7)]
Queue 3:[(21, 2, 24), (50, 2, 33), (28, 3, 23), (45, 3, 15), (22, 4, 25), (47, 4, 14), (34, 5, 36), (46, 6, 39)]
Queue 4:[(12, 2, 7), (24, 2, 31), (1, 3, 26), (31, 3, 24), (4, 4, 24), (29, 4, 16), (48, 4, 15), (41, 5, 25), (49, 6, 39)]

Clock: 52
Waiting clients: []
Queue 0:[(39, 1, 20), (14, 2, 2), (27, 2, 24), (16, 3, 13), (32, 3, 10), (8, 4, 2), (37, 4, 26), (2, 5, 32), (7, 6, 23)]
Queue 1:[(17, 2, 24), (30, 2, 13), (18, 3, 37), (35, 3, 4), (10, 4, 4), (38, 4, 2), (6, 5, 8), (23, 6, 5)]
Queue 2:[(33, 2, 11), (26, 3, 29), (40, 3, 25), (13, 4, 22), (43, 4, 16), (20, 5, 11), (44, 6, 7)]
Queue 3:[(21, 2, 23), (50, 2, 33), (28, 3, 23), (45, 3, 15), (22, 4, 25), (47, 4, 14), (34, 5, 36), (46, 6, 39)]
Queue 4:[(12, 2, 6), (24, 2, 31), (1, 3, 26), (31, 3, 24), (4, 4, 24), (29, 4, 16), (48, 4, 15), (41, 5, 25), (49, 6, 39)]

Clock: 53
Waiting clients: []
Queue 0:[(39, 1, 19), (14, 2, 2), (27, 2, 24), (16, 3, 13), (32, 3, 10), (8, 4, 2), (37, 4, 26), (2, 5, 32), (7, 6, 23)]
Queue 1:[(17, 2, 23), (30, 2, 13), (18, 3, 37), (35, 3, 4), (10, 4, 4), (38, 4, 2), (6, 5, 8), (23, 6, 5)]
Queue 2:[(33, 2, 10), (26, 3, 29), (40, 3, 25), (13, 4, 22), (43, 4, 16), (20, 5, 11), (44, 6, 7)]
Queue 3:[(21, 2, 22), (50, 2, 33), (28, 3, 23), (45, 3, 15), (22, 4, 25), (47, 4, 14), (34, 5, 36), (46, 6, 39)]
Queue 4:[(12, 2, 5), (24, 2, 31), (1, 3, 26), (31, 3, 24), (4, 4, 24), (29, 4, 16), (48, 4, 15), (41, 5, 25), (49, 6, 39)]

Clock: 54
Waiting clients: []
Queue 0:[(39, 1, 18), (14, 2, 2), (27, 2, 24), (16, 3, 13), (32, 3, 10), (8, 4, 2), (37, 4, 26), (2, 5, 32), (7, 6, 23)]
Queue 1:[(17, 2, 22), (30, 2, 13), (18, 3, 37), (35, 3, 4), (10, 4, 4), (38, 4, 2), (6, 5, 8), (23, 6, 5)]
Queue 2:[(33, 2, 9), (26, 3, 29), (40, 3, 25), (13, 4, 22), (43, 4, 16), (20, 5, 11), (44, 6, 7)]
Queue 3:[(21, 2, 21), (50, 2, 33), (28, 3, 23), (45, 3, 15), (22, 4, 25), (47, 4, 14), (34, 5, 36), (46, 6, 39)]
Queue 4:[(12, 2, 4), (24, 2, 31), (1, 3, 26), (31, 3, 24), (4, 4, 24), (29, 4, 16), (48, 4, 15), (41, 5, 25), (49, 6, 39)]

Clock: 55
Waiting clients: []
Queue 0:[(39, 1, 16), (14, 2, 2), (27, 2, 24), (16, 3, 13), (32, 3, 10), (8, 4, 2), (37, 4, 26), (2, 5, 32), (7, 6, 23)]
Queue 1:[(17, 2, 20), (30, 2, 13), (18, 3, 37), (35, 3, 4), (10, 4, 4), (38, 4, 2), (6, 5, 8), (23, 6, 5)]
Queue 2:[(33, 2, 7), (26, 3, 29), (40, 3, 25), (13, 4, 22), (43, 4, 16), (20, 5, 11), (44, 6, 7)]
Queue 3:[(21, 2, 19), (50, 2, 33), (28, 3, 23), (45, 3, 15), (22, 4, 25), (47, 4, 14), (34, 5, 36), (46, 6, 39)]
Queue 4:[(12, 2, 2), (24, 2, 31), (1, 3, 26), (31, 3, 24), (4, 4, 24), (29, 4, 16), (48, 4, 15), (41, 5, 25), (49, 6, 39)]

Clock: 56
Waiting clients: []
Queue 0:[(39, 1, 16), (14, 2, 2), (27, 2, 24), (16, 3, 13), (32, 3, 10), (8, 4, 2), (37, 4, 26), (2, 5, 32), (7, 6, 23)]
Queue 1:[(17, 2, 20), (30, 2, 13), (18, 3, 37), (35, 3, 4), (10, 4, 4), (38, 4, 2), (6, 5, 8), (23, 6, 5)]
Queue 2:[(33, 2, 7), (26, 3, 29), (40, 3, 25), (13, 4, 22), (43, 4, 16), (20, 5, 11), (44, 6, 7)]
Queue 3:[(21, 2, 19), (50, 2, 33), (28, 3, 23), (45, 3, 15), (22, 4, 25), (47, 4, 14), (34, 5, 36), (46, 6, 39)]
Queue 4:[(12, 2, 2), (24, 2, 31), (1, 3, 26), (31, 3, 24), (4, 4, 24), (29, 4, 16), (48, 4, 15), (41, 5, 25), (49, 6, 39)]

Clock: 57
Waiting clients: []
Queue 0:[(39, 1, 14), (14, 2, 2), (27, 2, 24), (16, 3, 13), (32, 3, 10), (8, 4, 2), (37, 4, 26), (2, 5, 32), (7, 6, 23)]
Queue 1:[(17, 2, 18), (30, 2, 13), (18, 3, 37), (35, 3, 4), (10, 4, 4), (38, 4, 2), (6, 5, 8), (23, 6, 5)]
Queue 2:[(33, 2, 5), (26, 3, 29), (40, 3, 25), (13, 4, 22), (43, 4, 16), (20, 5, 11), (44, 6, 7)]
Queue 3:[(21, 2, 17), (50, 2, 33), (28, 3, 23), (45, 3, 15), (22, 4, 25), (47, 4, 14), (34, 5, 36), (46, 6, 39)]
Queue 4:[(24, 2, 31), (1, 3, 26), (31, 3, 24), (4, 4, 24), (29, 4, 16), (48, 4, 15), (41, 5, 25), (49, 6, 39)]

Clock: 58
Waiting clients: []
Queue 0:[(39, 1, 13), (14, 2, 2), (27, 2, 24), (16, 3, 13), (32, 3, 10), (8, 4, 2), (37, 4, 26), (2, 5, 32), (7, 6, 23)]
Queue 1:[(17, 2, 17), (30, 2, 13), (18, 3, 37), (35, 3, 4), (10, 4, 4), (38, 4, 2), (6, 5, 8), (23, 6, 5)]
Queue 2:[(33, 2, 4), (26, 3, 29), (40, 3, 25), (13, 4, 22), (43, 4, 16), (20, 5, 11), (44, 6, 7)]
Queue 3:[(21, 2, 16), (50, 2, 33), (28, 3, 23), (45, 3, 15), (22, 4, 25), (47, 4, 14), (34, 5, 36), (46, 6, 39)]
Queue 4:[(24, 2, 30), (1, 3, 26), (31, 3, 24), (4, 4, 24), (29, 4, 16), (48, 4, 15), (41, 5, 25), (49, 6, 39)]

Clock: 59
Waiting clients: []
Queue 0:[(39, 1, 12), (14, 2, 2), (27, 2, 24), (16, 3, 13), (32, 3, 10), (8, 4, 2), (37, 4, 26), (2, 5, 32), (7, 6, 23)]
Queue 1:[(17, 2, 16), (30, 2, 13), (18, 3, 37), (35, 3, 4), (10, 4, 4), (38, 4, 2), (6, 5, 8), (23, 6, 5)]
Queue 2:[(33, 2, 3), (26, 3, 29), (40, 3, 25), (13, 4, 22), (43, 4, 16), (20, 5, 11), (44, 6, 7)]
Queue 3:[(21, 2, 15), (50, 2, 33), (28, 3, 23), (45, 3, 15), (22, 4, 25), (47, 4, 14), (34, 5, 36), (46, 6, 39)]
Queue 4:[(24, 2, 29), (1, 3, 26), (31, 3, 24), (4, 4, 24), (29, 4, 16), (48, 4, 15), (41, 5, 25), (49, 6, 39)]

Clock: 60
Waiting clients: []
Queue 0:[(39, 1, 11), (14, 2, 2), (27, 2, 24), (16, 3, 13), (32, 3, 10), (8, 4, 2), (37, 4, 26), (2, 5, 32), (7, 6, 23)]
Queue 1:[(17, 2, 15), (30, 2, 13), (18, 3, 37), (35, 3, 4), (10, 4, 4), (38, 4, 2), (6, 5, 8), (23, 6, 5)]
Queue 2:[(33, 2, 2), (26, 3, 29), (40, 3, 25), (13, 4, 22), (43, 4, 16), (20, 5, 11), (44, 6, 7)]
Queue 3:[(21, 2, 14), (50, 2, 33), (28, 3, 23), (45, 3, 15), (22, 4, 25), (47, 4, 14), (34, 5, 36), (46, 6, 39)]
Queue 4:[(24, 2, 28), (1, 3, 26), (31, 3, 24), (4, 4, 24), (29, 4, 16), (48, 4, 15), (41, 5, 25), (49, 6, 39)]

Average waiting time: 3.20
AverageServiceTime: 20.68
Peak hour: 6

