d:\facultate\anul2\anul2\sem2\gac\lab2\project1\project1\x64\debug\vc143.pdb
d:\facultate\anul2\anul2\sem2\gac\lab2\project1\project1\x64\debug\vc143.idb
d:\facultate\anul2\anul2\sem2\gac\lab2\project1\project1\x64\debug\vec3.obj
d:\facultate\anul2\anul2\sem2\gac\lab2\project1\project1\x64\debug\vec2.obj
d:\facultate\anul2\anul2\sem2\gac\lab2\project1\project1\x64\debug\main.obj
d:\facultate\anul2\anul2\sem2\gac\lab2\project1\project1\x64\debug\vec4.obj
d:\facultate\anul2\anul2\sem2\gac\lab2\project1\project1\x64\debug\test_matrix.obj
d:\facultate\anul2\anul2\sem2\gac\lab2\project1\project1\x64\debug\main_lab_3.obj
d:\facultate\anul2\anul2\sem2\gac\lab2\project1\project1\x64\debug\mat4.obj
d:\facultate\anul2\anul2\sem2\gac\lab2\project1\project1\x64\debug\mat3.obj
d:\facultate\anul2\anul2\sem2\gac\lab2\project1\project1\x64\debug\testmatrix.obj
d:\facultate\anul2\anul2\sem2\gac\lab2\gac_main\project1\x64\debug\vc143.pdb
d:\facultate\anul2\anul2\sem2\gac\lab2\gac_main\project1\x64\debug\vc143.idb
d:\facultate\anul2\anul2\sem2\gac\lab2\gac_main\project1\x64\debug\testmatrix.obj
d:\facultate\anul2\anul2\sem2\gac\lab2\gac_main\project1\x64\debug\clipcb.obj
d:\facultate\anul2\anul2\sem2\gac\lab2\gac_main\project1\x64\debug\transform.obj
d:\facultate\anul2\anul2\sem2\gac\lab2\gac_main\project1\x64\debug\mat4.obj
d:\facultate\anul2\anul2\sem2\gac\lab2\gac_main\project1\x64\debug\mat3.obj
d:\facultate\anul2\anul2\sem2\gac\lab2\gac_main\project1\x64\debug\vec4.obj
d:\facultate\anul2\anul2\sem2\gac\lab2\gac_main\project1\x64\debug\vec3.obj
d:\facultate\anul2\anul2\sem2\gac\lab2\gac_main\project1\x64\debug\vec2.obj
d:\facultate\anul2\anul2\sem2\gac\lab2\gac_main\project1\x64\debug\clip.obj
d:\facultate\anul2\anul2\sem2\gac\lab2\gac_main\project1\x64\debug\main.obj
d:\facultate\anul2\anul2\sem2\gac\lab2\project1\x64\debug\project1.exe
d:\facultate\anul2\anul2\sem2\gac\lab2\project1\x64\debug\project1.pdb
d:\facultate\anul2\anul2\sem2\gac\lab2\project1\project1\x64\debug\project1.ilk
d:\facultate\anul2\anul2\sem2\gac\lab2\gac_main\project1\x64\debug\main_lab_3.obj
d:\facultate\anul2\anul2\sem2\gac\lab2\gac_main\project1\x64\debug\test_matrix.obj
d:\facultate\anul2\anul2\sem2\gac\lab2\gac_main\x64\debug\project1.pdb
d:\facultate\anul2\anul2\sem2\gac\lab2\gac_main\project1\x64\debug\project1.tlog\cl.command.1.tlog
d:\facultate\anul2\anul2\sem2\gac\lab2\gac_main\project1\x64\debug\project1.tlog\cl.items.tlog
d:\facultate\anul2\anul2\sem2\gac\lab2\gac_main\project1\x64\debug\project1.tlog\cl.read.1.tlog
d:\facultate\anul2\anul2\sem2\gac\lab2\gac_main\project1\x64\debug\project1.tlog\cl.write.1.tlog
d:\facultate\anul2\anul2\sem2\gac\lab2\gac_main\project1\x64\debug\project1.tlog\link-cvtres.read.1.tlog
d:\facultate\anul2\anul2\sem2\gac\lab2\gac_main\project1\x64\debug\project1.tlog\link-cvtres.write.1.tlog
d:\facultate\anul2\anul2\sem2\gac\lab2\gac_main\project1\x64\debug\project1.tlog\link-rc.read.1.tlog
d:\facultate\anul2\anul2\sem2\gac\lab2\gac_main\project1\x64\debug\project1.tlog\link-rc.write.1.tlog
d:\facultate\anul2\anul2\sem2\gac\lab2\gac_main\project1\x64\debug\project1.tlog\link.command.1.tlog
d:\facultate\anul2\anul2\sem2\gac\lab2\gac_main\project1\x64\debug\project1.tlog\link.read.1.tlog
d:\facultate\anul2\anul2\sem2\gac\lab2\gac_main\project1\x64\debug\project1.tlog\link.read.2.tlog
d:\facultate\anul2\anul2\sem2\gac\lab2\gac_main\project1\x64\debug\project1.tlog\link.secondary.1.tlog
d:\facultate\anul2\anul2\sem2\gac\lab2\gac_main\project1\x64\debug\project1.tlog\link.write.1.tlog
