
                 *********************************************
                 *                                           *
                 *             A I M - S p i c e             *
                 *                                           *
                 *         Professional Version 2020.100           *
                 *                                           *
                 *********************************************

	Date: Wed Jan  8 17:28:06 2025
	Circuit File: Untitled
	Analysis: Transient

**************************  Circuit Description  **************************

     1:  Redresor MonoAlternant
     2:  rl 2 0 100
     3:  D1 1 2 Diodas
     4:  .model Diodas D tt=1e-9
     5:  vin 1 0 dc 5 sin(0 10 1k 0 0)
     6:  .tran 1e9 6e-3

***************************  Model Parameters  ****************************


***************  Device Parameters (Only for .op analysis)  ***************



**************************  Analysis Parameters  **************************

	Stepsize ............ : 1e9
	Final time .......... : 6e-3
	Use Initial Conditions: Off



**************  Options (Only those different from default)  **************



*************************  Simulation Statistics  *************************

	Total number of iterations.....................: 277
	Number of iterations for transient analysis....: 270
	Total number of timepoints.....................: 87
	Number of timepoints accepted..................: 72
	Number of timepoints rejected..................: 15
	Total analysis time (sec)......................: 0.168
	Transient analysis time (sec)..................: 0.154
	Time spent in device loading (sec).............: 0.011
	Time spent in L-U decomposition (sec)..........: 0
	Time spent in matrix reordering (sec)..........: 0
	Time spent in matrix solving (sec).............: 0
	Time spent in transient L-U decomposition (sec): 0
	Time spent in transient matrix solving (sec)...: 0

***************************  Kernel Messages  *****************************

Circuit: Redresor MonoAlternant


