
                 *********************************************
                 *                                           *
                 *             A I M - S p i c e             *
                 *                                           *
                 *         Professional Version 2020.100           *
                 *                                           *
                 *********************************************

	Date: Thu Jan  9 17:49:45 2025
	Circuit File: D:\TEST2\Anul2\Anul2\Sem1\CANLAB\Lab1\HPF.cir
	Analysis: Transient

**************************  Circuit Description  **************************

     1:  Filtru trece sus (HIGH PASS FILTER)
     2:  c1 in out 470n
     3:  r1 out 0 10k
     4:  vin in 0 dc 5 sin(0 5 10 0 0)
     5:  
     6:  .tran 1e-9 6e-3

***************************  Model Parameters  ****************************


***************  Device Parameters (Only for .op analysis)  ***************



**************************  Analysis Parameters  **************************

	Stepsize ............ : 1e-9
	Final time .......... : 6e-3
	Use Initial Conditions: Off



**************  Options (Only those different from default)  **************



*************************  Simulation Statistics  *************************

	Total number of iterations.....................: 151
	Number of iterations for transient analysis....: 148
	Total number of timepoints.....................: 75
	Number of timepoints accepted..................: 75
	Number of timepoints rejected..................: 0
	Total analysis time (sec)......................: 0.029
	Transient analysis time (sec)..................: 0.024
	Time spent in device loading (sec).............: 0
	Time spent in L-U decomposition (sec)..........: 0
	Time spent in matrix reordering (sec)..........: 0
	Time spent in matrix solving (sec).............: 0
	Time spent in transient L-U decomposition (sec): 0
	Time spent in transient matrix solving (sec)...: 0

***************************  Kernel Messages  *****************************

Circuit: Filtru trece sus (HIGH PASS FILTER)


