
*** Running vivado
    with args -log test_env.vds -m64 -product Vivado -mode batch -messageDb vivado.pb -notrace -source test_env.tcl


ECHO is off.
ECHO is off.

****** Vivado v2023.2 (64-bit)
  **** SW Build 4029153 on Fri Oct 13 20:14:34 MDT 2023
  **** IP Build 4028589 on Sat Oct 14 00:45:43 MDT 2023
  **** SharedData Build 4025554 on Tue Oct 10 17:18:54 MDT 2023
    ** Copyright 1986-2022 Xilinx, Inc. All Rights Reserved.
    ** Copyright 2022-2023 Advanced Micro Devices, Inc. All Rights Reserved.

source test_env.tcl -notrace
create_project: Time (s): cpu = 00:00:06 ; elapsed = 00:00:06 . Memory (MB): peak = 455.371 ; gain = 182.164
Command: read_checkpoint -auto_incremental -incremental D:/Facultate/Anul2/Anul2/Sem2/AC/project_2/project_2.srcs/utils_1/imports/synth_1/test_env.dcp
INFO: [Vivado 12-5825] Read reference checkpoint from D:/Facultate/Anul2/Anul2/Sem2/AC/project_2/project_2.srcs/utils_1/imports/synth_1/test_env.dcp for incremental synthesis
INFO: [Vivado 12-7989] Please ensure there are no constraint changes
Command: synth_design -top test_env -part xc7a35tcpg236-1
Starting synth_design
Attempting to get a license for feature 'Synthesis' and/or device 'xc7a35t'
INFO: [Common 17-349] Got license for feature 'Synthesis' and/or device 'xc7a35t'
INFO: [Device 21-403] Loading part xc7a35tcpg236-1
INFO: [Designutils 20-5440] No compile time benefit to using incremental synthesis; A full resynthesis will be run
INFO: [Designutils 20-4379] Flow is switching to default flow due to incremental criteria not met. If you would like to alter this behaviour and have the flow terminate instead, please set the following parameter config_implementation {autoIncr.Synth.RejectBehavior Terminate}
INFO: [Synth 8-7079] Multithreading enabled for synth_design using a maximum of 2 processes.
INFO: [Synth 8-7078] Launching helper process for spawning children vivado processes
INFO: [Synth 8-7075] Helper process launched with PID 11688
---------------------------------------------------------------------------------
Starting RTL Elaboration : Time (s): cpu = 00:00:06 ; elapsed = 00:00:06 . Memory (MB): peak = 1291.316 ; gain = 440.121
---------------------------------------------------------------------------------
INFO: [Synth 8-638] synthesizing module 'test_env' [D:/Facultate/Anul2/Anul2/Sem2/AC/Lab1/test_env.vhd:43]
INFO: [Synth 8-3491] module 'MPG' declared at 'D:/Facultate/Anul2/Anul2/Sem2/AC/Lab1/MPG.vhd:14' bound to instance 'mpg_cnt' of component 'MPG' [D:/Facultate/Anul2/Anul2/Sem2/AC/Lab1/test_env.vhd:84]
INFO: [Synth 8-638] synthesizing module 'MPG' [D:/Facultate/Anul2/Anul2/Sem2/AC/Lab1/MPG.vhd:20]
INFO: [Synth 8-256] done synthesizing module 'MPG' (0#1) [D:/Facultate/Anul2/Anul2/Sem2/AC/Lab1/MPG.vhd:20]
INFO: [Synth 8-3491] module 'MPG' declared at 'D:/Facultate/Anul2/Anul2/Sem2/AC/Lab1/MPG.vhd:14' bound to instance 'mpg_reg_file' of component 'MPG' [D:/Facultate/Anul2/Anul2/Sem2/AC/Lab1/test_env.vhd:90]
INFO: [Synth 8-3491] module 'SSD' declared at 'D:/Facultate/Anul2/Anul2/Sem2/AC/project_1/project_1.srcs/sources_1/new/SSD.vhd:35' bound to instance 'SevenSegmentDisplay' of component 'SSD' [D:/Facultate/Anul2/Anul2/Sem2/AC/Lab1/test_env.vhd:96]
INFO: [Synth 8-638] synthesizing module 'SSD' [D:/Facultate/Anul2/Anul2/Sem2/AC/project_1/project_1.srcs/sources_1/new/SSD.vhd:42]
INFO: [Synth 8-226] default block is never used [D:/Facultate/Anul2/Anul2/Sem2/AC/project_1/project_1.srcs/sources_1/new/SSD.vhd:57]
INFO: [Synth 8-226] default block is never used [D:/Facultate/Anul2/Anul2/Sem2/AC/project_1/project_1.srcs/sources_1/new/SSD.vhd:73]
WARNING: [Synth 8-614] signal 'digits' is read in the process but is not in the sensitivity list [D:/Facultate/Anul2/Anul2/Sem2/AC/project_1/project_1.srcs/sources_1/new/SSD.vhd:71]
INFO: [Synth 8-256] done synthesizing module 'SSD' (0#1) [D:/Facultate/Anul2/Anul2/Sem2/AC/project_1/project_1.srcs/sources_1/new/SSD.vhd:42]
INFO: [Synth 8-3491] module 'register_file' declared at 'D:/Facultate/Anul2/Anul2/Sem2/AC/project_2/project_2.srcs/sources_1/new/register_file.vhd:34' bound to instance 'reg_file' of component 'register_file' [D:/Facultate/Anul2/Anul2/Sem2/AC/Lab1/test_env.vhd:103]
INFO: [Synth 8-638] synthesizing module 'register_file' [D:/Facultate/Anul2/Anul2/Sem2/AC/project_2/project_2.srcs/sources_1/new/register_file.vhd:47]
WARNING: [Synth 8-614] signal 'read_addr_1' is read in the process but is not in the sensitivity list [D:/Facultate/Anul2/Anul2/Sem2/AC/project_2/project_2.srcs/sources_1/new/register_file.vhd:57]
WARNING: [Synth 8-614] signal 'read_addr_2' is read in the process but is not in the sensitivity list [D:/Facultate/Anul2/Anul2/Sem2/AC/project_2/project_2.srcs/sources_1/new/register_file.vhd:57]
INFO: [Synth 8-256] done synthesizing module 'register_file' (0#1) [D:/Facultate/Anul2/Anul2/Sem2/AC/project_2/project_2.srcs/sources_1/new/register_file.vhd:47]
WARNING: [Synth 8-614] signal 'btn' is read in the process but is not in the sensitivity list [D:/Facultate/Anul2/Anul2/Sem2/AC/Lab1/test_env.vhd:116]
INFO: [Synth 8-256] done synthesizing module 'test_env' (0#1) [D:/Facultate/Anul2/Anul2/Sem2/AC/Lab1/test_env.vhd:43]
WARNING: [Synth 8-7129] Port read_addr_1[4] in module register_file is either unconnected or has no load
WARNING: [Synth 8-7129] Port read_addr_1[3] in module register_file is either unconnected or has no load
WARNING: [Synth 8-7129] Port read_addr_2[4] in module register_file is either unconnected or has no load
WARNING: [Synth 8-7129] Port read_addr_2[3] in module register_file is either unconnected or has no load
WARNING: [Synth 8-7129] Port write_addr[4] in module register_file is either unconnected or has no load
WARNING: [Synth 8-7129] Port write_addr[3] in module register_file is either unconnected or has no load
---------------------------------------------------------------------------------
Finished RTL Elaboration : Time (s): cpu = 00:00:07 ; elapsed = 00:00:07 . Memory (MB): peak = 1397.832 ; gain = 546.637
---------------------------------------------------------------------------------
---------------------------------------------------------------------------------
Start Handling Custom Attributes
---------------------------------------------------------------------------------
---------------------------------------------------------------------------------
Finished Handling Custom Attributes : Time (s): cpu = 00:00:07 ; elapsed = 00:00:07 . Memory (MB): peak = 1397.832 ; gain = 546.637
---------------------------------------------------------------------------------
---------------------------------------------------------------------------------
Finished RTL Optimization Phase 1 : Time (s): cpu = 00:00:07 ; elapsed = 00:00:07 . Memory (MB): peak = 1397.832 ; gain = 546.637
---------------------------------------------------------------------------------
Netlist sorting complete. Time (s): cpu = 00:00:00 ; elapsed = 00:00:00.001 . Memory (MB): peak = 1397.832 ; gain = 0.000
INFO: [Project 1-570] Preparing netlist for logic optimization

Processing XDC Constraints
Initializing timing engine
Parsing XDC File [D:/Facultate/Anul2/Anul2/Sem2/AC/Utility/Basys-3-Master.xdc]
Finished Parsing XDC File [D:/Facultate/Anul2/Anul2/Sem2/AC/Utility/Basys-3-Master.xdc]
INFO: [Project 1-236] Implementation specific constraints were found while reading constraint file [D:/Facultate/Anul2/Anul2/Sem2/AC/Utility/Basys-3-Master.xdc]. These constraints will be ignored for synthesis but will be used in implementation. Impacted constraints are listed in the file [.Xil/test_env_propImpl.xdc].
Resolution: To avoid this warning, move constraints listed in [.Xil/test_env_propImpl.xdc] to another XDC file and exclude this new file from synthesis with the used_in_synthesis property (File Properties dialog in GUI) and re-run elaboration/synthesis.
Completed Processing XDC Constraints

Netlist sorting complete. Time (s): cpu = 00:00:00 ; elapsed = 00:00:00 . Memory (MB): peak = 1433.992 ; gain = 0.000
INFO: [Project 1-111] Unisim Transformation Summary:
No Unisim elements were transformed.

The system cannot find the path specified.
Constraint Validation Runtime : Time (s): cpu = 00:00:00 ; elapsed = 00:00:00.002 . Memory (MB): peak = 1433.992 ; gain = 0.000
INFO: [Designutils 20-5440] No compile time benefit to using incremental synthesis; A full resynthesis will be run
INFO: [Designutils 20-4379] Flow is switching to default flow due to incremental criteria not met. If you would like to alter this behaviour and have the flow terminate instead, please set the following parameter config_implementation {autoIncr.Synth.RejectBehavior Terminate}
---------------------------------------------------------------------------------
Finished Constraint Validation : Time (s): cpu = 00:00:15 ; elapsed = 00:00:16 . Memory (MB): peak = 1433.992 ; gain = 582.797
---------------------------------------------------------------------------------
---------------------------------------------------------------------------------
Start Loading Part and Timing Information
---------------------------------------------------------------------------------
Loading part: xc7a35tcpg236-1
---------------------------------------------------------------------------------
Finished Loading Part and Timing Information : Time (s): cpu = 00:00:15 ; elapsed = 00:00:16 . Memory (MB): peak = 1433.992 ; gain = 582.797
---------------------------------------------------------------------------------
---------------------------------------------------------------------------------
Start Applying 'set_property' XDC Constraints
---------------------------------------------------------------------------------
---------------------------------------------------------------------------------
Finished applying 'set_property' XDC Constraints : Time (s): cpu = 00:00:15 ; elapsed = 00:00:16 . Memory (MB): peak = 1433.992 ; gain = 582.797
---------------------------------------------------------------------------------
---------------------------------------------------------------------------------
Finished RTL Optimization Phase 2 : Time (s): cpu = 00:00:15 ; elapsed = 00:00:16 . Memory (MB): peak = 1433.992 ; gain = 582.797
---------------------------------------------------------------------------------
---------------------------------------------------------------------------------
Start RTL Component Statistics 
---------------------------------------------------------------------------------
Detailed RTL Component Info : 
+---Adders : 
	   2 Input   16 Bit       Adders := 1     
	   2 Input    5 Bit       Adders := 1     
+---Registers : 
	               16 Bit    Registers := 2     
	                5 Bit    Registers := 1     
	                1 Bit    Registers := 6     
+---Muxes : 
	   4 Input    4 Bit        Muxes := 2     
---------------------------------------------------------------------------------
Finished RTL Component Statistics 
---------------------------------------------------------------------------------
---------------------------------------------------------------------------------
Start Part Resource Summary
---------------------------------------------------------------------------------
Part Resources:
DSPs: 90 (col length:60)
BRAMs: 100 (col length: RAMB18 60 RAMB36 30)
---------------------------------------------------------------------------------
Finished Part Resource Summary
---------------------------------------------------------------------------------
---------------------------------------------------------------------------------
Start Cross Boundary and Area Optimization
---------------------------------------------------------------------------------
WARNING: [Synth 8-7080] Parallel synthesis criteria is not met
---------------------------------------------------------------------------------
Finished Cross Boundary and Area Optimization : Time (s): cpu = 00:00:17 ; elapsed = 00:00:18 . Memory (MB): peak = 1433.992 ; gain = 582.797
---------------------------------------------------------------------------------
---------------------------------------------------------------------------------
Start ROM, RAM, DSP, Shift Register and Retiming Reporting
---------------------------------------------------------------------------------

Distributed RAM: Preliminary Mapping Report (see note below)
+------------+-------------------+-----------+----------------------+----------------+
|Module Name | RTL Object        | Inference | Size (Depth x Width) | Primitives     | 
+------------+-------------------+-----------+----------------------+----------------+
|test_env    | reg_file/regs_reg | Implied   | 8 x 16               | RAM16X1S x 16  | 
+------------+-------------------+-----------+----------------------+----------------+

Note: The table above is a preliminary report that shows the Distributed RAMs at the current stage of the synthesis flow. Some Distributed RAMs may be reimplemented as non Distributed RAM primitives later in the synthesis flow. Multiple instantiated RAMs are reported only once.
---------------------------------------------------------------------------------
Finished ROM, RAM, DSP, Shift Register and Retiming Reporting
---------------------------------------------------------------------------------
---------------------------------------------------------------------------------
Start Applying XDC Timing Constraints
---------------------------------------------------------------------------------
---------------------------------------------------------------------------------
Finished Applying XDC Timing Constraints : Time (s): cpu = 00:00:23 ; elapsed = 00:00:23 . Memory (MB): peak = 1433.992 ; gain = 582.797
---------------------------------------------------------------------------------
---------------------------------------------------------------------------------
Start Timing Optimization
---------------------------------------------------------------------------------
---------------------------------------------------------------------------------
Finished Timing Optimization : Time (s): cpu = 00:00:23 ; elapsed = 00:00:23 . Memory (MB): peak = 1433.992 ; gain = 582.797
---------------------------------------------------------------------------------
---------------------------------------------------------------------------------
Start ROM, RAM, DSP, Shift Register and Retiming Reporting
---------------------------------------------------------------------------------

Distributed RAM: Final Mapping Report
+------------+-------------------+-----------+----------------------+----------------+
|Module Name | RTL Object        | Inference | Size (Depth x Width) | Primitives     | 
+------------+-------------------+-----------+----------------------+----------------+
|test_env    | reg_file/regs_reg | Implied   | 8 x 16               | RAM16X1S x 16  | 
+------------+-------------------+-----------+----------------------+----------------+

---------------------------------------------------------------------------------
Finished ROM, RAM, DSP, Shift Register and Retiming Reporting
---------------------------------------------------------------------------------
---------------------------------------------------------------------------------
Start Technology Mapping
---------------------------------------------------------------------------------
---------------------------------------------------------------------------------
Finished Technology Mapping : Time (s): cpu = 00:00:23 ; elapsed = 00:00:23 . Memory (MB): peak = 1433.992 ; gain = 582.797
---------------------------------------------------------------------------------
---------------------------------------------------------------------------------
Start IO Insertion
---------------------------------------------------------------------------------
---------------------------------------------------------------------------------
Start Flattening Before IO Insertion
---------------------------------------------------------------------------------
---------------------------------------------------------------------------------
Finished Flattening Before IO Insertion
---------------------------------------------------------------------------------
---------------------------------------------------------------------------------
Start Final Netlist Cleanup
---------------------------------------------------------------------------------
---------------------------------------------------------------------------------
Finished Final Netlist Cleanup
---------------------------------------------------------------------------------
---------------------------------------------------------------------------------
Finished IO Insertion : Time (s): cpu = 00:00:28 ; elapsed = 00:00:28 . Memory (MB): peak = 1433.992 ; gain = 582.797
---------------------------------------------------------------------------------
---------------------------------------------------------------------------------
Start Renaming Generated Instances
---------------------------------------------------------------------------------
---------------------------------------------------------------------------------
Finished Renaming Generated Instances : Time (s): cpu = 00:00:28 ; elapsed = 00:00:28 . Memory (MB): peak = 1433.992 ; gain = 582.797
---------------------------------------------------------------------------------
---------------------------------------------------------------------------------
Start Rebuilding User Hierarchy
---------------------------------------------------------------------------------
---------------------------------------------------------------------------------
Finished Rebuilding User Hierarchy : Time (s): cpu = 00:00:28 ; elapsed = 00:00:28 . Memory (MB): peak = 1433.992 ; gain = 582.797
---------------------------------------------------------------------------------
---------------------------------------------------------------------------------
Start Renaming Generated Ports
---------------------------------------------------------------------------------
---------------------------------------------------------------------------------
Finished Renaming Generated Ports : Time (s): cpu = 00:00:28 ; elapsed = 00:00:28 . Memory (MB): peak = 1433.992 ; gain = 582.797
---------------------------------------------------------------------------------
---------------------------------------------------------------------------------
Start Handling Custom Attributes
---------------------------------------------------------------------------------
---------------------------------------------------------------------------------
Finished Handling Custom Attributes : Time (s): cpu = 00:00:28 ; elapsed = 00:00:28 . Memory (MB): peak = 1433.992 ; gain = 582.797
---------------------------------------------------------------------------------
---------------------------------------------------------------------------------
Start Renaming Generated Nets
---------------------------------------------------------------------------------
---------------------------------------------------------------------------------
Finished Renaming Generated Nets : Time (s): cpu = 00:00:28 ; elapsed = 00:00:28 . Memory (MB): peak = 1433.992 ; gain = 582.797
---------------------------------------------------------------------------------
---------------------------------------------------------------------------------
Start Writing Synthesis Report
---------------------------------------------------------------------------------

Report BlackBoxes: 
+-+--------------+----------+
| |BlackBox name |Instances |
+-+--------------+----------+
+-+--------------+----------+

Report Cell Usage: 
+------+---------+------+
|      |Cell     |Count |
+------+---------+------+
|1     |BUFG     |     1|
|2     |CARRY4   |    10|
|3     |LUT1     |     3|
|4     |LUT2     |     7|
|5     |LUT3     |     1|
|6     |LUT4     |    11|
|7     |LUT5     |     4|
|8     |LUT6     |     3|
|9     |RAM16X1S |    15|
|10    |FDCE     |     5|
|11    |FDRE     |    70|
|12    |IBUF     |     4|
|13    |OBUF     |    16|
+------+---------+------+
---------------------------------------------------------------------------------
Finished Writing Synthesis Report : Time (s): cpu = 00:00:28 ; elapsed = 00:00:28 . Memory (MB): peak = 1433.992 ; gain = 582.797
---------------------------------------------------------------------------------
Synthesis finished with 0 errors, 0 critical warnings and 1 warnings.
Synthesis Optimization Runtime : Time (s): cpu = 00:00:19 ; elapsed = 00:00:26 . Memory (MB): peak = 1433.992 ; gain = 546.637
Synthesis Optimization Complete : Time (s): cpu = 00:00:28 ; elapsed = 00:00:28 . Memory (MB): peak = 1433.992 ; gain = 582.797
INFO: [Project 1-571] Translating synthesized netlist
Netlist sorting complete. Time (s): cpu = 00:00:00 ; elapsed = 00:00:00.001 . Memory (MB): peak = 1433.992 ; gain = 0.000
INFO: [Netlist 29-17] Analyzing 25 Unisim elements for replacement
INFO: [Netlist 29-28] Unisim Transformation completed in 0 CPU seconds
INFO: [Project 1-570] Preparing netlist for logic optimization
INFO: [Opt 31-138] Pushed 0 inverter(s) to 0 load pin(s).
Netlist sorting complete. Time (s): cpu = 00:00:00 ; elapsed = 00:00:00 . Memory (MB): peak = 1433.992 ; gain = 0.000
INFO: [Project 1-111] Unisim Transformation Summary:
  A total of 15 instances were transformed.
  RAM16X1S => RAM32X1S (RAMS32): 15 instances

The system cannot find the path specified.
Synth Design complete | Checksum: 741c8e71
INFO: [Common 17-83] Releasing license: Synthesis
35 Infos, 11 Warnings, 0 Critical Warnings and 0 Errors encountered.
synth_design completed successfully
synth_design: Time (s): cpu = 00:00:32 ; elapsed = 00:00:34 . Memory (MB): peak = 1433.992 ; gain = 974.699
Write ShapeDB Complete: Time (s): cpu = 00:00:00 ; elapsed = 00:00:00.001 . Memory (MB): peak = 1433.992 ; gain = 0.000
INFO: [Common 17-1381] The checkpoint 'D:/Facultate/Anul2/Anul2/Sem2/AC/project_2/project_2.runs/synth_1/test_env.dcp' has been generated.
INFO: [runtcl-4] Executing : report_utilization -file test_env_utilization_synth.rpt -pb test_env_utilization_synth.pb
INFO: [Common 17-206] Exiting Vivado at Sat Mar 22 12:47:36 2025...
