Clock: 0
Waiting clients: [(1, 2, 2), (2, 3, 4), (3, 2, 3), (4, 2, 2), (5, 2, 3), (6, 2, 3), (7, 2, 4), (8, 2, 2), (9, 3, 2), (10, 2, 2)]
Queue 0:empty
Queue 1:empty
Queue 2:empty

Clock: 1
Waiting clients: [(1, 2, 2), (2, 3, 4), (3, 2, 3), (4, 2, 2), (5, 2, 3), (6, 2, 3), (7, 2, 4), (8, 2, 2), (9, 3, 2), (10, 2, 2)]
Queue 0:empty
Queue 1:empty
Queue 2:empty

Clock: 2
Waiting clients: [(2, 3, 4), (9, 3, 2)]
Queue 0:[(1, 2, 2), (5, 2, 3), (8, 2, 2)]
Queue 1:[(3, 2, 3), (6, 2, 3), (10, 2, 2)]
Queue 2:[(4, 2, 2), (7, 2, 4)]

Clock: 3
Waiting clients: []
Queue 0:[(1, 2, 1), (5, 2, 3), (8, 2, 2), (9, 3, 2)]
Queue 1:[(3, 2, 2), (6, 2, 3), (10, 2, 2)]
Queue 2:[(4, 2, 1), (7, 2, 4), (2, 3, 4)]

Clock: 4
Waiting clients: []
Queue 0:[(5, 2, 3), (8, 2, 2), (9, 3, 2)]
Queue 1:[(3, 2, 1), (6, 2, 3), (10, 2, 2)]
Queue 2:[(7, 2, 4), (2, 3, 4)]

Clock: 5
Waiting clients: []
Queue 0:[(5, 2, 2), (8, 2, 2), (9, 3, 2)]
Queue 1:[(6, 2, 3), (10, 2, 2)]
Queue 2:[(7, 2, 3), (2, 3, 4)]

Clock: 6
Waiting clients: []
Queue 0:[(5, 2, 1), (8, 2, 2), (9, 3, 2)]
Queue 1:[(6, 2, 2), (10, 2, 2)]
Queue 2:[(7, 2, 2), (2, 3, 4)]

Clock: 7
Waiting clients: []
Queue 0:[(8, 2, 2), (9, 3, 2)]
Queue 1:[(6, 2, 1), (10, 2, 2)]
Queue 2:[(7, 2, 1), (2, 3, 4)]

Clock: 8
Waiting clients: []
Queue 0:[(8, 2, 1), (9, 3, 2)]
Queue 1:[(10, 2, 2)]
Queue 2:[(2, 3, 4)]

Clock: 9
Waiting clients: []
Queue 0:[(9, 3, 2)]
Queue 1:[(10, 2, 1)]
Queue 2:[(2, 3, 3)]

Clock: 10
Waiting clients: []
Queue 0:[(9, 3, 1)]
Queue 1:empty
Queue 2:[(2, 3, 2)]

Average waiting time: 2.20
AverageServiceTime: 2.70
Peak hour: 3

