Clock: 0
Waiting clients: [(1, 3, 4), (2, 3, 3), (3, 3, 4), (4, 3, 3), (5, 4, 4), (6, 3, 3), (7, 3, 3), (8, 3, 3), (9, 3, 2), (10, 4, 4), (11, 3, 4), (12, 4, 2)]
Queue 0:empty
Queue 1:empty
Queue 2:empty

Clock: 1
Waiting clients: [(1, 3, 4), (2, 3, 3), (3, 3, 4), (4, 3, 3), (5, 4, 4), (6, 3, 3), (7, 3, 3), (8, 3, 3), (9, 3, 2), (10, 4, 4), (11, 3, 4), (12, 4, 2)]
Queue 0:empty
Queue 1:empty
Queue 2:empty

Clock: 2
Waiting clients: [(1, 3, 4), (2, 3, 3), (3, 3, 4), (4, 3, 3), (5, 4, 4), (6, 3, 3), (7, 3, 3), (8, 3, 3), (9, 3, 2), (10, 4, 4), (11, 3, 4), (12, 4, 2)]
Queue 0:empty
Queue 1:empty
Queue 2:empty

Clock: 3
Waiting clients: [(5, 4, 4), (10, 4, 4), (12, 4, 2)]
Queue 0:[(1, 3, 4), (4, 3, 3), (8, 3, 3)]
Queue 1:[(2, 3, 3), (6, 3, 3), (9, 3, 2)]
Queue 2:[(3, 3, 4), (7, 3, 3), (11, 3, 4)]

Clock: 4
Waiting clients: []
Queue 0:[(1, 3, 3), (4, 3, 3), (8, 3, 3), (5, 4, 4)]
Queue 1:[(2, 3, 2), (6, 3, 3), (9, 3, 2), (10, 4, 4)]
Queue 2:[(3, 3, 3), (7, 3, 3), (11, 3, 4), (12, 4, 2)]

Clock: 5
Waiting clients: []
Queue 0:[(1, 3, 2), (4, 3, 3), (8, 3, 3), (5, 4, 4)]
Queue 1:[(2, 3, 1), (6, 3, 3), (9, 3, 2), (10, 4, 4)]
Queue 2:[(3, 3, 2), (7, 3, 3), (11, 3, 4), (12, 4, 2)]

Clock: 6
Waiting clients: []
Queue 0:[(1, 3, 1), (4, 3, 3), (8, 3, 3), (5, 4, 4)]
Queue 1:[(6, 3, 3), (9, 3, 2), (10, 4, 4)]
Queue 2:[(3, 3, 1), (7, 3, 3), (11, 3, 4), (12, 4, 2)]

Clock: 7
Waiting clients: []
Queue 0:[(4, 3, 3), (8, 3, 3), (5, 4, 4)]
Queue 1:[(6, 3, 2), (9, 3, 2), (10, 4, 4)]
Queue 2:[(7, 3, 3), (11, 3, 4), (12, 4, 2)]

Clock: 8
Waiting clients: []
Queue 0:[(4, 3, 2), (8, 3, 3), (5, 4, 4)]
Queue 1:[(6, 3, 1), (9, 3, 2), (10, 4, 4)]
Queue 2:[(7, 3, 2), (11, 3, 4), (12, 4, 2)]

Clock: 9
Waiting clients: []
Queue 0:[(4, 3, 1), (8, 3, 3), (5, 4, 4)]
Queue 1:[(9, 3, 2), (10, 4, 4)]
Queue 2:[(7, 3, 1), (11, 3, 4), (12, 4, 2)]

Clock: 10
Waiting clients: []
Queue 0:[(8, 3, 3), (5, 4, 4)]
Queue 1:[(9, 3, 1), (10, 4, 4)]
Queue 2:[(11, 3, 4), (12, 4, 2)]

Clock: 11
Waiting clients: []
Queue 0:[(8, 3, 2), (5, 4, 4)]
Queue 1:[(10, 4, 4)]
Queue 2:[(11, 3, 3), (12, 4, 2)]

Clock: 12
Waiting clients: []
Queue 0:[(8, 3, 1), (5, 4, 4)]
Queue 1:[(10, 4, 3)]
Queue 2:[(11, 3, 2), (12, 4, 2)]

Clock: 13
Waiting clients: []
Queue 0:[(5, 4, 4)]
Queue 1:[(10, 4, 2)]
Queue 2:[(11, 3, 1), (12, 4, 2)]

