Clock: 0
Waiting clients: [(1, 7, 9), (2, 9, 9), (3, 7, 6), (4, 7, 8), (5, 7, 5), (6, 5, 5), (7, 6, 7), (8, 8, 6), (9, 5, 7), (10, 6, 6), (11, 7, 4), (12, 6, 7), (13, 6, 5), (14, 8, 6), (15, 8, 6), (16, 5, 9), (17, 8, 5), (18, 7, 6), (19, 6, 9), (20, 7, 6)]
Queue 0:empty
Queue 1:empty
Queue 2:empty

Clock: 1
Waiting clients: [(1, 7, 9), (2, 9, 9), (3, 7, 6), (4, 7, 8), (5, 7, 5), (6, 5, 5), (7, 6, 7), (8, 8, 6), (9, 5, 7), (10, 6, 6), (11, 7, 4), (12, 6, 7), (13, 6, 5), (14, 8, 6), (15, 8, 6), (16, 5, 9), (17, 8, 5), (18, 7, 6), (19, 6, 9), (20, 7, 6)]
Queue 0:empty
Queue 1:empty
Queue 2:empty

Clock: 2
Waiting clients: [(1, 7, 9), (2, 9, 9), (3, 7, 6), (4, 7, 8), (5, 7, 5), (6, 5, 5), (7, 6, 7), (8, 8, 6), (9, 5, 7), (10, 6, 6), (11, 7, 4), (12, 6, 7), (13, 6, 5), (14, 8, 6), (15, 8, 6), (16, 5, 9), (17, 8, 5), (18, 7, 6), (19, 6, 9), (20, 7, 6)]
Queue 0:empty
Queue 1:empty
Queue 2:empty

Clock: 3
Waiting clients: [(1, 7, 9), (2, 9, 9), (3, 7, 6), (4, 7, 8), (5, 7, 5), (6, 5, 5), (7, 6, 7), (8, 8, 6), (9, 5, 7), (10, 6, 6), (11, 7, 4), (12, 6, 7), (13, 6, 5), (14, 8, 6), (15, 8, 6), (16, 5, 9), (17, 8, 5), (18, 7, 6), (19, 6, 9), (20, 7, 6)]
Queue 0:empty
Queue 1:empty
Queue 2:empty

Clock: 4
Waiting clients: [(1, 7, 9), (2, 9, 9), (3, 7, 6), (4, 7, 8), (5, 7, 5), (6, 5, 5), (7, 6, 7), (8, 8, 6), (9, 5, 7), (10, 6, 6), (11, 7, 4), (12, 6, 7), (13, 6, 5), (14, 8, 6), (15, 8, 6), (16, 5, 9), (17, 8, 5), (18, 7, 6), (19, 6, 9), (20, 7, 6)]
Queue 0:empty
Queue 1:empty
Queue 2:empty

Clock: 5
Waiting clients: [(1, 7, 9), (2, 9, 9), (3, 7, 6), (4, 7, 8), (5, 7, 5), (7, 6, 7), (8, 8, 6), (10, 6, 6), (11, 7, 4), (12, 6, 7), (13, 6, 5), (14, 8, 6), (15, 8, 6), (17, 8, 5), (18, 7, 6), (19, 6, 9), (20, 7, 6)]
Queue 0:[(6, 5, 5)]
Queue 1:[(9, 5, 7)]
Queue 2:[(16, 5, 9)]

Clock: 6
Waiting clients: [(1, 7, 9), (2, 9, 9), (3, 7, 6), (4, 7, 8), (5, 7, 5), (8, 8, 6), (11, 7, 4), (14, 8, 6), (15, 8, 6), (17, 8, 5), (18, 7, 6), (20, 7, 6)]
Queue 0:[(6, 5, 4), (7, 6, 7), (13, 6, 5)]
Queue 1:[(9, 5, 6), (10, 6, 6), (19, 6, 9)]
Queue 2:[(16, 5, 8), (12, 6, 7)]

Clock: 7
Waiting clients: [(2, 9, 9), (8, 8, 6), (14, 8, 6), (15, 8, 6), (17, 8, 5)]
Queue 0:[(6, 5, 3), (7, 6, 7), (13, 6, 5), (3, 7, 6), (11, 7, 4)]
Queue 1:[(9, 5, 5), (10, 6, 6), (19, 6, 9), (4, 7, 8), (18, 7, 6)]
Queue 2:[(16, 5, 7), (12, 6, 7), (1, 7, 9), (5, 7, 5), (20, 7, 6)]

Clock: 8
Waiting clients: [(2, 9, 9)]
Queue 0:[(6, 5, 2), (7, 6, 7), (13, 6, 5), (3, 7, 6), (11, 7, 4), (8, 8, 6), (17, 8, 5)]
Queue 1:[(9, 5, 4), (10, 6, 6), (19, 6, 9), (4, 7, 8), (18, 7, 6), (14, 8, 6)]
Queue 2:[(16, 5, 6), (12, 6, 7), (1, 7, 9), (5, 7, 5), (20, 7, 6), (15, 8, 6)]

Clock: 9
Waiting clients: []
Queue 0:[(6, 5, 1), (7, 6, 7), (13, 6, 5), (3, 7, 6), (11, 7, 4), (8, 8, 6), (17, 8, 5)]
Queue 1:[(9, 5, 3), (10, 6, 6), (19, 6, 9), (4, 7, 8), (18, 7, 6), (14, 8, 6), (2, 9, 9)]
Queue 2:[(16, 5, 5), (12, 6, 7), (1, 7, 9), (5, 7, 5), (20, 7, 6), (15, 8, 6)]

Clock: 10
Waiting clients: []
Queue 0:[(7, 6, 7), (13, 6, 5), (3, 7, 6), (11, 7, 4), (8, 8, 6), (17, 8, 5)]
Queue 1:[(9, 5, 2), (10, 6, 6), (19, 6, 9), (4, 7, 8), (18, 7, 6), (14, 8, 6), (2, 9, 9)]
Queue 2:[(16, 5, 4), (12, 6, 7), (1, 7, 9), (5, 7, 5), (20, 7, 6), (15, 8, 6)]

Clock: 11
Waiting clients: []
Queue 0:[(7, 6, 6), (13, 6, 5), (3, 7, 6), (11, 7, 4), (8, 8, 6), (17, 8, 5)]
Queue 1:[(9, 5, 1), (10, 6, 6), (19, 6, 9), (4, 7, 8), (18, 7, 6), (14, 8, 6), (2, 9, 9)]
Queue 2:[(16, 5, 3), (12, 6, 7), (1, 7, 9), (5, 7, 5), (20, 7, 6), (15, 8, 6)]

Clock: 12
Waiting clients: []
Queue 0:[(7, 6, 5), (13, 6, 5), (3, 7, 6), (11, 7, 4), (8, 8, 6), (17, 8, 5)]
Queue 1:[(10, 6, 6), (19, 6, 9), (4, 7, 8), (18, 7, 6), (14, 8, 6), (2, 9, 9)]
Queue 2:[(16, 5, 2), (12, 6, 7), (1, 7, 9), (5, 7, 5), (20, 7, 6), (15, 8, 6)]

Clock: 13
Waiting clients: []
Queue 0:[(7, 6, 4), (13, 6, 5), (3, 7, 6), (11, 7, 4), (8, 8, 6), (17, 8, 5)]
Queue 1:[(10, 6, 5), (19, 6, 9), (4, 7, 8), (18, 7, 6), (14, 8, 6), (2, 9, 9)]
Queue 2:[(16, 5, 1), (12, 6, 7), (1, 7, 9), (5, 7, 5), (20, 7, 6), (15, 8, 6)]

Clock: 14
Waiting clients: []
Queue 0:[(7, 6, 3), (13, 6, 5), (3, 7, 6), (11, 7, 4), (8, 8, 6), (17, 8, 5)]
Queue 1:[(10, 6, 4), (19, 6, 9), (4, 7, 8), (18, 7, 6), (14, 8, 6), (2, 9, 9)]
Queue 2:[(12, 6, 7), (1, 7, 9), (5, 7, 5), (20, 7, 6), (15, 8, 6)]

Clock: 15
Waiting clients: []
Queue 0:[(7, 6, 2), (13, 6, 5), (3, 7, 6), (11, 7, 4), (8, 8, 6), (17, 8, 5)]
Queue 1:[(10, 6, 3), (19, 6, 9), (4, 7, 8), (18, 7, 6), (14, 8, 6), (2, 9, 9)]
Queue 2:[(12, 6, 6), (1, 7, 9), (5, 7, 5), (20, 7, 6), (15, 8, 6)]

Clock: 16
Waiting clients: []
Queue 0:[(7, 6, 1), (13, 6, 5), (3, 7, 6), (11, 7, 4), (8, 8, 6), (17, 8, 5)]
Queue 1:[(10, 6, 2), (19, 6, 9), (4, 7, 8), (18, 7, 6), (14, 8, 6), (2, 9, 9)]
Queue 2:[(12, 6, 5), (1, 7, 9), (5, 7, 5), (20, 7, 6), (15, 8, 6)]

Clock: 17
Waiting clients: []
Queue 0:[(13, 6, 5), (3, 7, 6), (11, 7, 4), (8, 8, 6), (17, 8, 5)]
Queue 1:[(10, 6, 1), (19, 6, 9), (4, 7, 8), (18, 7, 6), (14, 8, 6), (2, 9, 9)]
Queue 2:[(12, 6, 4), (1, 7, 9), (5, 7, 5), (20, 7, 6), (15, 8, 6)]

Clock: 18
Waiting clients: []
Queue 0:[(13, 6, 4), (3, 7, 6), (11, 7, 4), (8, 8, 6), (17, 8, 5)]
Queue 1:[(19, 6, 9), (4, 7, 8), (18, 7, 6), (14, 8, 6), (2, 9, 9)]
Queue 2:[(12, 6, 3), (1, 7, 9), (5, 7, 5), (20, 7, 6), (15, 8, 6)]

Clock: 19
Waiting clients: []
Queue 0:[(13, 6, 3), (3, 7, 6), (11, 7, 4), (8, 8, 6), (17, 8, 5)]
Queue 1:[(19, 6, 8), (4, 7, 8), (18, 7, 6), (14, 8, 6), (2, 9, 9)]
Queue 2:[(12, 6, 2), (1, 7, 9), (5, 7, 5), (20, 7, 6), (15, 8, 6)]

Clock: 20
Waiting clients: []
Queue 0:[(13, 6, 2), (3, 7, 6), (11, 7, 4), (8, 8, 6), (17, 8, 5)]
Queue 1:[(19, 6, 7), (4, 7, 8), (18, 7, 6), (14, 8, 6), (2, 9, 9)]
Queue 2:[(12, 6, 1), (1, 7, 9), (5, 7, 5), (20, 7, 6), (15, 8, 6)]

Clock: 21
Waiting clients: []
Queue 0:[(13, 6, 1), (3, 7, 6), (11, 7, 4), (8, 8, 6), (17, 8, 5)]
Queue 1:[(19, 6, 6), (4, 7, 8), (18, 7, 6), (14, 8, 6), (2, 9, 9)]
Queue 2:[(1, 7, 9), (5, 7, 5), (20, 7, 6), (15, 8, 6)]

Clock: 22
Waiting clients: []
Queue 0:[(3, 7, 6), (11, 7, 4), (8, 8, 6), (17, 8, 5)]
Queue 1:[(19, 6, 5), (4, 7, 8), (18, 7, 6), (14, 8, 6), (2, 9, 9)]
Queue 2:[(1, 7, 8), (5, 7, 5), (20, 7, 6), (15, 8, 6)]

Clock: 23
Waiting clients: []
Queue 0:[(3, 7, 5), (11, 7, 4), (8, 8, 6), (17, 8, 5)]
Queue 1:[(19, 6, 4), (4, 7, 8), (18, 7, 6), (14, 8, 6), (2, 9, 9)]
Queue 2:[(1, 7, 7), (5, 7, 5), (20, 7, 6), (15, 8, 6)]

Clock: 24
Waiting clients: []
Queue 0:[(3, 7, 4), (11, 7, 4), (8, 8, 6), (17, 8, 5)]
Queue 1:[(19, 6, 3), (4, 7, 8), (18, 7, 6), (14, 8, 6), (2, 9, 9)]
Queue 2:[(1, 7, 6), (5, 7, 5), (20, 7, 6), (15, 8, 6)]

