
*** Running vivado
    with args -log test_env.vds -m64 -product Vivado -mode batch -messageDb vivado.pb -notrace -source test_env.tcl


ECHO is off.
ECHO is off.

****** Vivado v2023.2 (64-bit)
  **** SW Build 4029153 on Fri Oct 13 20:14:34 MDT 2023
  **** IP Build 4028589 on Sat Oct 14 00:45:43 MDT 2023
  **** SharedData Build 4025554 on Tue Oct 10 17:18:54 MDT 2023
    ** Copyright 1986-2022 Xilinx, Inc. All Rights Reserved.
    ** Copyright 2022-2023 Advanced Micro Devices, Inc. All Rights Reserved.

source test_env.tcl -notrace
create_project: Time (s): cpu = 00:00:06 ; elapsed = 00:00:07 . Memory (MB): peak = 455.699 ; gain = 182.934
Command: read_checkpoint -auto_incremental -incremental D:/Facultate/Anul2/Anul2/Sem2/AC/project_1/project_1.srcs/utils_1/imports/synth_1/test_env.dcp
INFO: [Vivado 12-5825] Read reference checkpoint from D:/Facultate/Anul2/Anul2/Sem2/AC/project_1/project_1.srcs/utils_1/imports/synth_1/test_env.dcp for incremental synthesis
INFO: [Vivado 12-7989] Please ensure there are no constraint changes
Command: synth_design -top test_env -part xc7a35tcpg236-1
Starting synth_design
Attempting to get a license for feature 'Synthesis' and/or device 'xc7a35t'
INFO: [Common 17-349] Got license for feature 'Synthesis' and/or device 'xc7a35t'
INFO: [Device 21-403] Loading part xc7a35tcpg236-1
INFO: [Designutils 20-5440] No compile time benefit to using incremental synthesis; A full resynthesis will be run
INFO: [Designutils 20-4379] Flow is switching to default flow due to incremental criteria not met. If you would like to alter this behaviour and have the flow terminate instead, please set the following parameter config_implementation {autoIncr.Synth.RejectBehavior Terminate}
INFO: [Synth 8-7079] Multithreading enabled for synth_design using a maximum of 2 processes.
INFO: [Synth 8-7078] Launching helper process for spawning children vivado processes
INFO: [Synth 8-7075] Helper process launched with PID 20372
---------------------------------------------------------------------------------
Starting RTL Elaboration : Time (s): cpu = 00:00:06 ; elapsed = 00:00:06 . Memory (MB): peak = 1292.145 ; gain = 441.566
---------------------------------------------------------------------------------
INFO: [Synth 8-638] synthesizing module 'test_env' [D:/Facultate/Anul2/Anul2/Sem2/AC/Lab1/test_env.vhd:44]
INFO: [Synth 8-3491] module 'MPG' declared at 'D:/Facultate/Anul2/Anul2/Sem2/AC/Lab1/MPG.vhd:14' bound to instance 'MonoPulseGenerator' of component 'MPG' [D:/Facultate/Anul2/Anul2/Sem2/AC/Lab1/test_env.vhd:70]
INFO: [Synth 8-638] synthesizing module 'MPG' [D:/Facultate/Anul2/Anul2/Sem2/AC/Lab1/MPG.vhd:20]
INFO: [Synth 8-256] done synthesizing module 'MPG' (0#1) [D:/Facultate/Anul2/Anul2/Sem2/AC/Lab1/MPG.vhd:20]
INFO: [Synth 8-3491] module 'SSD' declared at 'D:/Facultate/Anul2/Anul2/Sem2/AC/project_1/project_1.srcs/sources_1/new/SSD.vhd:35' bound to instance 'SevenSegmentDisplay' of component 'SSD' [D:/Facultate/Anul2/Anul2/Sem2/AC/Lab1/test_env.vhd:76]
INFO: [Synth 8-638] synthesizing module 'SSD' [D:/Facultate/Anul2/Anul2/Sem2/AC/project_1/project_1.srcs/sources_1/new/SSD.vhd:42]
INFO: [Synth 8-226] default block is never used [D:/Facultate/Anul2/Anul2/Sem2/AC/project_1/project_1.srcs/sources_1/new/SSD.vhd:57]
INFO: [Synth 8-226] default block is never used [D:/Facultate/Anul2/Anul2/Sem2/AC/project_1/project_1.srcs/sources_1/new/SSD.vhd:73]
WARNING: [Synth 8-614] signal 'digits' is read in the process but is not in the sensitivity list [D:/Facultate/Anul2/Anul2/Sem2/AC/project_1/project_1.srcs/sources_1/new/SSD.vhd:71]
INFO: [Synth 8-256] done synthesizing module 'SSD' (0#1) [D:/Facultate/Anul2/Anul2/Sem2/AC/project_1/project_1.srcs/sources_1/new/SSD.vhd:42]
WARNING: [Synth 8-614] signal 'switches' is read in the process but is not in the sensitivity list [D:/Facultate/Anul2/Anul2/Sem2/AC/Lab1/test_env.vhd:98]
WARNING: [Synth 8-614] signal 's_sw_A' is read in the process but is not in the sensitivity list [D:/Facultate/Anul2/Anul2/Sem2/AC/Lab1/test_env.vhd:98]
WARNING: [Synth 8-614] signal 's_sw_B' is read in the process but is not in the sensitivity list [D:/Facultate/Anul2/Anul2/Sem2/AC/Lab1/test_env.vhd:98]
WARNING: [Synth 8-614] signal 's_sw_C' is read in the process but is not in the sensitivity list [D:/Facultate/Anul2/Anul2/Sem2/AC/Lab1/test_env.vhd:98]
INFO: [Synth 8-256] done synthesizing module 'test_env' (0#1) [D:/Facultate/Anul2/Anul2/Sem2/AC/Lab1/test_env.vhd:44]
WARNING: [Synth 8-7129] Port btn[4] in module test_env is either unconnected or has no load
WARNING: [Synth 8-7129] Port btn[3] in module test_env is either unconnected or has no load
WARNING: [Synth 8-7129] Port btn[2] in module test_env is either unconnected or has no load
WARNING: [Synth 8-7129] Port btn[1] in module test_env is either unconnected or has no load
WARNING: [Synth 8-7129] Port switches[15] in module test_env is either unconnected or has no load
WARNING: [Synth 8-7129] Port switches[14] in module test_env is either unconnected or has no load
WARNING: [Synth 8-7129] Port switches[13] in module test_env is either unconnected or has no load
WARNING: [Synth 8-7129] Port switches[12] in module test_env is either unconnected or has no load
WARNING: [Synth 8-7129] Port switches[11] in module test_env is either unconnected or has no load
WARNING: [Synth 8-7129] Port switches[10] in module test_env is either unconnected or has no load
WARNING: [Synth 8-7129] Port switches[9] in module test_env is either unconnected or has no load
WARNING: [Synth 8-7129] Port switches[8] in module test_env is either unconnected or has no load
---------------------------------------------------------------------------------
Finished RTL Elaboration : Time (s): cpu = 00:00:07 ; elapsed = 00:00:08 . Memory (MB): peak = 1398.320 ; gain = 547.742
---------------------------------------------------------------------------------
---------------------------------------------------------------------------------
Start Handling Custom Attributes
---------------------------------------------------------------------------------
---------------------------------------------------------------------------------
Finished Handling Custom Attributes : Time (s): cpu = 00:00:07 ; elapsed = 00:00:08 . Memory (MB): peak = 1398.320 ; gain = 547.742
---------------------------------------------------------------------------------
---------------------------------------------------------------------------------
Finished RTL Optimization Phase 1 : Time (s): cpu = 00:00:07 ; elapsed = 00:00:08 . Memory (MB): peak = 1398.320 ; gain = 547.742
---------------------------------------------------------------------------------
Netlist sorting complete. Time (s): cpu = 00:00:00 ; elapsed = 00:00:00.001 . Memory (MB): peak = 1398.320 ; gain = 0.000
INFO: [Project 1-570] Preparing netlist for logic optimization

Processing XDC Constraints
Initializing timing engine
Parsing XDC File [D:/Facultate/Anul2/Anul2/Sem2/AC/Utility/Basys-3-Master.xdc]
Finished Parsing XDC File [D:/Facultate/Anul2/Anul2/Sem2/AC/Utility/Basys-3-Master.xdc]
INFO: [Project 1-236] Implementation specific constraints were found while reading constraint file [D:/Facultate/Anul2/Anul2/Sem2/AC/Utility/Basys-3-Master.xdc]. These constraints will be ignored for synthesis but will be used in implementation. Impacted constraints are listed in the file [.Xil/test_env_propImpl.xdc].
Resolution: To avoid this warning, move constraints listed in [.Xil/test_env_propImpl.xdc] to another XDC file and exclude this new file from synthesis with the used_in_synthesis property (File Properties dialog in GUI) and re-run elaboration/synthesis.
Completed Processing XDC Constraints

Netlist sorting complete. Time (s): cpu = 00:00:00 ; elapsed = 00:00:00 . Memory (MB): peak = 1438.367 ; gain = 0.000
INFO: [Project 1-111] Unisim Transformation Summary:
No Unisim elements were transformed.

The system cannot find the path specified.
Constraint Validation Runtime : Time (s): cpu = 00:00:00 ; elapsed = 00:00:00.002 . Memory (MB): peak = 1438.367 ; gain = 0.000
INFO: [Designutils 20-5440] No compile time benefit to using incremental synthesis; A full resynthesis will be run
INFO: [Designutils 20-4379] Flow is switching to default flow due to incremental criteria not met. If you would like to alter this behaviour and have the flow terminate instead, please set the following parameter config_implementation {autoIncr.Synth.RejectBehavior Terminate}
---------------------------------------------------------------------------------
Finished Constraint Validation : Time (s): cpu = 00:00:16 ; elapsed = 00:00:16 . Memory (MB): peak = 1438.367 ; gain = 587.789
---------------------------------------------------------------------------------
---------------------------------------------------------------------------------
Start Loading Part and Timing Information
---------------------------------------------------------------------------------
Loading part: xc7a35tcpg236-1
---------------------------------------------------------------------------------
Finished Loading Part and Timing Information : Time (s): cpu = 00:00:16 ; elapsed = 00:00:16 . Memory (MB): peak = 1438.367 ; gain = 587.789
---------------------------------------------------------------------------------
---------------------------------------------------------------------------------
Start Applying 'set_property' XDC Constraints
---------------------------------------------------------------------------------
---------------------------------------------------------------------------------
Finished applying 'set_property' XDC Constraints : Time (s): cpu = 00:00:16 ; elapsed = 00:00:16 . Memory (MB): peak = 1438.367 ; gain = 587.789
---------------------------------------------------------------------------------
WARNING: [Synth 8-327] inferring latch for variable 's_sw_C_reg' [D:/Facultate/Anul2/Anul2/Sem2/AC/Lab1/test_env.vhd:110]
WARNING: [Synth 8-327] inferring latch for variable 's_sw_A_reg' [D:/Facultate/Anul2/Anul2/Sem2/AC/Lab1/test_env.vhd:102]
WARNING: [Synth 8-327] inferring latch for variable 's_sw_B_reg' [D:/Facultate/Anul2/Anul2/Sem2/AC/Lab1/test_env.vhd:103]
---------------------------------------------------------------------------------
Finished RTL Optimization Phase 2 : Time (s): cpu = 00:00:16 ; elapsed = 00:00:17 . Memory (MB): peak = 1438.367 ; gain = 587.789
---------------------------------------------------------------------------------
---------------------------------------------------------------------------------
Start RTL Component Statistics 
---------------------------------------------------------------------------------
Detailed RTL Component Info : 
+---Adders : 
	   3 Input   16 Bit       Adders := 1     
	   2 Input    2 Bit       Adders := 1     
+---Registers : 
	                2 Bit    Registers := 1     
	                1 Bit    Registers := 3     
+---Muxes : 
	   4 Input   16 Bit        Muxes := 2     
	   4 Input    4 Bit        Muxes := 2     
	   2 Input    2 Bit        Muxes := 1     
	   4 Input    1 Bit        Muxes := 1     
---------------------------------------------------------------------------------
Finished RTL Component Statistics 
---------------------------------------------------------------------------------
---------------------------------------------------------------------------------
Start Part Resource Summary
---------------------------------------------------------------------------------
Part Resources:
DSPs: 90 (col length:60)
BRAMs: 100 (col length: RAMB18 60 RAMB36 30)
---------------------------------------------------------------------------------
Finished Part Resource Summary
---------------------------------------------------------------------------------
---------------------------------------------------------------------------------
Start Cross Boundary and Area Optimization
---------------------------------------------------------------------------------
WARNING: [Synth 8-7080] Parallel synthesis criteria is not met
WARNING: [Synth 8-7129] Port btn[4] in module test_env is either unconnected or has no load
WARNING: [Synth 8-7129] Port btn[3] in module test_env is either unconnected or has no load
WARNING: [Synth 8-7129] Port btn[2] in module test_env is either unconnected or has no load
WARNING: [Synth 8-7129] Port btn[1] in module test_env is either unconnected or has no load
WARNING: [Synth 8-7129] Port switches[15] in module test_env is either unconnected or has no load
WARNING: [Synth 8-7129] Port switches[14] in module test_env is either unconnected or has no load
WARNING: [Synth 8-7129] Port switches[13] in module test_env is either unconnected or has no load
WARNING: [Synth 8-7129] Port switches[12] in module test_env is either unconnected or has no load
WARNING: [Synth 8-7129] Port switches[11] in module test_env is either unconnected or has no load
WARNING: [Synth 8-7129] Port switches[10] in module test_env is either unconnected or has no load
WARNING: [Synth 8-7129] Port switches[9] in module test_env is either unconnected or has no load
WARNING: [Synth 8-7129] Port switches[8] in module test_env is either unconnected or has no load
---------------------------------------------------------------------------------
Finished Cross Boundary and Area Optimization : Time (s): cpu = 00:00:18 ; elapsed = 00:00:19 . Memory (MB): peak = 1438.367 ; gain = 587.789
---------------------------------------------------------------------------------
---------------------------------------------------------------------------------
Start Applying XDC Timing Constraints
---------------------------------------------------------------------------------
---------------------------------------------------------------------------------
Finished Applying XDC Timing Constraints : Time (s): cpu = 00:00:24 ; elapsed = 00:00:25 . Memory (MB): peak = 1438.367 ; gain = 587.789
---------------------------------------------------------------------------------
---------------------------------------------------------------------------------
Start Timing Optimization
---------------------------------------------------------------------------------
---------------------------------------------------------------------------------
Finished Timing Optimization : Time (s): cpu = 00:00:24 ; elapsed = 00:00:25 . Memory (MB): peak = 1438.367 ; gain = 587.789
---------------------------------------------------------------------------------
---------------------------------------------------------------------------------
Start Technology Mapping
---------------------------------------------------------------------------------
---------------------------------------------------------------------------------
Finished Technology Mapping : Time (s): cpu = 00:00:24 ; elapsed = 00:00:25 . Memory (MB): peak = 1438.367 ; gain = 587.789
---------------------------------------------------------------------------------
---------------------------------------------------------------------------------
Start IO Insertion
---------------------------------------------------------------------------------
---------------------------------------------------------------------------------
Start Flattening Before IO Insertion
---------------------------------------------------------------------------------
---------------------------------------------------------------------------------
Finished Flattening Before IO Insertion
---------------------------------------------------------------------------------
---------------------------------------------------------------------------------
Start Final Netlist Cleanup
---------------------------------------------------------------------------------
---------------------------------------------------------------------------------
Finished Final Netlist Cleanup
---------------------------------------------------------------------------------
---------------------------------------------------------------------------------
Finished IO Insertion : Time (s): cpu = 00:00:29 ; elapsed = 00:00:30 . Memory (MB): peak = 1438.367 ; gain = 587.789
---------------------------------------------------------------------------------
---------------------------------------------------------------------------------
Start Renaming Generated Instances
---------------------------------------------------------------------------------
---------------------------------------------------------------------------------
Finished Renaming Generated Instances : Time (s): cpu = 00:00:29 ; elapsed = 00:00:30 . Memory (MB): peak = 1438.367 ; gain = 587.789
---------------------------------------------------------------------------------
---------------------------------------------------------------------------------
Start Rebuilding User Hierarchy
---------------------------------------------------------------------------------
---------------------------------------------------------------------------------
Finished Rebuilding User Hierarchy : Time (s): cpu = 00:00:29 ; elapsed = 00:00:30 . Memory (MB): peak = 1438.367 ; gain = 587.789
---------------------------------------------------------------------------------
---------------------------------------------------------------------------------
Start Renaming Generated Ports
---------------------------------------------------------------------------------
---------------------------------------------------------------------------------
Finished Renaming Generated Ports : Time (s): cpu = 00:00:29 ; elapsed = 00:00:30 . Memory (MB): peak = 1438.367 ; gain = 587.789
---------------------------------------------------------------------------------
---------------------------------------------------------------------------------
Start Handling Custom Attributes
---------------------------------------------------------------------------------
---------------------------------------------------------------------------------
Finished Handling Custom Attributes : Time (s): cpu = 00:00:29 ; elapsed = 00:00:30 . Memory (MB): peak = 1438.367 ; gain = 587.789
---------------------------------------------------------------------------------
---------------------------------------------------------------------------------
Start Renaming Generated Nets
---------------------------------------------------------------------------------
---------------------------------------------------------------------------------
Finished Renaming Generated Nets : Time (s): cpu = 00:00:29 ; elapsed = 00:00:30 . Memory (MB): peak = 1438.367 ; gain = 587.789
---------------------------------------------------------------------------------
---------------------------------------------------------------------------------
Start Writing Synthesis Report
---------------------------------------------------------------------------------

Report BlackBoxes: 
+-+--------------+----------+
| |BlackBox name |Instances |
+-+--------------+----------+
+-+--------------+----------+

Report Cell Usage: 
+------+-------+------+
|      |Cell   |Count |
+------+-------+------+
|1     |BUFG   |     1|
|2     |CARRY4 |    10|
|3     |LUT1   |     3|
|4     |LUT2   |     5|
|5     |LUT3   |     3|
|6     |LUT4   |     1|
|7     |LUT5   |     8|
|8     |LUT6   |    22|
|9     |FDRE   |    40|
|10    |LD     |    16|
|11    |IBUF   |    10|
|12    |OBUF   |    13|
+------+-------+------+
---------------------------------------------------------------------------------
Finished Writing Synthesis Report : Time (s): cpu = 00:00:29 ; elapsed = 00:00:30 . Memory (MB): peak = 1438.367 ; gain = 587.789
---------------------------------------------------------------------------------
Synthesis finished with 0 errors, 0 critical warnings and 16 warnings.
Synthesis Optimization Runtime : Time (s): cpu = 00:00:20 ; elapsed = 00:00:29 . Memory (MB): peak = 1438.367 ; gain = 547.742
Synthesis Optimization Complete : Time (s): cpu = 00:00:29 ; elapsed = 00:00:31 . Memory (MB): peak = 1438.367 ; gain = 587.789
INFO: [Project 1-571] Translating synthesized netlist
Netlist sorting complete. Time (s): cpu = 00:00:00 ; elapsed = 00:00:00 . Memory (MB): peak = 1438.367 ; gain = 0.000
INFO: [Netlist 29-17] Analyzing 26 Unisim elements for replacement
INFO: [Netlist 29-28] Unisim Transformation completed in 0 CPU seconds
INFO: [Project 1-570] Preparing netlist for logic optimization
INFO: [Opt 31-138] Pushed 1 inverter(s) to 8 load pin(s).
Netlist sorting complete. Time (s): cpu = 00:00:00 ; elapsed = 00:00:00 . Memory (MB): peak = 1438.367 ; gain = 0.000
INFO: [Project 1-111] Unisim Transformation Summary:
  A total of 16 instances were transformed.
  LD => LDCE: 8 instances
  LD => LDCE (inverted pins: G): 8 instances

The system cannot find the path specified.
Synth Design complete | Checksum: cc257ba7
INFO: [Common 17-83] Releasing license: Synthesis
31 Infos, 33 Warnings, 0 Critical Warnings and 0 Errors encountered.
synth_design completed successfully
synth_design: Time (s): cpu = 00:00:34 ; elapsed = 00:00:36 . Memory (MB): peak = 1438.367 ; gain = 979.742
Write ShapeDB Complete: Time (s): cpu = 00:00:00 ; elapsed = 00:00:00.001 . Memory (MB): peak = 1438.367 ; gain = 0.000
INFO: [Common 17-1381] The checkpoint 'D:/Facultate/Anul2/Anul2/Sem2/AC/project_1/project_1.runs/synth_1/test_env.dcp' has been generated.
INFO: [runtcl-4] Executing : report_utilization -file test_env_utilization_synth.rpt -pb test_env_utilization_synth.pb
INFO: [Common 17-206] Exiting Vivado at Fri Mar 21 19:01:05 2025...
