
                 *********************************************
                 *                                           *
                 *             A I M - S p i c e             *
                 *                                           *
                 *         Professional Version 2020.100           *
                 *                                           *
                 *********************************************

	Date: Thu Jan  9 18:37:26 2025
	Circuit File: D:\TEST2\Anul2\Anul2\Sem1\CANLAB\lab3\Redresor cu filtru.cir
	Analysis: Transient

**************************  Circuit Description  **************************

     1:  Redresor cu filtru
     2:  D1 1 2 Dioda
     3:  D2 3 2 Dioda
     4:  D3 0 3 Dioda
     5:  D4 0 1 Dioda
     6:  .Model Dioda D
     7:  R 2 0 100
     8:  C 2 0 3m
     9:  Vin 1 3 sin(0 10 50 0 0)
    10:  !*Condensatorul inmagazineaza energie cand tensiunea furnizata de redresor e mai mare decat cea dintre armaturile sale
    11:  !*Condensatorul debiteaza energie cand tensiunea furnizata de redresor e mai mica decat cea dintre armaturile sale
    12:  .tran 1e-8 60e-3

***************************  Model Parameters  ****************************


***************  Device Parameters (Only for .op analysis)  ***************



**************************  Analysis Parameters  **************************

	Stepsize ............ : 1e-8
	Final time .......... : 60e-3
	Use Initial Conditions: Off



**************  Options (Only those different from default)  **************



*************************  Simulation Statistics  *************************

	Total number of iterations.....................: 299
	Number of iterations for transient analysis....: 292
	Total number of timepoints.....................: 94
	Number of timepoints accepted..................: 89
	Number of timepoints rejected..................: 5
	Total analysis time (sec)......................: 0.032
	Transient analysis time (sec)..................: 0.026
	Time spent in device loading (sec).............: 0
	Time spent in L-U decomposition (sec)..........: 0.001
	Time spent in matrix reordering (sec)..........: 0
	Time spent in matrix solving (sec).............: 0
	Time spent in transient L-U decomposition (sec): 0.001
	Time spent in transient matrix solving (sec)...: 0

***************************  Kernel Messages  *****************************

Circuit: Redresor cu filtru

Warning: vin: no DC value, transient time 0 value used
Warning: vin: no DC value, transient time 0 value used

