
                 *********************************************
                 *                                           *
                 *             A I M - S p i c e             *
                 *                                           *
                 *         Professional Version 2020.100           *
                 *                                           *
                 *********************************************

	Date: Wed Jan  8 18:04:39 2025
	Circuit File: Untitled
	Analysis: Transient

**************************  Circuit Description  **************************

     1:  Redresor cu Filtru
     2:  D1 1 2 DiodaS 
     3:  D2 0 1 DiodaS
     4:  D3 0 3 DiodaS
     5:  D4 3 2 DiodaS
     6:  .model DiodaS D tt = 1e-9
     7:  R 2 0 100
     8:  C 2 0 3m
     9:  Vin 1 3 sin(0 10 50 0 0)
    10:  .tran 1e-8 60e-3

***************************  Model Parameters  ****************************


***************  Device Parameters (Only for .op analysis)  ***************



**************************  Analysis Parameters  **************************

	Stepsize ............ : 1e-8
	Final time .......... : 60e-3
	Use Initial Conditions: Off



**************  Options (Only those different from default)  **************



*************************  Simulation Statistics  *************************

	Total number of iterations.....................: 478
	Number of iterations for transient analysis....: 471
	Total number of timepoints.....................: 144
	Number of timepoints accepted..................: 116
	Number of timepoints rejected..................: 28
	Total analysis time (sec)......................: 0.113
	Transient analysis time (sec)..................: 0.099
	Time spent in device loading (sec).............: 0.025
	Time spent in L-U decomposition (sec)..........: 0
	Time spent in matrix reordering (sec)..........: 0
	Time spent in matrix solving (sec).............: 0
	Time spent in transient L-U decomposition (sec): 0
	Time spent in transient matrix solving (sec)...: 0

***************************  Kernel Messages  *****************************

Circuit: Redresor cu Filtru

Warning: vin: no DC value, transient time 0 value used
Warning: vin: no DC value, transient time 0 value used

