Clock: 0
Waiting clients: [(1, 2, 29), (2, 2, 22), (3, 2, 8), (4, 2, 17)]
Queue 0:empty
Queue 1:empty

Clock: 1
Waiting clients: [(1, 2, 29), (2, 2, 22), (3, 2, 8), (4, 2, 17)]
Queue 0:empty
Queue 1:empty

Clock: 2
Waiting clients: []
Queue 0:[(1, 2, 29), (4, 2, 17)]
Queue 1:[(2, 2, 22), (3, 2, 8)]

Clock: 3
Waiting clients: []
Queue 0:[(1, 2, 28), (4, 2, 17)]
Queue 1:[(2, 2, 21), (3, 2, 8)]

Clock: 4
Waiting clients: []
Queue 0:[(1, 2, 27), (4, 2, 17)]
Queue 1:[(2, 2, 20), (3, 2, 8)]

Clock: 5
Waiting clients: []
Queue 0:[(1, 2, 26), (4, 2, 17)]
Queue 1:[(2, 2, 19), (3, 2, 8)]

Clock: 6
Waiting clients: []
Queue 0:[(1, 2, 25), (4, 2, 17)]
Queue 1:[(2, 2, 18), (3, 2, 8)]

Clock: 7
Waiting clients: []
Queue 0:[(1, 2, 24), (4, 2, 17)]
Queue 1:[(2, 2, 17), (3, 2, 8)]

Clock: 8
Waiting clients: []
Queue 0:[(1, 2, 23), (4, 2, 17)]
Queue 1:[(2, 2, 16), (3, 2, 8)]

Clock: 9
Waiting clients: []
Queue 0:[(1, 2, 22), (4, 2, 17)]
Queue 1:[(2, 2, 15), (3, 2, 8)]

Clock: 10
Waiting clients: []
Queue 0:[(1, 2, 21), (4, 2, 17)]
Queue 1:[(2, 2, 14), (3, 2, 8)]

Clock: 11
Waiting clients: []
Queue 0:[(1, 2, 20), (4, 2, 17)]
Queue 1:[(2, 2, 13), (3, 2, 8)]

Clock: 12
Waiting clients: []
Queue 0:[(1, 2, 19), (4, 2, 17)]
Queue 1:[(2, 2, 12), (3, 2, 8)]

Clock: 13
Waiting clients: []
Queue 0:[(1, 2, 18), (4, 2, 17)]
Queue 1:[(2, 2, 11), (3, 2, 8)]

Clock: 14
Waiting clients: []
Queue 0:[(1, 2, 17), (4, 2, 17)]
Queue 1:[(2, 2, 10), (3, 2, 8)]

Clock: 15
Waiting clients: []
Queue 0:[(1, 2, 16), (4, 2, 17)]
Queue 1:[(2, 2, 9), (3, 2, 8)]

Clock: 16
Waiting clients: []
Queue 0:[(1, 2, 15), (4, 2, 17)]
Queue 1:[(2, 2, 8), (3, 2, 8)]

Clock: 17
Waiting clients: []
Queue 0:[(1, 2, 14), (4, 2, 17)]
Queue 1:[(2, 2, 7), (3, 2, 8)]

Clock: 18
Waiting clients: []
Queue 0:[(1, 2, 13), (4, 2, 17)]
Queue 1:[(2, 2, 6), (3, 2, 8)]

Clock: 19
Waiting clients: []
Queue 0:[(1, 2, 12), (4, 2, 17)]
Queue 1:[(2, 2, 5), (3, 2, 8)]

Clock: 20
Waiting clients: []
Queue 0:[(1, 2, 11), (4, 2, 17)]
Queue 1:[(2, 2, 4), (3, 2, 8)]

Clock: 21
Waiting clients: []
Queue 0:[(1, 2, 10), (4, 2, 17)]
Queue 1:[(2, 2, 3), (3, 2, 8)]

Clock: 22
Waiting clients: []
Queue 0:[(1, 2, 9), (4, 2, 17)]
Queue 1:[(2, 2, 2), (3, 2, 8)]

Clock: 23
Waiting clients: []
Queue 0:[(1, 2, 8), (4, 2, 17)]
Queue 1:[(2, 2, 1), (3, 2, 8)]

Clock: 24
Waiting clients: []
Queue 0:[(1, 2, 7), (4, 2, 17)]
Queue 1:[(3, 2, 8)]

Clock: 25
Waiting clients: []
Queue 0:[(1, 2, 6), (4, 2, 17)]
Queue 1:[(3, 2, 7)]

Clock: 26
Waiting clients: []
Queue 0:[(1, 2, 5), (4, 2, 17)]
Queue 1:[(3, 2, 6)]

Clock: 27
Waiting clients: []
Queue 0:[(1, 2, 4), (4, 2, 17)]
Queue 1:[(3, 2, 5)]

Clock: 28
Waiting clients: []
Queue 0:[(1, 2, 3), (4, 2, 17)]
Queue 1:[(3, 2, 4)]

Clock: 29
Waiting clients: []
Queue 0:[(1, 2, 2), (4, 2, 17)]
Queue 1:[(3, 2, 3)]

Clock: 30
Waiting clients: []
Queue 0:[(1, 2, 1), (4, 2, 17)]
Queue 1:[(3, 2, 2)]

Clock: 31
Waiting clients: []
Queue 0:[(4, 2, 17)]
Queue 1:[(3, 2, 1)]

Clock: 32
Waiting clients: []
Queue 0:[(4, 2, 16)]
Queue 1:empty

Clock: 33
Waiting clients: []
Queue 0:[(4, 2, 15)]
Queue 1:empty

Clock: 34
Waiting clients: []
Queue 0:[(4, 2, 14)]
Queue 1:empty

Clock: 35
Waiting clients: []
Queue 0:[(4, 2, 13)]
Queue 1:empty

Clock: 36
Waiting clients: []
Queue 0:[(4, 2, 12)]
Queue 1:empty

Clock: 37
Waiting clients: []
Queue 0:[(4, 2, 11)]
Queue 1:empty

Clock: 38
Waiting clients: []
Queue 0:[(4, 2, 10)]
Queue 1:empty

Clock: 39
Waiting clients: []
Queue 0:[(4, 2, 9)]
Queue 1:empty

Clock: 40
Waiting clients: []
Queue 0:[(4, 2, 8)]
Queue 1:empty

Clock: 41
Waiting clients: []
Queue 0:[(4, 2, 7)]
Queue 1:empty

Clock: 42
Waiting clients: []
Queue 0:[(4, 2, 6)]
Queue 1:empty

Clock: 43
Waiting clients: []
Queue 0:[(4, 2, 5)]
Queue 1:empty

Clock: 44
Waiting clients: []
Queue 0:[(4, 2, 4)]
Queue 1:empty

Clock: 45
Waiting clients: []
Queue 0:[(4, 2, 3)]
Queue 1:empty

Clock: 46
Waiting clients: []
Queue 0:[(4, 2, 2)]
Queue 1:empty

Clock: 47
Waiting clients: []
Queue 0:[(4, 2, 1)]
Queue 1:empty

Clock: 48
Waiting clients: []
Queue 0:[(4, 2, 1)]
Queue 1:empty

Average waiting time: 2.00
AverageServiceTime: 19.00
Peak hour: 2

