Clock: 0
Waiting clients: [(1, 5, 30), (2, 2, 6), (3, 2, 19), (4, 6, 10), (5, 1, 24), (6, 2, 35), (7, 6, 11), (8, 5, 22), (9, 6, 9), (10, 6, 25), (11, 3, 18), (12, 5, 7), (13, 5, 11), (14, 5, 21), (15, 4, 16), (16, 2, 4), (17, 1, 11), (18, 5, 20), (19, 3, 36), (20, 1, 38), (21, 3, 34), (22, 2, 15), (23, 6, 36), (24, 4, 18), (25, 3, 14), (26, 3, 22), (27, 6, 29), (28, 6, 22), (29, 3, 39), (30, 2, 20), (31, 2, 25), (32, 6, 12), (33, 1, 21), (34, 3, 22), (35, 3, 22), (36, 2, 26), (37, 2, 9), (38, 4, 11), (39, 6, 26), (40, 6, 22), (41, 2, 29), (42, 4, 15), (43, 4, 9), (44, 2, 24), (45, 2, 18), (46, 6, 31), (47, 2, 7), (48, 4, 30), (49, 1, 16), (50, 5, 11)]
Queue 0:empty
Queue 1:empty
Queue 2:empty
Queue 3:empty
Queue 4:empty

Clock: 1
Waiting clients: [(1, 5, 30), (2, 2, 6), (3, 2, 19), (4, 6, 10), (6, 2, 35), (7, 6, 11), (8, 5, 22), (9, 6, 9), (10, 6, 25), (11, 3, 18), (12, 5, 7), (13, 5, 11), (14, 5, 21), (15, 4, 16), (16, 2, 4), (18, 5, 20), (19, 3, 36), (21, 3, 34), (22, 2, 15), (23, 6, 36), (24, 4, 18), (25, 3, 14), (26, 3, 22), (27, 6, 29), (28, 6, 22), (29, 3, 39), (30, 2, 20), (31, 2, 25), (32, 6, 12), (34, 3, 22), (35, 3, 22), (36, 2, 26), (37, 2, 9), (38, 4, 11), (39, 6, 26), (40, 6, 22), (41, 2, 29), (42, 4, 15), (43, 4, 9), (44, 2, 24), (45, 2, 18), (46, 6, 31), (47, 2, 7), (48, 4, 30), (50, 5, 11)]
Queue 0:[(5, 1, 24)]
Queue 1:[(17, 1, 11)]
Queue 2:[(20, 1, 38)]
Queue 3:[(33, 1, 21)]
Queue 4:[(49, 1, 16)]

Clock: 2
Waiting clients: [(1, 5, 30), (4, 6, 10), (7, 6, 11), (8, 5, 22), (9, 6, 9), (10, 6, 25), (11, 3, 18), (12, 5, 7), (13, 5, 11), (14, 5, 21), (15, 4, 16), (18, 5, 20), (19, 3, 36), (21, 3, 34), (23, 6, 36), (24, 4, 18), (25, 3, 14), (26, 3, 22), (27, 6, 29), (28, 6, 22), (29, 3, 39), (32, 6, 12), (34, 3, 22), (35, 3, 22), (38, 4, 11), (39, 6, 26), (40, 6, 22), (42, 4, 15), (43, 4, 9), (46, 6, 31), (48, 4, 30), (50, 5, 11)]
Queue 0:[(5, 1, 23), (22, 2, 15), (37, 2, 9), (44, 2, 24)]
Queue 1:[(17, 1, 10), (2, 2, 6), (3, 2, 19), (31, 2, 25), (47, 2, 7)]
Queue 2:[(20, 1, 37), (36, 2, 26)]
Queue 3:[(33, 1, 20), (16, 2, 4), (30, 2, 20), (41, 2, 29)]
Queue 4:[(49, 1, 15), (6, 2, 35), (45, 2, 18)]

Clock: 3
Waiting clients: [(1, 5, 30), (4, 6, 10), (7, 6, 11), (8, 5, 22), (9, 6, 9), (10, 6, 25), (12, 5, 7), (13, 5, 11), (14, 5, 21), (15, 4, 16), (18, 5, 20), (23, 6, 36), (24, 4, 18), (27, 6, 29), (28, 6, 22), (32, 6, 12), (38, 4, 11), (39, 6, 26), (40, 6, 22), (42, 4, 15), (43, 4, 9), (46, 6, 31), (48, 4, 30), (50, 5, 11)]
Queue 0:[(5, 1, 22), (22, 2, 15), (37, 2, 9), (44, 2, 24), (25, 3, 14), (34, 3, 22)]
Queue 1:[(17, 1, 9), (2, 2, 6), (3, 2, 19), (31, 2, 25), (47, 2, 7), (19, 3, 36)]
Queue 2:[(20, 1, 36), (36, 2, 26), (11, 3, 18), (29, 3, 39)]
Queue 3:[(33, 1, 19), (16, 2, 4), (30, 2, 20), (41, 2, 29), (26, 3, 22), (35, 3, 22)]
Queue 4:[(49, 1, 14), (6, 2, 35), (45, 2, 18), (21, 3, 34)]

Clock: 4
Waiting clients: [(1, 5, 30), (4, 6, 10), (7, 6, 11), (8, 5, 22), (9, 6, 9), (10, 6, 25), (12, 5, 7), (13, 5, 11), (14, 5, 21), (18, 5, 20), (23, 6, 36), (27, 6, 29), (28, 6, 22), (32, 6, 12), (39, 6, 26), (40, 6, 22), (46, 6, 31), (50, 5, 11)]
Queue 0:[(5, 1, 22), (22, 2, 15), (37, 2, 9), (44, 2, 24), (25, 3, 14), (34, 3, 22), (38, 4, 11), (43, 4, 9)]
Queue 1:[(17, 1, 8), (2, 2, 6), (3, 2, 19), (31, 2, 25), (47, 2, 7), (19, 3, 36), (24, 4, 18)]
Queue 2:[(20, 1, 35), (36, 2, 26), (11, 3, 18), (29, 3, 39)]
Queue 3:[(33, 1, 18), (16, 2, 4), (30, 2, 20), (41, 2, 29), (26, 3, 22), (35, 3, 22), (42, 4, 15)]
Queue 4:[(49, 1, 13), (6, 2, 35), (45, 2, 18), (21, 3, 34), (15, 4, 16), (48, 4, 30)]

Clock: 5
Waiting clients: [(4, 6, 10), (7, 6, 11), (9, 6, 9), (10, 6, 25), (23, 6, 36), (27, 6, 29), (28, 6, 22), (32, 6, 12), (39, 6, 26), (40, 6, 22), (46, 6, 31)]
Queue 0:[(5, 1, 20), (22, 2, 15), (37, 2, 9), (44, 2, 24), (25, 3, 14), (34, 3, 22), (38, 4, 11), (43, 4, 9), (12, 5, 7), (14, 5, 21)]
Queue 1:[(17, 1, 7), (2, 2, 6), (3, 2, 19), (31, 2, 25), (47, 2, 7), (19, 3, 36), (24, 4, 18), (1, 5, 30)]
Queue 2:[(20, 1, 34), (36, 2, 26), (11, 3, 18), (29, 3, 39), (8, 5, 22), (18, 5, 20)]
Queue 3:[(33, 1, 17), (16, 2, 4), (30, 2, 20), (41, 2, 29), (26, 3, 22), (35, 3, 22), (42, 4, 15), (13, 5, 11), (50, 5, 11)]
Queue 4:[(49, 1, 12), (6, 2, 35), (45, 2, 18), (21, 3, 34), (15, 4, 16), (48, 4, 30)]

Clock: 6
Waiting clients: []
Queue 0:[(5, 1, 19), (22, 2, 15), (37, 2, 9), (44, 2, 24), (25, 3, 14), (34, 3, 22), (38, 4, 11), (43, 4, 9), (12, 5, 7), (14, 5, 21), (10, 6, 25), (40, 6, 22)]
Queue 1:[(17, 1, 6), (2, 2, 6), (3, 2, 19), (31, 2, 25), (47, 2, 7), (19, 3, 36), (24, 4, 18), (1, 5, 30), (7, 6, 11), (27, 6, 29)]
Queue 2:[(20, 1, 33), (36, 2, 26), (11, 3, 18), (29, 3, 39), (8, 5, 22), (18, 5, 20), (28, 6, 22), (46, 6, 31)]
Queue 3:[(33, 1, 16), (16, 2, 4), (30, 2, 20), (41, 2, 29), (26, 3, 22), (35, 3, 22), (42, 4, 15), (13, 5, 11), (50, 5, 11), (9, 6, 9), (32, 6, 12), (39, 6, 26)]
Queue 4:[(49, 1, 11), (6, 2, 35), (45, 2, 18), (21, 3, 34), (15, 4, 16), (48, 4, 30), (4, 6, 10), (23, 6, 36)]

Clock: 7
Waiting clients: []
Queue 0:[(5, 1, 18), (22, 2, 15), (37, 2, 9), (44, 2, 24), (25, 3, 14), (34, 3, 22), (38, 4, 11), (43, 4, 9), (12, 5, 7), (14, 5, 21), (10, 6, 25), (40, 6, 22)]
Queue 1:[(17, 1, 5), (2, 2, 6), (3, 2, 19), (31, 2, 25), (47, 2, 7), (19, 3, 36), (24, 4, 18), (1, 5, 30), (7, 6, 11), (27, 6, 29)]
Queue 2:[(20, 1, 32), (36, 2, 26), (11, 3, 18), (29, 3, 39), (8, 5, 22), (18, 5, 20), (28, 6, 22), (46, 6, 31)]
Queue 3:[(33, 1, 15), (16, 2, 4), (30, 2, 20), (41, 2, 29), (26, 3, 22), (35, 3, 22), (42, 4, 15), (13, 5, 11), (50, 5, 11), (9, 6, 9), (32, 6, 12), (39, 6, 26)]
Queue 4:[(49, 1, 10), (6, 2, 35), (45, 2, 18), (21, 3, 34), (15, 4, 16), (48, 4, 30), (4, 6, 10), (23, 6, 36)]

Clock: 8
Waiting clients: []
Queue 0:[(5, 1, 17), (22, 2, 15), (37, 2, 9), (44, 2, 24), (25, 3, 14), (34, 3, 22), (38, 4, 11), (43, 4, 9), (12, 5, 7), (14, 5, 21), (10, 6, 25), (40, 6, 22)]
Queue 1:[(17, 1, 4), (2, 2, 6), (3, 2, 19), (31, 2, 25), (47, 2, 7), (19, 3, 36), (24, 4, 18), (1, 5, 30), (7, 6, 11), (27, 6, 29)]
Queue 2:[(20, 1, 31), (36, 2, 26), (11, 3, 18), (29, 3, 39), (8, 5, 22), (18, 5, 20), (28, 6, 22), (46, 6, 31)]
Queue 3:[(33, 1, 14), (16, 2, 4), (30, 2, 20), (41, 2, 29), (26, 3, 22), (35, 3, 22), (42, 4, 15), (13, 5, 11), (50, 5, 11), (9, 6, 9), (32, 6, 12), (39, 6, 26)]
Queue 4:[(49, 1, 9), (6, 2, 35), (45, 2, 18), (21, 3, 34), (15, 4, 16), (48, 4, 30), (4, 6, 10), (23, 6, 36)]

Clock: 9
Waiting clients: []
Queue 0:[(5, 1, 16), (22, 2, 15), (37, 2, 9), (44, 2, 24), (25, 3, 14), (34, 3, 22), (38, 4, 11), (43, 4, 9), (12, 5, 7), (14, 5, 21), (10, 6, 25), (40, 6, 22)]
Queue 1:[(17, 1, 3), (2, 2, 6), (3, 2, 19), (31, 2, 25), (47, 2, 7), (19, 3, 36), (24, 4, 18), (1, 5, 30), (7, 6, 11), (27, 6, 29)]
Queue 2:[(20, 1, 30), (36, 2, 26), (11, 3, 18), (29, 3, 39), (8, 5, 22), (18, 5, 20), (28, 6, 22), (46, 6, 31)]
Queue 3:[(33, 1, 13), (16, 2, 4), (30, 2, 20), (41, 2, 29), (26, 3, 22), (35, 3, 22), (42, 4, 15), (13, 5, 11), (50, 5, 11), (9, 6, 9), (32, 6, 12), (39, 6, 26)]
Queue 4:[(49, 1, 8), (6, 2, 35), (45, 2, 18), (21, 3, 34), (15, 4, 16), (48, 4, 30), (4, 6, 10), (23, 6, 36)]

Clock: 10
Waiting clients: []
Queue 0:[(5, 1, 15), (22, 2, 15), (37, 2, 9), (44, 2, 24), (25, 3, 14), (34, 3, 22), (38, 4, 11), (43, 4, 9), (12, 5, 7), (14, 5, 21), (10, 6, 25), (40, 6, 22)]
Queue 1:[(17, 1, 2), (2, 2, 6), (3, 2, 19), (31, 2, 25), (47, 2, 7), (19, 3, 36), (24, 4, 18), (1, 5, 30), (7, 6, 11), (27, 6, 29)]
Queue 2:[(20, 1, 29), (36, 2, 26), (11, 3, 18), (29, 3, 39), (8, 5, 22), (18, 5, 20), (28, 6, 22), (46, 6, 31)]
Queue 3:[(33, 1, 12), (16, 2, 4), (30, 2, 20), (41, 2, 29), (26, 3, 22), (35, 3, 22), (42, 4, 15), (13, 5, 11), (50, 5, 11), (9, 6, 9), (32, 6, 12), (39, 6, 26)]
Queue 4:[(49, 1, 7), (6, 2, 35), (45, 2, 18), (21, 3, 34), (15, 4, 16), (48, 4, 30), (4, 6, 10), (23, 6, 36)]

Clock: 11
Waiting clients: []
Queue 0:[(5, 1, 14), (22, 2, 15), (37, 2, 9), (44, 2, 24), (25, 3, 14), (34, 3, 22), (38, 4, 11), (43, 4, 9), (12, 5, 7), (14, 5, 21), (10, 6, 25), (40, 6, 22)]
Queue 1:[(17, 1, 1), (2, 2, 6), (3, 2, 19), (31, 2, 25), (47, 2, 7), (19, 3, 36), (24, 4, 18), (1, 5, 30), (7, 6, 11), (27, 6, 29)]
Queue 2:[(20, 1, 28), (36, 2, 26), (11, 3, 18), (29, 3, 39), (8, 5, 22), (18, 5, 20), (28, 6, 22), (46, 6, 31)]
Queue 3:[(33, 1, 11), (16, 2, 4), (30, 2, 20), (41, 2, 29), (26, 3, 22), (35, 3, 22), (42, 4, 15), (13, 5, 11), (50, 5, 11), (9, 6, 9), (32, 6, 12), (39, 6, 26)]
Queue 4:[(49, 1, 6), (6, 2, 35), (45, 2, 18), (21, 3, 34), (15, 4, 16), (48, 4, 30), (4, 6, 10), (23, 6, 36)]

Clock: 12
Waiting clients: []
Queue 0:[(5, 1, 13), (22, 2, 15), (37, 2, 9), (44, 2, 24), (25, 3, 14), (34, 3, 22), (38, 4, 11), (43, 4, 9), (12, 5, 7), (14, 5, 21), (10, 6, 25), (40, 6, 22)]
Queue 1:[(2, 2, 6), (3, 2, 19), (31, 2, 25), (47, 2, 7), (19, 3, 36), (24, 4, 18), (1, 5, 30), (7, 6, 11), (27, 6, 29)]
Queue 2:[(20, 1, 27), (36, 2, 26), (11, 3, 18), (29, 3, 39), (8, 5, 22), (18, 5, 20), (28, 6, 22), (46, 6, 31)]
Queue 3:[(33, 1, 10), (16, 2, 4), (30, 2, 20), (41, 2, 29), (26, 3, 22), (35, 3, 22), (42, 4, 15), (13, 5, 11), (50, 5, 11), (9, 6, 9), (32, 6, 12), (39, 6, 26)]
Queue 4:[(49, 1, 5), (6, 2, 35), (45, 2, 18), (21, 3, 34), (15, 4, 16), (48, 4, 30), (4, 6, 10), (23, 6, 36)]

Clock: 13
Waiting clients: []
Queue 0:[(5, 1, 12), (22, 2, 15), (37, 2, 9), (44, 2, 24), (25, 3, 14), (34, 3, 22), (38, 4, 11), (43, 4, 9), (12, 5, 7), (14, 5, 21), (10, 6, 25), (40, 6, 22)]
Queue 1:[(2, 2, 5), (3, 2, 19), (31, 2, 25), (47, 2, 7), (19, 3, 36), (24, 4, 18), (1, 5, 30), (7, 6, 11), (27, 6, 29)]
Queue 2:[(20, 1, 26), (36, 2, 26), (11, 3, 18), (29, 3, 39), (8, 5, 22), (18, 5, 20), (28, 6, 22), (46, 6, 31)]
Queue 3:[(33, 1, 9), (16, 2, 4), (30, 2, 20), (41, 2, 29), (26, 3, 22), (35, 3, 22), (42, 4, 15), (13, 5, 11), (50, 5, 11), (9, 6, 9), (32, 6, 12), (39, 6, 26)]
Queue 4:[(49, 1, 4), (6, 2, 35), (45, 2, 18), (21, 3, 34), (15, 4, 16), (48, 4, 30), (4, 6, 10), (23, 6, 36)]

Clock: 14
Waiting clients: []
Queue 0:[(5, 1, 11), (22, 2, 15), (37, 2, 9), (44, 2, 24), (25, 3, 14), (34, 3, 22), (38, 4, 11), (43, 4, 9), (12, 5, 7), (14, 5, 21), (10, 6, 25), (40, 6, 22)]
Queue 1:[(2, 2, 4), (3, 2, 19), (31, 2, 25), (47, 2, 7), (19, 3, 36), (24, 4, 18), (1, 5, 30), (7, 6, 11), (27, 6, 29)]
Queue 2:[(20, 1, 25), (36, 2, 26), (11, 3, 18), (29, 3, 39), (8, 5, 22), (18, 5, 20), (28, 6, 22), (46, 6, 31)]
Queue 3:[(33, 1, 8), (16, 2, 4), (30, 2, 20), (41, 2, 29), (26, 3, 22), (35, 3, 22), (42, 4, 15), (13, 5, 11), (50, 5, 11), (9, 6, 9), (32, 6, 12), (39, 6, 26)]
Queue 4:[(49, 1, 3), (6, 2, 35), (45, 2, 18), (21, 3, 34), (15, 4, 16), (48, 4, 30), (4, 6, 10), (23, 6, 36)]

Clock: 15
Waiting clients: []
Queue 0:[(5, 1, 10), (22, 2, 15), (37, 2, 9), (44, 2, 24), (25, 3, 14), (34, 3, 22), (38, 4, 11), (43, 4, 9), (12, 5, 7), (14, 5, 21), (10, 6, 25), (40, 6, 22)]
Queue 1:[(2, 2, 3), (3, 2, 19), (31, 2, 25), (47, 2, 7), (19, 3, 36), (24, 4, 18), (1, 5, 30), (7, 6, 11), (27, 6, 29)]
Queue 2:[(20, 1, 24), (36, 2, 26), (11, 3, 18), (29, 3, 39), (8, 5, 22), (18, 5, 20), (28, 6, 22), (46, 6, 31)]
Queue 3:[(33, 1, 7), (16, 2, 4), (30, 2, 20), (41, 2, 29), (26, 3, 22), (35, 3, 22), (42, 4, 15), (13, 5, 11), (50, 5, 11), (9, 6, 9), (32, 6, 12), (39, 6, 26)]
Queue 4:[(49, 1, 2), (6, 2, 35), (45, 2, 18), (21, 3, 34), (15, 4, 16), (48, 4, 30), (4, 6, 10), (23, 6, 36)]

Clock: 16
Waiting clients: []
Queue 0:[(5, 1, 9), (22, 2, 15), (37, 2, 9), (44, 2, 24), (25, 3, 14), (34, 3, 22), (38, 4, 11), (43, 4, 9), (12, 5, 7), (14, 5, 21), (10, 6, 25), (40, 6, 22)]
Queue 1:[(2, 2, 2), (3, 2, 19), (31, 2, 25), (47, 2, 7), (19, 3, 36), (24, 4, 18), (1, 5, 30), (7, 6, 11), (27, 6, 29)]
Queue 2:[(20, 1, 23), (36, 2, 26), (11, 3, 18), (29, 3, 39), (8, 5, 22), (18, 5, 20), (28, 6, 22), (46, 6, 31)]
Queue 3:[(33, 1, 6), (16, 2, 4), (30, 2, 20), (41, 2, 29), (26, 3, 22), (35, 3, 22), (42, 4, 15), (13, 5, 11), (50, 5, 11), (9, 6, 9), (32, 6, 12), (39, 6, 26)]
Queue 4:[(49, 1, 1), (6, 2, 35), (45, 2, 18), (21, 3, 34), (15, 4, 16), (48, 4, 30), (4, 6, 10), (23, 6, 36)]

Clock: 17
Waiting clients: []
Queue 0:[(5, 1, 8), (22, 2, 15), (37, 2, 9), (44, 2, 24), (25, 3, 14), (34, 3, 22), (38, 4, 11), (43, 4, 9), (12, 5, 7), (14, 5, 21), (10, 6, 25), (40, 6, 22)]
Queue 1:[(2, 2, 1), (3, 2, 19), (31, 2, 25), (47, 2, 7), (19, 3, 36), (24, 4, 18), (1, 5, 30), (7, 6, 11), (27, 6, 29)]
Queue 2:[(20, 1, 22), (36, 2, 26), (11, 3, 18), (29, 3, 39), (8, 5, 22), (18, 5, 20), (28, 6, 22), (46, 6, 31)]
Queue 3:[(33, 1, 5), (16, 2, 4), (30, 2, 20), (41, 2, 29), (26, 3, 22), (35, 3, 22), (42, 4, 15), (13, 5, 11), (50, 5, 11), (9, 6, 9), (32, 6, 12), (39, 6, 26)]
Queue 4:[(6, 2, 35), (45, 2, 18), (21, 3, 34), (15, 4, 16), (48, 4, 30), (4, 6, 10), (23, 6, 36)]

Clock: 18
Waiting clients: []
Queue 0:[(5, 1, 7), (22, 2, 15), (37, 2, 9), (44, 2, 24), (25, 3, 14), (34, 3, 22), (38, 4, 11), (43, 4, 9), (12, 5, 7), (14, 5, 21), (10, 6, 25), (40, 6, 22)]
Queue 1:[(3, 2, 19), (31, 2, 25), (47, 2, 7), (19, 3, 36), (24, 4, 18), (1, 5, 30), (7, 6, 11), (27, 6, 29)]
Queue 2:[(20, 1, 21), (36, 2, 26), (11, 3, 18), (29, 3, 39), (8, 5, 22), (18, 5, 20), (28, 6, 22), (46, 6, 31)]
Queue 3:[(33, 1, 4), (16, 2, 4), (30, 2, 20), (41, 2, 29), (26, 3, 22), (35, 3, 22), (42, 4, 15), (13, 5, 11), (50, 5, 11), (9, 6, 9), (32, 6, 12), (39, 6, 26)]
Queue 4:[(6, 2, 34), (45, 2, 18), (21, 3, 34), (15, 4, 16), (48, 4, 30), (4, 6, 10), (23, 6, 36)]

Clock: 19
Waiting clients: []
Queue 0:[(5, 1, 6), (22, 2, 15), (37, 2, 9), (44, 2, 24), (25, 3, 14), (34, 3, 22), (38, 4, 11), (43, 4, 9), (12, 5, 7), (14, 5, 21), (10, 6, 25), (40, 6, 22)]
Queue 1:[(3, 2, 18), (31, 2, 25), (47, 2, 7), (19, 3, 36), (24, 4, 18), (1, 5, 30), (7, 6, 11), (27, 6, 29)]
Queue 2:[(20, 1, 20), (36, 2, 26), (11, 3, 18), (29, 3, 39), (8, 5, 22), (18, 5, 20), (28, 6, 22), (46, 6, 31)]
Queue 3:[(33, 1, 3), (16, 2, 4), (30, 2, 20), (41, 2, 29), (26, 3, 22), (35, 3, 22), (42, 4, 15), (13, 5, 11), (50, 5, 11), (9, 6, 9), (32, 6, 12), (39, 6, 26)]
Queue 4:[(6, 2, 33), (45, 2, 18), (21, 3, 34), (15, 4, 16), (48, 4, 30), (4, 6, 10), (23, 6, 36)]

Clock: 20
Waiting clients: []
Queue 0:[(5, 1, 5), (22, 2, 15), (37, 2, 9), (44, 2, 24), (25, 3, 14), (34, 3, 22), (38, 4, 11), (43, 4, 9), (12, 5, 7), (14, 5, 21), (10, 6, 25), (40, 6, 22)]
Queue 1:[(3, 2, 17), (31, 2, 25), (47, 2, 7), (19, 3, 36), (24, 4, 18), (1, 5, 30), (7, 6, 11), (27, 6, 29)]
Queue 2:[(20, 1, 19), (36, 2, 26), (11, 3, 18), (29, 3, 39), (8, 5, 22), (18, 5, 20), (28, 6, 22), (46, 6, 31)]
Queue 3:[(33, 1, 2), (16, 2, 4), (30, 2, 20), (41, 2, 29), (26, 3, 22), (35, 3, 22), (42, 4, 15), (13, 5, 11), (50, 5, 11), (9, 6, 9), (32, 6, 12), (39, 6, 26)]
Queue 4:[(6, 2, 32), (45, 2, 18), (21, 3, 34), (15, 4, 16), (48, 4, 30), (4, 6, 10), (23, 6, 36)]

Clock: 21
Waiting clients: []
Queue 0:[(5, 1, 4), (22, 2, 15), (37, 2, 9), (44, 2, 24), (25, 3, 14), (34, 3, 22), (38, 4, 11), (43, 4, 9), (12, 5, 7), (14, 5, 21), (10, 6, 25), (40, 6, 22)]
Queue 1:[(3, 2, 16), (31, 2, 25), (47, 2, 7), (19, 3, 36), (24, 4, 18), (1, 5, 30), (7, 6, 11), (27, 6, 29)]
Queue 2:[(20, 1, 18), (36, 2, 26), (11, 3, 18), (29, 3, 39), (8, 5, 22), (18, 5, 20), (28, 6, 22), (46, 6, 31)]
Queue 3:[(33, 1, 1), (16, 2, 4), (30, 2, 20), (41, 2, 29), (26, 3, 22), (35, 3, 22), (42, 4, 15), (13, 5, 11), (50, 5, 11), (9, 6, 9), (32, 6, 12), (39, 6, 26)]
Queue 4:[(6, 2, 31), (45, 2, 18), (21, 3, 34), (15, 4, 16), (48, 4, 30), (4, 6, 10), (23, 6, 36)]

Clock: 22
Waiting clients: []
Queue 0:[(5, 1, 3), (22, 2, 15), (37, 2, 9), (44, 2, 24), (25, 3, 14), (34, 3, 22), (38, 4, 11), (43, 4, 9), (12, 5, 7), (14, 5, 21), (10, 6, 25), (40, 6, 22)]
Queue 1:[(3, 2, 15), (31, 2, 25), (47, 2, 7), (19, 3, 36), (24, 4, 18), (1, 5, 30), (7, 6, 11), (27, 6, 29)]
Queue 2:[(20, 1, 17), (36, 2, 26), (11, 3, 18), (29, 3, 39), (8, 5, 22), (18, 5, 20), (28, 6, 22), (46, 6, 31)]
Queue 3:[(16, 2, 4), (30, 2, 20), (41, 2, 29), (26, 3, 22), (35, 3, 22), (42, 4, 15), (13, 5, 11), (50, 5, 11), (9, 6, 9), (32, 6, 12), (39, 6, 26)]
Queue 4:[(6, 2, 30), (45, 2, 18), (21, 3, 34), (15, 4, 16), (48, 4, 30), (4, 6, 10), (23, 6, 36)]

Clock: 23
Waiting clients: []
Queue 0:[(5, 1, 2), (22, 2, 15), (37, 2, 9), (44, 2, 24), (25, 3, 14), (34, 3, 22), (38, 4, 11), (43, 4, 9), (12, 5, 7), (14, 5, 21), (10, 6, 25), (40, 6, 22)]
Queue 1:[(3, 2, 14), (31, 2, 25), (47, 2, 7), (19, 3, 36), (24, 4, 18), (1, 5, 30), (7, 6, 11), (27, 6, 29)]
Queue 2:[(20, 1, 16), (36, 2, 26), (11, 3, 18), (29, 3, 39), (8, 5, 22), (18, 5, 20), (28, 6, 22), (46, 6, 31)]
Queue 3:[(16, 2, 3), (30, 2, 20), (41, 2, 29), (26, 3, 22), (35, 3, 22), (42, 4, 15), (13, 5, 11), (50, 5, 11), (9, 6, 9), (32, 6, 12), (39, 6, 26)]
Queue 4:[(6, 2, 29), (45, 2, 18), (21, 3, 34), (15, 4, 16), (48, 4, 30), (4, 6, 10), (23, 6, 36)]

Clock: 24
Waiting clients: []
Queue 0:[(5, 1, 1), (22, 2, 15), (37, 2, 9), (44, 2, 24), (25, 3, 14), (34, 3, 22), (38, 4, 11), (43, 4, 9), (12, 5, 7), (14, 5, 21), (10, 6, 25), (40, 6, 22)]
Queue 1:[(3, 2, 13), (31, 2, 25), (47, 2, 7), (19, 3, 36), (24, 4, 18), (1, 5, 30), (7, 6, 11), (27, 6, 29)]
Queue 2:[(20, 1, 15), (36, 2, 26), (11, 3, 18), (29, 3, 39), (8, 5, 22), (18, 5, 20), (28, 6, 22), (46, 6, 31)]
Queue 3:[(16, 2, 2), (30, 2, 20), (41, 2, 29), (26, 3, 22), (35, 3, 22), (42, 4, 15), (13, 5, 11), (50, 5, 11), (9, 6, 9), (32, 6, 12), (39, 6, 26)]
Queue 4:[(6, 2, 28), (45, 2, 18), (21, 3, 34), (15, 4, 16), (48, 4, 30), (4, 6, 10), (23, 6, 36)]

Clock: 25
Waiting clients: []
Queue 0:[(22, 2, 15), (37, 2, 9), (44, 2, 24), (25, 3, 14), (34, 3, 22), (38, 4, 11), (43, 4, 9), (12, 5, 7), (14, 5, 21), (10, 6, 25), (40, 6, 22)]
Queue 1:[(3, 2, 12), (31, 2, 25), (47, 2, 7), (19, 3, 36), (24, 4, 18), (1, 5, 30), (7, 6, 11), (27, 6, 29)]
Queue 2:[(20, 1, 14), (36, 2, 26), (11, 3, 18), (29, 3, 39), (8, 5, 22), (18, 5, 20), (28, 6, 22), (46, 6, 31)]
Queue 3:[(16, 2, 1), (30, 2, 20), (41, 2, 29), (26, 3, 22), (35, 3, 22), (42, 4, 15), (13, 5, 11), (50, 5, 11), (9, 6, 9), (32, 6, 12), (39, 6, 26)]
Queue 4:[(6, 2, 27), (45, 2, 18), (21, 3, 34), (15, 4, 16), (48, 4, 30), (4, 6, 10), (23, 6, 36)]

Clock: 26
Waiting clients: []
Queue 0:[(22, 2, 14), (37, 2, 9), (44, 2, 24), (25, 3, 14), (34, 3, 22), (38, 4, 11), (43, 4, 9), (12, 5, 7), (14, 5, 21), (10, 6, 25), (40, 6, 22)]
Queue 1:[(3, 2, 11), (31, 2, 25), (47, 2, 7), (19, 3, 36), (24, 4, 18), (1, 5, 30), (7, 6, 11), (27, 6, 29)]
Queue 2:[(20, 1, 13), (36, 2, 26), (11, 3, 18), (29, 3, 39), (8, 5, 22), (18, 5, 20), (28, 6, 22), (46, 6, 31)]
Queue 3:[(30, 2, 20), (41, 2, 29), (26, 3, 22), (35, 3, 22), (42, 4, 15), (13, 5, 11), (50, 5, 11), (9, 6, 9), (32, 6, 12), (39, 6, 26)]
Queue 4:[(6, 2, 26), (45, 2, 18), (21, 3, 34), (15, 4, 16), (48, 4, 30), (4, 6, 10), (23, 6, 36)]

Clock: 27
Waiting clients: []
Queue 0:[(22, 2, 13), (37, 2, 9), (44, 2, 24), (25, 3, 14), (34, 3, 22), (38, 4, 11), (43, 4, 9), (12, 5, 7), (14, 5, 21), (10, 6, 25), (40, 6, 22)]
Queue 1:[(3, 2, 10), (31, 2, 25), (47, 2, 7), (19, 3, 36), (24, 4, 18), (1, 5, 30), (7, 6, 11), (27, 6, 29)]
Queue 2:[(20, 1, 12), (36, 2, 26), (11, 3, 18), (29, 3, 39), (8, 5, 22), (18, 5, 20), (28, 6, 22), (46, 6, 31)]
Queue 3:[(30, 2, 19), (41, 2, 29), (26, 3, 22), (35, 3, 22), (42, 4, 15), (13, 5, 11), (50, 5, 11), (9, 6, 9), (32, 6, 12), (39, 6, 26)]
Queue 4:[(6, 2, 25), (45, 2, 18), (21, 3, 34), (15, 4, 16), (48, 4, 30), (4, 6, 10), (23, 6, 36)]

Clock: 28
Waiting clients: []
Queue 0:[(22, 2, 12), (37, 2, 9), (44, 2, 24), (25, 3, 14), (34, 3, 22), (38, 4, 11), (43, 4, 9), (12, 5, 7), (14, 5, 21), (10, 6, 25), (40, 6, 22)]
Queue 1:[(3, 2, 9), (31, 2, 25), (47, 2, 7), (19, 3, 36), (24, 4, 18), (1, 5, 30), (7, 6, 11), (27, 6, 29)]
Queue 2:[(20, 1, 11), (36, 2, 26), (11, 3, 18), (29, 3, 39), (8, 5, 22), (18, 5, 20), (28, 6, 22), (46, 6, 31)]
Queue 3:[(30, 2, 18), (41, 2, 29), (26, 3, 22), (35, 3, 22), (42, 4, 15), (13, 5, 11), (50, 5, 11), (9, 6, 9), (32, 6, 12), (39, 6, 26)]
Queue 4:[(6, 2, 24), (45, 2, 18), (21, 3, 34), (15, 4, 16), (48, 4, 30), (4, 6, 10), (23, 6, 36)]

Clock: 29
Waiting clients: []
Queue 0:[(22, 2, 11), (37, 2, 9), (44, 2, 24), (25, 3, 14), (34, 3, 22), (38, 4, 11), (43, 4, 9), (12, 5, 7), (14, 5, 21), (10, 6, 25), (40, 6, 22)]
Queue 1:[(3, 2, 8), (31, 2, 25), (47, 2, 7), (19, 3, 36), (24, 4, 18), (1, 5, 30), (7, 6, 11), (27, 6, 29)]
Queue 2:[(20, 1, 10), (36, 2, 26), (11, 3, 18), (29, 3, 39), (8, 5, 22), (18, 5, 20), (28, 6, 22), (46, 6, 31)]
Queue 3:[(30, 2, 17), (41, 2, 29), (26, 3, 22), (35, 3, 22), (42, 4, 15), (13, 5, 11), (50, 5, 11), (9, 6, 9), (32, 6, 12), (39, 6, 26)]
Queue 4:[(6, 2, 23), (45, 2, 18), (21, 3, 34), (15, 4, 16), (48, 4, 30), (4, 6, 10), (23, 6, 36)]

Clock: 30
Waiting clients: []
Queue 0:[(22, 2, 10), (37, 2, 9), (44, 2, 24), (25, 3, 14), (34, 3, 22), (38, 4, 11), (43, 4, 9), (12, 5, 7), (14, 5, 21), (10, 6, 25), (40, 6, 22)]
Queue 1:[(3, 2, 7), (31, 2, 25), (47, 2, 7), (19, 3, 36), (24, 4, 18), (1, 5, 30), (7, 6, 11), (27, 6, 29)]
Queue 2:[(20, 1, 9), (36, 2, 26), (11, 3, 18), (29, 3, 39), (8, 5, 22), (18, 5, 20), (28, 6, 22), (46, 6, 31)]
Queue 3:[(30, 2, 16), (41, 2, 29), (26, 3, 22), (35, 3, 22), (42, 4, 15), (13, 5, 11), (50, 5, 11), (9, 6, 9), (32, 6, 12), (39, 6, 26)]
Queue 4:[(6, 2, 22), (45, 2, 18), (21, 3, 34), (15, 4, 16), (48, 4, 30), (4, 6, 10), (23, 6, 36)]

Clock: 31
Waiting clients: []
Queue 0:[(22, 2, 9), (37, 2, 9), (44, 2, 24), (25, 3, 14), (34, 3, 22), (38, 4, 11), (43, 4, 9), (12, 5, 7), (14, 5, 21), (10, 6, 25), (40, 6, 22)]
Queue 1:[(3, 2, 6), (31, 2, 25), (47, 2, 7), (19, 3, 36), (24, 4, 18), (1, 5, 30), (7, 6, 11), (27, 6, 29)]
Queue 2:[(20, 1, 8), (36, 2, 26), (11, 3, 18), (29, 3, 39), (8, 5, 22), (18, 5, 20), (28, 6, 22), (46, 6, 31)]
Queue 3:[(30, 2, 15), (41, 2, 29), (26, 3, 22), (35, 3, 22), (42, 4, 15), (13, 5, 11), (50, 5, 11), (9, 6, 9), (32, 6, 12), (39, 6, 26)]
Queue 4:[(6, 2, 21), (45, 2, 18), (21, 3, 34), (15, 4, 16), (48, 4, 30), (4, 6, 10), (23, 6, 36)]

Clock: 32
Waiting clients: []
Queue 0:[(22, 2, 8), (37, 2, 9), (44, 2, 24), (25, 3, 14), (34, 3, 22), (38, 4, 11), (43, 4, 9), (12, 5, 7), (14, 5, 21), (10, 6, 25), (40, 6, 22)]
Queue 1:[(3, 2, 5), (31, 2, 25), (47, 2, 7), (19, 3, 36), (24, 4, 18), (1, 5, 30), (7, 6, 11), (27, 6, 29)]
Queue 2:[(20, 1, 7), (36, 2, 26), (11, 3, 18), (29, 3, 39), (8, 5, 22), (18, 5, 20), (28, 6, 22), (46, 6, 31)]
Queue 3:[(30, 2, 14), (41, 2, 29), (26, 3, 22), (35, 3, 22), (42, 4, 15), (13, 5, 11), (50, 5, 11), (9, 6, 9), (32, 6, 12), (39, 6, 26)]
Queue 4:[(6, 2, 20), (45, 2, 18), (21, 3, 34), (15, 4, 16), (48, 4, 30), (4, 6, 10), (23, 6, 36)]

Clock: 33
Waiting clients: []
Queue 0:[(22, 2, 7), (37, 2, 9), (44, 2, 24), (25, 3, 14), (34, 3, 22), (38, 4, 11), (43, 4, 9), (12, 5, 7), (14, 5, 21), (10, 6, 25), (40, 6, 22)]
Queue 1:[(3, 2, 4), (31, 2, 25), (47, 2, 7), (19, 3, 36), (24, 4, 18), (1, 5, 30), (7, 6, 11), (27, 6, 29)]
Queue 2:[(20, 1, 6), (36, 2, 26), (11, 3, 18), (29, 3, 39), (8, 5, 22), (18, 5, 20), (28, 6, 22), (46, 6, 31)]
Queue 3:[(30, 2, 13), (41, 2, 29), (26, 3, 22), (35, 3, 22), (42, 4, 15), (13, 5, 11), (50, 5, 11), (9, 6, 9), (32, 6, 12), (39, 6, 26)]
Queue 4:[(6, 2, 19), (45, 2, 18), (21, 3, 34), (15, 4, 16), (48, 4, 30), (4, 6, 10), (23, 6, 36)]

Clock: 34
Waiting clients: []
Queue 0:[(22, 2, 6), (37, 2, 9), (44, 2, 24), (25, 3, 14), (34, 3, 22), (38, 4, 11), (43, 4, 9), (12, 5, 7), (14, 5, 21), (10, 6, 25), (40, 6, 22)]
Queue 1:[(3, 2, 3), (31, 2, 25), (47, 2, 7), (19, 3, 36), (24, 4, 18), (1, 5, 30), (7, 6, 11), (27, 6, 29)]
Queue 2:[(20, 1, 5), (36, 2, 26), (11, 3, 18), (29, 3, 39), (8, 5, 22), (18, 5, 20), (28, 6, 22), (46, 6, 31)]
Queue 3:[(30, 2, 12), (41, 2, 29), (26, 3, 22), (35, 3, 22), (42, 4, 15), (13, 5, 11), (50, 5, 11), (9, 6, 9), (32, 6, 12), (39, 6, 26)]
Queue 4:[(6, 2, 18), (45, 2, 18), (21, 3, 34), (15, 4, 16), (48, 4, 30), (4, 6, 10), (23, 6, 36)]

Clock: 35
Waiting clients: []
Queue 0:[(22, 2, 5), (37, 2, 9), (44, 2, 24), (25, 3, 14), (34, 3, 22), (38, 4, 11), (43, 4, 9), (12, 5, 7), (14, 5, 21), (10, 6, 25), (40, 6, 22)]
Queue 1:[(3, 2, 2), (31, 2, 25), (47, 2, 7), (19, 3, 36), (24, 4, 18), (1, 5, 30), (7, 6, 11), (27, 6, 29)]
Queue 2:[(20, 1, 4), (36, 2, 26), (11, 3, 18), (29, 3, 39), (8, 5, 22), (18, 5, 20), (28, 6, 22), (46, 6, 31)]
Queue 3:[(30, 2, 11), (41, 2, 29), (26, 3, 22), (35, 3, 22), (42, 4, 15), (13, 5, 11), (50, 5, 11), (9, 6, 9), (32, 6, 12), (39, 6, 26)]
Queue 4:[(6, 2, 17), (45, 2, 18), (21, 3, 34), (15, 4, 16), (48, 4, 30), (4, 6, 10), (23, 6, 36)]

Clock: 36
Waiting clients: []
Queue 0:[(22, 2, 4), (37, 2, 9), (44, 2, 24), (25, 3, 14), (34, 3, 22), (38, 4, 11), (43, 4, 9), (12, 5, 7), (14, 5, 21), (10, 6, 25), (40, 6, 22)]
Queue 1:[(3, 2, 1), (31, 2, 25), (47, 2, 7), (19, 3, 36), (24, 4, 18), (1, 5, 30), (7, 6, 11), (27, 6, 29)]
Queue 2:[(20, 1, 3), (36, 2, 26), (11, 3, 18), (29, 3, 39), (8, 5, 22), (18, 5, 20), (28, 6, 22), (46, 6, 31)]
Queue 3:[(30, 2, 10), (41, 2, 29), (26, 3, 22), (35, 3, 22), (42, 4, 15), (13, 5, 11), (50, 5, 11), (9, 6, 9), (32, 6, 12), (39, 6, 26)]
Queue 4:[(6, 2, 16), (45, 2, 18), (21, 3, 34), (15, 4, 16), (48, 4, 30), (4, 6, 10), (23, 6, 36)]

Clock: 37
Waiting clients: []
Queue 0:[(22, 2, 3), (37, 2, 9), (44, 2, 24), (25, 3, 14), (34, 3, 22), (38, 4, 11), (43, 4, 9), (12, 5, 7), (14, 5, 21), (10, 6, 25), (40, 6, 22)]
Queue 1:[(31, 2, 25), (47, 2, 7), (19, 3, 36), (24, 4, 18), (1, 5, 30), (7, 6, 11), (27, 6, 29)]
Queue 2:[(20, 1, 2), (36, 2, 26), (11, 3, 18), (29, 3, 39), (8, 5, 22), (18, 5, 20), (28, 6, 22), (46, 6, 31)]
Queue 3:[(30, 2, 9), (41, 2, 29), (26, 3, 22), (35, 3, 22), (42, 4, 15), (13, 5, 11), (50, 5, 11), (9, 6, 9), (32, 6, 12), (39, 6, 26)]
Queue 4:[(6, 2, 15), (45, 2, 18), (21, 3, 34), (15, 4, 16), (48, 4, 30), (4, 6, 10), (23, 6, 36)]

Clock: 38
Waiting clients: []
Queue 0:[(22, 2, 2), (37, 2, 9), (44, 2, 24), (25, 3, 14), (34, 3, 22), (38, 4, 11), (43, 4, 9), (12, 5, 7), (14, 5, 21), (10, 6, 25), (40, 6, 22)]
Queue 1:[(31, 2, 24), (47, 2, 7), (19, 3, 36), (24, 4, 18), (1, 5, 30), (7, 6, 11), (27, 6, 29)]
Queue 2:[(20, 1, 1), (36, 2, 26), (11, 3, 18), (29, 3, 39), (8, 5, 22), (18, 5, 20), (28, 6, 22), (46, 6, 31)]
Queue 3:[(30, 2, 8), (41, 2, 29), (26, 3, 22), (35, 3, 22), (42, 4, 15), (13, 5, 11), (50, 5, 11), (9, 6, 9), (32, 6, 12), (39, 6, 26)]
Queue 4:[(6, 2, 14), (45, 2, 18), (21, 3, 34), (15, 4, 16), (48, 4, 30), (4, 6, 10), (23, 6, 36)]

Clock: 39
Waiting clients: []
Queue 0:[(22, 2, 1), (37, 2, 9), (44, 2, 24), (25, 3, 14), (34, 3, 22), (38, 4, 11), (43, 4, 9), (12, 5, 7), (14, 5, 21), (10, 6, 25), (40, 6, 22)]
Queue 1:[(31, 2, 23), (47, 2, 7), (19, 3, 36), (24, 4, 18), (1, 5, 30), (7, 6, 11), (27, 6, 29)]
Queue 2:[(36, 2, 26), (11, 3, 18), (29, 3, 39), (8, 5, 22), (18, 5, 20), (28, 6, 22), (46, 6, 31)]
Queue 3:[(30, 2, 7), (41, 2, 29), (26, 3, 22), (35, 3, 22), (42, 4, 15), (13, 5, 11), (50, 5, 11), (9, 6, 9), (32, 6, 12), (39, 6, 26)]
Queue 4:[(6, 2, 13), (45, 2, 18), (21, 3, 34), (15, 4, 16), (48, 4, 30), (4, 6, 10), (23, 6, 36)]

Clock: 40
Waiting clients: []
Queue 0:[(37, 2, 9), (44, 2, 24), (25, 3, 14), (34, 3, 22), (38, 4, 11), (43, 4, 9), (12, 5, 7), (14, 5, 21), (10, 6, 25), (40, 6, 22)]
Queue 1:[(31, 2, 22), (47, 2, 7), (19, 3, 36), (24, 4, 18), (1, 5, 30), (7, 6, 11), (27, 6, 29)]
Queue 2:[(36, 2, 25), (11, 3, 18), (29, 3, 39), (8, 5, 22), (18, 5, 20), (28, 6, 22), (46, 6, 31)]
Queue 3:[(30, 2, 6), (41, 2, 29), (26, 3, 22), (35, 3, 22), (42, 4, 15), (13, 5, 11), (50, 5, 11), (9, 6, 9), (32, 6, 12), (39, 6, 26)]
Queue 4:[(6, 2, 12), (45, 2, 18), (21, 3, 34), (15, 4, 16), (48, 4, 30), (4, 6, 10), (23, 6, 36)]

Clock: 41
Waiting clients: []
Queue 0:[(37, 2, 8), (44, 2, 24), (25, 3, 14), (34, 3, 22), (38, 4, 11), (43, 4, 9), (12, 5, 7), (14, 5, 21), (10, 6, 25), (40, 6, 22)]
Queue 1:[(31, 2, 21), (47, 2, 7), (19, 3, 36), (24, 4, 18), (1, 5, 30), (7, 6, 11), (27, 6, 29)]
Queue 2:[(36, 2, 24), (11, 3, 18), (29, 3, 39), (8, 5, 22), (18, 5, 20), (28, 6, 22), (46, 6, 31)]
Queue 3:[(30, 2, 5), (41, 2, 29), (26, 3, 22), (35, 3, 22), (42, 4, 15), (13, 5, 11), (50, 5, 11), (9, 6, 9), (32, 6, 12), (39, 6, 26)]
Queue 4:[(6, 2, 11), (45, 2, 18), (21, 3, 34), (15, 4, 16), (48, 4, 30), (4, 6, 10), (23, 6, 36)]

Clock: 42
Waiting clients: []
Queue 0:[(37, 2, 7), (44, 2, 24), (25, 3, 14), (34, 3, 22), (38, 4, 11), (43, 4, 9), (12, 5, 7), (14, 5, 21), (10, 6, 25), (40, 6, 22)]
Queue 1:[(31, 2, 20), (47, 2, 7), (19, 3, 36), (24, 4, 18), (1, 5, 30), (7, 6, 11), (27, 6, 29)]
Queue 2:[(36, 2, 23), (11, 3, 18), (29, 3, 39), (8, 5, 22), (18, 5, 20), (28, 6, 22), (46, 6, 31)]
Queue 3:[(30, 2, 4), (41, 2, 29), (26, 3, 22), (35, 3, 22), (42, 4, 15), (13, 5, 11), (50, 5, 11), (9, 6, 9), (32, 6, 12), (39, 6, 26)]
Queue 4:[(6, 2, 10), (45, 2, 18), (21, 3, 34), (15, 4, 16), (48, 4, 30), (4, 6, 10), (23, 6, 36)]

Clock: 43
Waiting clients: []
Queue 0:[(37, 2, 6), (44, 2, 24), (25, 3, 14), (34, 3, 22), (38, 4, 11), (43, 4, 9), (12, 5, 7), (14, 5, 21), (10, 6, 25), (40, 6, 22)]
Queue 1:[(31, 2, 19), (47, 2, 7), (19, 3, 36), (24, 4, 18), (1, 5, 30), (7, 6, 11), (27, 6, 29)]
Queue 2:[(36, 2, 22), (11, 3, 18), (29, 3, 39), (8, 5, 22), (18, 5, 20), (28, 6, 22), (46, 6, 31)]
Queue 3:[(30, 2, 3), (41, 2, 29), (26, 3, 22), (35, 3, 22), (42, 4, 15), (13, 5, 11), (50, 5, 11), (9, 6, 9), (32, 6, 12), (39, 6, 26)]
Queue 4:[(6, 2, 9), (45, 2, 18), (21, 3, 34), (15, 4, 16), (48, 4, 30), (4, 6, 10), (23, 6, 36)]

Clock: 44
Waiting clients: []
Queue 0:[(37, 2, 5), (44, 2, 24), (25, 3, 14), (34, 3, 22), (38, 4, 11), (43, 4, 9), (12, 5, 7), (14, 5, 21), (10, 6, 25), (40, 6, 22)]
Queue 1:[(31, 2, 18), (47, 2, 7), (19, 3, 36), (24, 4, 18), (1, 5, 30), (7, 6, 11), (27, 6, 29)]
Queue 2:[(36, 2, 21), (11, 3, 18), (29, 3, 39), (8, 5, 22), (18, 5, 20), (28, 6, 22), (46, 6, 31)]
Queue 3:[(30, 2, 2), (41, 2, 29), (26, 3, 22), (35, 3, 22), (42, 4, 15), (13, 5, 11), (50, 5, 11), (9, 6, 9), (32, 6, 12), (39, 6, 26)]
Queue 4:[(6, 2, 8), (45, 2, 18), (21, 3, 34), (15, 4, 16), (48, 4, 30), (4, 6, 10), (23, 6, 36)]

Clock: 45
Waiting clients: []
Queue 0:[(37, 2, 4), (44, 2, 24), (25, 3, 14), (34, 3, 22), (38, 4, 11), (43, 4, 9), (12, 5, 7), (14, 5, 21), (10, 6, 25), (40, 6, 22)]
Queue 1:[(31, 2, 17), (47, 2, 7), (19, 3, 36), (24, 4, 18), (1, 5, 30), (7, 6, 11), (27, 6, 29)]
Queue 2:[(36, 2, 20), (11, 3, 18), (29, 3, 39), (8, 5, 22), (18, 5, 20), (28, 6, 22), (46, 6, 31)]
Queue 3:[(30, 2, 1), (41, 2, 29), (26, 3, 22), (35, 3, 22), (42, 4, 15), (13, 5, 11), (50, 5, 11), (9, 6, 9), (32, 6, 12), (39, 6, 26)]
Queue 4:[(6, 2, 7), (45, 2, 18), (21, 3, 34), (15, 4, 16), (48, 4, 30), (4, 6, 10), (23, 6, 36)]

Clock: 46
Waiting clients: []
Queue 0:[(37, 2, 3), (44, 2, 24), (25, 3, 14), (34, 3, 22), (38, 4, 11), (43, 4, 9), (12, 5, 7), (14, 5, 21), (10, 6, 25), (40, 6, 22)]
Queue 1:[(31, 2, 16), (47, 2, 7), (19, 3, 36), (24, 4, 18), (1, 5, 30), (7, 6, 11), (27, 6, 29)]
Queue 2:[(36, 2, 19), (11, 3, 18), (29, 3, 39), (8, 5, 22), (18, 5, 20), (28, 6, 22), (46, 6, 31)]
Queue 3:[(41, 2, 29), (26, 3, 22), (35, 3, 22), (42, 4, 15), (13, 5, 11), (50, 5, 11), (9, 6, 9), (32, 6, 12), (39, 6, 26)]
Queue 4:[(6, 2, 6), (45, 2, 18), (21, 3, 34), (15, 4, 16), (48, 4, 30), (4, 6, 10), (23, 6, 36)]

Clock: 47
Waiting clients: []
Queue 0:[(37, 2, 2), (44, 2, 24), (25, 3, 14), (34, 3, 22), (38, 4, 11), (43, 4, 9), (12, 5, 7), (14, 5, 21), (10, 6, 25), (40, 6, 22)]
Queue 1:[(31, 2, 15), (47, 2, 7), (19, 3, 36), (24, 4, 18), (1, 5, 30), (7, 6, 11), (27, 6, 29)]
Queue 2:[(36, 2, 18), (11, 3, 18), (29, 3, 39), (8, 5, 22), (18, 5, 20), (28, 6, 22), (46, 6, 31)]
Queue 3:[(41, 2, 28), (26, 3, 22), (35, 3, 22), (42, 4, 15), (13, 5, 11), (50, 5, 11), (9, 6, 9), (32, 6, 12), (39, 6, 26)]
Queue 4:[(6, 2, 5), (45, 2, 18), (21, 3, 34), (15, 4, 16), (48, 4, 30), (4, 6, 10), (23, 6, 36)]

Clock: 48
Waiting clients: []
Queue 0:[(37, 2, 1), (44, 2, 24), (25, 3, 14), (34, 3, 22), (38, 4, 11), (43, 4, 9), (12, 5, 7), (14, 5, 21), (10, 6, 25), (40, 6, 22)]
Queue 1:[(31, 2, 14), (47, 2, 7), (19, 3, 36), (24, 4, 18), (1, 5, 30), (7, 6, 11), (27, 6, 29)]
Queue 2:[(36, 2, 17), (11, 3, 18), (29, 3, 39), (8, 5, 22), (18, 5, 20), (28, 6, 22), (46, 6, 31)]
Queue 3:[(41, 2, 27), (26, 3, 22), (35, 3, 22), (42, 4, 15), (13, 5, 11), (50, 5, 11), (9, 6, 9), (32, 6, 12), (39, 6, 26)]
Queue 4:[(6, 2, 4), (45, 2, 18), (21, 3, 34), (15, 4, 16), (48, 4, 30), (4, 6, 10), (23, 6, 36)]

Clock: 49
Waiting clients: []
Queue 0:[(44, 2, 24), (25, 3, 14), (34, 3, 22), (38, 4, 11), (43, 4, 9), (12, 5, 7), (14, 5, 21), (10, 6, 25), (40, 6, 22)]
Queue 1:[(31, 2, 13), (47, 2, 7), (19, 3, 36), (24, 4, 18), (1, 5, 30), (7, 6, 11), (27, 6, 29)]
Queue 2:[(36, 2, 16), (11, 3, 18), (29, 3, 39), (8, 5, 22), (18, 5, 20), (28, 6, 22), (46, 6, 31)]
Queue 3:[(41, 2, 26), (26, 3, 22), (35, 3, 22), (42, 4, 15), (13, 5, 11), (50, 5, 11), (9, 6, 9), (32, 6, 12), (39, 6, 26)]
Queue 4:[(6, 2, 3), (45, 2, 18), (21, 3, 34), (15, 4, 16), (48, 4, 30), (4, 6, 10), (23, 6, 36)]

Clock: 50
Waiting clients: []
Queue 0:[(44, 2, 23), (25, 3, 14), (34, 3, 22), (38, 4, 11), (43, 4, 9), (12, 5, 7), (14, 5, 21), (10, 6, 25), (40, 6, 22)]
Queue 1:[(31, 2, 12), (47, 2, 7), (19, 3, 36), (24, 4, 18), (1, 5, 30), (7, 6, 11), (27, 6, 29)]
Queue 2:[(36, 2, 15), (11, 3, 18), (29, 3, 39), (8, 5, 22), (18, 5, 20), (28, 6, 22), (46, 6, 31)]
Queue 3:[(41, 2, 25), (26, 3, 22), (35, 3, 22), (42, 4, 15), (13, 5, 11), (50, 5, 11), (9, 6, 9), (32, 6, 12), (39, 6, 26)]
Queue 4:[(6, 2, 2), (45, 2, 18), (21, 3, 34), (15, 4, 16), (48, 4, 30), (4, 6, 10), (23, 6, 36)]

Clock: 51
Waiting clients: []
Queue 0:[(44, 2, 22), (25, 3, 14), (34, 3, 22), (38, 4, 11), (43, 4, 9), (12, 5, 7), (14, 5, 21), (10, 6, 25), (40, 6, 22)]
Queue 1:[(31, 2, 11), (47, 2, 7), (19, 3, 36), (24, 4, 18), (1, 5, 30), (7, 6, 11), (27, 6, 29)]
Queue 2:[(36, 2, 15), (11, 3, 18), (29, 3, 39), (8, 5, 22), (18, 5, 20), (28, 6, 22), (46, 6, 31)]
Queue 3:[(41, 2, 24), (26, 3, 22), (35, 3, 22), (42, 4, 15), (13, 5, 11), (50, 5, 11), (9, 6, 9), (32, 6, 12), (39, 6, 26)]
Queue 4:[(6, 2, 1), (45, 2, 18), (21, 3, 34), (15, 4, 16), (48, 4, 30), (4, 6, 10), (23, 6, 36)]

Clock: 52
Waiting clients: []
Queue 0:[(44, 2, 21), (25, 3, 14), (34, 3, 22), (38, 4, 11), (43, 4, 9), (12, 5, 7), (14, 5, 21), (10, 6, 25), (40, 6, 22)]
Queue 1:[(31, 2, 10), (47, 2, 7), (19, 3, 36), (24, 4, 18), (1, 5, 30), (7, 6, 11), (27, 6, 29)]
Queue 2:[(36, 2, 13), (11, 3, 18), (29, 3, 39), (8, 5, 22), (18, 5, 20), (28, 6, 22), (46, 6, 31)]
Queue 3:[(41, 2, 23), (26, 3, 22), (35, 3, 22), (42, 4, 15), (13, 5, 11), (50, 5, 11), (9, 6, 9), (32, 6, 12), (39, 6, 26)]
Queue 4:[(45, 2, 18), (21, 3, 34), (15, 4, 16), (48, 4, 30), (4, 6, 10), (23, 6, 36)]

Clock: 53
Waiting clients: []
Queue 0:[(44, 2, 20), (25, 3, 14), (34, 3, 22), (38, 4, 11), (43, 4, 9), (12, 5, 7), (14, 5, 21), (10, 6, 25), (40, 6, 22)]
Queue 1:[(31, 2, 9), (47, 2, 7), (19, 3, 36), (24, 4, 18), (1, 5, 30), (7, 6, 11), (27, 6, 29)]
Queue 2:[(36, 2, 12), (11, 3, 18), (29, 3, 39), (8, 5, 22), (18, 5, 20), (28, 6, 22), (46, 6, 31)]
Queue 3:[(41, 2, 22), (26, 3, 22), (35, 3, 22), (42, 4, 15), (13, 5, 11), (50, 5, 11), (9, 6, 9), (32, 6, 12), (39, 6, 26)]
Queue 4:[(45, 2, 17), (21, 3, 34), (15, 4, 16), (48, 4, 30), (4, 6, 10), (23, 6, 36)]

Clock: 54
Waiting clients: []
Queue 0:[(44, 2, 19), (25, 3, 14), (34, 3, 22), (38, 4, 11), (43, 4, 9), (12, 5, 7), (14, 5, 21), (10, 6, 25), (40, 6, 22)]
Queue 1:[(31, 2, 8), (47, 2, 7), (19, 3, 36), (24, 4, 18), (1, 5, 30), (7, 6, 11), (27, 6, 29)]
Queue 2:[(36, 2, 11), (11, 3, 18), (29, 3, 39), (8, 5, 22), (18, 5, 20), (28, 6, 22), (46, 6, 31)]
Queue 3:[(41, 2, 21), (26, 3, 22), (35, 3, 22), (42, 4, 15), (13, 5, 11), (50, 5, 11), (9, 6, 9), (32, 6, 12), (39, 6, 26)]
Queue 4:[(45, 2, 16), (21, 3, 34), (15, 4, 16), (48, 4, 30), (4, 6, 10), (23, 6, 36)]

Clock: 55
Waiting clients: []
Queue 0:[(44, 2, 18), (25, 3, 14), (34, 3, 22), (38, 4, 11), (43, 4, 9), (12, 5, 7), (14, 5, 21), (10, 6, 25), (40, 6, 22)]
Queue 1:[(31, 2, 7), (47, 2, 7), (19, 3, 36), (24, 4, 18), (1, 5, 30), (7, 6, 11), (27, 6, 29)]
Queue 2:[(36, 2, 10), (11, 3, 18), (29, 3, 39), (8, 5, 22), (18, 5, 20), (28, 6, 22), (46, 6, 31)]
Queue 3:[(41, 2, 20), (26, 3, 22), (35, 3, 22), (42, 4, 15), (13, 5, 11), (50, 5, 11), (9, 6, 9), (32, 6, 12), (39, 6, 26)]
Queue 4:[(45, 2, 15), (21, 3, 34), (15, 4, 16), (48, 4, 30), (4, 6, 10), (23, 6, 36)]

Clock: 56
Waiting clients: []
Queue 0:[(44, 2, 17), (25, 3, 14), (34, 3, 22), (38, 4, 11), (43, 4, 9), (12, 5, 7), (14, 5, 21), (10, 6, 25), (40, 6, 22)]
Queue 1:[(31, 2, 6), (47, 2, 7), (19, 3, 36), (24, 4, 18), (1, 5, 30), (7, 6, 11), (27, 6, 29)]
Queue 2:[(36, 2, 9), (11, 3, 18), (29, 3, 39), (8, 5, 22), (18, 5, 20), (28, 6, 22), (46, 6, 31)]
Queue 3:[(41, 2, 19), (26, 3, 22), (35, 3, 22), (42, 4, 15), (13, 5, 11), (50, 5, 11), (9, 6, 9), (32, 6, 12), (39, 6, 26)]
Queue 4:[(45, 2, 14), (21, 3, 34), (15, 4, 16), (48, 4, 30), (4, 6, 10), (23, 6, 36)]

Clock: 57
Waiting clients: []
Queue 0:[(44, 2, 16), (25, 3, 14), (34, 3, 22), (38, 4, 11), (43, 4, 9), (12, 5, 7), (14, 5, 21), (10, 6, 25), (40, 6, 22)]
Queue 1:[(31, 2, 5), (47, 2, 7), (19, 3, 36), (24, 4, 18), (1, 5, 30), (7, 6, 11), (27, 6, 29)]
Queue 2:[(36, 2, 8), (11, 3, 18), (29, 3, 39), (8, 5, 22), (18, 5, 20), (28, 6, 22), (46, 6, 31)]
Queue 3:[(41, 2, 18), (26, 3, 22), (35, 3, 22), (42, 4, 15), (13, 5, 11), (50, 5, 11), (9, 6, 9), (32, 6, 12), (39, 6, 26)]
Queue 4:[(45, 2, 13), (21, 3, 34), (15, 4, 16), (48, 4, 30), (4, 6, 10), (23, 6, 36)]

Clock: 58
Waiting clients: []
Queue 0:[(44, 2, 15), (25, 3, 14), (34, 3, 22), (38, 4, 11), (43, 4, 9), (12, 5, 7), (14, 5, 21), (10, 6, 25), (40, 6, 22)]
Queue 1:[(31, 2, 4), (47, 2, 7), (19, 3, 36), (24, 4, 18), (1, 5, 30), (7, 6, 11), (27, 6, 29)]
Queue 2:[(36, 2, 7), (11, 3, 18), (29, 3, 39), (8, 5, 22), (18, 5, 20), (28, 6, 22), (46, 6, 31)]
Queue 3:[(41, 2, 17), (26, 3, 22), (35, 3, 22), (42, 4, 15), (13, 5, 11), (50, 5, 11), (9, 6, 9), (32, 6, 12), (39, 6, 26)]
Queue 4:[(45, 2, 12), (21, 3, 34), (15, 4, 16), (48, 4, 30), (4, 6, 10), (23, 6, 36)]

Clock: 59
Waiting clients: []
Queue 0:[(44, 2, 14), (25, 3, 14), (34, 3, 22), (38, 4, 11), (43, 4, 9), (12, 5, 7), (14, 5, 21), (10, 6, 25), (40, 6, 22)]
Queue 1:[(31, 2, 3), (47, 2, 7), (19, 3, 36), (24, 4, 18), (1, 5, 30), (7, 6, 11), (27, 6, 29)]
Queue 2:[(36, 2, 6), (11, 3, 18), (29, 3, 39), (8, 5, 22), (18, 5, 20), (28, 6, 22), (46, 6, 31)]
Queue 3:[(41, 2, 16), (26, 3, 22), (35, 3, 22), (42, 4, 15), (13, 5, 11), (50, 5, 11), (9, 6, 9), (32, 6, 12), (39, 6, 26)]
Queue 4:[(45, 2, 11), (21, 3, 34), (15, 4, 16), (48, 4, 30), (4, 6, 10), (23, 6, 36)]

Clock: 60
Waiting clients: []
Queue 0:[(44, 2, 13), (25, 3, 14), (34, 3, 22), (38, 4, 11), (43, 4, 9), (12, 5, 7), (14, 5, 21), (10, 6, 25), (40, 6, 22)]
Queue 1:[(31, 2, 2), (47, 2, 7), (19, 3, 36), (24, 4, 18), (1, 5, 30), (7, 6, 11), (27, 6, 29)]
Queue 2:[(36, 2, 5), (11, 3, 18), (29, 3, 39), (8, 5, 22), (18, 5, 20), (28, 6, 22), (46, 6, 31)]
Queue 3:[(41, 2, 15), (26, 3, 22), (35, 3, 22), (42, 4, 15), (13, 5, 11), (50, 5, 11), (9, 6, 9), (32, 6, 12), (39, 6, 26)]
Queue 4:[(45, 2, 10), (21, 3, 34), (15, 4, 16), (48, 4, 30), (4, 6, 10), (23, 6, 36)]

Average waiting time: 3.60
AverageServiceTime: 20.16
Peak hour: 6

