Clock: 0
Waiting clients: [(1, 3, 17), (2, 2, 18), (3, 2, 8), (4, 2, 3)]
Queue 0:empty
Queue 1:empty

Clock: 1
Waiting clients: [(1, 3, 17), (2, 2, 18), (3, 2, 8), (4, 2, 3)]
Queue 0:empty
Queue 1:empty

Clock: 2
Waiting clients: [(1, 3, 17)]
Queue 0:[(2, 2, 18)]
Queue 1:[(3, 2, 8), (4, 2, 3)]

Clock: 3
Waiting clients: []
Queue 0:[(2, 2, 17)]
Queue 1:[(3, 2, 7), (4, 2, 3), (1, 3, 17)]

Clock: 4
Waiting clients: []
Queue 0:[(2, 2, 16)]
Queue 1:[(3, 2, 6), (4, 2, 3), (1, 3, 17)]

Clock: 5
Waiting clients: []
Queue 0:[(2, 2, 15)]
Queue 1:[(3, 2, 5), (4, 2, 3), (1, 3, 17)]

Clock: 6
Waiting clients: []
Queue 0:[(2, 2, 14)]
Queue 1:[(3, 2, 4), (4, 2, 3), (1, 3, 17)]

Clock: 7
Waiting clients: []
Queue 0:[(2, 2, 13)]
Queue 1:[(3, 2, 3), (4, 2, 3), (1, 3, 17)]

Clock: 8
Waiting clients: []
Queue 0:[(2, 2, 12)]
Queue 1:[(3, 2, 2), (4, 2, 3), (1, 3, 17)]

Clock: 9
Waiting clients: []
Queue 0:[(2, 2, 11)]
Queue 1:[(3, 2, 1), (4, 2, 3), (1, 3, 17)]

Clock: 10
Waiting clients: []
Queue 0:[(2, 2, 10)]
Queue 1:[(4, 2, 3), (1, 3, 17)]

Clock: 11
Waiting clients: []
Queue 0:[(2, 2, 9)]
Queue 1:[(4, 2, 2), (1, 3, 17)]

Clock: 12
Waiting clients: []
Queue 0:[(2, 2, 9)]
Queue 1:[(4, 2, 1), (1, 3, 17)]

Clock: 13
Waiting clients: []
Queue 0:[(2, 2, 8)]
Queue 1:[(4, 2, 1), (1, 3, 17)]

Clock: 14
Waiting clients: []
Queue 0:[(2, 2, 7)]
Queue 1:[(1, 3, 16)]

Clock: 15
Waiting clients: []
Queue 0:[(2, 2, 5)]
Queue 1:[(1, 3, 15)]

Clock: 16
Waiting clients: []
Queue 0:[(2, 2, 4)]
Queue 1:[(1, 3, 14)]

Clock: 17
Waiting clients: []
Queue 0:[(2, 2, 3)]
Queue 1:[(1, 3, 13)]

Clock: 18
Waiting clients: []
Queue 0:[(2, 2, 2)]
Queue 1:[(1, 3, 12)]

Clock: 19
Waiting clients: []
Queue 0:[(2, 2, 1)]
Queue 1:[(1, 3, 11)]

Clock: 20
Waiting clients: []
Queue 0:[(2, 2, 1)]
Queue 1:[(1, 3, 10)]

Clock: 21
Waiting clients: []
Queue 0:empty
Queue 1:[(1, 3, 10)]

Clock: 22
Waiting clients: []
Queue 0:empty
Queue 1:[(1, 3, 9)]

Clock: 23
Waiting clients: []
Queue 0:empty
Queue 1:[(1, 3, 8)]

Clock: 24
Waiting clients: []
Queue 0:empty
Queue 1:[(1, 3, 6)]

Clock: 25
Waiting clients: []
Queue 0:empty
Queue 1:[(1, 3, 6)]

Clock: 26
Waiting clients: []
Queue 0:empty
Queue 1:[(1, 3, 5)]

Clock: 27
Waiting clients: []
Queue 0:empty
Queue 1:[(1, 3, 4)]

Clock: 28
Waiting clients: []
Queue 0:empty
Queue 1:[(1, 3, 3)]

Clock: 29
Waiting clients: []
Queue 0:empty
Queue 1:[(1, 3, 1)]

Clock: 30
Waiting clients: []
Queue 0:empty
Queue 1:[(1, 3, 1)]

Average waiting time: 2.25
AverageServiceTime: 11.50
Peak hour: 3

