Clock: 0
Waiting clients: [(1, 12, 6), (2, 15, 5), (3, 15, 7), (4, 14, 6), (5, 13, 5), (6, 14, 5), (7, 14, 6), (8, 17, 6), (9, 10, 6), (10, 16, 5), (11, 11, 6), (12, 12, 5), (13, 11, 6), (14, 16, 7), (15, 17, 7), (16, 12, 5), (17, 17, 7), (18, 13, 5), (19, 16, 5), (20, 16, 6), (21, 18, 6), (22, 18, 5), (23, 14, 5), (24, 15, 7), (25, 15, 5), (26, 13, 6), (27, 18, 5), (28, 16, 6), (29, 10, 5), (30, 15, 6), (31, 10, 5), (32, 17, 6), (33, 12, 7), (34, 19, 7), (35, 13, 6), (36, 14, 5), (37, 13, 5), (38, 19, 7), (39, 12, 5), (40, 16, 7), (41, 18, 7), (42, 18, 6), (43, 14, 5), (44, 16, 6), (45, 17, 5), (46, 18, 7), (47, 13, 7), (48, 12, 7), (49, 12, 7), (50, 18, 7), (51, 12, 6), (52, 14, 5), (53, 14, 6), (54, 13, 6), (55, 18, 5), (56, 18, 5), (57, 16, 6), (58, 19, 5), (59, 18, 5), (60, 15, 7), (61, 19, 7), (62, 15, 5), (63, 16, 5), (64, 10, 6), (65, 17, 5), (66, 11, 6), (67, 17, 7), (68, 19, 5), (69, 13, 6), (70, 18, 6), (71, 12, 7), (72, 19, 7), (73, 11, 5), (74, 18, 7), (75, 18, 7), (76, 13, 6), (77, 17, 7), (78, 18, 7), (79, 13, 7), (80, 14, 7), (81, 13, 6), (82, 11, 6), (83, 16, 7), (84, 13, 7), (85, 14, 7), (86, 12, 7), (87, 18, 7), (88, 19, 5), (89, 12, 6), (90, 14, 5), (91, 13, 6), (92, 16, 6), (93, 10, 5), (94, 12, 7), (95, 17, 6), (96, 13, 7), (97, 18, 5), (98, 17, 5), (99, 12, 6), (100, 14, 7)]
Queue 0:empty
Queue 1:empty
Queue 2:empty
Queue 3:empty
Queue 4:empty
Queue 5:empty
Queue 6:empty
Queue 7:empty
Queue 8:empty
Queue 9:empty

Clock: 1
Waiting clients: [(1, 12, 6), (2, 15, 5), (3, 15, 7), (4, 14, 6), (5, 13, 5), (6, 14, 5), (7, 14, 6), (8, 17, 6), (9, 10, 6), (10, 16, 5), (11, 11, 6), (12, 12, 5), (13, 11, 6), (14, 16, 7), (15, 17, 7), (16, 12, 5), (17, 17, 7), (18, 13, 5), (19, 16, 5), (20, 16, 6), (21, 18, 6), (22, 18, 5), (23, 14, 5), (24, 15, 7), (25, 15, 5), (26, 13, 6), (27, 18, 5), (28, 16, 6), (29, 10, 5), (30, 15, 6), (31, 10, 5), (32, 17, 6), (33, 12, 7), (34, 19, 7), (35, 13, 6), (36, 14, 5), (37, 13, 5), (38, 19, 7), (39, 12, 5), (40, 16, 7), (41, 18, 7), (42, 18, 6), (43, 14, 5), (44, 16, 6), (45, 17, 5), (46, 18, 7), (47, 13, 7), (48, 12, 7), (49, 12, 7), (50, 18, 7), (51, 12, 6), (52, 14, 5), (53, 14, 6), (54, 13, 6), (55, 18, 5), (56, 18, 5), (57, 16, 6), (58, 19, 5), (59, 18, 5), (60, 15, 7), (61, 19, 7), (62, 15, 5), (63, 16, 5), (64, 10, 6), (65, 17, 5), (66, 11, 6), (67, 17, 7), (68, 19, 5), (69, 13, 6), (70, 18, 6), (71, 12, 7), (72, 19, 7), (73, 11, 5), (74, 18, 7), (75, 18, 7), (76, 13, 6), (77, 17, 7), (78, 18, 7), (79, 13, 7), (80, 14, 7), (81, 13, 6), (82, 11, 6), (83, 16, 7), (84, 13, 7), (85, 14, 7), (86, 12, 7), (87, 18, 7), (88, 19, 5), (89, 12, 6), (90, 14, 5), (91, 13, 6), (92, 16, 6), (93, 10, 5), (94, 12, 7), (95, 17, 6), (96, 13, 7), (97, 18, 5), (98, 17, 5), (99, 12, 6), (100, 14, 7)]
Queue 0:empty
Queue 1:empty
Queue 2:empty
Queue 3:empty
Queue 4:empty
Queue 5:empty
Queue 6:empty
Queue 7:empty
Queue 8:empty
Queue 9:empty

Clock: 2
Waiting clients: [(1, 12, 6), (2, 15, 5), (3, 15, 7), (4, 14, 6), (5, 13, 5), (6, 14, 5), (7, 14, 6), (8, 17, 6), (9, 10, 6), (10, 16, 5), (11, 11, 6), (12, 12, 5), (13, 11, 6), (14, 16, 7), (15, 17, 7), (16, 12, 5), (17, 17, 7), (18, 13, 5), (19, 16, 5), (20, 16, 6), (21, 18, 6), (22, 18, 5), (23, 14, 5), (24, 15, 7), (25, 15, 5), (26, 13, 6), (27, 18, 5), (28, 16, 6), (29, 10, 5), (30, 15, 6), (31, 10, 5), (32, 17, 6), (33, 12, 7), (34, 19, 7), (35, 13, 6), (36, 14, 5), (37, 13, 5), (38, 19, 7), (39, 12, 5), (40, 16, 7), (41, 18, 7), (42, 18, 6), (43, 14, 5), (44, 16, 6), (45, 17, 5), (46, 18, 7), (47, 13, 7), (48, 12, 7), (49, 12, 7), (50, 18, 7), (51, 12, 6), (52, 14, 5), (53, 14, 6), (54, 13, 6), (55, 18, 5), (56, 18, 5), (57, 16, 6), (58, 19, 5), (59, 18, 5), (60, 15, 7), (61, 19, 7), (62, 15, 5), (63, 16, 5), (64, 10, 6), (65, 17, 5), (66, 11, 6), (67, 17, 7), (68, 19, 5), (69, 13, 6), (70, 18, 6), (71, 12, 7), (72, 19, 7), (73, 11, 5), (74, 18, 7), (75, 18, 7), (76, 13, 6), (77, 17, 7), (78, 18, 7), (79, 13, 7), (80, 14, 7), (81, 13, 6), (82, 11, 6), (83, 16, 7), (84, 13, 7), (85, 14, 7), (86, 12, 7), (87, 18, 7), (88, 19, 5), (89, 12, 6), (90, 14, 5), (91, 13, 6), (92, 16, 6), (93, 10, 5), (94, 12, 7), (95, 17, 6), (96, 13, 7), (97, 18, 5), (98, 17, 5), (99, 12, 6), (100, 14, 7)]
Queue 0:empty
Queue 1:empty
Queue 2:empty
Queue 3:empty
Queue 4:empty
Queue 5:empty
Queue 6:empty
Queue 7:empty
Queue 8:empty
Queue 9:empty

Clock: 3
Waiting clients: [(1, 12, 6), (2, 15, 5), (3, 15, 7), (4, 14, 6), (5, 13, 5), (6, 14, 5), (7, 14, 6), (8, 17, 6), (9, 10, 6), (10, 16, 5), (11, 11, 6), (12, 12, 5), (13, 11, 6), (14, 16, 7), (15, 17, 7), (16, 12, 5), (17, 17, 7), (18, 13, 5), (19, 16, 5), (20, 16, 6), (21, 18, 6), (22, 18, 5), (23, 14, 5), (24, 15, 7), (25, 15, 5), (26, 13, 6), (27, 18, 5), (28, 16, 6), (29, 10, 5), (30, 15, 6), (31, 10, 5), (32, 17, 6), (33, 12, 7), (34, 19, 7), (35, 13, 6), (36, 14, 5), (37, 13, 5), (38, 19, 7), (39, 12, 5), (40, 16, 7), (41, 18, 7), (42, 18, 6), (43, 14, 5), (44, 16, 6), (45, 17, 5), (46, 18, 7), (47, 13, 7), (48, 12, 7), (49, 12, 7), (50, 18, 7), (51, 12, 6), (52, 14, 5), (53, 14, 6), (54, 13, 6), (55, 18, 5), (56, 18, 5), (57, 16, 6), (58, 19, 5), (59, 18, 5), (60, 15, 7), (61, 19, 7), (62, 15, 5), (63, 16, 5), (64, 10, 6), (65, 17, 5), (66, 11, 6), (67, 17, 7), (68, 19, 5), (69, 13, 6), (70, 18, 6), (71, 12, 7), (72, 19, 7), (73, 11, 5), (74, 18, 7), (75, 18, 7), (76, 13, 6), (77, 17, 7), (78, 18, 7), (79, 13, 7), (80, 14, 7), (81, 13, 6), (82, 11, 6), (83, 16, 7), (84, 13, 7), (85, 14, 7), (86, 12, 7), (87, 18, 7), (88, 19, 5), (89, 12, 6), (90, 14, 5), (91, 13, 6), (92, 16, 6), (93, 10, 5), (94, 12, 7), (95, 17, 6), (96, 13, 7), (97, 18, 5), (98, 17, 5), (99, 12, 6), (100, 14, 7)]
Queue 0:empty
Queue 1:empty
Queue 2:empty
Queue 3:empty
Queue 4:empty
Queue 5:empty
Queue 6:empty
Queue 7:empty
Queue 8:empty
Queue 9:empty

Clock: 4
Waiting clients: [(1, 12, 6), (2, 15, 5), (3, 15, 7), (4, 14, 6), (5, 13, 5), (6, 14, 5), (7, 14, 6), (8, 17, 6), (9, 10, 6), (10, 16, 5), (11, 11, 6), (12, 12, 5), (13, 11, 6), (14, 16, 7), (15, 17, 7), (16, 12, 5), (17, 17, 7), (18, 13, 5), (19, 16, 5), (20, 16, 6), (21, 18, 6), (22, 18, 5), (23, 14, 5), (24, 15, 7), (25, 15, 5), (26, 13, 6), (27, 18, 5), (28, 16, 6), (29, 10, 5), (30, 15, 6), (31, 10, 5), (32, 17, 6), (33, 12, 7), (34, 19, 7), (35, 13, 6), (36, 14, 5), (37, 13, 5), (38, 19, 7), (39, 12, 5), (40, 16, 7), (41, 18, 7), (42, 18, 6), (43, 14, 5), (44, 16, 6), (45, 17, 5), (46, 18, 7), (47, 13, 7), (48, 12, 7), (49, 12, 7), (50, 18, 7), (51, 12, 6), (52, 14, 5), (53, 14, 6), (54, 13, 6), (55, 18, 5), (56, 18, 5), (57, 16, 6), (58, 19, 5), (59, 18, 5), (60, 15, 7), (61, 19, 7), (62, 15, 5), (63, 16, 5), (64, 10, 6), (65, 17, 5), (66, 11, 6), (67, 17, 7), (68, 19, 5), (69, 13, 6), (70, 18, 6), (71, 12, 7), (72, 19, 7), (73, 11, 5), (74, 18, 7), (75, 18, 7), (76, 13, 6), (77, 17, 7), (78, 18, 7), (79, 13, 7), (80, 14, 7), (81, 13, 6), (82, 11, 6), (83, 16, 7), (84, 13, 7), (85, 14, 7), (86, 12, 7), (87, 18, 7), (88, 19, 5), (89, 12, 6), (90, 14, 5), (91, 13, 6), (92, 16, 6), (93, 10, 5), (94, 12, 7), (95, 17, 6), (96, 13, 7), (97, 18, 5), (98, 17, 5), (99, 12, 6), (100, 14, 7)]
Queue 0:empty
Queue 1:empty
Queue 2:empty
Queue 3:empty
Queue 4:empty
Queue 5:empty
Queue 6:empty
Queue 7:empty
Queue 8:empty
Queue 9:empty

Clock: 5
Waiting clients: [(1, 12, 6), (2, 15, 5), (3, 15, 7), (4, 14, 6), (5, 13, 5), (6, 14, 5), (7, 14, 6), (8, 17, 6), (9, 10, 6), (10, 16, 5), (11, 11, 6), (12, 12, 5), (13, 11, 6), (14, 16, 7), (15, 17, 7), (16, 12, 5), (17, 17, 7), (18, 13, 5), (19, 16, 5), (20, 16, 6), (21, 18, 6), (22, 18, 5), (23, 14, 5), (24, 15, 7), (25, 15, 5), (26, 13, 6), (27, 18, 5), (28, 16, 6), (29, 10, 5), (30, 15, 6), (31, 10, 5), (32, 17, 6), (33, 12, 7), (34, 19, 7), (35, 13, 6), (36, 14, 5), (37, 13, 5), (38, 19, 7), (39, 12, 5), (40, 16, 7), (41, 18, 7), (42, 18, 6), (43, 14, 5), (44, 16, 6), (45, 17, 5), (46, 18, 7), (47, 13, 7), (48, 12, 7), (49, 12, 7), (50, 18, 7), (51, 12, 6), (52, 14, 5), (53, 14, 6), (54, 13, 6), (55, 18, 5), (56, 18, 5), (57, 16, 6), (58, 19, 5), (59, 18, 5), (60, 15, 7), (61, 19, 7), (62, 15, 5), (63, 16, 5), (64, 10, 6), (65, 17, 5), (66, 11, 6), (67, 17, 7), (68, 19, 5), (69, 13, 6), (70, 18, 6), (71, 12, 7), (72, 19, 7), (73, 11, 5), (74, 18, 7), (75, 18, 7), (76, 13, 6), (77, 17, 7), (78, 18, 7), (79, 13, 7), (80, 14, 7), (81, 13, 6), (82, 11, 6), (83, 16, 7), (84, 13, 7), (85, 14, 7), (86, 12, 7), (87, 18, 7), (88, 19, 5), (89, 12, 6), (90, 14, 5), (91, 13, 6), (92, 16, 6), (93, 10, 5), (94, 12, 7), (95, 17, 6), (96, 13, 7), (97, 18, 5), (98, 17, 5), (99, 12, 6), (100, 14, 7)]
Queue 0:empty
Queue 1:empty
Queue 2:empty
Queue 3:empty
Queue 4:empty
Queue 5:empty
Queue 6:empty
Queue 7:empty
Queue 8:empty
Queue 9:empty

Clock: 6
Waiting clients: [(1, 12, 6), (2, 15, 5), (3, 15, 7), (4, 14, 6), (5, 13, 5), (6, 14, 5), (7, 14, 6), (8, 17, 6), (9, 10, 6), (10, 16, 5), (11, 11, 6), (12, 12, 5), (13, 11, 6), (14, 16, 7), (15, 17, 7), (16, 12, 5), (17, 17, 7), (18, 13, 5), (19, 16, 5), (20, 16, 6), (21, 18, 6), (22, 18, 5), (23, 14, 5), (24, 15, 7), (25, 15, 5), (26, 13, 6), (27, 18, 5), (28, 16, 6), (29, 10, 5), (30, 15, 6), (31, 10, 5), (32, 17, 6), (33, 12, 7), (34, 19, 7), (35, 13, 6), (36, 14, 5), (37, 13, 5), (38, 19, 7), (39, 12, 5), (40, 16, 7), (41, 18, 7), (42, 18, 6), (43, 14, 5), (44, 16, 6), (45, 17, 5), (46, 18, 7), (47, 13, 7), (48, 12, 7), (49, 12, 7), (50, 18, 7), (51, 12, 6), (52, 14, 5), (53, 14, 6), (54, 13, 6), (55, 18, 5), (56, 18, 5), (57, 16, 6), (58, 19, 5), (59, 18, 5), (60, 15, 7), (61, 19, 7), (62, 15, 5), (63, 16, 5), (64, 10, 6), (65, 17, 5), (66, 11, 6), (67, 17, 7), (68, 19, 5), (69, 13, 6), (70, 18, 6), (71, 12, 7), (72, 19, 7), (73, 11, 5), (74, 18, 7), (75, 18, 7), (76, 13, 6), (77, 17, 7), (78, 18, 7), (79, 13, 7), (80, 14, 7), (81, 13, 6), (82, 11, 6), (83, 16, 7), (84, 13, 7), (85, 14, 7), (86, 12, 7), (87, 18, 7), (88, 19, 5), (89, 12, 6), (90, 14, 5), (91, 13, 6), (92, 16, 6), (93, 10, 5), (94, 12, 7), (95, 17, 6), (96, 13, 7), (97, 18, 5), (98, 17, 5), (99, 12, 6), (100, 14, 7)]
Queue 0:empty
Queue 1:empty
Queue 2:empty
Queue 3:empty
Queue 4:empty
Queue 5:empty
Queue 6:empty
Queue 7:empty
Queue 8:empty
Queue 9:empty

Clock: 7
Waiting clients: [(1, 12, 6), (2, 15, 5), (3, 15, 7), (4, 14, 6), (5, 13, 5), (6, 14, 5), (7, 14, 6), (8, 17, 6), (9, 10, 6), (10, 16, 5), (11, 11, 6), (12, 12, 5), (13, 11, 6), (14, 16, 7), (15, 17, 7), (16, 12, 5), (17, 17, 7), (18, 13, 5), (19, 16, 5), (20, 16, 6), (21, 18, 6), (22, 18, 5), (23, 14, 5), (24, 15, 7), (25, 15, 5), (26, 13, 6), (27, 18, 5), (28, 16, 6), (29, 10, 5), (30, 15, 6), (31, 10, 5), (32, 17, 6), (33, 12, 7), (34, 19, 7), (35, 13, 6), (36, 14, 5), (37, 13, 5), (38, 19, 7), (39, 12, 5), (40, 16, 7), (41, 18, 7), (42, 18, 6), (43, 14, 5), (44, 16, 6), (45, 17, 5), (46, 18, 7), (47, 13, 7), (48, 12, 7), (49, 12, 7), (50, 18, 7), (51, 12, 6), (52, 14, 5), (53, 14, 6), (54, 13, 6), (55, 18, 5), (56, 18, 5), (57, 16, 6), (58, 19, 5), (59, 18, 5), (60, 15, 7), (61, 19, 7), (62, 15, 5), (63, 16, 5), (64, 10, 6), (65, 17, 5), (66, 11, 6), (67, 17, 7), (68, 19, 5), (69, 13, 6), (70, 18, 6), (71, 12, 7), (72, 19, 7), (73, 11, 5), (74, 18, 7), (75, 18, 7), (76, 13, 6), (77, 17, 7), (78, 18, 7), (79, 13, 7), (80, 14, 7), (81, 13, 6), (82, 11, 6), (83, 16, 7), (84, 13, 7), (85, 14, 7), (86, 12, 7), (87, 18, 7), (88, 19, 5), (89, 12, 6), (90, 14, 5), (91, 13, 6), (92, 16, 6), (93, 10, 5), (94, 12, 7), (95, 17, 6), (96, 13, 7), (97, 18, 5), (98, 17, 5), (99, 12, 6), (100, 14, 7)]
Queue 0:empty
Queue 1:empty
Queue 2:empty
Queue 3:empty
Queue 4:empty
Queue 5:empty
Queue 6:empty
Queue 7:empty
Queue 8:empty
Queue 9:empty

Clock: 8
Waiting clients: [(1, 12, 6), (2, 15, 5), (3, 15, 7), (4, 14, 6), (5, 13, 5), (6, 14, 5), (7, 14, 6), (8, 17, 6), (9, 10, 6), (10, 16, 5), (11, 11, 6), (12, 12, 5), (13, 11, 6), (14, 16, 7), (15, 17, 7), (16, 12, 5), (17, 17, 7), (18, 13, 5), (19, 16, 5), (20, 16, 6), (21, 18, 6), (22, 18, 5), (23, 14, 5), (24, 15, 7), (25, 15, 5), (26, 13, 6), (27, 18, 5), (28, 16, 6), (29, 10, 5), (30, 15, 6), (31, 10, 5), (32, 17, 6), (33, 12, 7), (34, 19, 7), (35, 13, 6), (36, 14, 5), (37, 13, 5), (38, 19, 7), (39, 12, 5), (40, 16, 7), (41, 18, 7), (42, 18, 6), (43, 14, 5), (44, 16, 6), (45, 17, 5), (46, 18, 7), (47, 13, 7), (48, 12, 7), (49, 12, 7), (50, 18, 7), (51, 12, 6), (52, 14, 5), (53, 14, 6), (54, 13, 6), (55, 18, 5), (56, 18, 5), (57, 16, 6), (58, 19, 5), (59, 18, 5), (60, 15, 7), (61, 19, 7), (62, 15, 5), (63, 16, 5), (64, 10, 6), (65, 17, 5), (66, 11, 6), (67, 17, 7), (68, 19, 5), (69, 13, 6), (70, 18, 6), (71, 12, 7), (72, 19, 7), (73, 11, 5), (74, 18, 7), (75, 18, 7), (76, 13, 6), (77, 17, 7), (78, 18, 7), (79, 13, 7), (80, 14, 7), (81, 13, 6), (82, 11, 6), (83, 16, 7), (84, 13, 7), (85, 14, 7), (86, 12, 7), (87, 18, 7), (88, 19, 5), (89, 12, 6), (90, 14, 5), (91, 13, 6), (92, 16, 6), (93, 10, 5), (94, 12, 7), (95, 17, 6), (96, 13, 7), (97, 18, 5), (98, 17, 5), (99, 12, 6), (100, 14, 7)]
Queue 0:empty
Queue 1:empty
Queue 2:empty
Queue 3:empty
Queue 4:empty
Queue 5:empty
Queue 6:empty
Queue 7:empty
Queue 8:empty
Queue 9:empty

Clock: 9
Waiting clients: [(1, 12, 6), (2, 15, 5), (3, 15, 7), (4, 14, 6), (5, 13, 5), (6, 14, 5), (7, 14, 6), (8, 17, 6), (9, 10, 6), (10, 16, 5), (11, 11, 6), (12, 12, 5), (13, 11, 6), (14, 16, 7), (15, 17, 7), (16, 12, 5), (17, 17, 7), (18, 13, 5), (19, 16, 5), (20, 16, 6), (21, 18, 6), (22, 18, 5), (23, 14, 5), (24, 15, 7), (25, 15, 5), (26, 13, 6), (27, 18, 5), (28, 16, 6), (29, 10, 5), (30, 15, 6), (31, 10, 5), (32, 17, 6), (33, 12, 7), (34, 19, 7), (35, 13, 6), (36, 14, 5), (37, 13, 5), (38, 19, 7), (39, 12, 5), (40, 16, 7), (41, 18, 7), (42, 18, 6), (43, 14, 5), (44, 16, 6), (45, 17, 5), (46, 18, 7), (47, 13, 7), (48, 12, 7), (49, 12, 7), (50, 18, 7), (51, 12, 6), (52, 14, 5), (53, 14, 6), (54, 13, 6), (55, 18, 5), (56, 18, 5), (57, 16, 6), (58, 19, 5), (59, 18, 5), (60, 15, 7), (61, 19, 7), (62, 15, 5), (63, 16, 5), (64, 10, 6), (65, 17, 5), (66, 11, 6), (67, 17, 7), (68, 19, 5), (69, 13, 6), (70, 18, 6), (71, 12, 7), (72, 19, 7), (73, 11, 5), (74, 18, 7), (75, 18, 7), (76, 13, 6), (77, 17, 7), (78, 18, 7), (79, 13, 7), (80, 14, 7), (81, 13, 6), (82, 11, 6), (83, 16, 7), (84, 13, 7), (85, 14, 7), (86, 12, 7), (87, 18, 7), (88, 19, 5), (89, 12, 6), (90, 14, 5), (91, 13, 6), (92, 16, 6), (93, 10, 5), (94, 12, 7), (95, 17, 6), (96, 13, 7), (97, 18, 5), (98, 17, 5), (99, 12, 6), (100, 14, 7)]
Queue 0:empty
Queue 1:empty
Queue 2:empty
Queue 3:empty
Queue 4:empty
Queue 5:empty
Queue 6:empty
Queue 7:empty
Queue 8:empty
Queue 9:empty

Clock: 10
Waiting clients: [(1, 12, 6), (2, 15, 5), (3, 15, 7), (4, 14, 6), (5, 13, 5), (6, 14, 5), (7, 14, 6), (8, 17, 6), (10, 16, 5), (11, 11, 6), (12, 12, 5), (13, 11, 6), (14, 16, 7), (15, 17, 7), (16, 12, 5), (17, 17, 7), (18, 13, 5), (19, 16, 5), (20, 16, 6), (21, 18, 6), (22, 18, 5), (23, 14, 5), (24, 15, 7), (25, 15, 5), (26, 13, 6), (27, 18, 5), (28, 16, 6), (30, 15, 6), (32, 17, 6), (33, 12, 7), (34, 19, 7), (35, 13, 6), (36, 14, 5), (37, 13, 5), (38, 19, 7), (39, 12, 5), (40, 16, 7), (41, 18, 7), (42, 18, 6), (43, 14, 5), (44, 16, 6), (45, 17, 5), (46, 18, 7), (47, 13, 7), (48, 12, 7), (49, 12, 7), (50, 18, 7), (51, 12, 6), (52, 14, 5), (53, 14, 6), (54, 13, 6), (55, 18, 5), (56, 18, 5), (57, 16, 6), (58, 19, 5), (59, 18, 5), (60, 15, 7), (61, 19, 7), (62, 15, 5), (63, 16, 5), (65, 17, 5), (66, 11, 6), (67, 17, 7), (68, 19, 5), (69, 13, 6), (70, 18, 6), (71, 12, 7), (72, 19, 7), (73, 11, 5), (74, 18, 7), (75, 18, 7), (76, 13, 6), (77, 17, 7), (78, 18, 7), (79, 13, 7), (80, 14, 7), (81, 13, 6), (82, 11, 6), (83, 16, 7), (84, 13, 7), (85, 14, 7), (86, 12, 7), (87, 18, 7), (88, 19, 5), (89, 12, 6), (90, 14, 5), (91, 13, 6), (92, 16, 6), (94, 12, 7), (95, 17, 6), (96, 13, 7), (97, 18, 5), (98, 17, 5), (99, 12, 6), (100, 14, 7)]
Queue 0:[(9, 10, 6)]
Queue 1:[(29, 10, 5)]
Queue 2:[(31, 10, 5)]
Queue 3:[(64, 10, 6)]
Queue 4:[(93, 10, 5)]
Queue 5:empty
Queue 6:empty
Queue 7:empty
Queue 8:empty
Queue 9:empty

Clock: 11
Waiting clients: [(1, 12, 6), (2, 15, 5), (3, 15, 7), (4, 14, 6), (5, 13, 5), (6, 14, 5), (7, 14, 6), (8, 17, 6), (10, 16, 5), (12, 12, 5), (14, 16, 7), (15, 17, 7), (16, 12, 5), (17, 17, 7), (18, 13, 5), (19, 16, 5), (20, 16, 6), (21, 18, 6), (22, 18, 5), (23, 14, 5), (24, 15, 7), (25, 15, 5), (26, 13, 6), (27, 18, 5), (28, 16, 6), (30, 15, 6), (32, 17, 6), (33, 12, 7), (34, 19, 7), (35, 13, 6), (36, 14, 5), (37, 13, 5), (38, 19, 7), (39, 12, 5), (40, 16, 7), (41, 18, 7), (42, 18, 6), (43, 14, 5), (44, 16, 6), (45, 17, 5), (46, 18, 7), (47, 13, 7), (48, 12, 7), (49, 12, 7), (50, 18, 7), (51, 12, 6), (52, 14, 5), (53, 14, 6), (54, 13, 6), (55, 18, 5), (56, 18, 5), (57, 16, 6), (58, 19, 5), (59, 18, 5), (60, 15, 7), (61, 19, 7), (62, 15, 5), (63, 16, 5), (65, 17, 5), (67, 17, 7), (68, 19, 5), (69, 13, 6), (70, 18, 6), (71, 12, 7), (72, 19, 7), (74, 18, 7), (75, 18, 7), (76, 13, 6), (77, 17, 7), (78, 18, 7), (79, 13, 7), (80, 14, 7), (81, 13, 6), (83, 16, 7), (84, 13, 7), (85, 14, 7), (86, 12, 7), (87, 18, 7), (88, 19, 5), (89, 12, 6), (90, 14, 5), (91, 13, 6), (92, 16, 6), (94, 12, 7), (95, 17, 6), (96, 13, 7), (97, 18, 5), (98, 17, 5), (99, 12, 6), (100, 14, 7)]
Queue 0:[(9, 10, 5)]
Queue 1:[(29, 10, 4)]
Queue 2:[(31, 10, 4)]
Queue 3:[(64, 10, 5)]
Queue 4:[(93, 10, 4)]
Queue 5:[(11, 11, 6)]
Queue 6:[(13, 11, 6)]
Queue 7:[(66, 11, 6)]
Queue 8:[(73, 11, 5)]
Queue 9:[(82, 11, 6)]

Clock: 12
Waiting clients: [(2, 15, 5), (3, 15, 7), (4, 14, 6), (5, 13, 5), (6, 14, 5), (7, 14, 6), (8, 17, 6), (10, 16, 5), (14, 16, 7), (15, 17, 7), (17, 17, 7), (18, 13, 5), (19, 16, 5), (20, 16, 6), (21, 18, 6), (22, 18, 5), (23, 14, 5), (24, 15, 7), (25, 15, 5), (26, 13, 6), (27, 18, 5), (28, 16, 6), (30, 15, 6), (32, 17, 6), (34, 19, 7), (35, 13, 6), (36, 14, 5), (37, 13, 5), (38, 19, 7), (40, 16, 7), (41, 18, 7), (42, 18, 6), (43, 14, 5), (44, 16, 6), (45, 17, 5), (46, 18, 7), (47, 13, 7), (50, 18, 7), (52, 14, 5), (53, 14, 6), (54, 13, 6), (55, 18, 5), (56, 18, 5), (57, 16, 6), (58, 19, 5), (59, 18, 5), (60, 15, 7), (61, 19, 7), (62, 15, 5), (63, 16, 5), (65, 17, 5), (67, 17, 7), (68, 19, 5), (69, 13, 6), (70, 18, 6), (72, 19, 7), (74, 18, 7), (75, 18, 7), (76, 13, 6), (77, 17, 7), (78, 18, 7), (79, 13, 7), (80, 14, 7), (81, 13, 6), (83, 16, 7), (84, 13, 7), (85, 14, 7), (87, 18, 7), (88, 19, 5), (90, 14, 5), (91, 13, 6), (92, 16, 6), (95, 17, 6), (96, 13, 7), (97, 18, 5), (98, 17, 5), (100, 14, 7)]
Queue 0:[(9, 10, 4), (33, 12, 7)]
Queue 1:[(29, 10, 3), (1, 12, 6), (99, 12, 6)]
Queue 2:[(31, 10, 3), (12, 12, 5), (89, 12, 6)]
Queue 3:[(64, 10, 4), (39, 12, 5)]
Queue 4:[(93, 10, 3), (16, 12, 5), (94, 12, 7)]
Queue 5:[(11, 11, 5), (49, 12, 7)]
Queue 6:[(13, 11, 5), (51, 12, 6)]
Queue 7:[(66, 11, 5), (71, 12, 7)]
Queue 8:[(73, 11, 4), (48, 12, 7)]
Queue 9:[(82, 11, 5), (86, 12, 7)]

Clock: 13
Waiting clients: [(2, 15, 5), (3, 15, 7), (4, 14, 6), (6, 14, 5), (7, 14, 6), (8, 17, 6), (10, 16, 5), (14, 16, 7), (15, 17, 7), (17, 17, 7), (19, 16, 5), (20, 16, 6), (21, 18, 6), (22, 18, 5), (23, 14, 5), (24, 15, 7), (25, 15, 5), (27, 18, 5), (28, 16, 6), (30, 15, 6), (32, 17, 6), (34, 19, 7), (36, 14, 5), (38, 19, 7), (40, 16, 7), (41, 18, 7), (42, 18, 6), (43, 14, 5), (44, 16, 6), (45, 17, 5), (46, 18, 7), (50, 18, 7), (52, 14, 5), (53, 14, 6), (55, 18, 5), (56, 18, 5), (57, 16, 6), (58, 19, 5), (59, 18, 5), (60, 15, 7), (61, 19, 7), (62, 15, 5), (63, 16, 5), (65, 17, 5), (67, 17, 7), (68, 19, 5), (70, 18, 6), (72, 19, 7), (74, 18, 7), (75, 18, 7), (77, 17, 7), (78, 18, 7), (80, 14, 7), (83, 16, 7), (85, 14, 7), (87, 18, 7), (88, 19, 5), (90, 14, 5), (92, 16, 6), (95, 17, 6), (97, 18, 5), (98, 17, 5), (100, 14, 7)]
Queue 0:[(9, 10, 3), (33, 12, 7), (18, 13, 5), (84, 13, 7)]
Queue 1:[(29, 10, 2), (1, 12, 6), (99, 12, 6), (79, 13, 7)]
Queue 2:[(31, 10, 2), (12, 12, 5), (89, 12, 6), (69, 13, 6)]
Queue 3:[(64, 10, 3), (39, 12, 5), (5, 13, 5), (76, 13, 6)]
Queue 4:[(93, 10, 2), (16, 12, 5), (94, 12, 7), (81, 13, 6)]
Queue 5:[(11, 11, 4), (49, 12, 7), (37, 13, 5), (91, 13, 6)]
Queue 6:[(13, 11, 4), (51, 12, 6), (26, 13, 6), (96, 13, 7)]
Queue 7:[(66, 11, 4), (71, 12, 7), (47, 13, 7)]
Queue 8:[(73, 11, 3), (48, 12, 7), (35, 13, 6)]
Queue 9:[(82, 11, 4), (86, 12, 7), (54, 13, 6)]

Clock: 14
Waiting clients: [(2, 15, 5), (3, 15, 7), (8, 17, 6), (10, 16, 5), (14, 16, 7), (15, 17, 7), (17, 17, 7), (19, 16, 5), (20, 16, 6), (21, 18, 6), (22, 18, 5), (24, 15, 7), (25, 15, 5), (27, 18, 5), (28, 16, 6), (30, 15, 6), (32, 17, 6), (34, 19, 7), (38, 19, 7), (40, 16, 7), (41, 18, 7), (42, 18, 6), (44, 16, 6), (45, 17, 5), (46, 18, 7), (50, 18, 7), (55, 18, 5), (56, 18, 5), (57, 16, 6), (58, 19, 5), (59, 18, 5), (60, 15, 7), (61, 19, 7), (62, 15, 5), (63, 16, 5), (65, 17, 5), (67, 17, 7), (68, 19, 5), (70, 18, 6), (72, 19, 7), (74, 18, 7), (75, 18, 7), (77, 17, 7), (78, 18, 7), (83, 16, 7), (87, 18, 7), (88, 19, 5), (92, 16, 6), (95, 17, 6), (97, 18, 5), (98, 17, 5)]
Queue 0:[(9, 10, 2), (33, 12, 7), (18, 13, 5), (84, 13, 7), (53, 14, 6)]
Queue 1:[(29, 10, 1), (1, 12, 6), (99, 12, 6), (79, 13, 7), (52, 14, 5)]
Queue 2:[(31, 10, 1), (12, 12, 5), (89, 12, 6), (69, 13, 6), (23, 14, 5)]
Queue 3:[(64, 10, 2), (39, 12, 5), (5, 13, 5), (76, 13, 6), (36, 14, 5)]
Queue 4:[(93, 10, 1), (16, 12, 5), (94, 12, 7), (81, 13, 6), (43, 14, 5)]
Queue 5:[(11, 11, 3), (49, 12, 7), (37, 13, 5), (91, 13, 6), (80, 14, 7)]
Queue 6:[(13, 11, 3), (51, 12, 6), (26, 13, 6), (96, 13, 7), (100, 14, 7)]
Queue 7:[(66, 11, 3), (71, 12, 7), (47, 13, 7), (7, 14, 6)]
Queue 8:[(73, 11, 2), (48, 12, 7), (35, 13, 6), (4, 14, 6), (85, 14, 7)]
Queue 9:[(82, 11, 3), (86, 12, 7), (54, 13, 6), (6, 14, 5), (90, 14, 5)]

Clock: 15
Waiting clients: [(8, 17, 6), (10, 16, 5), (14, 16, 7), (15, 17, 7), (17, 17, 7), (19, 16, 5), (20, 16, 6), (21, 18, 6), (22, 18, 5), (27, 18, 5), (28, 16, 6), (32, 17, 6), (34, 19, 7), (38, 19, 7), (40, 16, 7), (41, 18, 7), (42, 18, 6), (44, 16, 6), (45, 17, 5), (46, 18, 7), (50, 18, 7), (55, 18, 5), (56, 18, 5), (57, 16, 6), (58, 19, 5), (59, 18, 5), (61, 19, 7), (63, 16, 5), (65, 17, 5), (67, 17, 7), (68, 19, 5), (70, 18, 6), (72, 19, 7), (74, 18, 7), (75, 18, 7), (77, 17, 7), (78, 18, 7), (83, 16, 7), (87, 18, 7), (88, 19, 5), (92, 16, 6), (95, 17, 6), (97, 18, 5), (98, 17, 5)]
Queue 0:[(9, 10, 1), (33, 12, 7), (18, 13, 5), (84, 13, 7), (53, 14, 6), (62, 15, 5)]
Queue 1:[(1, 12, 6), (99, 12, 6), (79, 13, 7), (52, 14, 5), (30, 15, 6)]
Queue 2:[(12, 12, 5), (89, 12, 6), (69, 13, 6), (23, 14, 5), (2, 15, 5)]
Queue 3:[(64, 10, 1), (39, 12, 5), (5, 13, 5), (76, 13, 6), (36, 14, 5), (3, 15, 7)]
Queue 4:[(16, 12, 5), (94, 12, 7), (81, 13, 6), (43, 14, 5), (25, 15, 5)]
Queue 5:[(11, 11, 2), (49, 12, 7), (37, 13, 5), (91, 13, 6), (80, 14, 7)]
Queue 6:[(13, 11, 2), (51, 12, 6), (26, 13, 6), (96, 13, 7), (100, 14, 7)]
Queue 7:[(66, 11, 2), (71, 12, 7), (47, 13, 7), (7, 14, 6), (24, 15, 7)]
Queue 8:[(73, 11, 1), (48, 12, 7), (35, 13, 6), (4, 14, 6), (85, 14, 7)]
Queue 9:[(82, 11, 2), (86, 12, 7), (54, 13, 6), (6, 14, 5), (90, 14, 5), (60, 15, 7)]

Clock: 16
Waiting clients: [(8, 17, 6), (15, 17, 7), (17, 17, 7), (21, 18, 6), (22, 18, 5), (27, 18, 5), (32, 17, 6), (34, 19, 7), (38, 19, 7), (41, 18, 7), (42, 18, 6), (45, 17, 5), (46, 18, 7), (50, 18, 7), (55, 18, 5), (56, 18, 5), (58, 19, 5), (59, 18, 5), (61, 19, 7), (65, 17, 5), (67, 17, 7), (68, 19, 5), (70, 18, 6), (72, 19, 7), (74, 18, 7), (75, 18, 7), (77, 17, 7), (78, 18, 7), (87, 18, 7), (88, 19, 5), (95, 17, 6), (97, 18, 5), (98, 17, 5)]
Queue 0:[(33, 12, 7), (18, 13, 5), (84, 13, 7), (53, 14, 6), (62, 15, 5), (63, 16, 5)]
Queue 1:[(1, 12, 5), (99, 12, 6), (79, 13, 7), (52, 14, 5), (30, 15, 6), (57, 16, 6)]
Queue 2:[(12, 12, 4), (89, 12, 6), (69, 13, 6), (23, 14, 5), (2, 15, 5), (10, 16, 5), (83, 16, 7)]
Queue 3:[(39, 12, 5), (5, 13, 5), (76, 13, 6), (36, 14, 5), (3, 15, 7), (40, 16, 7)]
Queue 4:[(16, 12, 4), (94, 12, 7), (81, 13, 6), (43, 14, 5), (25, 15, 5), (20, 16, 6)]
Queue 5:[(11, 11, 1), (49, 12, 7), (37, 13, 5), (91, 13, 6), (80, 14, 7), (14, 16, 7)]
Queue 6:[(13, 11, 1), (51, 12, 6), (26, 13, 6), (96, 13, 7), (100, 14, 7), (28, 16, 6)]
Queue 7:[(66, 11, 1), (71, 12, 7), (47, 13, 7), (7, 14, 6), (24, 15, 7), (44, 16, 6)]
Queue 8:[(48, 12, 7), (35, 13, 6), (4, 14, 6), (85, 14, 7), (19, 16, 5), (92, 16, 6)]
Queue 9:[(82, 11, 1), (86, 12, 7), (54, 13, 6), (6, 14, 5), (90, 14, 5), (60, 15, 7)]

Clock: 17
Waiting clients: [(21, 18, 6), (22, 18, 5), (27, 18, 5), (34, 19, 7), (38, 19, 7), (41, 18, 7), (42, 18, 6), (46, 18, 7), (50, 18, 7), (55, 18, 5), (56, 18, 5), (58, 19, 5), (59, 18, 5), (61, 19, 7), (68, 19, 5), (70, 18, 6), (72, 19, 7), (74, 18, 7), (75, 18, 7), (78, 18, 7), (87, 18, 7), (88, 19, 5), (97, 18, 5)]
Queue 0:[(33, 12, 6), (18, 13, 5), (84, 13, 7), (53, 14, 6), (62, 15, 5), (63, 16, 5), (65, 17, 5)]
Queue 1:[(1, 12, 4), (99, 12, 6), (79, 13, 7), (52, 14, 5), (30, 15, 6), (57, 16, 6), (67, 17, 7)]
Queue 2:[(12, 12, 3), (89, 12, 6), (69, 13, 6), (23, 14, 5), (2, 15, 5), (10, 16, 5), (83, 16, 7)]
Queue 3:[(39, 12, 4), (5, 13, 5), (76, 13, 6), (36, 14, 5), (3, 15, 7), (40, 16, 7), (77, 17, 7)]
Queue 4:[(16, 12, 3), (94, 12, 7), (81, 13, 6), (43, 14, 5), (25, 15, 5), (20, 16, 6), (15, 17, 7)]
Queue 5:[(49, 12, 7), (37, 13, 5), (91, 13, 6), (80, 14, 7), (14, 16, 7), (17, 17, 7)]
Queue 6:[(51, 12, 6), (26, 13, 6), (96, 13, 7), (100, 14, 7), (28, 16, 6), (32, 17, 6)]
Queue 7:[(71, 12, 7), (47, 13, 7), (7, 14, 6), (24, 15, 7), (44, 16, 6), (45, 17, 5)]
Queue 8:[(48, 12, 6), (35, 13, 6), (4, 14, 6), (85, 14, 7), (19, 16, 5), (92, 16, 6), (95, 17, 6)]
Queue 9:[(86, 12, 7), (54, 13, 6), (6, 14, 5), (90, 14, 5), (60, 15, 7), (8, 17, 6), (98, 17, 5)]

Clock: 18
Waiting clients: [(34, 19, 7), (38, 19, 7), (58, 19, 5), (61, 19, 7), (68, 19, 5), (72, 19, 7), (88, 19, 5)]
Queue 0:[(33, 12, 5), (18, 13, 5), (84, 13, 7), (53, 14, 6), (62, 15, 5), (63, 16, 5), (65, 17, 5), (41, 18, 7), (87, 18, 7)]
Queue 1:[(1, 12, 3), (99, 12, 6), (79, 13, 7), (52, 14, 5), (30, 15, 6), (57, 16, 6), (67, 17, 7), (50, 18, 7)]
Queue 2:[(12, 12, 2), (89, 12, 6), (69, 13, 6), (23, 14, 5), (2, 15, 5), (10, 16, 5), (83, 16, 7), (21, 18, 6), (70, 18, 6)]
Queue 3:[(39, 12, 3), (5, 13, 5), (76, 13, 6), (36, 14, 5), (3, 15, 7), (40, 16, 7), (77, 17, 7), (55, 18, 5), (97, 18, 5)]
Queue 4:[(16, 12, 2), (94, 12, 7), (81, 13, 6), (43, 14, 5), (25, 15, 5), (20, 16, 6), (15, 17, 7), (42, 18, 6), (78, 18, 7)]
Queue 5:[(49, 12, 6), (37, 13, 5), (91, 13, 6), (80, 14, 7), (14, 16, 7), (17, 17, 7), (46, 18, 7)]
Queue 6:[(51, 12, 5), (26, 13, 6), (96, 13, 7), (100, 14, 7), (28, 16, 6), (32, 17, 6), (22, 18, 5), (74, 18, 7)]
Queue 7:[(71, 12, 6), (47, 13, 7), (7, 14, 6), (24, 15, 7), (44, 16, 6), (45, 17, 5), (27, 18, 5), (75, 18, 7)]
Queue 8:[(48, 12, 5), (35, 13, 6), (4, 14, 6), (85, 14, 7), (19, 16, 5), (92, 16, 6), (95, 17, 6), (59, 18, 5)]
Queue 9:[(86, 12, 6), (54, 13, 6), (6, 14, 5), (90, 14, 5), (60, 15, 7), (8, 17, 6), (98, 17, 5), (56, 18, 5)]

Clock: 19
Waiting clients: []
Queue 0:[(33, 12, 4), (18, 13, 5), (84, 13, 7), (53, 14, 6), (62, 15, 5), (63, 16, 5), (65, 17, 5), (41, 18, 7), (87, 18, 7)]
Queue 1:[(1, 12, 2), (99, 12, 6), (79, 13, 7), (52, 14, 5), (30, 15, 6), (57, 16, 6), (67, 17, 7), (50, 18, 7), (61, 19, 7)]
Queue 2:[(12, 12, 1), (89, 12, 6), (69, 13, 6), (23, 14, 5), (2, 15, 5), (10, 16, 5), (83, 16, 7), (21, 18, 6), (70, 18, 6), (68, 19, 5)]
Queue 3:[(39, 12, 2), (5, 13, 5), (76, 13, 6), (36, 14, 5), (3, 15, 7), (40, 16, 7), (77, 17, 7), (55, 18, 5), (97, 18, 5)]
Queue 4:[(16, 12, 1), (94, 12, 7), (81, 13, 6), (43, 14, 5), (25, 15, 5), (20, 16, 6), (15, 17, 7), (42, 18, 6), (78, 18, 7)]
Queue 5:[(49, 12, 5), (37, 13, 5), (91, 13, 6), (80, 14, 7), (14, 16, 7), (17, 17, 7), (46, 18, 7), (34, 19, 7)]
Queue 6:[(51, 12, 4), (26, 13, 6), (96, 13, 7), (100, 14, 7), (28, 16, 6), (32, 17, 6), (22, 18, 5), (74, 18, 7), (72, 19, 7)]
Queue 7:[(71, 12, 5), (47, 13, 7), (7, 14, 6), (24, 15, 7), (44, 16, 6), (45, 17, 5), (27, 18, 5), (75, 18, 7), (88, 19, 5)]
Queue 8:[(48, 12, 4), (35, 13, 6), (4, 14, 6), (85, 14, 7), (19, 16, 5), (92, 16, 6), (95, 17, 6), (59, 18, 5), (58, 19, 5)]
Queue 9:[(86, 12, 5), (54, 13, 6), (6, 14, 5), (90, 14, 5), (60, 15, 7), (8, 17, 6), (98, 17, 5), (56, 18, 5), (38, 19, 7)]

Clock: 20
Waiting clients: []
Queue 0:[(33, 12, 3), (18, 13, 5), (84, 13, 7), (53, 14, 6), (62, 15, 5), (63, 16, 5), (65, 17, 5), (41, 18, 7), (87, 18, 7)]
Queue 1:[(1, 12, 1), (99, 12, 6), (79, 13, 7), (52, 14, 5), (30, 15, 6), (57, 16, 6), (67, 17, 7), (50, 18, 7), (61, 19, 7)]
Queue 2:[(89, 12, 6), (69, 13, 6), (23, 14, 5), (2, 15, 5), (10, 16, 5), (83, 16, 7), (21, 18, 6), (70, 18, 6), (68, 19, 5)]
Queue 3:[(39, 12, 1), (5, 13, 5), (76, 13, 6), (36, 14, 5), (3, 15, 7), (40, 16, 7), (77, 17, 7), (55, 18, 5), (97, 18, 5)]
Queue 4:[(94, 12, 7), (81, 13, 6), (43, 14, 5), (25, 15, 5), (20, 16, 6), (15, 17, 7), (42, 18, 6), (78, 18, 7)]
Queue 5:[(49, 12, 4), (37, 13, 5), (91, 13, 6), (80, 14, 7), (14, 16, 7), (17, 17, 7), (46, 18, 7), (34, 19, 7)]
Queue 6:[(51, 12, 3), (26, 13, 6), (96, 13, 7), (100, 14, 7), (28, 16, 6), (32, 17, 6), (22, 18, 5), (74, 18, 7), (72, 19, 7)]
Queue 7:[(71, 12, 4), (47, 13, 7), (7, 14, 6), (24, 15, 7), (44, 16, 6), (45, 17, 5), (27, 18, 5), (75, 18, 7), (88, 19, 5)]
Queue 8:[(48, 12, 3), (35, 13, 6), (4, 14, 6), (85, 14, 7), (19, 16, 5), (92, 16, 6), (95, 17, 6), (59, 18, 5), (58, 19, 5)]
Queue 9:[(86, 12, 4), (54, 13, 6), (6, 14, 5), (90, 14, 5), (60, 15, 7), (8, 17, 6), (98, 17, 5), (56, 18, 5), (38, 19, 7)]

Clock: 21
Waiting clients: []
Queue 0:[(33, 12, 2), (18, 13, 5), (84, 13, 7), (53, 14, 6), (62, 15, 5), (63, 16, 5), (65, 17, 5), (41, 18, 7), (87, 18, 7)]
Queue 1:[(99, 12, 6), (79, 13, 7), (52, 14, 5), (30, 15, 6), (57, 16, 6), (67, 17, 7), (50, 18, 7), (61, 19, 7)]
Queue 2:[(89, 12, 5), (69, 13, 6), (23, 14, 5), (2, 15, 5), (10, 16, 5), (83, 16, 7), (21, 18, 6), (70, 18, 6), (68, 19, 5)]
Queue 3:[(5, 13, 5), (76, 13, 6), (36, 14, 5), (3, 15, 7), (40, 16, 7), (77, 17, 7), (55, 18, 5), (97, 18, 5)]
Queue 4:[(94, 12, 6), (81, 13, 6), (43, 14, 5), (25, 15, 5), (20, 16, 6), (15, 17, 7), (42, 18, 6), (78, 18, 7)]
Queue 5:[(49, 12, 3), (37, 13, 5), (91, 13, 6), (80, 14, 7), (14, 16, 7), (17, 17, 7), (46, 18, 7), (34, 19, 7)]
Queue 6:[(51, 12, 2), (26, 13, 6), (96, 13, 7), (100, 14, 7), (28, 16, 6), (32, 17, 6), (22, 18, 5), (74, 18, 7), (72, 19, 7)]
Queue 7:[(71, 12, 3), (47, 13, 7), (7, 14, 6), (24, 15, 7), (44, 16, 6), (45, 17, 5), (27, 18, 5), (75, 18, 7), (88, 19, 5)]
Queue 8:[(48, 12, 2), (35, 13, 6), (4, 14, 6), (85, 14, 7), (19, 16, 5), (92, 16, 6), (95, 17, 6), (59, 18, 5), (58, 19, 5)]
Queue 9:[(86, 12, 3), (54, 13, 6), (6, 14, 5), (90, 14, 5), (60, 15, 7), (8, 17, 6), (98, 17, 5), (56, 18, 5), (38, 19, 7)]

Clock: 22
Waiting clients: []
Queue 0:[(33, 12, 1), (18, 13, 5), (84, 13, 7), (53, 14, 6), (62, 15, 5), (63, 16, 5), (65, 17, 5), (41, 18, 7), (87, 18, 7)]
Queue 1:[(99, 12, 5), (79, 13, 7), (52, 14, 5), (30, 15, 6), (57, 16, 6), (67, 17, 7), (50, 18, 7), (61, 19, 7)]
Queue 2:[(89, 12, 4), (69, 13, 6), (23, 14, 5), (2, 15, 5), (10, 16, 5), (83, 16, 7), (21, 18, 6), (70, 18, 6), (68, 19, 5)]
Queue 3:[(5, 13, 4), (76, 13, 6), (36, 14, 5), (3, 15, 7), (40, 16, 7), (77, 17, 7), (55, 18, 5), (97, 18, 5)]
Queue 4:[(94, 12, 5), (81, 13, 6), (43, 14, 5), (25, 15, 5), (20, 16, 6), (15, 17, 7), (42, 18, 6), (78, 18, 7)]
Queue 5:[(49, 12, 2), (37, 13, 5), (91, 13, 6), (80, 14, 7), (14, 16, 7), (17, 17, 7), (46, 18, 7), (34, 19, 7)]
Queue 6:[(51, 12, 1), (26, 13, 6), (96, 13, 7), (100, 14, 7), (28, 16, 6), (32, 17, 6), (22, 18, 5), (74, 18, 7), (72, 19, 7)]
Queue 7:[(71, 12, 2), (47, 13, 7), (7, 14, 6), (24, 15, 7), (44, 16, 6), (45, 17, 5), (27, 18, 5), (75, 18, 7), (88, 19, 5)]
Queue 8:[(48, 12, 1), (35, 13, 6), (4, 14, 6), (85, 14, 7), (19, 16, 5), (92, 16, 6), (95, 17, 6), (59, 18, 5), (58, 19, 5)]
Queue 9:[(86, 12, 2), (54, 13, 6), (6, 14, 5), (90, 14, 5), (60, 15, 7), (8, 17, 6), (98, 17, 5), (56, 18, 5), (38, 19, 7)]

Clock: 23
Waiting clients: []
Queue 0:[(18, 13, 5), (84, 13, 7), (53, 14, 6), (62, 15, 5), (63, 16, 5), (65, 17, 5), (41, 18, 7), (87, 18, 7)]
Queue 1:[(99, 12, 4), (79, 13, 7), (52, 14, 5), (30, 15, 6), (57, 16, 6), (67, 17, 7), (50, 18, 7), (61, 19, 7)]
Queue 2:[(89, 12, 3), (69, 13, 6), (23, 14, 5), (2, 15, 5), (10, 16, 5), (83, 16, 7), (21, 18, 6), (70, 18, 6), (68, 19, 5)]
Queue 3:[(5, 13, 3), (76, 13, 6), (36, 14, 5), (3, 15, 7), (40, 16, 7), (77, 17, 7), (55, 18, 5), (97, 18, 5)]
Queue 4:[(94, 12, 4), (81, 13, 6), (43, 14, 5), (25, 15, 5), (20, 16, 6), (15, 17, 7), (42, 18, 6), (78, 18, 7)]
Queue 5:[(49, 12, 1), (37, 13, 5), (91, 13, 6), (80, 14, 7), (14, 16, 7), (17, 17, 7), (46, 18, 7), (34, 19, 7)]
Queue 6:[(26, 13, 6), (96, 13, 7), (100, 14, 7), (28, 16, 6), (32, 17, 6), (22, 18, 5), (74, 18, 7), (72, 19, 7)]
Queue 7:[(71, 12, 1), (47, 13, 7), (7, 14, 6), (24, 15, 7), (44, 16, 6), (45, 17, 5), (27, 18, 5), (75, 18, 7), (88, 19, 5)]
Queue 8:[(35, 13, 6), (4, 14, 6), (85, 14, 7), (19, 16, 5), (92, 16, 6), (95, 17, 6), (59, 18, 5), (58, 19, 5)]
Queue 9:[(86, 12, 1), (54, 13, 6), (6, 14, 5), (90, 14, 5), (60, 15, 7), (8, 17, 6), (98, 17, 5), (56, 18, 5), (38, 19, 7)]

Clock: 24
Waiting clients: []
Queue 0:[(18, 13, 4), (84, 13, 7), (53, 14, 6), (62, 15, 5), (63, 16, 5), (65, 17, 5), (41, 18, 7), (87, 18, 7)]
Queue 1:[(99, 12, 3), (79, 13, 7), (52, 14, 5), (30, 15, 6), (57, 16, 6), (67, 17, 7), (50, 18, 7), (61, 19, 7)]
Queue 2:[(89, 12, 2), (69, 13, 6), (23, 14, 5), (2, 15, 5), (10, 16, 5), (83, 16, 7), (21, 18, 6), (70, 18, 6), (68, 19, 5)]
Queue 3:[(5, 13, 2), (76, 13, 6), (36, 14, 5), (3, 15, 7), (40, 16, 7), (77, 17, 7), (55, 18, 5), (97, 18, 5)]
Queue 4:[(94, 12, 3), (81, 13, 6), (43, 14, 5), (25, 15, 5), (20, 16, 6), (15, 17, 7), (42, 18, 6), (78, 18, 7)]
Queue 5:[(37, 13, 5), (91, 13, 6), (80, 14, 7), (14, 16, 7), (17, 17, 7), (46, 18, 7), (34, 19, 7)]
Queue 6:[(26, 13, 5), (96, 13, 7), (100, 14, 7), (28, 16, 6), (32, 17, 6), (22, 18, 5), (74, 18, 7), (72, 19, 7)]
Queue 7:[(47, 13, 7), (7, 14, 6), (24, 15, 7), (44, 16, 6), (45, 17, 5), (27, 18, 5), (75, 18, 7), (88, 19, 5)]
Queue 8:[(35, 13, 5), (4, 14, 6), (85, 14, 7), (19, 16, 5), (92, 16, 6), (95, 17, 6), (59, 18, 5), (58, 19, 5)]
Queue 9:[(54, 13, 6), (6, 14, 5), (90, 14, 5), (60, 15, 7), (8, 17, 6), (98, 17, 5), (56, 18, 5), (38, 19, 7)]

Clock: 25
Waiting clients: []
Queue 0:[(18, 13, 3), (84, 13, 7), (53, 14, 6), (62, 15, 5), (63, 16, 5), (65, 17, 5), (41, 18, 7), (87, 18, 7)]
Queue 1:[(99, 12, 2), (79, 13, 7), (52, 14, 5), (30, 15, 6), (57, 16, 6), (67, 17, 7), (50, 18, 7), (61, 19, 7)]
Queue 2:[(89, 12, 1), (69, 13, 6), (23, 14, 5), (2, 15, 5), (10, 16, 5), (83, 16, 7), (21, 18, 6), (70, 18, 6), (68, 19, 5)]
Queue 3:[(5, 13, 1), (76, 13, 6), (36, 14, 5), (3, 15, 7), (40, 16, 7), (77, 17, 7), (55, 18, 5), (97, 18, 5)]
Queue 4:[(94, 12, 2), (81, 13, 6), (43, 14, 5), (25, 15, 5), (20, 16, 6), (15, 17, 7), (42, 18, 6), (78, 18, 7)]
Queue 5:[(37, 13, 4), (91, 13, 6), (80, 14, 7), (14, 16, 7), (17, 17, 7), (46, 18, 7), (34, 19, 7)]
Queue 6:[(26, 13, 4), (96, 13, 7), (100, 14, 7), (28, 16, 6), (32, 17, 6), (22, 18, 5), (74, 18, 7), (72, 19, 7)]
Queue 7:[(47, 13, 6), (7, 14, 6), (24, 15, 7), (44, 16, 6), (45, 17, 5), (27, 18, 5), (75, 18, 7), (88, 19, 5)]
Queue 8:[(35, 13, 4), (4, 14, 6), (85, 14, 7), (19, 16, 5), (92, 16, 6), (95, 17, 6), (59, 18, 5), (58, 19, 5)]
Queue 9:[(54, 13, 5), (6, 14, 5), (90, 14, 5), (60, 15, 7), (8, 17, 6), (98, 17, 5), (56, 18, 5), (38, 19, 7)]

Clock: 26
Waiting clients: []
Queue 0:[(18, 13, 2), (84, 13, 7), (53, 14, 6), (62, 15, 5), (63, 16, 5), (65, 17, 5), (41, 18, 7), (87, 18, 7)]
Queue 1:[(99, 12, 1), (79, 13, 7), (52, 14, 5), (30, 15, 6), (57, 16, 6), (67, 17, 7), (50, 18, 7), (61, 19, 7)]
Queue 2:[(69, 13, 6), (23, 14, 5), (2, 15, 5), (10, 16, 5), (83, 16, 7), (21, 18, 6), (70, 18, 6), (68, 19, 5)]
Queue 3:[(76, 13, 6), (36, 14, 5), (3, 15, 7), (40, 16, 7), (77, 17, 7), (55, 18, 5), (97, 18, 5)]
Queue 4:[(94, 12, 1), (81, 13, 6), (43, 14, 5), (25, 15, 5), (20, 16, 6), (15, 17, 7), (42, 18, 6), (78, 18, 7)]
Queue 5:[(37, 13, 3), (91, 13, 6), (80, 14, 7), (14, 16, 7), (17, 17, 7), (46, 18, 7), (34, 19, 7)]
Queue 6:[(26, 13, 3), (96, 13, 7), (100, 14, 7), (28, 16, 6), (32, 17, 6), (22, 18, 5), (74, 18, 7), (72, 19, 7)]
Queue 7:[(47, 13, 5), (7, 14, 6), (24, 15, 7), (44, 16, 6), (45, 17, 5), (27, 18, 5), (75, 18, 7), (88, 19, 5)]
Queue 8:[(35, 13, 3), (4, 14, 6), (85, 14, 7), (19, 16, 5), (92, 16, 6), (95, 17, 6), (59, 18, 5), (58, 19, 5)]
Queue 9:[(54, 13, 4), (6, 14, 5), (90, 14, 5), (60, 15, 7), (8, 17, 6), (98, 17, 5), (56, 18, 5), (38, 19, 7)]

Clock: 27
Waiting clients: []
Queue 0:[(18, 13, 1), (84, 13, 7), (53, 14, 6), (62, 15, 5), (63, 16, 5), (65, 17, 5), (41, 18, 7), (87, 18, 7)]
Queue 1:[(79, 13, 7), (52, 14, 5), (30, 15, 6), (57, 16, 6), (67, 17, 7), (50, 18, 7), (61, 19, 7)]
Queue 2:[(69, 13, 5), (23, 14, 5), (2, 15, 5), (10, 16, 5), (83, 16, 7), (21, 18, 6), (70, 18, 6), (68, 19, 5)]
Queue 3:[(76, 13, 5), (36, 14, 5), (3, 15, 7), (40, 16, 7), (77, 17, 7), (55, 18, 5), (97, 18, 5)]
Queue 4:[(81, 13, 6), (43, 14, 5), (25, 15, 5), (20, 16, 6), (15, 17, 7), (42, 18, 6), (78, 18, 7)]
Queue 5:[(37, 13, 2), (91, 13, 6), (80, 14, 7), (14, 16, 7), (17, 17, 7), (46, 18, 7), (34, 19, 7)]
Queue 6:[(26, 13, 2), (96, 13, 7), (100, 14, 7), (28, 16, 6), (32, 17, 6), (22, 18, 5), (74, 18, 7), (72, 19, 7)]
Queue 7:[(47, 13, 4), (7, 14, 6), (24, 15, 7), (44, 16, 6), (45, 17, 5), (27, 18, 5), (75, 18, 7), (88, 19, 5)]
Queue 8:[(35, 13, 2), (4, 14, 6), (85, 14, 7), (19, 16, 5), (92, 16, 6), (95, 17, 6), (59, 18, 5), (58, 19, 5)]
Queue 9:[(54, 13, 3), (6, 14, 5), (90, 14, 5), (60, 15, 7), (8, 17, 6), (98, 17, 5), (56, 18, 5), (38, 19, 7)]

Clock: 28
Waiting clients: []
Queue 0:[(84, 13, 7), (53, 14, 6), (62, 15, 5), (63, 16, 5), (65, 17, 5), (41, 18, 7), (87, 18, 7)]
Queue 1:[(79, 13, 6), (52, 14, 5), (30, 15, 6), (57, 16, 6), (67, 17, 7), (50, 18, 7), (61, 19, 7)]
Queue 2:[(69, 13, 4), (23, 14, 5), (2, 15, 5), (10, 16, 5), (83, 16, 7), (21, 18, 6), (70, 18, 6), (68, 19, 5)]
Queue 3:[(76, 13, 4), (36, 14, 5), (3, 15, 7), (40, 16, 7), (77, 17, 7), (55, 18, 5), (97, 18, 5)]
Queue 4:[(81, 13, 5), (43, 14, 5), (25, 15, 5), (20, 16, 6), (15, 17, 7), (42, 18, 6), (78, 18, 7)]
Queue 5:[(37, 13, 1), (91, 13, 6), (80, 14, 7), (14, 16, 7), (17, 17, 7), (46, 18, 7), (34, 19, 7)]
Queue 6:[(26, 13, 1), (96, 13, 7), (100, 14, 7), (28, 16, 6), (32, 17, 6), (22, 18, 5), (74, 18, 7), (72, 19, 7)]
Queue 7:[(47, 13, 3), (7, 14, 6), (24, 15, 7), (44, 16, 6), (45, 17, 5), (27, 18, 5), (75, 18, 7), (88, 19, 5)]
Queue 8:[(35, 13, 1), (4, 14, 6), (85, 14, 7), (19, 16, 5), (92, 16, 6), (95, 17, 6), (59, 18, 5), (58, 19, 5)]
Queue 9:[(54, 13, 2), (6, 14, 5), (90, 14, 5), (60, 15, 7), (8, 17, 6), (98, 17, 5), (56, 18, 5), (38, 19, 7)]

Clock: 29
Waiting clients: []
Queue 0:[(84, 13, 6), (53, 14, 6), (62, 15, 5), (63, 16, 5), (65, 17, 5), (41, 18, 7), (87, 18, 7)]
Queue 1:[(79, 13, 5), (52, 14, 5), (30, 15, 6), (57, 16, 6), (67, 17, 7), (50, 18, 7), (61, 19, 7)]
Queue 2:[(69, 13, 3), (23, 14, 5), (2, 15, 5), (10, 16, 5), (83, 16, 7), (21, 18, 6), (70, 18, 6), (68, 19, 5)]
Queue 3:[(76, 13, 3), (36, 14, 5), (3, 15, 7), (40, 16, 7), (77, 17, 7), (55, 18, 5), (97, 18, 5)]
Queue 4:[(81, 13, 4), (43, 14, 5), (25, 15, 5), (20, 16, 6), (15, 17, 7), (42, 18, 6), (78, 18, 7)]
Queue 5:[(91, 13, 6), (80, 14, 7), (14, 16, 7), (17, 17, 7), (46, 18, 7), (34, 19, 7)]
Queue 6:[(96, 13, 7), (100, 14, 7), (28, 16, 6), (32, 17, 6), (22, 18, 5), (74, 18, 7), (72, 19, 7)]
Queue 7:[(47, 13, 2), (7, 14, 6), (24, 15, 7), (44, 16, 6), (45, 17, 5), (27, 18, 5), (75, 18, 7), (88, 19, 5)]
Queue 8:[(4, 14, 6), (85, 14, 7), (19, 16, 5), (92, 16, 6), (95, 17, 6), (59, 18, 5), (58, 19, 5)]
Queue 9:[(54, 13, 1), (6, 14, 5), (90, 14, 5), (60, 15, 7), (8, 17, 6), (98, 17, 5), (56, 18, 5), (38, 19, 7)]

Clock: 30
Waiting clients: []
Queue 0:[(84, 13, 5), (53, 14, 6), (62, 15, 5), (63, 16, 5), (65, 17, 5), (41, 18, 7), (87, 18, 7)]
Queue 1:[(79, 13, 4), (52, 14, 5), (30, 15, 6), (57, 16, 6), (67, 17, 7), (50, 18, 7), (61, 19, 7)]
Queue 2:[(69, 13, 2), (23, 14, 5), (2, 15, 5), (10, 16, 5), (83, 16, 7), (21, 18, 6), (70, 18, 6), (68, 19, 5)]
Queue 3:[(76, 13, 2), (36, 14, 5), (3, 15, 7), (40, 16, 7), (77, 17, 7), (55, 18, 5), (97, 18, 5)]
Queue 4:[(81, 13, 3), (43, 14, 5), (25, 15, 5), (20, 16, 6), (15, 17, 7), (42, 18, 6), (78, 18, 7)]
Queue 5:[(91, 13, 5), (80, 14, 7), (14, 16, 7), (17, 17, 7), (46, 18, 7), (34, 19, 7)]
Queue 6:[(96, 13, 6), (100, 14, 7), (28, 16, 6), (32, 17, 6), (22, 18, 5), (74, 18, 7), (72, 19, 7)]
Queue 7:[(47, 13, 1), (7, 14, 6), (24, 15, 7), (44, 16, 6), (45, 17, 5), (27, 18, 5), (75, 18, 7), (88, 19, 5)]
Queue 8:[(4, 14, 5), (85, 14, 7), (19, 16, 5), (92, 16, 6), (95, 17, 6), (59, 18, 5), (58, 19, 5)]
Queue 9:[(6, 14, 5), (90, 14, 5), (60, 15, 7), (8, 17, 6), (98, 17, 5), (56, 18, 5), (38, 19, 7)]

Clock: 31
Waiting clients: []
Queue 0:[(84, 13, 4), (53, 14, 6), (62, 15, 5), (63, 16, 5), (65, 17, 5), (41, 18, 7), (87, 18, 7)]
Queue 1:[(79, 13, 3), (52, 14, 5), (30, 15, 6), (57, 16, 6), (67, 17, 7), (50, 18, 7), (61, 19, 7)]
Queue 2:[(69, 13, 1), (23, 14, 5), (2, 15, 5), (10, 16, 5), (83, 16, 7), (21, 18, 6), (70, 18, 6), (68, 19, 5)]
Queue 3:[(76, 13, 1), (36, 14, 5), (3, 15, 7), (40, 16, 7), (77, 17, 7), (55, 18, 5), (97, 18, 5)]
Queue 4:[(81, 13, 2), (43, 14, 5), (25, 15, 5), (20, 16, 6), (15, 17, 7), (42, 18, 6), (78, 18, 7)]
Queue 5:[(91, 13, 4), (80, 14, 7), (14, 16, 7), (17, 17, 7), (46, 18, 7), (34, 19, 7)]
Queue 6:[(96, 13, 5), (100, 14, 7), (28, 16, 6), (32, 17, 6), (22, 18, 5), (74, 18, 7), (72, 19, 7)]
Queue 7:[(7, 14, 6), (24, 15, 7), (44, 16, 6), (45, 17, 5), (27, 18, 5), (75, 18, 7), (88, 19, 5)]
Queue 8:[(4, 14, 4), (85, 14, 7), (19, 16, 5), (92, 16, 6), (95, 17, 6), (59, 18, 5), (58, 19, 5)]
Queue 9:[(6, 14, 4), (90, 14, 5), (60, 15, 7), (8, 17, 6), (98, 17, 5), (56, 18, 5), (38, 19, 7)]

Clock: 32
Waiting clients: []
Queue 0:[(84, 13, 3), (53, 14, 6), (62, 15, 5), (63, 16, 5), (65, 17, 5), (41, 18, 7), (87, 18, 7)]
Queue 1:[(79, 13, 2), (52, 14, 5), (30, 15, 6), (57, 16, 6), (67, 17, 7), (50, 18, 7), (61, 19, 7)]
Queue 2:[(23, 14, 5), (2, 15, 5), (10, 16, 5), (83, 16, 7), (21, 18, 6), (70, 18, 6), (68, 19, 5)]
Queue 3:[(36, 14, 5), (3, 15, 7), (40, 16, 7), (77, 17, 7), (55, 18, 5), (97, 18, 5)]
Queue 4:[(81, 13, 1), (43, 14, 5), (25, 15, 5), (20, 16, 6), (15, 17, 7), (42, 18, 6), (78, 18, 7)]
Queue 5:[(91, 13, 3), (80, 14, 7), (14, 16, 7), (17, 17, 7), (46, 18, 7), (34, 19, 7)]
Queue 6:[(96, 13, 4), (100, 14, 7), (28, 16, 6), (32, 17, 6), (22, 18, 5), (74, 18, 7), (72, 19, 7)]
Queue 7:[(7, 14, 5), (24, 15, 7), (44, 16, 6), (45, 17, 5), (27, 18, 5), (75, 18, 7), (88, 19, 5)]
Queue 8:[(4, 14, 3), (85, 14, 7), (19, 16, 5), (92, 16, 6), (95, 17, 6), (59, 18, 5), (58, 19, 5)]
Queue 9:[(6, 14, 3), (90, 14, 5), (60, 15, 7), (8, 17, 6), (98, 17, 5), (56, 18, 5), (38, 19, 7)]

Clock: 33
Waiting clients: []
Queue 0:[(84, 13, 2), (53, 14, 6), (62, 15, 5), (63, 16, 5), (65, 17, 5), (41, 18, 7), (87, 18, 7)]
Queue 1:[(79, 13, 1), (52, 14, 5), (30, 15, 6), (57, 16, 6), (67, 17, 7), (50, 18, 7), (61, 19, 7)]
Queue 2:[(23, 14, 4), (2, 15, 5), (10, 16, 5), (83, 16, 7), (21, 18, 6), (70, 18, 6), (68, 19, 5)]
Queue 3:[(36, 14, 4), (3, 15, 7), (40, 16, 7), (77, 17, 7), (55, 18, 5), (97, 18, 5)]
Queue 4:[(43, 14, 5), (25, 15, 5), (20, 16, 6), (15, 17, 7), (42, 18, 6), (78, 18, 7)]
Queue 5:[(91, 13, 2), (80, 14, 7), (14, 16, 7), (17, 17, 7), (46, 18, 7), (34, 19, 7)]
Queue 6:[(96, 13, 3), (100, 14, 7), (28, 16, 6), (32, 17, 6), (22, 18, 5), (74, 18, 7), (72, 19, 7)]
Queue 7:[(7, 14, 4), (24, 15, 7), (44, 16, 6), (45, 17, 5), (27, 18, 5), (75, 18, 7), (88, 19, 5)]
Queue 8:[(4, 14, 2), (85, 14, 7), (19, 16, 5), (92, 16, 6), (95, 17, 6), (59, 18, 5), (58, 19, 5)]
Queue 9:[(6, 14, 2), (90, 14, 5), (60, 15, 7), (8, 17, 6), (98, 17, 5), (56, 18, 5), (38, 19, 7)]

Clock: 34
Waiting clients: []
Queue 0:[(84, 13, 1), (53, 14, 6), (62, 15, 5), (63, 16, 5), (65, 17, 5), (41, 18, 7), (87, 18, 7)]
Queue 1:[(52, 14, 5), (30, 15, 6), (57, 16, 6), (67, 17, 7), (50, 18, 7), (61, 19, 7)]
Queue 2:[(23, 14, 3), (2, 15, 5), (10, 16, 5), (83, 16, 7), (21, 18, 6), (70, 18, 6), (68, 19, 5)]
Queue 3:[(36, 14, 3), (3, 15, 7), (40, 16, 7), (77, 17, 7), (55, 18, 5), (97, 18, 5)]
Queue 4:[(43, 14, 4), (25, 15, 5), (20, 16, 6), (15, 17, 7), (42, 18, 6), (78, 18, 7)]
Queue 5:[(91, 13, 1), (80, 14, 7), (14, 16, 7), (17, 17, 7), (46, 18, 7), (34, 19, 7)]
Queue 6:[(96, 13, 2), (100, 14, 7), (28, 16, 6), (32, 17, 6), (22, 18, 5), (74, 18, 7), (72, 19, 7)]
Queue 7:[(7, 14, 3), (24, 15, 7), (44, 16, 6), (45, 17, 5), (27, 18, 5), (75, 18, 7), (88, 19, 5)]
Queue 8:[(4, 14, 1), (85, 14, 7), (19, 16, 5), (92, 16, 6), (95, 17, 6), (59, 18, 5), (58, 19, 5)]
Queue 9:[(6, 14, 1), (90, 14, 5), (60, 15, 7), (8, 17, 6), (98, 17, 5), (56, 18, 5), (38, 19, 7)]

Clock: 35
Waiting clients: []
Queue 0:[(53, 14, 6), (62, 15, 5), (63, 16, 5), (65, 17, 5), (41, 18, 7), (87, 18, 7)]
Queue 1:[(52, 14, 4), (30, 15, 6), (57, 16, 6), (67, 17, 7), (50, 18, 7), (61, 19, 7)]
Queue 2:[(23, 14, 2), (2, 15, 5), (10, 16, 5), (83, 16, 7), (21, 18, 6), (70, 18, 6), (68, 19, 5)]
Queue 3:[(36, 14, 2), (3, 15, 7), (40, 16, 7), (77, 17, 7), (55, 18, 5), (97, 18, 5)]
Queue 4:[(43, 14, 3), (25, 15, 5), (20, 16, 6), (15, 17, 7), (42, 18, 6), (78, 18, 7)]
Queue 5:[(80, 14, 7), (14, 16, 7), (17, 17, 7), (46, 18, 7), (34, 19, 7)]
Queue 6:[(96, 13, 1), (100, 14, 7), (28, 16, 6), (32, 17, 6), (22, 18, 5), (74, 18, 7), (72, 19, 7)]
Queue 7:[(7, 14, 2), (24, 15, 7), (44, 16, 6), (45, 17, 5), (27, 18, 5), (75, 18, 7), (88, 19, 5)]
Queue 8:[(85, 14, 7), (19, 16, 5), (92, 16, 6), (95, 17, 6), (59, 18, 5), (58, 19, 5)]
Queue 9:[(90, 14, 5), (60, 15, 7), (8, 17, 6), (98, 17, 5), (56, 18, 5), (38, 19, 7)]

Clock: 36
Waiting clients: []
Queue 0:[(53, 14, 5), (62, 15, 5), (63, 16, 5), (65, 17, 5), (41, 18, 7), (87, 18, 7)]
Queue 1:[(52, 14, 3), (30, 15, 6), (57, 16, 6), (67, 17, 7), (50, 18, 7), (61, 19, 7)]
Queue 2:[(23, 14, 1), (2, 15, 5), (10, 16, 5), (83, 16, 7), (21, 18, 6), (70, 18, 6), (68, 19, 5)]
Queue 3:[(36, 14, 1), (3, 15, 7), (40, 16, 7), (77, 17, 7), (55, 18, 5), (97, 18, 5)]
Queue 4:[(43, 14, 2), (25, 15, 5), (20, 16, 6), (15, 17, 7), (42, 18, 6), (78, 18, 7)]
Queue 5:[(80, 14, 6), (14, 16, 7), (17, 17, 7), (46, 18, 7), (34, 19, 7)]
Queue 6:[(100, 14, 7), (28, 16, 6), (32, 17, 6), (22, 18, 5), (74, 18, 7), (72, 19, 7)]
Queue 7:[(7, 14, 1), (24, 15, 7), (44, 16, 6), (45, 17, 5), (27, 18, 5), (75, 18, 7), (88, 19, 5)]
Queue 8:[(85, 14, 6), (19, 16, 5), (92, 16, 6), (95, 17, 6), (59, 18, 5), (58, 19, 5)]
Queue 9:[(90, 14, 4), (60, 15, 7), (8, 17, 6), (98, 17, 5), (56, 18, 5), (38, 19, 7)]

Clock: 37
Waiting clients: []
Queue 0:[(53, 14, 4), (62, 15, 5), (63, 16, 5), (65, 17, 5), (41, 18, 7), (87, 18, 7)]
Queue 1:[(52, 14, 2), (30, 15, 6), (57, 16, 6), (67, 17, 7), (50, 18, 7), (61, 19, 7)]
Queue 2:[(2, 15, 5), (10, 16, 5), (83, 16, 7), (21, 18, 6), (70, 18, 6), (68, 19, 5)]
Queue 3:[(3, 15, 7), (40, 16, 7), (77, 17, 7), (55, 18, 5), (97, 18, 5)]
Queue 4:[(43, 14, 1), (25, 15, 5), (20, 16, 6), (15, 17, 7), (42, 18, 6), (78, 18, 7)]
Queue 5:[(80, 14, 5), (14, 16, 7), (17, 17, 7), (46, 18, 7), (34, 19, 7)]
Queue 6:[(100, 14, 6), (28, 16, 6), (32, 17, 6), (22, 18, 5), (74, 18, 7), (72, 19, 7)]
Queue 7:[(24, 15, 7), (44, 16, 6), (45, 17, 5), (27, 18, 5), (75, 18, 7), (88, 19, 5)]
Queue 8:[(85, 14, 5), (19, 16, 5), (92, 16, 6), (95, 17, 6), (59, 18, 5), (58, 19, 5)]
Queue 9:[(90, 14, 3), (60, 15, 7), (8, 17, 6), (98, 17, 5), (56, 18, 5), (38, 19, 7)]

Clock: 38
Waiting clients: []
Queue 0:[(53, 14, 3), (62, 15, 5), (63, 16, 5), (65, 17, 5), (41, 18, 7), (87, 18, 7)]
Queue 1:[(52, 14, 1), (30, 15, 6), (57, 16, 6), (67, 17, 7), (50, 18, 7), (61, 19, 7)]
Queue 2:[(2, 15, 4), (10, 16, 5), (83, 16, 7), (21, 18, 6), (70, 18, 6), (68, 19, 5)]
Queue 3:[(3, 15, 6), (40, 16, 7), (77, 17, 7), (55, 18, 5), (97, 18, 5)]
Queue 4:[(25, 15, 5), (20, 16, 6), (15, 17, 7), (42, 18, 6), (78, 18, 7)]
Queue 5:[(80, 14, 4), (14, 16, 7), (17, 17, 7), (46, 18, 7), (34, 19, 7)]
Queue 6:[(100, 14, 5), (28, 16, 6), (32, 17, 6), (22, 18, 5), (74, 18, 7), (72, 19, 7)]
Queue 7:[(24, 15, 6), (44, 16, 6), (45, 17, 5), (27, 18, 5), (75, 18, 7), (88, 19, 5)]
Queue 8:[(85, 14, 4), (19, 16, 5), (92, 16, 6), (95, 17, 6), (59, 18, 5), (58, 19, 5)]
Queue 9:[(90, 14, 2), (60, 15, 7), (8, 17, 6), (98, 17, 5), (56, 18, 5), (38, 19, 7)]

Clock: 39
Waiting clients: []
Queue 0:[(53, 14, 2), (62, 15, 5), (63, 16, 5), (65, 17, 5), (41, 18, 7), (87, 18, 7)]
Queue 1:[(30, 15, 6), (57, 16, 6), (67, 17, 7), (50, 18, 7), (61, 19, 7)]
Queue 2:[(2, 15, 3), (10, 16, 5), (83, 16, 7), (21, 18, 6), (70, 18, 6), (68, 19, 5)]
Queue 3:[(3, 15, 5), (40, 16, 7), (77, 17, 7), (55, 18, 5), (97, 18, 5)]
Queue 4:[(25, 15, 4), (20, 16, 6), (15, 17, 7), (42, 18, 6), (78, 18, 7)]
Queue 5:[(80, 14, 3), (14, 16, 7), (17, 17, 7), (46, 18, 7), (34, 19, 7)]
Queue 6:[(100, 14, 4), (28, 16, 6), (32, 17, 6), (22, 18, 5), (74, 18, 7), (72, 19, 7)]
Queue 7:[(24, 15, 5), (44, 16, 6), (45, 17, 5), (27, 18, 5), (75, 18, 7), (88, 19, 5)]
Queue 8:[(85, 14, 3), (19, 16, 5), (92, 16, 6), (95, 17, 6), (59, 18, 5), (58, 19, 5)]
Queue 9:[(90, 14, 1), (60, 15, 7), (8, 17, 6), (98, 17, 5), (56, 18, 5), (38, 19, 7)]

Clock: 40
Waiting clients: []
Queue 0:[(53, 14, 1), (62, 15, 5), (63, 16, 5), (65, 17, 5), (41, 18, 7), (87, 18, 7)]
Queue 1:[(30, 15, 5), (57, 16, 6), (67, 17, 7), (50, 18, 7), (61, 19, 7)]
Queue 2:[(2, 15, 2), (10, 16, 5), (83, 16, 7), (21, 18, 6), (70, 18, 6), (68, 19, 5)]
Queue 3:[(3, 15, 4), (40, 16, 7), (77, 17, 7), (55, 18, 5), (97, 18, 5)]
Queue 4:[(25, 15, 3), (20, 16, 6), (15, 17, 7), (42, 18, 6), (78, 18, 7)]
Queue 5:[(80, 14, 2), (14, 16, 7), (17, 17, 7), (46, 18, 7), (34, 19, 7)]
Queue 6:[(100, 14, 3), (28, 16, 6), (32, 17, 6), (22, 18, 5), (74, 18, 7), (72, 19, 7)]
Queue 7:[(24, 15, 4), (44, 16, 6), (45, 17, 5), (27, 18, 5), (75, 18, 7), (88, 19, 5)]
Queue 8:[(85, 14, 2), (19, 16, 5), (92, 16, 6), (95, 17, 6), (59, 18, 5), (58, 19, 5)]
Queue 9:[(60, 15, 7), (8, 17, 6), (98, 17, 5), (56, 18, 5), (38, 19, 7)]

Clock: 41
Waiting clients: []
Queue 0:[(62, 15, 5), (63, 16, 5), (65, 17, 5), (41, 18, 7), (87, 18, 7)]
Queue 1:[(30, 15, 4), (57, 16, 6), (67, 17, 7), (50, 18, 7), (61, 19, 7)]
Queue 2:[(2, 15, 1), (10, 16, 5), (83, 16, 7), (21, 18, 6), (70, 18, 6), (68, 19, 5)]
Queue 3:[(3, 15, 3), (40, 16, 7), (77, 17, 7), (55, 18, 5), (97, 18, 5)]
Queue 4:[(25, 15, 2), (20, 16, 6), (15, 17, 7), (42, 18, 6), (78, 18, 7)]
Queue 5:[(80, 14, 1), (14, 16, 7), (17, 17, 7), (46, 18, 7), (34, 19, 7)]
Queue 6:[(100, 14, 2), (28, 16, 6), (32, 17, 6), (22, 18, 5), (74, 18, 7), (72, 19, 7)]
Queue 7:[(24, 15, 3), (44, 16, 6), (45, 17, 5), (27, 18, 5), (75, 18, 7), (88, 19, 5)]
Queue 8:[(85, 14, 1), (19, 16, 5), (92, 16, 6), (95, 17, 6), (59, 18, 5), (58, 19, 5)]
Queue 9:[(60, 15, 6), (8, 17, 6), (98, 17, 5), (56, 18, 5), (38, 19, 7)]

Clock: 42
Waiting clients: []
Queue 0:[(62, 15, 4), (63, 16, 5), (65, 17, 5), (41, 18, 7), (87, 18, 7)]
Queue 1:[(30, 15, 3), (57, 16, 6), (67, 17, 7), (50, 18, 7), (61, 19, 7)]
Queue 2:[(10, 16, 5), (83, 16, 7), (21, 18, 6), (70, 18, 6), (68, 19, 5)]
Queue 3:[(3, 15, 2), (40, 16, 7), (77, 17, 7), (55, 18, 5), (97, 18, 5)]
Queue 4:[(25, 15, 1), (20, 16, 6), (15, 17, 7), (42, 18, 6), (78, 18, 7)]
Queue 5:[(14, 16, 7), (17, 17, 7), (46, 18, 7), (34, 19, 7)]
Queue 6:[(100, 14, 1), (28, 16, 6), (32, 17, 6), (22, 18, 5), (74, 18, 7), (72, 19, 7)]
Queue 7:[(24, 15, 2), (44, 16, 6), (45, 17, 5), (27, 18, 5), (75, 18, 7), (88, 19, 5)]
Queue 8:[(19, 16, 5), (92, 16, 6), (95, 17, 6), (59, 18, 5), (58, 19, 5)]
Queue 9:[(60, 15, 5), (8, 17, 6), (98, 17, 5), (56, 18, 5), (38, 19, 7)]

Clock: 43
Waiting clients: []
Queue 0:[(62, 15, 3), (63, 16, 5), (65, 17, 5), (41, 18, 7), (87, 18, 7)]
Queue 1:[(30, 15, 2), (57, 16, 6), (67, 17, 7), (50, 18, 7), (61, 19, 7)]
Queue 2:[(10, 16, 4), (83, 16, 7), (21, 18, 6), (70, 18, 6), (68, 19, 5)]
Queue 3:[(3, 15, 1), (40, 16, 7), (77, 17, 7), (55, 18, 5), (97, 18, 5)]
Queue 4:[(20, 16, 6), (15, 17, 7), (42, 18, 6), (78, 18, 7)]
Queue 5:[(14, 16, 6), (17, 17, 7), (46, 18, 7), (34, 19, 7)]
Queue 6:[(28, 16, 6), (32, 17, 6), (22, 18, 5), (74, 18, 7), (72, 19, 7)]
Queue 7:[(24, 15, 1), (44, 16, 6), (45, 17, 5), (27, 18, 5), (75, 18, 7), (88, 19, 5)]
Queue 8:[(19, 16, 4), (92, 16, 6), (95, 17, 6), (59, 18, 5), (58, 19, 5)]
Queue 9:[(60, 15, 4), (8, 17, 6), (98, 17, 5), (56, 18, 5), (38, 19, 7)]

Clock: 44
Waiting clients: []
Queue 0:[(62, 15, 2), (63, 16, 5), (65, 17, 5), (41, 18, 7), (87, 18, 7)]
Queue 1:[(30, 15, 1), (57, 16, 6), (67, 17, 7), (50, 18, 7), (61, 19, 7)]
Queue 2:[(10, 16, 3), (83, 16, 7), (21, 18, 6), (70, 18, 6), (68, 19, 5)]
Queue 3:[(40, 16, 7), (77, 17, 7), (55, 18, 5), (97, 18, 5)]
Queue 4:[(20, 16, 5), (15, 17, 7), (42, 18, 6), (78, 18, 7)]
Queue 5:[(14, 16, 5), (17, 17, 7), (46, 18, 7), (34, 19, 7)]
Queue 6:[(28, 16, 5), (32, 17, 6), (22, 18, 5), (74, 18, 7), (72, 19, 7)]
Queue 7:[(44, 16, 6), (45, 17, 5), (27, 18, 5), (75, 18, 7), (88, 19, 5)]
Queue 8:[(19, 16, 3), (92, 16, 6), (95, 17, 6), (59, 18, 5), (58, 19, 5)]
Queue 9:[(60, 15, 3), (8, 17, 6), (98, 17, 5), (56, 18, 5), (38, 19, 7)]

Clock: 45
Waiting clients: []
Queue 0:[(62, 15, 1), (63, 16, 5), (65, 17, 5), (41, 18, 7), (87, 18, 7)]
Queue 1:[(57, 16, 6), (67, 17, 7), (50, 18, 7), (61, 19, 7)]
Queue 2:[(10, 16, 2), (83, 16, 7), (21, 18, 6), (70, 18, 6), (68, 19, 5)]
Queue 3:[(40, 16, 6), (77, 17, 7), (55, 18, 5), (97, 18, 5)]
Queue 4:[(20, 16, 4), (15, 17, 7), (42, 18, 6), (78, 18, 7)]
Queue 5:[(14, 16, 4), (17, 17, 7), (46, 18, 7), (34, 19, 7)]
Queue 6:[(28, 16, 4), (32, 17, 6), (22, 18, 5), (74, 18, 7), (72, 19, 7)]
Queue 7:[(44, 16, 5), (45, 17, 5), (27, 18, 5), (75, 18, 7), (88, 19, 5)]
Queue 8:[(19, 16, 2), (92, 16, 6), (95, 17, 6), (59, 18, 5), (58, 19, 5)]
Queue 9:[(60, 15, 2), (8, 17, 6), (98, 17, 5), (56, 18, 5), (38, 19, 7)]

Clock: 46
Waiting clients: []
Queue 0:[(63, 16, 5), (65, 17, 5), (41, 18, 7), (87, 18, 7)]
Queue 1:[(57, 16, 5), (67, 17, 7), (50, 18, 7), (61, 19, 7)]
Queue 2:[(10, 16, 1), (83, 16, 7), (21, 18, 6), (70, 18, 6), (68, 19, 5)]
Queue 3:[(40, 16, 5), (77, 17, 7), (55, 18, 5), (97, 18, 5)]
Queue 4:[(20, 16, 3), (15, 17, 7), (42, 18, 6), (78, 18, 7)]
Queue 5:[(14, 16, 3), (17, 17, 7), (46, 18, 7), (34, 19, 7)]
Queue 6:[(28, 16, 3), (32, 17, 6), (22, 18, 5), (74, 18, 7), (72, 19, 7)]
Queue 7:[(44, 16, 4), (45, 17, 5), (27, 18, 5), (75, 18, 7), (88, 19, 5)]
Queue 8:[(19, 16, 1), (92, 16, 6), (95, 17, 6), (59, 18, 5), (58, 19, 5)]
Queue 9:[(60, 15, 1), (8, 17, 6), (98, 17, 5), (56, 18, 5), (38, 19, 7)]

Clock: 47
Waiting clients: []
Queue 0:[(63, 16, 4), (65, 17, 5), (41, 18, 7), (87, 18, 7)]
Queue 1:[(57, 16, 4), (67, 17, 7), (50, 18, 7), (61, 19, 7)]
Queue 2:[(83, 16, 7), (21, 18, 6), (70, 18, 6), (68, 19, 5)]
Queue 3:[(40, 16, 4), (77, 17, 7), (55, 18, 5), (97, 18, 5)]
Queue 4:[(20, 16, 2), (15, 17, 7), (42, 18, 6), (78, 18, 7)]
Queue 5:[(14, 16, 2), (17, 17, 7), (46, 18, 7), (34, 19, 7)]
Queue 6:[(28, 16, 2), (32, 17, 6), (22, 18, 5), (74, 18, 7), (72, 19, 7)]
Queue 7:[(44, 16, 3), (45, 17, 5), (27, 18, 5), (75, 18, 7), (88, 19, 5)]
Queue 8:[(92, 16, 6), (95, 17, 6), (59, 18, 5), (58, 19, 5)]
Queue 9:[(8, 17, 6), (98, 17, 5), (56, 18, 5), (38, 19, 7)]

Clock: 48
Waiting clients: []
Queue 0:[(63, 16, 3), (65, 17, 5), (41, 18, 7), (87, 18, 7)]
Queue 1:[(57, 16, 3), (67, 17, 7), (50, 18, 7), (61, 19, 7)]
Queue 2:[(83, 16, 6), (21, 18, 6), (70, 18, 6), (68, 19, 5)]
Queue 3:[(40, 16, 3), (77, 17, 7), (55, 18, 5), (97, 18, 5)]
Queue 4:[(20, 16, 1), (15, 17, 7), (42, 18, 6), (78, 18, 7)]
Queue 5:[(14, 16, 1), (17, 17, 7), (46, 18, 7), (34, 19, 7)]
Queue 6:[(28, 16, 1), (32, 17, 6), (22, 18, 5), (74, 18, 7), (72, 19, 7)]
Queue 7:[(44, 16, 2), (45, 17, 5), (27, 18, 5), (75, 18, 7), (88, 19, 5)]
Queue 8:[(92, 16, 5), (95, 17, 6), (59, 18, 5), (58, 19, 5)]
Queue 9:[(8, 17, 5), (98, 17, 5), (56, 18, 5), (38, 19, 7)]

Clock: 49
Waiting clients: []
Queue 0:[(63, 16, 2), (65, 17, 5), (41, 18, 7), (87, 18, 7)]
Queue 1:[(57, 16, 2), (67, 17, 7), (50, 18, 7), (61, 19, 7)]
Queue 2:[(83, 16, 5), (21, 18, 6), (70, 18, 6), (68, 19, 5)]
Queue 3:[(40, 16, 2), (77, 17, 7), (55, 18, 5), (97, 18, 5)]
Queue 4:[(15, 17, 7), (42, 18, 6), (78, 18, 7)]
Queue 5:[(17, 17, 7), (46, 18, 7), (34, 19, 7)]
Queue 6:[(32, 17, 6), (22, 18, 5), (74, 18, 7), (72, 19, 7)]
Queue 7:[(44, 16, 1), (45, 17, 5), (27, 18, 5), (75, 18, 7), (88, 19, 5)]
Queue 8:[(92, 16, 4), (95, 17, 6), (59, 18, 5), (58, 19, 5)]
Queue 9:[(8, 17, 4), (98, 17, 5), (56, 18, 5), (38, 19, 7)]

Clock: 50
Waiting clients: []
Queue 0:[(63, 16, 1), (65, 17, 5), (41, 18, 7), (87, 18, 7)]
Queue 1:[(57, 16, 1), (67, 17, 7), (50, 18, 7), (61, 19, 7)]
Queue 2:[(83, 16, 4), (21, 18, 6), (70, 18, 6), (68, 19, 5)]
Queue 3:[(40, 16, 1), (77, 17, 7), (55, 18, 5), (97, 18, 5)]
Queue 4:[(15, 17, 6), (42, 18, 6), (78, 18, 7)]
Queue 5:[(17, 17, 6), (46, 18, 7), (34, 19, 7)]
Queue 6:[(32, 17, 5), (22, 18, 5), (74, 18, 7), (72, 19, 7)]
Queue 7:[(45, 17, 5), (27, 18, 5), (75, 18, 7), (88, 19, 5)]
Queue 8:[(92, 16, 3), (95, 17, 6), (59, 18, 5), (58, 19, 5)]
Queue 9:[(8, 17, 3), (98, 17, 5), (56, 18, 5), (38, 19, 7)]

Clock: 51
Waiting clients: []
Queue 0:[(65, 17, 5), (41, 18, 7), (87, 18, 7)]
Queue 1:[(67, 17, 7), (50, 18, 7), (61, 19, 7)]
Queue 2:[(83, 16, 3), (21, 18, 6), (70, 18, 6), (68, 19, 5)]
Queue 3:[(77, 17, 7), (55, 18, 5), (97, 18, 5)]
Queue 4:[(15, 17, 5), (42, 18, 6), (78, 18, 7)]
Queue 5:[(17, 17, 5), (46, 18, 7), (34, 19, 7)]
Queue 6:[(32, 17, 4), (22, 18, 5), (74, 18, 7), (72, 19, 7)]
Queue 7:[(45, 17, 4), (27, 18, 5), (75, 18, 7), (88, 19, 5)]
Queue 8:[(92, 16, 2), (95, 17, 6), (59, 18, 5), (58, 19, 5)]
Queue 9:[(8, 17, 2), (98, 17, 5), (56, 18, 5), (38, 19, 7)]

Clock: 52
Waiting clients: []
Queue 0:[(65, 17, 4), (41, 18, 7), (87, 18, 7)]
Queue 1:[(67, 17, 6), (50, 18, 7), (61, 19, 7)]
Queue 2:[(83, 16, 2), (21, 18, 6), (70, 18, 6), (68, 19, 5)]
Queue 3:[(77, 17, 6), (55, 18, 5), (97, 18, 5)]
Queue 4:[(15, 17, 4), (42, 18, 6), (78, 18, 7)]
Queue 5:[(17, 17, 4), (46, 18, 7), (34, 19, 7)]
Queue 6:[(32, 17, 3), (22, 18, 5), (74, 18, 7), (72, 19, 7)]
Queue 7:[(45, 17, 3), (27, 18, 5), (75, 18, 7), (88, 19, 5)]
Queue 8:[(92, 16, 1), (95, 17, 6), (59, 18, 5), (58, 19, 5)]
Queue 9:[(8, 17, 1), (98, 17, 5), (56, 18, 5), (38, 19, 7)]

Clock: 53
Waiting clients: []
Queue 0:[(65, 17, 3), (41, 18, 7), (87, 18, 7)]
Queue 1:[(67, 17, 5), (50, 18, 7), (61, 19, 7)]
Queue 2:[(83, 16, 1), (21, 18, 6), (70, 18, 6), (68, 19, 5)]
Queue 3:[(77, 17, 5), (55, 18, 5), (97, 18, 5)]
Queue 4:[(15, 17, 3), (42, 18, 6), (78, 18, 7)]
Queue 5:[(17, 17, 3), (46, 18, 7), (34, 19, 7)]
Queue 6:[(32, 17, 2), (22, 18, 5), (74, 18, 7), (72, 19, 7)]
Queue 7:[(45, 17, 2), (27, 18, 5), (75, 18, 7), (88, 19, 5)]
Queue 8:[(95, 17, 6), (59, 18, 5), (58, 19, 5)]
Queue 9:[(98, 17, 5), (56, 18, 5), (38, 19, 7)]

Clock: 54
Waiting clients: []
Queue 0:[(65, 17, 2), (41, 18, 7), (87, 18, 7)]
Queue 1:[(67, 17, 4), (50, 18, 7), (61, 19, 7)]
Queue 2:[(21, 18, 6), (70, 18, 6), (68, 19, 5)]
Queue 3:[(77, 17, 4), (55, 18, 5), (97, 18, 5)]
Queue 4:[(15, 17, 2), (42, 18, 6), (78, 18, 7)]
Queue 5:[(17, 17, 2), (46, 18, 7), (34, 19, 7)]
Queue 6:[(32, 17, 1), (22, 18, 5), (74, 18, 7), (72, 19, 7)]
Queue 7:[(45, 17, 1), (27, 18, 5), (75, 18, 7), (88, 19, 5)]
Queue 8:[(95, 17, 5), (59, 18, 5), (58, 19, 5)]
Queue 9:[(98, 17, 4), (56, 18, 5), (38, 19, 7)]

Clock: 55
Waiting clients: []
Queue 0:[(65, 17, 1), (41, 18, 7), (87, 18, 7)]
Queue 1:[(67, 17, 3), (50, 18, 7), (61, 19, 7)]
Queue 2:[(21, 18, 5), (70, 18, 6), (68, 19, 5)]
Queue 3:[(77, 17, 3), (55, 18, 5), (97, 18, 5)]
Queue 4:[(15, 17, 1), (42, 18, 6), (78, 18, 7)]
Queue 5:[(17, 17, 1), (46, 18, 7), (34, 19, 7)]
Queue 6:[(22, 18, 5), (74, 18, 7), (72, 19, 7)]
Queue 7:[(27, 18, 5), (75, 18, 7), (88, 19, 5)]
Queue 8:[(95, 17, 4), (59, 18, 5), (58, 19, 5)]
Queue 9:[(98, 17, 3), (56, 18, 5), (38, 19, 7)]

Clock: 56
Waiting clients: []
Queue 0:[(41, 18, 7), (87, 18, 7)]
Queue 1:[(67, 17, 2), (50, 18, 7), (61, 19, 7)]
Queue 2:[(21, 18, 4), (70, 18, 6), (68, 19, 5)]
Queue 3:[(77, 17, 2), (55, 18, 5), (97, 18, 5)]
Queue 4:[(42, 18, 6), (78, 18, 7)]
Queue 5:[(46, 18, 7), (34, 19, 7)]
Queue 6:[(22, 18, 4), (74, 18, 7), (72, 19, 7)]
Queue 7:[(27, 18, 4), (75, 18, 7), (88, 19, 5)]
Queue 8:[(95, 17, 3), (59, 18, 5), (58, 19, 5)]
Queue 9:[(98, 17, 2), (56, 18, 5), (38, 19, 7)]

Clock: 57
Waiting clients: []
Queue 0:[(41, 18, 6), (87, 18, 7)]
Queue 1:[(67, 17, 1), (50, 18, 7), (61, 19, 7)]
Queue 2:[(21, 18, 3), (70, 18, 6), (68, 19, 5)]
Queue 3:[(77, 17, 1), (55, 18, 5), (97, 18, 5)]
Queue 4:[(42, 18, 5), (78, 18, 7)]
Queue 5:[(46, 18, 6), (34, 19, 7)]
Queue 6:[(22, 18, 3), (74, 18, 7), (72, 19, 7)]
Queue 7:[(27, 18, 3), (75, 18, 7), (88, 19, 5)]
Queue 8:[(95, 17, 2), (59, 18, 5), (58, 19, 5)]
Queue 9:[(98, 17, 1), (56, 18, 5), (38, 19, 7)]

Clock: 58
Waiting clients: []
Queue 0:[(41, 18, 5), (87, 18, 7)]
Queue 1:[(50, 18, 7), (61, 19, 7)]
Queue 2:[(21, 18, 2), (70, 18, 6), (68, 19, 5)]
Queue 3:[(55, 18, 5), (97, 18, 5)]
Queue 4:[(42, 18, 4), (78, 18, 7)]
Queue 5:[(46, 18, 5), (34, 19, 7)]
Queue 6:[(22, 18, 2), (74, 18, 7), (72, 19, 7)]
Queue 7:[(27, 18, 2), (75, 18, 7), (88, 19, 5)]
Queue 8:[(95, 17, 1), (59, 18, 5), (58, 19, 5)]
Queue 9:[(56, 18, 5), (38, 19, 7)]

Clock: 59
Waiting clients: []
Queue 0:[(41, 18, 4), (87, 18, 7)]
Queue 1:[(50, 18, 6), (61, 19, 7)]
Queue 2:[(21, 18, 1), (70, 18, 6), (68, 19, 5)]
Queue 3:[(55, 18, 4), (97, 18, 5)]
Queue 4:[(42, 18, 3), (78, 18, 7)]
Queue 5:[(46, 18, 4), (34, 19, 7)]
Queue 6:[(22, 18, 1), (74, 18, 7), (72, 19, 7)]
Queue 7:[(27, 18, 1), (75, 18, 7), (88, 19, 5)]
Queue 8:[(59, 18, 5), (58, 19, 5)]
Queue 9:[(56, 18, 4), (38, 19, 7)]

Clock: 60
Waiting clients: []
Queue 0:[(41, 18, 3), (87, 18, 7)]
Queue 1:[(50, 18, 5), (61, 19, 7)]
Queue 2:[(70, 18, 6), (68, 19, 5)]
Queue 3:[(55, 18, 3), (97, 18, 5)]
Queue 4:[(42, 18, 2), (78, 18, 7)]
Queue 5:[(46, 18, 3), (34, 19, 7)]
Queue 6:[(74, 18, 7), (72, 19, 7)]
Queue 7:[(75, 18, 7), (88, 19, 5)]
Queue 8:[(59, 18, 4), (58, 19, 5)]
Queue 9:[(56, 18, 3), (38, 19, 7)]

Average waiting time: 14.83
AverageServiceTime: 6.00
Peak hour: 19

